<?xml version="1.0" encoding="UTF-8"?>
<testsuites name="jest tests" tests="377" failures="147" errors="0" time="132.133">
  <testsuite name="통합 테스트 - API 연결 및 컴포넌트 연동" errors="0" failures="15" skipped="0" timestamp="2025-09-23T09:44:47" time="17.794" tests="15">
    <testcase classname="통합 테스트 - API 연결 및 컴포넌트 연동 1. 인증 시스템 통합 테스트 로그인 후 사용자 정보가 올바르게 로드되어야 한다" name="통합 테스트 - API 연결 및 컴포넌트 연동 1. 인증 시스템 통합 테스트 로그인 후 사용자 정보가 올바르게 로드되어야 한다" time="0.666">
      <failure>TestingLibraryElementError: Unable to find an element with the text: 로그인. This could be because the text is broken up by multiple elements. In this case, you can provide a function for your text matcher to make your matcher more flexible.

Ignored nodes: comments, script, style
&lt;body&gt;
  &lt;div&gt;
    &lt;div
      class=&quot;flex flex-col gap-6 rounded-xl text-card-foreground border-red-200 bg-red-50&quot;
      data-slot=&quot;card&quot;
    &gt;
      &lt;div
        class=&quot;[&amp;:last-child]:pb-6 p-6 text-center&quot;
        data-slot=&quot;card-content&quot;
      &gt;
        &lt;div
          class=&quot;flex flex-col items-center space-y-4&quot;
        &gt;
          &lt;svg
            aria-hidden=&quot;true&quot;
            class=&quot;lucide lucide-circle-alert h-12 w-12 text-red-500&quot;
            fill=&quot;none&quot;
            height=&quot;24&quot;
            stroke=&quot;currentColor&quot;
            stroke-linecap=&quot;round&quot;
            stroke-linejoin=&quot;round&quot;
            stroke-width=&quot;2&quot;
            viewBox=&quot;0 0 24 24&quot;
            width=&quot;24&quot;
            xmlns=&quot;http://www.w3.org/2000/svg&quot;
          &gt;
            &lt;circle
              cx=&quot;12&quot;
              cy=&quot;12&quot;
              r=&quot;10&quot;
            /&gt;
            &lt;line
              x1=&quot;12&quot;
              x2=&quot;12&quot;
              y1=&quot;8&quot;
              y2=&quot;12&quot;
            /&gt;
            &lt;line
              x1=&quot;12&quot;
              x2=&quot;12.01&quot;
              y1=&quot;16&quot;
              y2=&quot;16&quot;
            /&gt;
          &lt;/svg&gt;
          &lt;div&gt;
            &lt;h3
              class=&quot;mb-2 text-lg font-semibold text-red-800&quot;
            &gt;
              오류가 발생했습니다
            &lt;/h3&gt;
            &lt;p
              class=&quot;mb-4 text-red-600&quot;
            &gt;
              페이지를 불러오는 중 문제가 발생했습니다. 잠시 후 다시 시도해주세요.
            &lt;/p&gt;
          &lt;/div&gt;
          &lt;div
            class=&quot;flex gap-2&quot;
          &gt;
            &lt;button
              aria-busy=&quot;false&quot;
              class=&quot;inline-flex items-center justify-center gap-2 whitespace-nowrap rounded-2xl font-medium transition-all duration-200 disabled:pointer-events-none disabled:opacity-50 [&amp;_svg]:pointer-events-none [&amp;_svg:not([class*=&apos;size-&apos;])]:size-4 shrink-0 [&amp;_svg]:shrink-0 outline-none focus-visible:ring-ring/30 focus-visible:ring-4 aria-invalid:ring-destructive/20 dark:aria-invalid:ring-destructive/40 aria-invalid:border-destructive cursor-pointer border bg-background/80 backdrop-blur-sm hover:border-border/80 focus:ring-primary-300 h-10 px-6 py-2 text-sm [&amp;_svg]:size-4 border-red-300 text-red-700 hover:bg-red-100&quot;
              type=&quot;button&quot;
            &gt;
              &lt;svg
                aria-hidden=&quot;true&quot;
                class=&quot;lucide lucide-refresh-cw mr-2 h-4 w-4&quot;
                fill=&quot;none&quot;
                height=&quot;24&quot;
                stroke=&quot;currentColor&quot;
                stroke-linecap=&quot;round&quot;
                stroke-linejoin=&quot;round&quot;
                stroke-width=&quot;2&quot;
                viewBox=&quot;0 0 24 24&quot;
                width=&quot;24&quot;
                xmlns=&quot;http://www.w3.org/2000/svg&quot;
              &gt;
                &lt;path
                  d=&quot;M3 12a9 9 0 0 1 9-9 9.75 9.75 0 0 1 6.74 2.74L21 8&quot;
                /&gt;
                &lt;path
                  d=&quot;M21 3v5h-5&quot;
                /&gt;
                &lt;path
                  d=&quot;M21 12a9 9 0 0 1-9 9 9.75 9.75 0 0 1-6.74-2.74L3 16&quot;
                /&gt;
                &lt;path
                  d=&quot;M8 16H3v5&quot;
                /&gt;
              &lt;/svg&gt;
              다시 시도
            &lt;/button&gt;
            &lt;button
              aria-busy=&quot;false&quot;
              class=&quot;inline-flex items-center justify-center gap-2 whitespace-nowrap rounded-2xl font-medium transition-all duration-200 disabled:pointer-events-none disabled:opacity-50 [&amp;_svg]:pointer-events-none [&amp;_svg:not([class*=&apos;size-&apos;])]:size-4 shrink-0 [&amp;_svg]:shrink-0 outline-none focus-visible:ring-ring/30 focus-visible:ring-4 aria-invalid:ring-destructive/20 dark:aria-invalid:ring-destructive/40 aria-invalid:border-destructive cursor-pointer !bg-blue-600 !text-white hover:!bg-blue-700 shadow-apple hover:shadow-apple-lg active:scale-95 focus:ring-primary-300 h-10 px-6 py-2 text-sm [&amp;_svg]:size-4 bg-red-600 hover:bg-red-700&quot;
              style=&quot;background-color: rgb(37, 99, 235); color: white;&quot;
              type=&quot;button&quot;
            &gt;
              페이지 새로고침
            &lt;/button&gt;
          &lt;/div&gt;
        &lt;/div&gt;
      &lt;/div&gt;
    &lt;/div&gt;
  &lt;/div&gt;
&lt;/body&gt;
    at Object.getElementError (C:\Users\xx005\Downloads\Collaboreum MVP Platform\node_modules\@testing-library\dom\dist\config.js:37:19)
    at C:\Users\xx005\Downloads\Collaboreum MVP Platform\node_modules\@testing-library\dom\dist\query-helpers.js:76:38
    at C:\Users\xx005\Downloads\Collaboreum MVP Platform\node_modules\@testing-library\dom\dist\query-helpers.js:52:17
    at C:\Users\xx005\Downloads\Collaboreum MVP Platform\node_modules\@testing-library\dom\dist\query-helpers.js:95:19
    at Object.getByText (C:\Users\xx005\Downloads\Collaboreum MVP Platform\src\__tests__\Integration.test.tsx:242:34)
    at Promise.then.completed (C:\Users\xx005\Downloads\Collaboreum MVP Platform\node_modules\jest-circus\build\utils.js:298:28)
    at new Promise (&lt;anonymous&gt;)
    at callAsyncCircusFn (C:\Users\xx005\Downloads\Collaboreum MVP Platform\node_modules\jest-circus\build\utils.js:231:10)
    at _callCircusTest (C:\Users\xx005\Downloads\Collaboreum MVP Platform\node_modules\jest-circus\build\run.js:316:40)
    at _runTest (C:\Users\xx005\Downloads\Collaboreum MVP Platform\node_modules\jest-circus\build\run.js:252:3)
    at _runTestsForDescribeBlock (C:\Users\xx005\Downloads\Collaboreum MVP Platform\node_modules\jest-circus\build\run.js:126:9)
    at _runTestsForDescribeBlock (C:\Users\xx005\Downloads\Collaboreum MVP Platform\node_modules\jest-circus\build\run.js:121:9)
    at _runTestsForDescribeBlock (C:\Users\xx005\Downloads\Collaboreum MVP Platform\node_modules\jest-circus\build\run.js:121:9)
    at run (C:\Users\xx005\Downloads\Collaboreum MVP Platform\node_modules\jest-circus\build\run.js:71:3)
    at runAndTransformResultsToJestFormat (C:\Users\xx005\Downloads\Collaboreum MVP Platform\node_modules\jest-circus\build\legacy-code-todo-rewrite\jestAdapterInit.js:122:21)
    at jestAdapter (C:\Users\xx005\Downloads\Collaboreum MVP Platform\node_modules\jest-circus\build\legacy-code-todo-rewrite\jestAdapter.js:79:19)
    at runTestInternal (C:\Users\xx005\Downloads\Collaboreum MVP Platform\node_modules\jest-runner\build\runTest.js:367:16)
    at runTest (C:\Users\xx005\Downloads\Collaboreum MVP Platform\node_modules\jest-runner\build\runTest.js:444:34)</failure>
    </testcase>
    <testcase classname="통합 테스트 - API 연결 및 컴포넌트 연동 1. 인증 시스템 통합 테스트 회원가입이 올바르게 작동해야 한다" name="통합 테스트 - API 연결 및 컴포넌트 연동 1. 인증 시스템 통합 테스트 회원가입이 올바르게 작동해야 한다" time="0.076">
      <failure>TestingLibraryElementError: Unable to find an element with the text: 회원가입. This could be because the text is broken up by multiple elements. In this case, you can provide a function for your text matcher to make your matcher more flexible.

Ignored nodes: comments, script, style
&lt;body&gt;
  &lt;div&gt;
    &lt;div
      class=&quot;flex flex-col gap-6 rounded-xl text-card-foreground border-red-200 bg-red-50&quot;
      data-slot=&quot;card&quot;
    &gt;
      &lt;div
        class=&quot;[&amp;:last-child]:pb-6 p-6 text-center&quot;
        data-slot=&quot;card-content&quot;
      &gt;
        &lt;div
          class=&quot;flex flex-col items-center space-y-4&quot;
        &gt;
          &lt;svg
            aria-hidden=&quot;true&quot;
            class=&quot;lucide lucide-circle-alert h-12 w-12 text-red-500&quot;
            fill=&quot;none&quot;
            height=&quot;24&quot;
            stroke=&quot;currentColor&quot;
            stroke-linecap=&quot;round&quot;
            stroke-linejoin=&quot;round&quot;
            stroke-width=&quot;2&quot;
            viewBox=&quot;0 0 24 24&quot;
            width=&quot;24&quot;
            xmlns=&quot;http://www.w3.org/2000/svg&quot;
          &gt;
            &lt;circle
              cx=&quot;12&quot;
              cy=&quot;12&quot;
              r=&quot;10&quot;
            /&gt;
            &lt;line
              x1=&quot;12&quot;
              x2=&quot;12&quot;
              y1=&quot;8&quot;
              y2=&quot;12&quot;
            /&gt;
            &lt;line
              x1=&quot;12&quot;
              x2=&quot;12.01&quot;
              y1=&quot;16&quot;
              y2=&quot;16&quot;
            /&gt;
          &lt;/svg&gt;
          &lt;div&gt;
            &lt;h3
              class=&quot;mb-2 text-lg font-semibold text-red-800&quot;
            &gt;
              오류가 발생했습니다
            &lt;/h3&gt;
            &lt;p
              class=&quot;mb-4 text-red-600&quot;
            &gt;
              페이지를 불러오는 중 문제가 발생했습니다. 잠시 후 다시 시도해주세요.
            &lt;/p&gt;
          &lt;/div&gt;
          &lt;div
            class=&quot;flex gap-2&quot;
          &gt;
            &lt;button
              aria-busy=&quot;false&quot;
              class=&quot;inline-flex items-center justify-center gap-2 whitespace-nowrap rounded-2xl font-medium transition-all duration-200 disabled:pointer-events-none disabled:opacity-50 [&amp;_svg]:pointer-events-none [&amp;_svg:not([class*=&apos;size-&apos;])]:size-4 shrink-0 [&amp;_svg]:shrink-0 outline-none focus-visible:ring-ring/30 focus-visible:ring-4 aria-invalid:ring-destructive/20 dark:aria-invalid:ring-destructive/40 aria-invalid:border-destructive cursor-pointer border bg-background/80 backdrop-blur-sm hover:border-border/80 focus:ring-primary-300 h-10 px-6 py-2 text-sm [&amp;_svg]:size-4 border-red-300 text-red-700 hover:bg-red-100&quot;
              type=&quot;button&quot;
            &gt;
              &lt;svg
                aria-hidden=&quot;true&quot;
                class=&quot;lucide lucide-refresh-cw mr-2 h-4 w-4&quot;
                fill=&quot;none&quot;
                height=&quot;24&quot;
                stroke=&quot;currentColor&quot;
                stroke-linecap=&quot;round&quot;
                stroke-linejoin=&quot;round&quot;
                stroke-width=&quot;2&quot;
                viewBox=&quot;0 0 24 24&quot;
                width=&quot;24&quot;
                xmlns=&quot;http://www.w3.org/2000/svg&quot;
              &gt;
                &lt;path
                  d=&quot;M3 12a9 9 0 0 1 9-9 9.75 9.75 0 0 1 6.74 2.74L21 8&quot;
                /&gt;
                &lt;path
                  d=&quot;M21 3v5h-5&quot;
                /&gt;
                &lt;path
                  d=&quot;M21 12a9 9 0 0 1-9 9 9.75 9.75 0 0 1-6.74-2.74L3 16&quot;
                /&gt;
                &lt;path
                  d=&quot;M8 16H3v5&quot;
                /&gt;
              &lt;/svg&gt;
              다시 시도
            &lt;/button&gt;
            &lt;button
              aria-busy=&quot;false&quot;
              class=&quot;inline-flex items-center justify-center gap-2 whitespace-nowrap rounded-2xl font-medium transition-all duration-200 disabled:pointer-events-none disabled:opacity-50 [&amp;_svg]:pointer-events-none [&amp;_svg:not([class*=&apos;size-&apos;])]:size-4 shrink-0 [&amp;_svg]:shrink-0 outline-none focus-visible:ring-ring/30 focus-visible:ring-4 aria-invalid:ring-destructive/20 dark:aria-invalid:ring-destructive/40 aria-invalid:border-destructive cursor-pointer !bg-blue-600 !text-white hover:!bg-blue-700 shadow-apple hover:shadow-apple-lg active:scale-95 focus:ring-primary-300 h-10 px-6 py-2 text-sm [&amp;_svg]:size-4 bg-red-600 hover:bg-red-700&quot;
              style=&quot;background-color: rgb(37, 99, 235); color: white;&quot;
              type=&quot;button&quot;
            &gt;
              페이지 새로고침
            &lt;/button&gt;
          &lt;/div&gt;
        &lt;/div&gt;
      &lt;/div&gt;
    &lt;/div&gt;
  &lt;/div&gt;
&lt;/body&gt;
    at Object.getElementError (C:\Users\xx005\Downloads\Collaboreum MVP Platform\node_modules\@testing-library\dom\dist\config.js:37:19)
    at C:\Users\xx005\Downloads\Collaboreum MVP Platform\node_modules\@testing-library\dom\dist\query-helpers.js:76:38
    at C:\Users\xx005\Downloads\Collaboreum MVP Platform\node_modules\@testing-library\dom\dist\query-helpers.js:52:17
    at C:\Users\xx005\Downloads\Collaboreum MVP Platform\node_modules\@testing-library\dom\dist\query-helpers.js:95:19
    at Object.getByText (C:\Users\xx005\Downloads\Collaboreum MVP Platform\src\__tests__\Integration.test.tsx:298:35)
    at Promise.then.completed (C:\Users\xx005\Downloads\Collaboreum MVP Platform\node_modules\jest-circus\build\utils.js:298:28)
    at new Promise (&lt;anonymous&gt;)
    at callAsyncCircusFn (C:\Users\xx005\Downloads\Collaboreum MVP Platform\node_modules\jest-circus\build\utils.js:231:10)
    at _callCircusTest (C:\Users\xx005\Downloads\Collaboreum MVP Platform\node_modules\jest-circus\build\run.js:316:40)
    at _runTest (C:\Users\xx005\Downloads\Collaboreum MVP Platform\node_modules\jest-circus\build\run.js:252:3)
    at _runTestsForDescribeBlock (C:\Users\xx005\Downloads\Collaboreum MVP Platform\node_modules\jest-circus\build\run.js:126:9)
    at _runTestsForDescribeBlock (C:\Users\xx005\Downloads\Collaboreum MVP Platform\node_modules\jest-circus\build\run.js:121:9)
    at _runTestsForDescribeBlock (C:\Users\xx005\Downloads\Collaboreum MVP Platform\node_modules\jest-circus\build\run.js:121:9)
    at run (C:\Users\xx005\Downloads\Collaboreum MVP Platform\node_modules\jest-circus\build\run.js:71:3)
    at runAndTransformResultsToJestFormat (C:\Users\xx005\Downloads\Collaboreum MVP Platform\node_modules\jest-circus\build\legacy-code-todo-rewrite\jestAdapterInit.js:122:21)
    at jestAdapter (C:\Users\xx005\Downloads\Collaboreum MVP Platform\node_modules\jest-circus\build\legacy-code-todo-rewrite\jestAdapter.js:79:19)
    at runTestInternal (C:\Users\xx005\Downloads\Collaboreum MVP Platform\node_modules\jest-runner\build\runTest.js:367:16)
    at runTest (C:\Users\xx005\Downloads\Collaboreum MVP Platform\node_modules\jest-runner\build\runTest.js:444:34)</failure>
    </testcase>
    <testcase classname="통합 테스트 - API 연결 및 컴포넌트 연동 2. 마이페이지 시스템 통합 테스트 팬 마이페이지가 올바르게 로드되어야 한다" name="통합 테스트 - API 연결 및 컴포넌트 연동 2. 마이페이지 시스템 통합 테스트 팬 마이페이지가 올바르게 로드되어야 한다" time="0.142">
      <failure>TestingLibraryElementError: Unable to find an accessible element with the role &quot;button&quot; and name `/fan/i`

Here are the accessible roles:

  paragraph:

  Name &quot;&quot;:
  &lt;p
    class=&quot;text-muted-foreground&quot;
  /&gt;

  --------------------------------------------------

Ignored nodes: comments, script, style
&lt;body&gt;
  &lt;div&gt;
    &lt;div
      class=&quot;flex min-h-screen items-center justify-center bg-background&quot;
    &gt;
      &lt;div
        class=&quot;text-center&quot;
      &gt;
        &lt;div
          class=&quot;mx-auto mb-4 h-12 w-12 animate-spin rounded-full border-b-2 border-primary&quot;
        /&gt;
        &lt;p
          class=&quot;text-muted-foreground&quot;
        &gt;
          인증 상태 확인 중...
        &lt;/p&gt;
      &lt;/div&gt;
    &lt;/div&gt;
  &lt;/div&gt;
&lt;/body&gt;
    at Object.getElementError (C:\Users\xx005\Downloads\Collaboreum MVP Platform\node_modules\@testing-library\dom\dist\config.js:37:19)
    at C:\Users\xx005\Downloads\Collaboreum MVP Platform\node_modules\@testing-library\dom\dist\query-helpers.js:76:38
    at C:\Users\xx005\Downloads\Collaboreum MVP Platform\node_modules\@testing-library\dom\dist\query-helpers.js:52:17
    at C:\Users\xx005\Downloads\Collaboreum MVP Platform\node_modules\@testing-library\dom\dist\query-helpers.js:95:19
    at Object.getByRole (C:\Users\xx005\Downloads\Collaboreum MVP Platform\src\__tests__\Integration.test.tsx:349:37)
    at Promise.then.completed (C:\Users\xx005\Downloads\Collaboreum MVP Platform\node_modules\jest-circus\build\utils.js:298:28)
    at new Promise (&lt;anonymous&gt;)
    at callAsyncCircusFn (C:\Users\xx005\Downloads\Collaboreum MVP Platform\node_modules\jest-circus\build\utils.js:231:10)
    at _callCircusTest (C:\Users\xx005\Downloads\Collaboreum MVP Platform\node_modules\jest-circus\build\run.js:316:40)
    at _runTest (C:\Users\xx005\Downloads\Collaboreum MVP Platform\node_modules\jest-circus\build\run.js:252:3)
    at _runTestsForDescribeBlock (C:\Users\xx005\Downloads\Collaboreum MVP Platform\node_modules\jest-circus\build\run.js:126:9)
    at _runTestsForDescribeBlock (C:\Users\xx005\Downloads\Collaboreum MVP Platform\node_modules\jest-circus\build\run.js:121:9)
    at _runTestsForDescribeBlock (C:\Users\xx005\Downloads\Collaboreum MVP Platform\node_modules\jest-circus\build\run.js:121:9)
    at run (C:\Users\xx005\Downloads\Collaboreum MVP Platform\node_modules\jest-circus\build\run.js:71:3)
    at runAndTransformResultsToJestFormat (C:\Users\xx005\Downloads\Collaboreum MVP Platform\node_modules\jest-circus\build\legacy-code-todo-rewrite\jestAdapterInit.js:122:21)
    at jestAdapter (C:\Users\xx005\Downloads\Collaboreum MVP Platform\node_modules\jest-circus\build\legacy-code-todo-rewrite\jestAdapter.js:79:19)
    at runTestInternal (C:\Users\xx005\Downloads\Collaboreum MVP Platform\node_modules\jest-runner\build\runTest.js:367:16)
    at runTest (C:\Users\xx005\Downloads\Collaboreum MVP Platform\node_modules\jest-runner\build\runTest.js:444:34)</failure>
    </testcase>
    <testcase classname="통합 테스트 - API 연결 및 컴포넌트 연동 2. 마이페이지 시스템 통합 테스트 아티스트 마이페이지가 올바르게 로드되어야 한다" name="통합 테스트 - API 연결 및 컴포넌트 연동 2. 마이페이지 시스템 통합 테스트 아티스트 마이페이지가 올바르게 로드되어야 한다" time="0.016">
      <failure>TestingLibraryElementError: Unable to find an accessible element with the role &quot;button&quot; and name `/artist/i`

Here are the accessible roles:

  paragraph:

  Name &quot;&quot;:
  &lt;p
    class=&quot;text-muted-foreground&quot;
  /&gt;

  --------------------------------------------------

Ignored nodes: comments, script, style
&lt;body&gt;
  &lt;div&gt;
    &lt;div
      class=&quot;flex min-h-screen items-center justify-center bg-background&quot;
    &gt;
      &lt;div
        class=&quot;text-center&quot;
      &gt;
        &lt;div
          class=&quot;mx-auto mb-4 h-12 w-12 animate-spin rounded-full border-b-2 border-primary&quot;
        /&gt;
        &lt;p
          class=&quot;text-muted-foreground&quot;
        &gt;
          인증 상태 확인 중...
        &lt;/p&gt;
      &lt;/div&gt;
    &lt;/div&gt;
  &lt;/div&gt;
&lt;/body&gt;
    at Object.getElementError (C:\Users\xx005\Downloads\Collaboreum MVP Platform\node_modules\@testing-library\dom\dist\config.js:37:19)
    at C:\Users\xx005\Downloads\Collaboreum MVP Platform\node_modules\@testing-library\dom\dist\query-helpers.js:76:38
    at C:\Users\xx005\Downloads\Collaboreum MVP Platform\node_modules\@testing-library\dom\dist\query-helpers.js:52:17
    at C:\Users\xx005\Downloads\Collaboreum MVP Platform\node_modules\@testing-library\dom\dist\query-helpers.js:95:19
    at Object.getByRole (C:\Users\xx005\Downloads\Collaboreum MVP Platform\src\__tests__\Integration.test.tsx:386:37)
    at Promise.then.completed (C:\Users\xx005\Downloads\Collaboreum MVP Platform\node_modules\jest-circus\build\utils.js:298:28)
    at new Promise (&lt;anonymous&gt;)
    at callAsyncCircusFn (C:\Users\xx005\Downloads\Collaboreum MVP Platform\node_modules\jest-circus\build\utils.js:231:10)
    at _callCircusTest (C:\Users\xx005\Downloads\Collaboreum MVP Platform\node_modules\jest-circus\build\run.js:316:40)
    at _runTest (C:\Users\xx005\Downloads\Collaboreum MVP Platform\node_modules\jest-circus\build\run.js:252:3)
    at _runTestsForDescribeBlock (C:\Users\xx005\Downloads\Collaboreum MVP Platform\node_modules\jest-circus\build\run.js:126:9)
    at _runTestsForDescribeBlock (C:\Users\xx005\Downloads\Collaboreum MVP Platform\node_modules\jest-circus\build\run.js:121:9)
    at _runTestsForDescribeBlock (C:\Users\xx005\Downloads\Collaboreum MVP Platform\node_modules\jest-circus\build\run.js:121:9)
    at run (C:\Users\xx005\Downloads\Collaboreum MVP Platform\node_modules\jest-circus\build\run.js:71:3)
    at runAndTransformResultsToJestFormat (C:\Users\xx005\Downloads\Collaboreum MVP Platform\node_modules\jest-circus\build\legacy-code-todo-rewrite\jestAdapterInit.js:122:21)
    at jestAdapter (C:\Users\xx005\Downloads\Collaboreum MVP Platform\node_modules\jest-circus\build\legacy-code-todo-rewrite\jestAdapter.js:79:19)
    at runTestInternal (C:\Users\xx005\Downloads\Collaboreum MVP Platform\node_modules\jest-runner\build\runTest.js:367:16)
    at runTest (C:\Users\xx005\Downloads\Collaboreum MVP Platform\node_modules\jest-runner\build\runTest.js:444:34)</failure>
    </testcase>
    <testcase classname="통합 테스트 - API 연결 및 컴포넌트 연동 2. 마이페이지 시스템 통합 테스트 관리자 마이페이지가 올바르게 로드되어야 한다" name="통합 테스트 - API 연결 및 컴포넌트 연동 2. 마이페이지 시스템 통합 테스트 관리자 마이페이지가 올바르게 로드되어야 한다" time="0.036">
      <failure>TestingLibraryElementError: Unable to find an accessible element with the role &quot;button&quot; and name `/admin/i`

Here are the accessible roles:

  paragraph:

  Name &quot;&quot;:
  &lt;p
    class=&quot;text-muted-foreground&quot;
  /&gt;

  --------------------------------------------------

Ignored nodes: comments, script, style
&lt;body&gt;
  &lt;div&gt;
    &lt;div
      class=&quot;flex min-h-screen items-center justify-center bg-background&quot;
    &gt;
      &lt;div
        class=&quot;text-center&quot;
      &gt;
        &lt;div
          class=&quot;mx-auto mb-4 h-12 w-12 animate-spin rounded-full border-b-2 border-primary&quot;
        /&gt;
        &lt;p
          class=&quot;text-muted-foreground&quot;
        &gt;
          인증 상태 확인 중...
        &lt;/p&gt;
      &lt;/div&gt;
    &lt;/div&gt;
  &lt;/div&gt;
&lt;/body&gt;
    at Object.getElementError (C:\Users\xx005\Downloads\Collaboreum MVP Platform\node_modules\@testing-library\dom\dist\config.js:37:19)
    at C:\Users\xx005\Downloads\Collaboreum MVP Platform\node_modules\@testing-library\dom\dist\query-helpers.js:76:38
    at C:\Users\xx005\Downloads\Collaboreum MVP Platform\node_modules\@testing-library\dom\dist\query-helpers.js:52:17
    at C:\Users\xx005\Downloads\Collaboreum MVP Platform\node_modules\@testing-library\dom\dist\query-helpers.js:95:19
    at Object.getByRole (C:\Users\xx005\Downloads\Collaboreum MVP Platform\src\__tests__\Integration.test.tsx:417:37)
    at Promise.then.completed (C:\Users\xx005\Downloads\Collaboreum MVP Platform\node_modules\jest-circus\build\utils.js:298:28)
    at new Promise (&lt;anonymous&gt;)
    at callAsyncCircusFn (C:\Users\xx005\Downloads\Collaboreum MVP Platform\node_modules\jest-circus\build\utils.js:231:10)
    at _callCircusTest (C:\Users\xx005\Downloads\Collaboreum MVP Platform\node_modules\jest-circus\build\run.js:316:40)
    at _runTest (C:\Users\xx005\Downloads\Collaboreum MVP Platform\node_modules\jest-circus\build\run.js:252:3)
    at _runTestsForDescribeBlock (C:\Users\xx005\Downloads\Collaboreum MVP Platform\node_modules\jest-circus\build\run.js:126:9)
    at _runTestsForDescribeBlock (C:\Users\xx005\Downloads\Collaboreum MVP Platform\node_modules\jest-circus\build\run.js:121:9)
    at _runTestsForDescribeBlock (C:\Users\xx005\Downloads\Collaboreum MVP Platform\node_modules\jest-circus\build\run.js:121:9)
    at run (C:\Users\xx005\Downloads\Collaboreum MVP Platform\node_modules\jest-circus\build\run.js:71:3)
    at runAndTransformResultsToJestFormat (C:\Users\xx005\Downloads\Collaboreum MVP Platform\node_modules\jest-circus\build\legacy-code-todo-rewrite\jestAdapterInit.js:122:21)
    at jestAdapter (C:\Users\xx005\Downloads\Collaboreum MVP Platform\node_modules\jest-circus\build\legacy-code-todo-rewrite\jestAdapter.js:79:19)
    at runTestInternal (C:\Users\xx005\Downloads\Collaboreum MVP Platform\node_modules\jest-runner\build\runTest.js:367:16)
    at runTest (C:\Users\xx005\Downloads\Collaboreum MVP Platform\node_modules\jest-runner\build\runTest.js:444:34)</failure>
    </testcase>
    <testcase classname="통합 테스트 - API 연결 및 컴포넌트 연동 3. 커뮤니티 시스템 통합 테스트 커뮤니티 페이지가 올바르게 로드되어야 한다" name="통합 테스트 - API 연결 및 컴포넌트 연동 3. 커뮤니티 시스템 통합 테스트 커뮤니티 페이지가 올바르게 로드되어야 한다" time="0.045">
      <failure>TestingLibraryElementError: Unable to find an element with the text: 커뮤니티. This could be because the text is broken up by multiple elements. In this case, you can provide a function for your text matcher to make your matcher more flexible.

Ignored nodes: comments, script, style
&lt;body&gt;
  &lt;div&gt;
    &lt;div
      class=&quot;flex flex-col gap-6 rounded-xl text-card-foreground border-red-200 bg-red-50&quot;
      data-slot=&quot;card&quot;
    &gt;
      &lt;div
        class=&quot;[&amp;:last-child]:pb-6 p-6 text-center&quot;
        data-slot=&quot;card-content&quot;
      &gt;
        &lt;div
          class=&quot;flex flex-col items-center space-y-4&quot;
        &gt;
          &lt;svg
            aria-hidden=&quot;true&quot;
            class=&quot;lucide lucide-circle-alert h-12 w-12 text-red-500&quot;
            fill=&quot;none&quot;
            height=&quot;24&quot;
            stroke=&quot;currentColor&quot;
            stroke-linecap=&quot;round&quot;
            stroke-linejoin=&quot;round&quot;
            stroke-width=&quot;2&quot;
            viewBox=&quot;0 0 24 24&quot;
            width=&quot;24&quot;
            xmlns=&quot;http://www.w3.org/2000/svg&quot;
          &gt;
            &lt;circle
              cx=&quot;12&quot;
              cy=&quot;12&quot;
              r=&quot;10&quot;
            /&gt;
            &lt;line
              x1=&quot;12&quot;
              x2=&quot;12&quot;
              y1=&quot;8&quot;
              y2=&quot;12&quot;
            /&gt;
            &lt;line
              x1=&quot;12&quot;
              x2=&quot;12.01&quot;
              y1=&quot;16&quot;
              y2=&quot;16&quot;
            /&gt;
          &lt;/svg&gt;
          &lt;div&gt;
            &lt;h3
              class=&quot;mb-2 text-lg font-semibold text-red-800&quot;
            &gt;
              오류가 발생했습니다
            &lt;/h3&gt;
            &lt;p
              class=&quot;mb-4 text-red-600&quot;
            &gt;
              페이지를 불러오는 중 문제가 발생했습니다. 잠시 후 다시 시도해주세요.
            &lt;/p&gt;
          &lt;/div&gt;
          &lt;div
            class=&quot;flex gap-2&quot;
          &gt;
            &lt;button
              aria-busy=&quot;false&quot;
              class=&quot;inline-flex items-center justify-center gap-2 whitespace-nowrap rounded-2xl font-medium transition-all duration-200 disabled:pointer-events-none disabled:opacity-50 [&amp;_svg]:pointer-events-none [&amp;_svg:not([class*=&apos;size-&apos;])]:size-4 shrink-0 [&amp;_svg]:shrink-0 outline-none focus-visible:ring-ring/30 focus-visible:ring-4 aria-invalid:ring-destructive/20 dark:aria-invalid:ring-destructive/40 aria-invalid:border-destructive cursor-pointer border bg-background/80 backdrop-blur-sm hover:border-border/80 focus:ring-primary-300 h-10 px-6 py-2 text-sm [&amp;_svg]:size-4 border-red-300 text-red-700 hover:bg-red-100&quot;
              type=&quot;button&quot;
            &gt;
              &lt;svg
                aria-hidden=&quot;true&quot;
                class=&quot;lucide lucide-refresh-cw mr-2 h-4 w-4&quot;
                fill=&quot;none&quot;
                height=&quot;24&quot;
                stroke=&quot;currentColor&quot;
                stroke-linecap=&quot;round&quot;
                stroke-linejoin=&quot;round&quot;
                stroke-width=&quot;2&quot;
                viewBox=&quot;0 0 24 24&quot;
                width=&quot;24&quot;
                xmlns=&quot;http://www.w3.org/2000/svg&quot;
              &gt;
                &lt;path
                  d=&quot;M3 12a9 9 0 0 1 9-9 9.75 9.75 0 0 1 6.74 2.74L21 8&quot;
                /&gt;
                &lt;path
                  d=&quot;M21 3v5h-5&quot;
                /&gt;
                &lt;path
                  d=&quot;M21 12a9 9 0 0 1-9 9 9.75 9.75 0 0 1-6.74-2.74L3 16&quot;
                /&gt;
                &lt;path
                  d=&quot;M8 16H3v5&quot;
                /&gt;
              &lt;/svg&gt;
              다시 시도
            &lt;/button&gt;
            &lt;button
              aria-busy=&quot;false&quot;
              class=&quot;inline-flex items-center justify-center gap-2 whitespace-nowrap rounded-2xl font-medium transition-all duration-200 disabled:pointer-events-none disabled:opacity-50 [&amp;_svg]:pointer-events-none [&amp;_svg:not([class*=&apos;size-&apos;])]:size-4 shrink-0 [&amp;_svg]:shrink-0 outline-none focus-visible:ring-ring/30 focus-visible:ring-4 aria-invalid:ring-destructive/20 dark:aria-invalid:ring-destructive/40 aria-invalid:border-destructive cursor-pointer !bg-blue-600 !text-white hover:!bg-blue-700 shadow-apple hover:shadow-apple-lg active:scale-95 focus:ring-primary-300 h-10 px-6 py-2 text-sm [&amp;_svg]:size-4 bg-red-600 hover:bg-red-700&quot;
              style=&quot;background-color: rgb(37, 99, 235); color: white;&quot;
              type=&quot;button&quot;
            &gt;
              페이지 새로고침
            &lt;/button&gt;
          &lt;/div&gt;
        &lt;/div&gt;
      &lt;/div&gt;
    &lt;/div&gt;
  &lt;/div&gt;
&lt;/body&gt;
    at Object.getElementError (C:\Users\xx005\Downloads\Collaboreum MVP Platform\node_modules\@testing-library\dom\dist\config.js:37:19)
    at C:\Users\xx005\Downloads\Collaboreum MVP Platform\node_modules\@testing-library\dom\dist\query-helpers.js:76:38
    at C:\Users\xx005\Downloads\Collaboreum MVP Platform\node_modules\@testing-library\dom\dist\query-helpers.js:109:15
    at Object.getAllByText (C:\Users\xx005\Downloads\Collaboreum MVP Platform\src\__tests__\Integration.test.tsx:445:35)
    at Promise.then.completed (C:\Users\xx005\Downloads\Collaboreum MVP Platform\node_modules\jest-circus\build\utils.js:298:28)
    at new Promise (&lt;anonymous&gt;)
    at callAsyncCircusFn (C:\Users\xx005\Downloads\Collaboreum MVP Platform\node_modules\jest-circus\build\utils.js:231:10)
    at _callCircusTest (C:\Users\xx005\Downloads\Collaboreum MVP Platform\node_modules\jest-circus\build\run.js:316:40)
    at _runTest (C:\Users\xx005\Downloads\Collaboreum MVP Platform\node_modules\jest-circus\build\run.js:252:3)
    at _runTestsForDescribeBlock (C:\Users\xx005\Downloads\Collaboreum MVP Platform\node_modules\jest-circus\build\run.js:126:9)
    at _runTestsForDescribeBlock (C:\Users\xx005\Downloads\Collaboreum MVP Platform\node_modules\jest-circus\build\run.js:121:9)
    at _runTestsForDescribeBlock (C:\Users\xx005\Downloads\Collaboreum MVP Platform\node_modules\jest-circus\build\run.js:121:9)
    at run (C:\Users\xx005\Downloads\Collaboreum MVP Platform\node_modules\jest-circus\build\run.js:71:3)
    at runAndTransformResultsToJestFormat (C:\Users\xx005\Downloads\Collaboreum MVP Platform\node_modules\jest-circus\build\legacy-code-todo-rewrite\jestAdapterInit.js:122:21)
    at jestAdapter (C:\Users\xx005\Downloads\Collaboreum MVP Platform\node_modules\jest-circus\build\legacy-code-todo-rewrite\jestAdapter.js:79:19)
    at runTestInternal (C:\Users\xx005\Downloads\Collaboreum MVP Platform\node_modules\jest-runner\build\runTest.js:367:16)
    at runTest (C:\Users\xx005\Downloads\Collaboreum MVP Platform\node_modules\jest-runner\build\runTest.js:444:34)</failure>
    </testcase>
    <testcase classname="통합 테스트 - API 연결 및 컴포넌트 연동 3. 커뮤니티 시스템 통합 테스트 아티스트 프로필 페이지가 올바르게 로드되어야 한다" name="통합 테스트 - API 연결 및 컴포넌트 연동 3. 커뮤니티 시스템 통합 테스트 아티스트 프로필 페이지가 올바르게 로드되어야 한다" time="0.077">
      <failure>TestingLibraryElementError: Unable to find an element with the text: 커뮤니티. This could be because the text is broken up by multiple elements. In this case, you can provide a function for your text matcher to make your matcher more flexible.

Ignored nodes: comments, script, style
&lt;body&gt;
  &lt;div&gt;
    &lt;div
      class=&quot;flex flex-col gap-6 rounded-xl text-card-foreground border-red-200 bg-red-50&quot;
      data-slot=&quot;card&quot;
    &gt;
      &lt;div
        class=&quot;[&amp;:last-child]:pb-6 p-6 text-center&quot;
        data-slot=&quot;card-content&quot;
      &gt;
        &lt;div
          class=&quot;flex flex-col items-center space-y-4&quot;
        &gt;
          &lt;svg
            aria-hidden=&quot;true&quot;
            class=&quot;lucide lucide-circle-alert h-12 w-12 text-red-500&quot;
            fill=&quot;none&quot;
            height=&quot;24&quot;
            stroke=&quot;currentColor&quot;
            stroke-linecap=&quot;round&quot;
            stroke-linejoin=&quot;round&quot;
            stroke-width=&quot;2&quot;
            viewBox=&quot;0 0 24 24&quot;
            width=&quot;24&quot;
            xmlns=&quot;http://www.w3.org/2000/svg&quot;
          &gt;
            &lt;circle
              cx=&quot;12&quot;
              cy=&quot;12&quot;
              r=&quot;10&quot;
            /&gt;
            &lt;line
              x1=&quot;12&quot;
              x2=&quot;12&quot;
              y1=&quot;8&quot;
              y2=&quot;12&quot;
            /&gt;
            &lt;line
              x1=&quot;12&quot;
              x2=&quot;12.01&quot;
              y1=&quot;16&quot;
              y2=&quot;16&quot;
            /&gt;
          &lt;/svg&gt;
          &lt;div&gt;
            &lt;h3
              class=&quot;mb-2 text-lg font-semibold text-red-800&quot;
            &gt;
              오류가 발생했습니다
            &lt;/h3&gt;
            &lt;p
              class=&quot;mb-4 text-red-600&quot;
            &gt;
              페이지를 불러오는 중 문제가 발생했습니다. 잠시 후 다시 시도해주세요.
            &lt;/p&gt;
          &lt;/div&gt;
          &lt;div
            class=&quot;flex gap-2&quot;
          &gt;
            &lt;button
              aria-busy=&quot;false&quot;
              class=&quot;inline-flex items-center justify-center gap-2 whitespace-nowrap rounded-2xl font-medium transition-all duration-200 disabled:pointer-events-none disabled:opacity-50 [&amp;_svg]:pointer-events-none [&amp;_svg:not([class*=&apos;size-&apos;])]:size-4 shrink-0 [&amp;_svg]:shrink-0 outline-none focus-visible:ring-ring/30 focus-visible:ring-4 aria-invalid:ring-destructive/20 dark:aria-invalid:ring-destructive/40 aria-invalid:border-destructive cursor-pointer border bg-background/80 backdrop-blur-sm hover:border-border/80 focus:ring-primary-300 h-10 px-6 py-2 text-sm [&amp;_svg]:size-4 border-red-300 text-red-700 hover:bg-red-100&quot;
              type=&quot;button&quot;
            &gt;
              &lt;svg
                aria-hidden=&quot;true&quot;
                class=&quot;lucide lucide-refresh-cw mr-2 h-4 w-4&quot;
                fill=&quot;none&quot;
                height=&quot;24&quot;
                stroke=&quot;currentColor&quot;
                stroke-linecap=&quot;round&quot;
                stroke-linejoin=&quot;round&quot;
                stroke-width=&quot;2&quot;
                viewBox=&quot;0 0 24 24&quot;
                width=&quot;24&quot;
                xmlns=&quot;http://www.w3.org/2000/svg&quot;
              &gt;
                &lt;path
                  d=&quot;M3 12a9 9 0 0 1 9-9 9.75 9.75 0 0 1 6.74 2.74L21 8&quot;
                /&gt;
                &lt;path
                  d=&quot;M21 3v5h-5&quot;
                /&gt;
                &lt;path
                  d=&quot;M21 12a9 9 0 0 1-9 9 9.75 9.75 0 0 1-6.74-2.74L3 16&quot;
                /&gt;
                &lt;path
                  d=&quot;M8 16H3v5&quot;
                /&gt;
              &lt;/svg&gt;
              다시 시도
            &lt;/button&gt;
            &lt;button
              aria-busy=&quot;false&quot;
              class=&quot;inline-flex items-center justify-center gap-2 whitespace-nowrap rounded-2xl font-medium transition-all duration-200 disabled:pointer-events-none disabled:opacity-50 [&amp;_svg]:pointer-events-none [&amp;_svg:not([class*=&apos;size-&apos;])]:size-4 shrink-0 [&amp;_svg]:shrink-0 outline-none focus-visible:ring-ring/30 focus-visible:ring-4 aria-invalid:ring-destructive/20 dark:aria-invalid:ring-destructive/40 aria-invalid:border-destructive cursor-pointer !bg-blue-600 !text-white hover:!bg-blue-700 shadow-apple hover:shadow-apple-lg active:scale-95 focus:ring-primary-300 h-10 px-6 py-2 text-sm [&amp;_svg]:size-4 bg-red-600 hover:bg-red-700&quot;
              style=&quot;background-color: rgb(37, 99, 235); color: white;&quot;
              type=&quot;button&quot;
            &gt;
              페이지 새로고침
            &lt;/button&gt;
          &lt;/div&gt;
        &lt;/div&gt;
      &lt;/div&gt;
    &lt;/div&gt;
  &lt;/div&gt;
&lt;/body&gt;
    at Object.getElementError (C:\Users\xx005\Downloads\Collaboreum MVP Platform\node_modules\@testing-library\dom\dist\config.js:37:19)
    at C:\Users\xx005\Downloads\Collaboreum MVP Platform\node_modules\@testing-library\dom\dist\query-helpers.js:76:38
    at C:\Users\xx005\Downloads\Collaboreum MVP Platform\node_modules\@testing-library\dom\dist\query-helpers.js:109:15
    at Object.getAllByText (C:\Users\xx005\Downloads\Collaboreum MVP Platform\src\__tests__\Integration.test.tsx:472:35)
    at Promise.then.completed (C:\Users\xx005\Downloads\Collaboreum MVP Platform\node_modules\jest-circus\build\utils.js:298:28)
    at new Promise (&lt;anonymous&gt;)
    at callAsyncCircusFn (C:\Users\xx005\Downloads\Collaboreum MVP Platform\node_modules\jest-circus\build\utils.js:231:10)
    at _callCircusTest (C:\Users\xx005\Downloads\Collaboreum MVP Platform\node_modules\jest-circus\build\run.js:316:40)
    at _runTest (C:\Users\xx005\Downloads\Collaboreum MVP Platform\node_modules\jest-circus\build\run.js:252:3)
    at _runTestsForDescribeBlock (C:\Users\xx005\Downloads\Collaboreum MVP Platform\node_modules\jest-circus\build\run.js:126:9)
    at _runTestsForDescribeBlock (C:\Users\xx005\Downloads\Collaboreum MVP Platform\node_modules\jest-circus\build\run.js:121:9)
    at _runTestsForDescribeBlock (C:\Users\xx005\Downloads\Collaboreum MVP Platform\node_modules\jest-circus\build\run.js:121:9)
    at run (C:\Users\xx005\Downloads\Collaboreum MVP Platform\node_modules\jest-circus\build\run.js:71:3)
    at runAndTransformResultsToJestFormat (C:\Users\xx005\Downloads\Collaboreum MVP Platform\node_modules\jest-circus\build\legacy-code-todo-rewrite\jestAdapterInit.js:122:21)
    at jestAdapter (C:\Users\xx005\Downloads\Collaboreum MVP Platform\node_modules\jest-circus\build\legacy-code-todo-rewrite\jestAdapter.js:79:19)
    at runTestInternal (C:\Users\xx005\Downloads\Collaboreum MVP Platform\node_modules\jest-runner\build\runTest.js:367:16)
    at runTest (C:\Users\xx005\Downloads\Collaboreum MVP Platform\node_modules\jest-runner\build\runTest.js:444:34)</failure>
    </testcase>
    <testcase classname="통합 테스트 - API 연결 및 컴포넌트 연동 4. 이벤트 시스템 통합 테스트 이벤트 페이지가 올바르게 로드되어야 한다" name="통합 테스트 - API 연결 및 컴포넌트 연동 4. 이벤트 시스템 통합 테스트 이벤트 페이지가 올바르게 로드되어야 한다" time="0.047">
      <failure>TestingLibraryElementError: Unable to find an element with the text: 이벤트. This could be because the text is broken up by multiple elements. In this case, you can provide a function for your text matcher to make your matcher more flexible.

Ignored nodes: comments, script, style
&lt;body&gt;
  &lt;div&gt;
    &lt;div
      class=&quot;flex flex-col gap-6 rounded-xl text-card-foreground border-red-200 bg-red-50&quot;
      data-slot=&quot;card&quot;
    &gt;
      &lt;div
        class=&quot;[&amp;:last-child]:pb-6 p-6 text-center&quot;
        data-slot=&quot;card-content&quot;
      &gt;
        &lt;div
          class=&quot;flex flex-col items-center space-y-4&quot;
        &gt;
          &lt;svg
            aria-hidden=&quot;true&quot;
            class=&quot;lucide lucide-circle-alert h-12 w-12 text-red-500&quot;
            fill=&quot;none&quot;
            height=&quot;24&quot;
            stroke=&quot;currentColor&quot;
            stroke-linecap=&quot;round&quot;
            stroke-linejoin=&quot;round&quot;
            stroke-width=&quot;2&quot;
            viewBox=&quot;0 0 24 24&quot;
            width=&quot;24&quot;
            xmlns=&quot;http://www.w3.org/2000/svg&quot;
          &gt;
            &lt;circle
              cx=&quot;12&quot;
              cy=&quot;12&quot;
              r=&quot;10&quot;
            /&gt;
            &lt;line
              x1=&quot;12&quot;
              x2=&quot;12&quot;
              y1=&quot;8&quot;
              y2=&quot;12&quot;
            /&gt;
            &lt;line
              x1=&quot;12&quot;
              x2=&quot;12.01&quot;
              y1=&quot;16&quot;
              y2=&quot;16&quot;
            /&gt;
          &lt;/svg&gt;
          &lt;div&gt;
            &lt;h3
              class=&quot;mb-2 text-lg font-semibold text-red-800&quot;
            &gt;
              오류가 발생했습니다
            &lt;/h3&gt;
            &lt;p
              class=&quot;mb-4 text-red-600&quot;
            &gt;
              페이지를 불러오는 중 문제가 발생했습니다. 잠시 후 다시 시도해주세요.
            &lt;/p&gt;
          &lt;/div&gt;
          &lt;div
            class=&quot;flex gap-2&quot;
          &gt;
            &lt;button
              aria-busy=&quot;false&quot;
              class=&quot;inline-flex items-center justify-center gap-2 whitespace-nowrap rounded-2xl font-medium transition-all duration-200 disabled:pointer-events-none disabled:opacity-50 [&amp;_svg]:pointer-events-none [&amp;_svg:not([class*=&apos;size-&apos;])]:size-4 shrink-0 [&amp;_svg]:shrink-0 outline-none focus-visible:ring-ring/30 focus-visible:ring-4 aria-invalid:ring-destructive/20 dark:aria-invalid:ring-destructive/40 aria-invalid:border-destructive cursor-pointer border bg-background/80 backdrop-blur-sm hover:border-border/80 focus:ring-primary-300 h-10 px-6 py-2 text-sm [&amp;_svg]:size-4 border-red-300 text-red-700 hover:bg-red-100&quot;
              type=&quot;button&quot;
            &gt;
              &lt;svg
                aria-hidden=&quot;true&quot;
                class=&quot;lucide lucide-refresh-cw mr-2 h-4 w-4&quot;
                fill=&quot;none&quot;
                height=&quot;24&quot;
                stroke=&quot;currentColor&quot;
                stroke-linecap=&quot;round&quot;
                stroke-linejoin=&quot;round&quot;
                stroke-width=&quot;2&quot;
                viewBox=&quot;0 0 24 24&quot;
                width=&quot;24&quot;
                xmlns=&quot;http://www.w3.org/2000/svg&quot;
              &gt;
                &lt;path
                  d=&quot;M3 12a9 9 0 0 1 9-9 9.75 9.75 0 0 1 6.74 2.74L21 8&quot;
                /&gt;
                &lt;path
                  d=&quot;M21 3v5h-5&quot;
                /&gt;
                &lt;path
                  d=&quot;M21 12a9 9 0 0 1-9 9 9.75 9.75 0 0 1-6.74-2.74L3 16&quot;
                /&gt;
                &lt;path
                  d=&quot;M8 16H3v5&quot;
                /&gt;
              &lt;/svg&gt;
              다시 시도
            &lt;/button&gt;
            &lt;button
              aria-busy=&quot;false&quot;
              class=&quot;inline-flex items-center justify-center gap-2 whitespace-nowrap rounded-2xl font-medium transition-all duration-200 disabled:pointer-events-none disabled:opacity-50 [&amp;_svg]:pointer-events-none [&amp;_svg:not([class*=&apos;size-&apos;])]:size-4 shrink-0 [&amp;_svg]:shrink-0 outline-none focus-visible:ring-ring/30 focus-visible:ring-4 aria-invalid:ring-destructive/20 dark:aria-invalid:ring-destructive/40 aria-invalid:border-destructive cursor-pointer !bg-blue-600 !text-white hover:!bg-blue-700 shadow-apple hover:shadow-apple-lg active:scale-95 focus:ring-primary-300 h-10 px-6 py-2 text-sm [&amp;_svg]:size-4 bg-red-600 hover:bg-red-700&quot;
              style=&quot;background-color: rgb(37, 99, 235); color: white;&quot;
              type=&quot;button&quot;
            &gt;
              페이지 새로고침
            &lt;/button&gt;
          &lt;/div&gt;
        &lt;/div&gt;
      &lt;/div&gt;
    &lt;/div&gt;
  &lt;/div&gt;
&lt;/body&gt;
    at Object.getElementError (C:\Users\xx005\Downloads\Collaboreum MVP Platform\node_modules\@testing-library\dom\dist\config.js:37:19)
    at C:\Users\xx005\Downloads\Collaboreum MVP Platform\node_modules\@testing-library\dom\dist\query-helpers.js:76:38
    at C:\Users\xx005\Downloads\Collaboreum MVP Platform\node_modules\@testing-library\dom\dist\query-helpers.js:52:17
    at C:\Users\xx005\Downloads\Collaboreum MVP Platform\node_modules\@testing-library\dom\dist\query-helpers.js:95:19
    at Object.getByText (C:\Users\xx005\Downloads\Collaboreum MVP Platform\src\__tests__\Integration.test.tsx:500:32)
    at Promise.then.completed (C:\Users\xx005\Downloads\Collaboreum MVP Platform\node_modules\jest-circus\build\utils.js:298:28)
    at new Promise (&lt;anonymous&gt;)
    at callAsyncCircusFn (C:\Users\xx005\Downloads\Collaboreum MVP Platform\node_modules\jest-circus\build\utils.js:231:10)
    at _callCircusTest (C:\Users\xx005\Downloads\Collaboreum MVP Platform\node_modules\jest-circus\build\run.js:316:40)
    at _runTest (C:\Users\xx005\Downloads\Collaboreum MVP Platform\node_modules\jest-circus\build\run.js:252:3)
    at _runTestsForDescribeBlock (C:\Users\xx005\Downloads\Collaboreum MVP Platform\node_modules\jest-circus\build\run.js:126:9)
    at _runTestsForDescribeBlock (C:\Users\xx005\Downloads\Collaboreum MVP Platform\node_modules\jest-circus\build\run.js:121:9)
    at _runTestsForDescribeBlock (C:\Users\xx005\Downloads\Collaboreum MVP Platform\node_modules\jest-circus\build\run.js:121:9)
    at run (C:\Users\xx005\Downloads\Collaboreum MVP Platform\node_modules\jest-circus\build\run.js:71:3)
    at runAndTransformResultsToJestFormat (C:\Users\xx005\Downloads\Collaboreum MVP Platform\node_modules\jest-circus\build\legacy-code-todo-rewrite\jestAdapterInit.js:122:21)
    at jestAdapter (C:\Users\xx005\Downloads\Collaboreum MVP Platform\node_modules\jest-circus\build\legacy-code-todo-rewrite\jestAdapter.js:79:19)
    at runTestInternal (C:\Users\xx005\Downloads\Collaboreum MVP Platform\node_modules\jest-runner\build\runTest.js:367:16)
    at runTest (C:\Users\xx005\Downloads\Collaboreum MVP Platform\node_modules\jest-runner\build\runTest.js:444:34)</failure>
    </testcase>
    <testcase classname="통합 테스트 - API 연결 및 컴포넌트 연동 4. 이벤트 시스템 통합 테스트 이벤트 데이터가 올바르게 표시되어야 한다" name="통합 테스트 - API 연결 및 컴포넌트 연동 4. 이벤트 시스템 통합 테스트 이벤트 데이터가 올바르게 표시되어야 한다" time="0.041">
      <failure>TestingLibraryElementError: Unable to find an element with the text: 이벤트. This could be because the text is broken up by multiple elements. In this case, you can provide a function for your text matcher to make your matcher more flexible.

Ignored nodes: comments, script, style
&lt;body&gt;
  &lt;div&gt;
    &lt;div
      class=&quot;flex flex-col gap-6 rounded-xl text-card-foreground border-red-200 bg-red-50&quot;
      data-slot=&quot;card&quot;
    &gt;
      &lt;div
        class=&quot;[&amp;:last-child]:pb-6 p-6 text-center&quot;
        data-slot=&quot;card-content&quot;
      &gt;
        &lt;div
          class=&quot;flex flex-col items-center space-y-4&quot;
        &gt;
          &lt;svg
            aria-hidden=&quot;true&quot;
            class=&quot;lucide lucide-circle-alert h-12 w-12 text-red-500&quot;
            fill=&quot;none&quot;
            height=&quot;24&quot;
            stroke=&quot;currentColor&quot;
            stroke-linecap=&quot;round&quot;
            stroke-linejoin=&quot;round&quot;
            stroke-width=&quot;2&quot;
            viewBox=&quot;0 0 24 24&quot;
            width=&quot;24&quot;
            xmlns=&quot;http://www.w3.org/2000/svg&quot;
          &gt;
            &lt;circle
              cx=&quot;12&quot;
              cy=&quot;12&quot;
              r=&quot;10&quot;
            /&gt;
            &lt;line
              x1=&quot;12&quot;
              x2=&quot;12&quot;
              y1=&quot;8&quot;
              y2=&quot;12&quot;
            /&gt;
            &lt;line
              x1=&quot;12&quot;
              x2=&quot;12.01&quot;
              y1=&quot;16&quot;
              y2=&quot;16&quot;
            /&gt;
          &lt;/svg&gt;
          &lt;div&gt;
            &lt;h3
              class=&quot;mb-2 text-lg font-semibold text-red-800&quot;
            &gt;
              오류가 발생했습니다
            &lt;/h3&gt;
            &lt;p
              class=&quot;mb-4 text-red-600&quot;
            &gt;
              페이지를 불러오는 중 문제가 발생했습니다. 잠시 후 다시 시도해주세요.
            &lt;/p&gt;
          &lt;/div&gt;
          &lt;div
            class=&quot;flex gap-2&quot;
          &gt;
            &lt;button
              aria-busy=&quot;false&quot;
              class=&quot;inline-flex items-center justify-center gap-2 whitespace-nowrap rounded-2xl font-medium transition-all duration-200 disabled:pointer-events-none disabled:opacity-50 [&amp;_svg]:pointer-events-none [&amp;_svg:not([class*=&apos;size-&apos;])]:size-4 shrink-0 [&amp;_svg]:shrink-0 outline-none focus-visible:ring-ring/30 focus-visible:ring-4 aria-invalid:ring-destructive/20 dark:aria-invalid:ring-destructive/40 aria-invalid:border-destructive cursor-pointer border bg-background/80 backdrop-blur-sm hover:border-border/80 focus:ring-primary-300 h-10 px-6 py-2 text-sm [&amp;_svg]:size-4 border-red-300 text-red-700 hover:bg-red-100&quot;
              type=&quot;button&quot;
            &gt;
              &lt;svg
                aria-hidden=&quot;true&quot;
                class=&quot;lucide lucide-refresh-cw mr-2 h-4 w-4&quot;
                fill=&quot;none&quot;
                height=&quot;24&quot;
                stroke=&quot;currentColor&quot;
                stroke-linecap=&quot;round&quot;
                stroke-linejoin=&quot;round&quot;
                stroke-width=&quot;2&quot;
                viewBox=&quot;0 0 24 24&quot;
                width=&quot;24&quot;
                xmlns=&quot;http://www.w3.org/2000/svg&quot;
              &gt;
                &lt;path
                  d=&quot;M3 12a9 9 0 0 1 9-9 9.75 9.75 0 0 1 6.74 2.74L21 8&quot;
                /&gt;
                &lt;path
                  d=&quot;M21 3v5h-5&quot;
                /&gt;
                &lt;path
                  d=&quot;M21 12a9 9 0 0 1-9 9 9.75 9.75 0 0 1-6.74-2.74L3 16&quot;
                /&gt;
                &lt;path
                  d=&quot;M8 16H3v5&quot;
                /&gt;
              &lt;/svg&gt;
              다시 시도
            &lt;/button&gt;
            &lt;button
              aria-busy=&quot;false&quot;
              class=&quot;inline-flex items-center justify-center gap-2 whitespace-nowrap rounded-2xl font-medium transition-all duration-200 disabled:pointer-events-none disabled:opacity-50 [&amp;_svg]:pointer-events-none [&amp;_svg:not([class*=&apos;size-&apos;])]:size-4 shrink-0 [&amp;_svg]:shrink-0 outline-none focus-visible:ring-ring/30 focus-visible:ring-4 aria-invalid:ring-destructive/20 dark:aria-invalid:ring-destructive/40 aria-invalid:border-destructive cursor-pointer !bg-blue-600 !text-white hover:!bg-blue-700 shadow-apple hover:shadow-apple-lg active:scale-95 focus:ring-primary-300 h-10 px-6 py-2 text-sm [&amp;_svg]:size-4 bg-red-600 hover:bg-red-700&quot;
              style=&quot;background-color: rgb(37, 99, 235); color: white;&quot;
              type=&quot;button&quot;
            &gt;
              페이지 새로고침
            &lt;/button&gt;
          &lt;/div&gt;
        &lt;/div&gt;
      &lt;/div&gt;
    &lt;/div&gt;
  &lt;/div&gt;
&lt;/body&gt;
    at Object.getElementError (C:\Users\xx005\Downloads\Collaboreum MVP Platform\node_modules\@testing-library\dom\dist\config.js:37:19)
    at C:\Users\xx005\Downloads\Collaboreum MVP Platform\node_modules\@testing-library\dom\dist\query-helpers.js:76:38
    at C:\Users\xx005\Downloads\Collaboreum MVP Platform\node_modules\@testing-library\dom\dist\query-helpers.js:52:17
    at C:\Users\xx005\Downloads\Collaboreum MVP Platform\node_modules\@testing-library\dom\dist\query-helpers.js:95:19
    at Object.getByText (C:\Users\xx005\Downloads\Collaboreum MVP Platform\src\__tests__\Integration.test.tsx:523:32)
    at Promise.then.completed (C:\Users\xx005\Downloads\Collaboreum MVP Platform\node_modules\jest-circus\build\utils.js:298:28)
    at new Promise (&lt;anonymous&gt;)
    at callAsyncCircusFn (C:\Users\xx005\Downloads\Collaboreum MVP Platform\node_modules\jest-circus\build\utils.js:231:10)
    at _callCircusTest (C:\Users\xx005\Downloads\Collaboreum MVP Platform\node_modules\jest-circus\build\run.js:316:40)
    at _runTest (C:\Users\xx005\Downloads\Collaboreum MVP Platform\node_modules\jest-circus\build\run.js:252:3)
    at _runTestsForDescribeBlock (C:\Users\xx005\Downloads\Collaboreum MVP Platform\node_modules\jest-circus\build\run.js:126:9)
    at _runTestsForDescribeBlock (C:\Users\xx005\Downloads\Collaboreum MVP Platform\node_modules\jest-circus\build\run.js:121:9)
    at _runTestsForDescribeBlock (C:\Users\xx005\Downloads\Collaboreum MVP Platform\node_modules\jest-circus\build\run.js:121:9)
    at run (C:\Users\xx005\Downloads\Collaboreum MVP Platform\node_modules\jest-circus\build\run.js:71:3)
    at runAndTransformResultsToJestFormat (C:\Users\xx005\Downloads\Collaboreum MVP Platform\node_modules\jest-circus\build\legacy-code-todo-rewrite\jestAdapterInit.js:122:21)
    at jestAdapter (C:\Users\xx005\Downloads\Collaboreum MVP Platform\node_modules\jest-circus\build\legacy-code-todo-rewrite\jestAdapter.js:79:19)
    at runTestInternal (C:\Users\xx005\Downloads\Collaboreum MVP Platform\node_modules\jest-runner\build\runTest.js:367:16)
    at runTest (C:\Users\xx005\Downloads\Collaboreum MVP Platform\node_modules\jest-runner\build\runTest.js:444:34)</failure>
    </testcase>
    <testcase classname="통합 테스트 - API 연결 및 컴포넌트 연동 5. 네비게이션 시스템 통합 테스트 헤더 네비게이션이 올바르게 작동해야 한다" name="통합 테스트 - API 연결 및 컴포넌트 연동 5. 네비게이션 시스템 통합 테스트 헤더 네비게이션이 올바르게 작동해야 한다" time="0.07">
      <failure>TestingLibraryElementError: Unable to find an element with the text: 아티스트. This could be because the text is broken up by multiple elements. In this case, you can provide a function for your text matcher to make your matcher more flexible.

Ignored nodes: comments, script, style
&lt;body&gt;
  &lt;div&gt;
    &lt;div
      class=&quot;flex flex-col gap-6 rounded-xl text-card-foreground border-red-200 bg-red-50&quot;
      data-slot=&quot;card&quot;
    &gt;
      &lt;div
        class=&quot;[&amp;:last-child]:pb-6 p-6 text-center&quot;
        data-slot=&quot;card-content&quot;
      &gt;
        &lt;div
          class=&quot;flex flex-col items-center space-y-4&quot;
        &gt;
          &lt;svg
            aria-hidden=&quot;true&quot;
            class=&quot;lucide lucide-circle-alert h-12 w-12 text-red-500&quot;
            fill=&quot;none&quot;
            height=&quot;24&quot;
            stroke=&quot;currentColor&quot;
            stroke-linecap=&quot;round&quot;
            stroke-linejoin=&quot;round&quot;
            stroke-width=&quot;2&quot;
            viewBox=&quot;0 0 24 24&quot;
            width=&quot;24&quot;
            xmlns=&quot;http://www.w3.org/2000/svg&quot;
          &gt;
            &lt;circle
              cx=&quot;12&quot;
              cy=&quot;12&quot;
              r=&quot;10&quot;
            /&gt;
            &lt;line
              x1=&quot;12&quot;
              x2=&quot;12&quot;
              y1=&quot;8&quot;
              y2=&quot;12&quot;
            /&gt;
            &lt;line
              x1=&quot;12&quot;
              x2=&quot;12.01&quot;
              y1=&quot;16&quot;
              y2=&quot;16&quot;
            /&gt;
          &lt;/svg&gt;
          &lt;div&gt;
            &lt;h3
              class=&quot;mb-2 text-lg font-semibold text-red-800&quot;
            &gt;
              오류가 발생했습니다
            &lt;/h3&gt;
            &lt;p
              class=&quot;mb-4 text-red-600&quot;
            &gt;
              페이지를 불러오는 중 문제가 발생했습니다. 잠시 후 다시 시도해주세요.
            &lt;/p&gt;
          &lt;/div&gt;
          &lt;div
            class=&quot;flex gap-2&quot;
          &gt;
            &lt;button
              aria-busy=&quot;false&quot;
              class=&quot;inline-flex items-center justify-center gap-2 whitespace-nowrap rounded-2xl font-medium transition-all duration-200 disabled:pointer-events-none disabled:opacity-50 [&amp;_svg]:pointer-events-none [&amp;_svg:not([class*=&apos;size-&apos;])]:size-4 shrink-0 [&amp;_svg]:shrink-0 outline-none focus-visible:ring-ring/30 focus-visible:ring-4 aria-invalid:ring-destructive/20 dark:aria-invalid:ring-destructive/40 aria-invalid:border-destructive cursor-pointer border bg-background/80 backdrop-blur-sm hover:border-border/80 focus:ring-primary-300 h-10 px-6 py-2 text-sm [&amp;_svg]:size-4 border-red-300 text-red-700 hover:bg-red-100&quot;
              type=&quot;button&quot;
            &gt;
              &lt;svg
                aria-hidden=&quot;true&quot;
                class=&quot;lucide lucide-refresh-cw mr-2 h-4 w-4&quot;
                fill=&quot;none&quot;
                height=&quot;24&quot;
                stroke=&quot;currentColor&quot;
                stroke-linecap=&quot;round&quot;
                stroke-linejoin=&quot;round&quot;
                stroke-width=&quot;2&quot;
                viewBox=&quot;0 0 24 24&quot;
                width=&quot;24&quot;
                xmlns=&quot;http://www.w3.org/2000/svg&quot;
              &gt;
                &lt;path
                  d=&quot;M3 12a9 9 0 0 1 9-9 9.75 9.75 0 0 1 6.74 2.74L21 8&quot;
                /&gt;
                &lt;path
                  d=&quot;M21 3v5h-5&quot;
                /&gt;
                &lt;path
                  d=&quot;M21 12a9 9 0 0 1-9 9 9.75 9.75 0 0 1-6.74-2.74L3 16&quot;
                /&gt;
                &lt;path
                  d=&quot;M8 16H3v5&quot;
                /&gt;
              &lt;/svg&gt;
              다시 시도
            &lt;/button&gt;
            &lt;button
              aria-busy=&quot;false&quot;
              class=&quot;inline-flex items-center justify-center gap-2 whitespace-nowrap rounded-2xl font-medium transition-all duration-200 disabled:pointer-events-none disabled:opacity-50 [&amp;_svg]:pointer-events-none [&amp;_svg:not([class*=&apos;size-&apos;])]:size-4 shrink-0 [&amp;_svg]:shrink-0 outline-none focus-visible:ring-ring/30 focus-visible:ring-4 aria-invalid:ring-destructive/20 dark:aria-invalid:ring-destructive/40 aria-invalid:border-destructive cursor-pointer !bg-blue-600 !text-white hover:!bg-blue-700 shadow-apple hover:shadow-apple-lg active:scale-95 focus:ring-primary-300 h-10 px-6 py-2 text-sm [&amp;_svg]:size-4 bg-red-600 hover:bg-red-700&quot;
              style=&quot;background-color: rgb(37, 99, 235); color: white;&quot;
              type=&quot;button&quot;
            &gt;
              페이지 새로고침
            &lt;/button&gt;
          &lt;/div&gt;
        &lt;/div&gt;
      &lt;/div&gt;
    &lt;/div&gt;
  &lt;/div&gt;
&lt;/body&gt;
    at Object.getElementError (C:\Users\xx005\Downloads\Collaboreum MVP Platform\node_modules\@testing-library\dom\dist\config.js:37:19)
    at C:\Users\xx005\Downloads\Collaboreum MVP Platform\node_modules\@testing-library\dom\dist\query-helpers.js:76:38
    at C:\Users\xx005\Downloads\Collaboreum MVP Platform\node_modules\@testing-library\dom\dist\query-helpers.js:52:17
    at C:\Users\xx005\Downloads\Collaboreum MVP Platform\node_modules\@testing-library\dom\dist\query-helpers.js:95:19
    at Object.getByText (C:\Users\xx005\Downloads\Collaboreum MVP Platform\src\__tests__\Integration.test.tsx:555:34)
    at Promise.then.completed (C:\Users\xx005\Downloads\Collaboreum MVP Platform\node_modules\jest-circus\build\utils.js:298:28)
    at new Promise (&lt;anonymous&gt;)
    at callAsyncCircusFn (C:\Users\xx005\Downloads\Collaboreum MVP Platform\node_modules\jest-circus\build\utils.js:231:10)
    at _callCircusTest (C:\Users\xx005\Downloads\Collaboreum MVP Platform\node_modules\jest-circus\build\run.js:316:40)
    at _runTest (C:\Users\xx005\Downloads\Collaboreum MVP Platform\node_modules\jest-circus\build\run.js:252:3)
    at _runTestsForDescribeBlock (C:\Users\xx005\Downloads\Collaboreum MVP Platform\node_modules\jest-circus\build\run.js:126:9)
    at _runTestsForDescribeBlock (C:\Users\xx005\Downloads\Collaboreum MVP Platform\node_modules\jest-circus\build\run.js:121:9)
    at _runTestsForDescribeBlock (C:\Users\xx005\Downloads\Collaboreum MVP Platform\node_modules\jest-circus\build\run.js:121:9)
    at run (C:\Users\xx005\Downloads\Collaboreum MVP Platform\node_modules\jest-circus\build\run.js:71:3)
    at runAndTransformResultsToJestFormat (C:\Users\xx005\Downloads\Collaboreum MVP Platform\node_modules\jest-circus\build\legacy-code-todo-rewrite\jestAdapterInit.js:122:21)
    at jestAdapter (C:\Users\xx005\Downloads\Collaboreum MVP Platform\node_modules\jest-circus\build\legacy-code-todo-rewrite\jestAdapter.js:79:19)
    at runTestInternal (C:\Users\xx005\Downloads\Collaboreum MVP Platform\node_modules\jest-runner\build\runTest.js:367:16)
    at runTest (C:\Users\xx005\Downloads\Collaboreum MVP Platform\node_modules\jest-runner\build\runTest.js:444:34)</failure>
    </testcase>
    <testcase classname="통합 테스트 - API 연결 및 컴포넌트 연동 5. 네비게이션 시스템 통합 테스트 뒤로가기 기능이 올바르게 작동해야 한다" name="통합 테스트 - API 연결 및 컴포넌트 연동 5. 네비게이션 시스템 통합 테스트 뒤로가기 기능이 올바르게 작동해야 한다" time="0.029">
      <failure>TestingLibraryElementError: Unable to find an element with the text: 소개. This could be because the text is broken up by multiple elements. In this case, you can provide a function for your text matcher to make your matcher more flexible.

Ignored nodes: comments, script, style
&lt;body&gt;
  &lt;div&gt;
    &lt;div
      class=&quot;flex flex-col gap-6 rounded-xl text-card-foreground border-red-200 bg-red-50&quot;
      data-slot=&quot;card&quot;
    &gt;
      &lt;div
        class=&quot;[&amp;:last-child]:pb-6 p-6 text-center&quot;
        data-slot=&quot;card-content&quot;
      &gt;
        &lt;div
          class=&quot;flex flex-col items-center space-y-4&quot;
        &gt;
          &lt;svg
            aria-hidden=&quot;true&quot;
            class=&quot;lucide lucide-circle-alert h-12 w-12 text-red-500&quot;
            fill=&quot;none&quot;
            height=&quot;24&quot;
            stroke=&quot;currentColor&quot;
            stroke-linecap=&quot;round&quot;
            stroke-linejoin=&quot;round&quot;
            stroke-width=&quot;2&quot;
            viewBox=&quot;0 0 24 24&quot;
            width=&quot;24&quot;
            xmlns=&quot;http://www.w3.org/2000/svg&quot;
          &gt;
            &lt;circle
              cx=&quot;12&quot;
              cy=&quot;12&quot;
              r=&quot;10&quot;
            /&gt;
            &lt;line
              x1=&quot;12&quot;
              x2=&quot;12&quot;
              y1=&quot;8&quot;
              y2=&quot;12&quot;
            /&gt;
            &lt;line
              x1=&quot;12&quot;
              x2=&quot;12.01&quot;
              y1=&quot;16&quot;
              y2=&quot;16&quot;
            /&gt;
          &lt;/svg&gt;
          &lt;div&gt;
            &lt;h3
              class=&quot;mb-2 text-lg font-semibold text-red-800&quot;
            &gt;
              오류가 발생했습니다
            &lt;/h3&gt;
            &lt;p
              class=&quot;mb-4 text-red-600&quot;
            &gt;
              페이지를 불러오는 중 문제가 발생했습니다. 잠시 후 다시 시도해주세요.
            &lt;/p&gt;
          &lt;/div&gt;
          &lt;div
            class=&quot;flex gap-2&quot;
          &gt;
            &lt;button
              aria-busy=&quot;false&quot;
              class=&quot;inline-flex items-center justify-center gap-2 whitespace-nowrap rounded-2xl font-medium transition-all duration-200 disabled:pointer-events-none disabled:opacity-50 [&amp;_svg]:pointer-events-none [&amp;_svg:not([class*=&apos;size-&apos;])]:size-4 shrink-0 [&amp;_svg]:shrink-0 outline-none focus-visible:ring-ring/30 focus-visible:ring-4 aria-invalid:ring-destructive/20 dark:aria-invalid:ring-destructive/40 aria-invalid:border-destructive cursor-pointer border bg-background/80 backdrop-blur-sm hover:border-border/80 focus:ring-primary-300 h-10 px-6 py-2 text-sm [&amp;_svg]:size-4 border-red-300 text-red-700 hover:bg-red-100&quot;
              type=&quot;button&quot;
            &gt;
              &lt;svg
                aria-hidden=&quot;true&quot;
                class=&quot;lucide lucide-refresh-cw mr-2 h-4 w-4&quot;
                fill=&quot;none&quot;
                height=&quot;24&quot;
                stroke=&quot;currentColor&quot;
                stroke-linecap=&quot;round&quot;
                stroke-linejoin=&quot;round&quot;
                stroke-width=&quot;2&quot;
                viewBox=&quot;0 0 24 24&quot;
                width=&quot;24&quot;
                xmlns=&quot;http://www.w3.org/2000/svg&quot;
              &gt;
                &lt;path
                  d=&quot;M3 12a9 9 0 0 1 9-9 9.75 9.75 0 0 1 6.74 2.74L21 8&quot;
                /&gt;
                &lt;path
                  d=&quot;M21 3v5h-5&quot;
                /&gt;
                &lt;path
                  d=&quot;M21 12a9 9 0 0 1-9 9 9.75 9.75 0 0 1-6.74-2.74L3 16&quot;
                /&gt;
                &lt;path
                  d=&quot;M8 16H3v5&quot;
                /&gt;
              &lt;/svg&gt;
              다시 시도
            &lt;/button&gt;
            &lt;button
              aria-busy=&quot;false&quot;
              class=&quot;inline-flex items-center justify-center gap-2 whitespace-nowrap rounded-2xl font-medium transition-all duration-200 disabled:pointer-events-none disabled:opacity-50 [&amp;_svg]:pointer-events-none [&amp;_svg:not([class*=&apos;size-&apos;])]:size-4 shrink-0 [&amp;_svg]:shrink-0 outline-none focus-visible:ring-ring/30 focus-visible:ring-4 aria-invalid:ring-destructive/20 dark:aria-invalid:ring-destructive/40 aria-invalid:border-destructive cursor-pointer !bg-blue-600 !text-white hover:!bg-blue-700 shadow-apple hover:shadow-apple-lg active:scale-95 focus:ring-primary-300 h-10 px-6 py-2 text-sm [&amp;_svg]:size-4 bg-red-600 hover:bg-red-700&quot;
              style=&quot;background-color: rgb(37, 99, 235); color: white;&quot;
              type=&quot;button&quot;
            &gt;
              페이지 새로고침
            &lt;/button&gt;
          &lt;/div&gt;
        &lt;/div&gt;
      &lt;/div&gt;
    &lt;/div&gt;
  &lt;/div&gt;
&lt;/body&gt;
    at Object.getElementError (C:\Users\xx005\Downloads\Collaboreum MVP Platform\node_modules\@testing-library\dom\dist\config.js:37:19)
    at C:\Users\xx005\Downloads\Collaboreum MVP Platform\node_modules\@testing-library\dom\dist\query-helpers.js:76:38
    at C:\Users\xx005\Downloads\Collaboreum MVP Platform\node_modules\@testing-library\dom\dist\query-helpers.js:52:17
    at C:\Users\xx005\Downloads\Collaboreum MVP Platform\node_modules\@testing-library\dom\dist\query-helpers.js:95:19
    at Object.getByText (C:\Users\xx005\Downloads\Collaboreum MVP Platform\src\__tests__\Integration.test.tsx:573:34)
    at Promise.then.completed (C:\Users\xx005\Downloads\Collaboreum MVP Platform\node_modules\jest-circus\build\utils.js:298:28)
    at new Promise (&lt;anonymous&gt;)
    at callAsyncCircusFn (C:\Users\xx005\Downloads\Collaboreum MVP Platform\node_modules\jest-circus\build\utils.js:231:10)
    at _callCircusTest (C:\Users\xx005\Downloads\Collaboreum MVP Platform\node_modules\jest-circus\build\run.js:316:40)
    at _runTest (C:\Users\xx005\Downloads\Collaboreum MVP Platform\node_modules\jest-circus\build\run.js:252:3)
    at _runTestsForDescribeBlock (C:\Users\xx005\Downloads\Collaboreum MVP Platform\node_modules\jest-circus\build\run.js:126:9)
    at _runTestsForDescribeBlock (C:\Users\xx005\Downloads\Collaboreum MVP Platform\node_modules\jest-circus\build\run.js:121:9)
    at _runTestsForDescribeBlock (C:\Users\xx005\Downloads\Collaboreum MVP Platform\node_modules\jest-circus\build\run.js:121:9)
    at run (C:\Users\xx005\Downloads\Collaboreum MVP Platform\node_modules\jest-circus\build\run.js:71:3)
    at runAndTransformResultsToJestFormat (C:\Users\xx005\Downloads\Collaboreum MVP Platform\node_modules\jest-circus\build\legacy-code-todo-rewrite\jestAdapterInit.js:122:21)
    at jestAdapter (C:\Users\xx005\Downloads\Collaboreum MVP Platform\node_modules\jest-circus\build\legacy-code-todo-rewrite\jestAdapter.js:79:19)
    at runTestInternal (C:\Users\xx005\Downloads\Collaboreum MVP Platform\node_modules\jest-runner\build\runTest.js:367:16)
    at runTest (C:\Users\xx005\Downloads\Collaboreum MVP Platform\node_modules\jest-runner\build\runTest.js:444:34)</failure>
    </testcase>
    <testcase classname="통합 테스트 - API 연결 및 컴포넌트 연동 6. 에러 처리 통합 테스트 API 에러 시 적절한 에러 메시지가 표시되어야 한다" name="통합 테스트 - API 연결 및 컴포넌트 연동 6. 에러 처리 통합 테스트 API 에러 시 적절한 에러 메시지가 표시되어야 한다" time="0.086">
      <failure>TestingLibraryElementError: Unable to find an accessible element with the role &quot;button&quot; and name `/fan/i`

Here are the accessible roles:

  heading:

  Name &quot;오류가 발생했습니다&quot;:
  &lt;h3
    class=&quot;mb-2 text-lg font-semibold text-red-800&quot;
  /&gt;

  --------------------------------------------------
  paragraph:

  Name &quot;&quot;:
  &lt;p
    class=&quot;mb-4 text-red-600&quot;
  /&gt;

  --------------------------------------------------
  button:

  Name &quot;다시 시도&quot;:
  &lt;button
    aria-busy=&quot;false&quot;
    class=&quot;inline-flex items-center justify-center gap-2 whitespace-nowrap rounded-2xl font-medium transition-all duration-200 disabled:pointer-events-none disabled:opacity-50 [&amp;_svg]:pointer-events-none [&amp;_svg:not([class*=&apos;size-&apos;])]:size-4 shrink-0 [&amp;_svg]:shrink-0 outline-none focus-visible:ring-ring/30 focus-visible:ring-4 aria-invalid:ring-destructive/20 dark:aria-invalid:ring-destructive/40 aria-invalid:border-destructive cursor-pointer border bg-background/80 backdrop-blur-sm hover:border-border/80 focus:ring-primary-300 h-10 px-6 py-2 text-sm [&amp;_svg]:size-4 border-red-300 text-red-700 hover:bg-red-100&quot;
    type=&quot;button&quot;
  /&gt;

  Name &quot;페이지 새로고침&quot;:
  &lt;button
    aria-busy=&quot;false&quot;
    class=&quot;inline-flex items-center justify-center gap-2 whitespace-nowrap rounded-2xl font-medium transition-all duration-200 disabled:pointer-events-none disabled:opacity-50 [&amp;_svg]:pointer-events-none [&amp;_svg:not([class*=&apos;size-&apos;])]:size-4 shrink-0 [&amp;_svg]:shrink-0 outline-none focus-visible:ring-ring/30 focus-visible:ring-4 aria-invalid:ring-destructive/20 dark:aria-invalid:ring-destructive/40 aria-invalid:border-destructive cursor-pointer !bg-blue-600 !text-white hover:!bg-blue-700 shadow-apple hover:shadow-apple-lg active:scale-95 focus:ring-primary-300 h-10 px-6 py-2 text-sm [&amp;_svg]:size-4 bg-red-600 hover:bg-red-700&quot;
    style=&quot;background-color: rgb(37, 99, 235); color: white;&quot;
    type=&quot;button&quot;
  /&gt;

  --------------------------------------------------

Ignored nodes: comments, script, style
&lt;body&gt;
  &lt;div&gt;
    &lt;div
      class=&quot;flex flex-col gap-6 rounded-xl text-card-foreground border-red-200 bg-red-50&quot;
      data-slot=&quot;card&quot;
    &gt;
      &lt;div
        class=&quot;[&amp;:last-child]:pb-6 p-6 text-center&quot;
        data-slot=&quot;card-content&quot;
      &gt;
        &lt;div
          class=&quot;flex flex-col items-center space-y-4&quot;
        &gt;
          &lt;svg
            aria-hidden=&quot;true&quot;
            class=&quot;lucide lucide-circle-alert h-12 w-12 text-red-500&quot;
            fill=&quot;none&quot;
            height=&quot;24&quot;
            stroke=&quot;currentColor&quot;
            stroke-linecap=&quot;round&quot;
            stroke-linejoin=&quot;round&quot;
            stroke-width=&quot;2&quot;
            viewBox=&quot;0 0 24 24&quot;
            width=&quot;24&quot;
            xmlns=&quot;http://www.w3.org/2000/svg&quot;
          &gt;
            &lt;circle
              cx=&quot;12&quot;
              cy=&quot;12&quot;
              r=&quot;10&quot;
            /&gt;
            &lt;line
              x1=&quot;12&quot;
              x2=&quot;12&quot;
              y1=&quot;8&quot;
              y2=&quot;12&quot;
            /&gt;
            &lt;line
              x1=&quot;12&quot;
              x2=&quot;12.01&quot;
              y1=&quot;16&quot;
              y2=&quot;16&quot;
            /&gt;
          &lt;/svg&gt;
          &lt;div&gt;
            &lt;h3
              class=&quot;mb-2 text-lg font-semibold text-red-800&quot;
            &gt;
              오류가 발생했습니다
            &lt;/h3&gt;
            &lt;p
              class=&quot;mb-4 text-red-600&quot;
            &gt;
              페이지를 불러오는 중 문제가 발생했습니다. 잠시 후 다시 시도해주세요.
            &lt;/p&gt;
          &lt;/div&gt;
          &lt;div
            class=&quot;flex gap-2&quot;
          &gt;
            &lt;button
              aria-busy=&quot;false&quot;
              class=&quot;inline-flex items-center justify-center gap-2 whitespace-nowrap rounded-2xl font-medium transition-all duration-200 disabled:pointer-events-none disabled:opacity-50 [&amp;_svg]:pointer-events-none [&amp;_svg:not([class*=&apos;size-&apos;])]:size-4 shrink-0 [&amp;_svg]:shrink-0 outline-none focus-visible:ring-ring/30 focus-visible:ring-4 aria-invalid:ring-destructive/20 dark:aria-invalid:ring-destructive/40 aria-invalid:border-destructive cursor-pointer border bg-background/80 backdrop-blur-sm hover:border-border/80 focus:ring-primary-300 h-10 px-6 py-2 text-sm [&amp;_svg]:size-4 border-red-300 text-red-700 hover:bg-red-100&quot;
              type=&quot;button&quot;
            &gt;
              &lt;svg
                aria-hidden=&quot;true&quot;
                class=&quot;lucide lucide-refresh-cw mr-2 h-4 w-4&quot;
                fill=&quot;none&quot;
                height=&quot;24&quot;
                stroke=&quot;currentColor&quot;
                stroke-linecap=&quot;round&quot;
                stroke-linejoin=&quot;round&quot;
                stroke-width=&quot;2&quot;
                viewBox=&quot;0 0 24 24&quot;
                width=&quot;24&quot;
                xmlns=&quot;http://www.w3.org/2000/svg&quot;
              &gt;
                &lt;path
                  d=&quot;M3 12a9 9 0 0 1 9-9 9.75 9.75 0 0 1 6.74 2.74L21 8&quot;
                /&gt;
                &lt;path
                  d=&quot;M21 3v5h-5&quot;
                /&gt;
                &lt;path
                  d=&quot;M21 12a9 9 0 0 1-9 9 9.75 9.75 0 0 1-6.74-2.74L3 16&quot;
                /&gt;
                &lt;path
                  d=&quot;M8 16H3v5&quot;
                /&gt;
              &lt;/svg&gt;
              다시 시도
            &lt;/button&gt;
            &lt;button
              aria-busy=&quot;false&quot;
              class=&quot;inline-flex items-center justify-center gap-2 whitespace-nowrap rounded-2xl font-medium transition-all duration-200 disabled:pointer-events-none disabled:opacity-50 [&amp;_svg]:pointer-events-none [&amp;_svg:not([class*=&apos;size-&apos;])]:size-4 shrink-0 [&amp;_svg]:shrink-0 outline-none focus-visible:ring-ring/30 focus-visible:ring-4 aria-invalid:ring-destructive/20 dark:aria-invalid:ring-destructive/40 aria-invalid:border-destructive cursor-pointer !bg-blue-600 !text-white hover:!bg-blue-700 shadow-apple hover:shadow-apple-lg active:scale-95 focus:ring-primary-300 h-10 px-6 py-2 text-sm [&amp;_svg]:size-4 bg-red-600 hover:bg-red-700&quot;
              style=&quot;background-color: rgb(37, 99, 235); color: white;&quot;
              type=&quot;button&quot;
            &gt;
              페이지 새로고침
            &lt;/button&gt;
          &lt;/div&gt;
        &lt;/div&gt;
      &lt;/div&gt;
    &lt;/div&gt;
  &lt;/div&gt;
&lt;/body&gt;
    at Object.getElementError (C:\Users\xx005\Downloads\Collaboreum MVP Platform\node_modules\@testing-library\dom\dist\config.js:37:19)
    at C:\Users\xx005\Downloads\Collaboreum MVP Platform\node_modules\@testing-library\dom\dist\query-helpers.js:76:38
    at C:\Users\xx005\Downloads\Collaboreum MVP Platform\node_modules\@testing-library\dom\dist\query-helpers.js:52:17
    at C:\Users\xx005\Downloads\Collaboreum MVP Platform\node_modules\@testing-library\dom\dist\query-helpers.js:95:19
    at Object.getByRole (C:\Users\xx005\Downloads\Collaboreum MVP Platform\src\__tests__\Integration.test.tsx:610:37)
    at Promise.then.completed (C:\Users\xx005\Downloads\Collaboreum MVP Platform\node_modules\jest-circus\build\utils.js:298:28)
    at new Promise (&lt;anonymous&gt;)
    at callAsyncCircusFn (C:\Users\xx005\Downloads\Collaboreum MVP Platform\node_modules\jest-circus\build\utils.js:231:10)
    at _callCircusTest (C:\Users\xx005\Downloads\Collaboreum MVP Platform\node_modules\jest-circus\build\run.js:316:40)
    at _runTest (C:\Users\xx005\Downloads\Collaboreum MVP Platform\node_modules\jest-circus\build\run.js:252:3)
    at _runTestsForDescribeBlock (C:\Users\xx005\Downloads\Collaboreum MVP Platform\node_modules\jest-circus\build\run.js:126:9)
    at _runTestsForDescribeBlock (C:\Users\xx005\Downloads\Collaboreum MVP Platform\node_modules\jest-circus\build\run.js:121:9)
    at _runTestsForDescribeBlock (C:\Users\xx005\Downloads\Collaboreum MVP Platform\node_modules\jest-circus\build\run.js:121:9)
    at run (C:\Users\xx005\Downloads\Collaboreum MVP Platform\node_modules\jest-circus\build\run.js:71:3)
    at runAndTransformResultsToJestFormat (C:\Users\xx005\Downloads\Collaboreum MVP Platform\node_modules\jest-circus\build\legacy-code-todo-rewrite\jestAdapterInit.js:122:21)
    at jestAdapter (C:\Users\xx005\Downloads\Collaboreum MVP Platform\node_modules\jest-circus\build\legacy-code-todo-rewrite\jestAdapter.js:79:19)
    at runTestInternal (C:\Users\xx005\Downloads\Collaboreum MVP Platform\node_modules\jest-runner\build\runTest.js:367:16)
    at runTest (C:\Users\xx005\Downloads\Collaboreum MVP Platform\node_modules\jest-runner\build\runTest.js:444:34)</failure>
    </testcase>
    <testcase classname="통합 테스트 - API 연결 및 컴포넌트 연동 6. 에러 처리 통합 테스트 네트워크 에러 시 적절한 에러 메시지가 표시되어야 한다" name="통합 테스트 - API 연결 및 컴포넌트 연동 6. 에러 처리 통합 테스트 네트워크 에러 시 적절한 에러 메시지가 표시되어야 한다" time="0.065">
      <failure>TestingLibraryElementError: Unable to find an element with the text: 커뮤니티. This could be because the text is broken up by multiple elements. In this case, you can provide a function for your text matcher to make your matcher more flexible.

Ignored nodes: comments, script, style
&lt;body&gt;
  &lt;div&gt;
    &lt;div
      class=&quot;flex flex-col gap-6 rounded-xl text-card-foreground border-red-200 bg-red-50&quot;
      data-slot=&quot;card&quot;
    &gt;
      &lt;div
        class=&quot;[&amp;:last-child]:pb-6 p-6 text-center&quot;
        data-slot=&quot;card-content&quot;
      &gt;
        &lt;div
          class=&quot;flex flex-col items-center space-y-4&quot;
        &gt;
          &lt;svg
            aria-hidden=&quot;true&quot;
            class=&quot;lucide lucide-circle-alert h-12 w-12 text-red-500&quot;
            fill=&quot;none&quot;
            height=&quot;24&quot;
            stroke=&quot;currentColor&quot;
            stroke-linecap=&quot;round&quot;
            stroke-linejoin=&quot;round&quot;
            stroke-width=&quot;2&quot;
            viewBox=&quot;0 0 24 24&quot;
            width=&quot;24&quot;
            xmlns=&quot;http://www.w3.org/2000/svg&quot;
          &gt;
            &lt;circle
              cx=&quot;12&quot;
              cy=&quot;12&quot;
              r=&quot;10&quot;
            /&gt;
            &lt;line
              x1=&quot;12&quot;
              x2=&quot;12&quot;
              y1=&quot;8&quot;
              y2=&quot;12&quot;
            /&gt;
            &lt;line
              x1=&quot;12&quot;
              x2=&quot;12.01&quot;
              y1=&quot;16&quot;
              y2=&quot;16&quot;
            /&gt;
          &lt;/svg&gt;
          &lt;div&gt;
            &lt;h3
              class=&quot;mb-2 text-lg font-semibold text-red-800&quot;
            &gt;
              오류가 발생했습니다
            &lt;/h3&gt;
            &lt;p
              class=&quot;mb-4 text-red-600&quot;
            &gt;
              페이지를 불러오는 중 문제가 발생했습니다. 잠시 후 다시 시도해주세요.
            &lt;/p&gt;
          &lt;/div&gt;
          &lt;div
            class=&quot;flex gap-2&quot;
          &gt;
            &lt;button
              aria-busy=&quot;false&quot;
              class=&quot;inline-flex items-center justify-center gap-2 whitespace-nowrap rounded-2xl font-medium transition-all duration-200 disabled:pointer-events-none disabled:opacity-50 [&amp;_svg]:pointer-events-none [&amp;_svg:not([class*=&apos;size-&apos;])]:size-4 shrink-0 [&amp;_svg]:shrink-0 outline-none focus-visible:ring-ring/30 focus-visible:ring-4 aria-invalid:ring-destructive/20 dark:aria-invalid:ring-destructive/40 aria-invalid:border-destructive cursor-pointer border bg-background/80 backdrop-blur-sm hover:border-border/80 focus:ring-primary-300 h-10 px-6 py-2 text-sm [&amp;_svg]:size-4 border-red-300 text-red-700 hover:bg-red-100&quot;
              type=&quot;button&quot;
            &gt;
              &lt;svg
                aria-hidden=&quot;true&quot;
                class=&quot;lucide lucide-refresh-cw mr-2 h-4 w-4&quot;
                fill=&quot;none&quot;
                height=&quot;24&quot;
                stroke=&quot;currentColor&quot;
                stroke-linecap=&quot;round&quot;
                stroke-linejoin=&quot;round&quot;
                stroke-width=&quot;2&quot;
                viewBox=&quot;0 0 24 24&quot;
                width=&quot;24&quot;
                xmlns=&quot;http://www.w3.org/2000/svg&quot;
              &gt;
                &lt;path
                  d=&quot;M3 12a9 9 0 0 1 9-9 9.75 9.75 0 0 1 6.74 2.74L21 8&quot;
                /&gt;
                &lt;path
                  d=&quot;M21 3v5h-5&quot;
                /&gt;
                &lt;path
                  d=&quot;M21 12a9 9 0 0 1-9 9 9.75 9.75 0 0 1-6.74-2.74L3 16&quot;
                /&gt;
                &lt;path
                  d=&quot;M8 16H3v5&quot;
                /&gt;
              &lt;/svg&gt;
              다시 시도
            &lt;/button&gt;
            &lt;button
              aria-busy=&quot;false&quot;
              class=&quot;inline-flex items-center justify-center gap-2 whitespace-nowrap rounded-2xl font-medium transition-all duration-200 disabled:pointer-events-none disabled:opacity-50 [&amp;_svg]:pointer-events-none [&amp;_svg:not([class*=&apos;size-&apos;])]:size-4 shrink-0 [&amp;_svg]:shrink-0 outline-none focus-visible:ring-ring/30 focus-visible:ring-4 aria-invalid:ring-destructive/20 dark:aria-invalid:ring-destructive/40 aria-invalid:border-destructive cursor-pointer !bg-blue-600 !text-white hover:!bg-blue-700 shadow-apple hover:shadow-apple-lg active:scale-95 focus:ring-primary-300 h-10 px-6 py-2 text-sm [&amp;_svg]:size-4 bg-red-600 hover:bg-red-700&quot;
              style=&quot;background-color: rgb(37, 99, 235); color: white;&quot;
              type=&quot;button&quot;
            &gt;
              페이지 새로고침
            &lt;/button&gt;
          &lt;/div&gt;
        &lt;/div&gt;
      &lt;/div&gt;
    &lt;/div&gt;
  &lt;/div&gt;
&lt;/body&gt;
    at Object.getElementError (C:\Users\xx005\Downloads\Collaboreum MVP Platform\node_modules\@testing-library\dom\dist\config.js:37:19)
    at C:\Users\xx005\Downloads\Collaboreum MVP Platform\node_modules\@testing-library\dom\dist\query-helpers.js:76:38
    at C:\Users\xx005\Downloads\Collaboreum MVP Platform\node_modules\@testing-library\dom\dist\query-helpers.js:109:15
    at Object.getAllByText (C:\Users\xx005\Downloads\Collaboreum MVP Platform\src\__tests__\Integration.test.tsx:640:35)
    at Promise.then.completed (C:\Users\xx005\Downloads\Collaboreum MVP Platform\node_modules\jest-circus\build\utils.js:298:28)
    at new Promise (&lt;anonymous&gt;)
    at callAsyncCircusFn (C:\Users\xx005\Downloads\Collaboreum MVP Platform\node_modules\jest-circus\build\utils.js:231:10)
    at _callCircusTest (C:\Users\xx005\Downloads\Collaboreum MVP Platform\node_modules\jest-circus\build\run.js:316:40)
    at _runTest (C:\Users\xx005\Downloads\Collaboreum MVP Platform\node_modules\jest-circus\build\run.js:252:3)
    at _runTestsForDescribeBlock (C:\Users\xx005\Downloads\Collaboreum MVP Platform\node_modules\jest-circus\build\run.js:126:9)
    at _runTestsForDescribeBlock (C:\Users\xx005\Downloads\Collaboreum MVP Platform\node_modules\jest-circus\build\run.js:121:9)
    at _runTestsForDescribeBlock (C:\Users\xx005\Downloads\Collaboreum MVP Platform\node_modules\jest-circus\build\run.js:121:9)
    at run (C:\Users\xx005\Downloads\Collaboreum MVP Platform\node_modules\jest-circus\build\run.js:71:3)
    at runAndTransformResultsToJestFormat (C:\Users\xx005\Downloads\Collaboreum MVP Platform\node_modules\jest-circus\build\legacy-code-todo-rewrite\jestAdapterInit.js:122:21)
    at jestAdapter (C:\Users\xx005\Downloads\Collaboreum MVP Platform\node_modules\jest-circus\build\legacy-code-todo-rewrite\jestAdapter.js:79:19)
    at runTestInternal (C:\Users\xx005\Downloads\Collaboreum MVP Platform\node_modules\jest-runner\build\runTest.js:367:16)
    at runTest (C:\Users\xx005\Downloads\Collaboreum MVP Platform\node_modules\jest-runner\build\runTest.js:444:34)</failure>
    </testcase>
    <testcase classname="통합 테스트 - API 연결 및 컴포넌트 연동 7. 로딩 상태 통합 테스트 데이터 로딩 중 로딩 스피너가 표시되어야 한다" name="통합 테스트 - API 연결 및 컴포넌트 연동 7. 로딩 상태 통합 테스트 데이터 로딩 중 로딩 스피너가 표시되어야 한다" time="0.06">
      <failure>TestingLibraryElementError: Unable to find an accessible element with the role &quot;button&quot; and name `/fan/i`

Here are the accessible roles:

  heading:

  Name &quot;오류가 발생했습니다&quot;:
  &lt;h3
    class=&quot;mb-2 text-lg font-semibold text-red-800&quot;
  /&gt;

  --------------------------------------------------
  paragraph:

  Name &quot;&quot;:
  &lt;p
    class=&quot;mb-4 text-red-600&quot;
  /&gt;

  --------------------------------------------------
  button:

  Name &quot;다시 시도&quot;:
  &lt;button
    aria-busy=&quot;false&quot;
    class=&quot;inline-flex items-center justify-center gap-2 whitespace-nowrap rounded-2xl font-medium transition-all duration-200 disabled:pointer-events-none disabled:opacity-50 [&amp;_svg]:pointer-events-none [&amp;_svg:not([class*=&apos;size-&apos;])]:size-4 shrink-0 [&amp;_svg]:shrink-0 outline-none focus-visible:ring-ring/30 focus-visible:ring-4 aria-invalid:ring-destructive/20 dark:aria-invalid:ring-destructive/40 aria-invalid:border-destructive cursor-pointer border bg-background/80 backdrop-blur-sm hover:border-border/80 focus:ring-primary-300 h-10 px-6 py-2 text-sm [&amp;_svg]:size-4 border-red-300 text-red-700 hover:bg-red-100&quot;
    type=&quot;button&quot;
  /&gt;

  Name &quot;페이지 새로고침&quot;:
  &lt;button
    aria-busy=&quot;false&quot;
    class=&quot;inline-flex items-center justify-center gap-2 whitespace-nowrap rounded-2xl font-medium transition-all duration-200 disabled:pointer-events-none disabled:opacity-50 [&amp;_svg]:pointer-events-none [&amp;_svg:not([class*=&apos;size-&apos;])]:size-4 shrink-0 [&amp;_svg]:shrink-0 outline-none focus-visible:ring-ring/30 focus-visible:ring-4 aria-invalid:ring-destructive/20 dark:aria-invalid:ring-destructive/40 aria-invalid:border-destructive cursor-pointer !bg-blue-600 !text-white hover:!bg-blue-700 shadow-apple hover:shadow-apple-lg active:scale-95 focus:ring-primary-300 h-10 px-6 py-2 text-sm [&amp;_svg]:size-4 bg-red-600 hover:bg-red-700&quot;
    style=&quot;background-color: rgb(37, 99, 235); color: white;&quot;
    type=&quot;button&quot;
  /&gt;

  --------------------------------------------------

Ignored nodes: comments, script, style
&lt;body&gt;
  &lt;div&gt;
    &lt;div
      class=&quot;flex flex-col gap-6 rounded-xl text-card-foreground border-red-200 bg-red-50&quot;
      data-slot=&quot;card&quot;
    &gt;
      &lt;div
        class=&quot;[&amp;:last-child]:pb-6 p-6 text-center&quot;
        data-slot=&quot;card-content&quot;
      &gt;
        &lt;div
          class=&quot;flex flex-col items-center space-y-4&quot;
        &gt;
          &lt;svg
            aria-hidden=&quot;true&quot;
            class=&quot;lucide lucide-circle-alert h-12 w-12 text-red-500&quot;
            fill=&quot;none&quot;
            height=&quot;24&quot;
            stroke=&quot;currentColor&quot;
            stroke-linecap=&quot;round&quot;
            stroke-linejoin=&quot;round&quot;
            stroke-width=&quot;2&quot;
            viewBox=&quot;0 0 24 24&quot;
            width=&quot;24&quot;
            xmlns=&quot;http://www.w3.org/2000/svg&quot;
          &gt;
            &lt;circle
              cx=&quot;12&quot;
              cy=&quot;12&quot;
              r=&quot;10&quot;
            /&gt;
            &lt;line
              x1=&quot;12&quot;
              x2=&quot;12&quot;
              y1=&quot;8&quot;
              y2=&quot;12&quot;
            /&gt;
            &lt;line
              x1=&quot;12&quot;
              x2=&quot;12.01&quot;
              y1=&quot;16&quot;
              y2=&quot;16&quot;
            /&gt;
          &lt;/svg&gt;
          &lt;div&gt;
            &lt;h3
              class=&quot;mb-2 text-lg font-semibold text-red-800&quot;
            &gt;
              오류가 발생했습니다
            &lt;/h3&gt;
            &lt;p
              class=&quot;mb-4 text-red-600&quot;
            &gt;
              페이지를 불러오는 중 문제가 발생했습니다. 잠시 후 다시 시도해주세요.
            &lt;/p&gt;
          &lt;/div&gt;
          &lt;div
            class=&quot;flex gap-2&quot;
          &gt;
            &lt;button
              aria-busy=&quot;false&quot;
              class=&quot;inline-flex items-center justify-center gap-2 whitespace-nowrap rounded-2xl font-medium transition-all duration-200 disabled:pointer-events-none disabled:opacity-50 [&amp;_svg]:pointer-events-none [&amp;_svg:not([class*=&apos;size-&apos;])]:size-4 shrink-0 [&amp;_svg]:shrink-0 outline-none focus-visible:ring-ring/30 focus-visible:ring-4 aria-invalid:ring-destructive/20 dark:aria-invalid:ring-destructive/40 aria-invalid:border-destructive cursor-pointer border bg-background/80 backdrop-blur-sm hover:border-border/80 focus:ring-primary-300 h-10 px-6 py-2 text-sm [&amp;_svg]:size-4 border-red-300 text-red-700 hover:bg-red-100&quot;
              type=&quot;button&quot;
            &gt;
              &lt;svg
                aria-hidden=&quot;true&quot;
                class=&quot;lucide lucide-refresh-cw mr-2 h-4 w-4&quot;
                fill=&quot;none&quot;
                height=&quot;24&quot;
                stroke=&quot;currentColor&quot;
                stroke-linecap=&quot;round&quot;
                stroke-linejoin=&quot;round&quot;
                stroke-width=&quot;2&quot;
                viewBox=&quot;0 0 24 24&quot;
                width=&quot;24&quot;
                xmlns=&quot;http://www.w3.org/2000/svg&quot;
              &gt;
                &lt;path
                  d=&quot;M3 12a9 9 0 0 1 9-9 9.75 9.75 0 0 1 6.74 2.74L21 8&quot;
                /&gt;
                &lt;path
                  d=&quot;M21 3v5h-5&quot;
                /&gt;
                &lt;path
                  d=&quot;M21 12a9 9 0 0 1-9 9 9.75 9.75 0 0 1-6.74-2.74L3 16&quot;
                /&gt;
                &lt;path
                  d=&quot;M8 16H3v5&quot;
                /&gt;
              &lt;/svg&gt;
              다시 시도
            &lt;/button&gt;
            &lt;button
              aria-busy=&quot;false&quot;
              class=&quot;inline-flex items-center justify-center gap-2 whitespace-nowrap rounded-2xl font-medium transition-all duration-200 disabled:pointer-events-none disabled:opacity-50 [&amp;_svg]:pointer-events-none [&amp;_svg:not([class*=&apos;size-&apos;])]:size-4 shrink-0 [&amp;_svg]:shrink-0 outline-none focus-visible:ring-ring/30 focus-visible:ring-4 aria-invalid:ring-destructive/20 dark:aria-invalid:ring-destructive/40 aria-invalid:border-destructive cursor-pointer !bg-blue-600 !text-white hover:!bg-blue-700 shadow-apple hover:shadow-apple-lg active:scale-95 focus:ring-primary-300 h-10 px-6 py-2 text-sm [&amp;_svg]:size-4 bg-red-600 hover:bg-red-700&quot;
              style=&quot;background-color: rgb(37, 99, 235); color: white;&quot;
              type=&quot;button&quot;
            &gt;
              페이지 새로고침
            &lt;/button&gt;
          &lt;/div&gt;
        &lt;/div&gt;
      &lt;/div&gt;
    &lt;/div&gt;
  &lt;/div&gt;
&lt;/body&gt;
    at Object.getElementError (C:\Users\xx005\Downloads\Collaboreum MVP Platform\node_modules\@testing-library\dom\dist\config.js:37:19)
    at C:\Users\xx005\Downloads\Collaboreum MVP Platform\node_modules\@testing-library\dom\dist\query-helpers.js:76:38
    at C:\Users\xx005\Downloads\Collaboreum MVP Platform\node_modules\@testing-library\dom\dist\query-helpers.js:52:17
    at C:\Users\xx005\Downloads\Collaboreum MVP Platform\node_modules\@testing-library\dom\dist\query-helpers.js:95:19
    at Object.getByRole (C:\Users\xx005\Downloads\Collaboreum MVP Platform\src\__tests__\Integration.test.tsx:678:37)
    at Promise.then.completed (C:\Users\xx005\Downloads\Collaboreum MVP Platform\node_modules\jest-circus\build\utils.js:298:28)
    at new Promise (&lt;anonymous&gt;)
    at callAsyncCircusFn (C:\Users\xx005\Downloads\Collaboreum MVP Platform\node_modules\jest-circus\build\utils.js:231:10)
    at _callCircusTest (C:\Users\xx005\Downloads\Collaboreum MVP Platform\node_modules\jest-circus\build\run.js:316:40)
    at _runTest (C:\Users\xx005\Downloads\Collaboreum MVP Platform\node_modules\jest-circus\build\run.js:252:3)
    at _runTestsForDescribeBlock (C:\Users\xx005\Downloads\Collaboreum MVP Platform\node_modules\jest-circus\build\run.js:126:9)
    at _runTestsForDescribeBlock (C:\Users\xx005\Downloads\Collaboreum MVP Platform\node_modules\jest-circus\build\run.js:121:9)
    at _runTestsForDescribeBlock (C:\Users\xx005\Downloads\Collaboreum MVP Platform\node_modules\jest-circus\build\run.js:121:9)
    at run (C:\Users\xx005\Downloads\Collaboreum MVP Platform\node_modules\jest-circus\build\run.js:71:3)
    at runAndTransformResultsToJestFormat (C:\Users\xx005\Downloads\Collaboreum MVP Platform\node_modules\jest-circus\build\legacy-code-todo-rewrite\jestAdapterInit.js:122:21)
    at jestAdapter (C:\Users\xx005\Downloads\Collaboreum MVP Platform\node_modules\jest-circus\build\legacy-code-todo-rewrite\jestAdapter.js:79:19)
    at runTestInternal (C:\Users\xx005\Downloads\Collaboreum MVP Platform\node_modules\jest-runner\build\runTest.js:367:16)
    at runTest (C:\Users\xx005\Downloads\Collaboreum MVP Platform\node_modules\jest-runner\build\runTest.js:444:34)</failure>
    </testcase>
    <testcase classname="통합 테스트 - API 연결 및 컴포넌트 연동 8. 반응형 디자인 통합 테스트 모바일 화면에서 네비게이션이 올바르게 작동해야 한다" name="통합 테스트 - API 연결 및 컴포넌트 연동 8. 반응형 디자인 통합 테스트 모바일 화면에서 네비게이션이 올바르게 작동해야 한다" time="0.082">
      <failure>TestingLibraryElementError: Unable to find an accessible element with the role &quot;button&quot; and name `/메뉴/i`

Here are the accessible roles:

  heading:

  Name &quot;오류가 발생했습니다&quot;:
  &lt;h3
    class=&quot;mb-2 text-lg font-semibold text-red-800&quot;
  /&gt;

  --------------------------------------------------
  paragraph:

  Name &quot;&quot;:
  &lt;p
    class=&quot;mb-4 text-red-600&quot;
  /&gt;

  --------------------------------------------------
  button:

  Name &quot;다시 시도&quot;:
  &lt;button
    aria-busy=&quot;false&quot;
    class=&quot;inline-flex items-center justify-center gap-2 whitespace-nowrap rounded-2xl font-medium transition-all duration-200 disabled:pointer-events-none disabled:opacity-50 [&amp;_svg]:pointer-events-none [&amp;_svg:not([class*=&apos;size-&apos;])]:size-4 shrink-0 [&amp;_svg]:shrink-0 outline-none focus-visible:ring-ring/30 focus-visible:ring-4 aria-invalid:ring-destructive/20 dark:aria-invalid:ring-destructive/40 aria-invalid:border-destructive cursor-pointer border bg-background/80 backdrop-blur-sm hover:border-border/80 focus:ring-primary-300 h-10 px-6 py-2 text-sm [&amp;_svg]:size-4 border-red-300 text-red-700 hover:bg-red-100&quot;
    type=&quot;button&quot;
  /&gt;

  Name &quot;페이지 새로고침&quot;:
  &lt;button
    aria-busy=&quot;false&quot;
    class=&quot;inline-flex items-center justify-center gap-2 whitespace-nowrap rounded-2xl font-medium transition-all duration-200 disabled:pointer-events-none disabled:opacity-50 [&amp;_svg]:pointer-events-none [&amp;_svg:not([class*=&apos;size-&apos;])]:size-4 shrink-0 [&amp;_svg]:shrink-0 outline-none focus-visible:ring-ring/30 focus-visible:ring-4 aria-invalid:ring-destructive/20 dark:aria-invalid:ring-destructive/40 aria-invalid:border-destructive cursor-pointer !bg-blue-600 !text-white hover:!bg-blue-700 shadow-apple hover:shadow-apple-lg active:scale-95 focus:ring-primary-300 h-10 px-6 py-2 text-sm [&amp;_svg]:size-4 bg-red-600 hover:bg-red-700&quot;
    style=&quot;background-color: rgb(37, 99, 235); color: white;&quot;
    type=&quot;button&quot;
  /&gt;

  --------------------------------------------------

Ignored nodes: comments, script, style
&lt;body&gt;
  &lt;div&gt;
    &lt;div
      class=&quot;flex flex-col gap-6 rounded-xl text-card-foreground border-red-200 bg-red-50&quot;
      data-slot=&quot;card&quot;
    &gt;
      &lt;div
        class=&quot;[&amp;:last-child]:pb-6 p-6 text-center&quot;
        data-slot=&quot;card-content&quot;
      &gt;
        &lt;div
          class=&quot;flex flex-col items-center space-y-4&quot;
        &gt;
          &lt;svg
            aria-hidden=&quot;true&quot;
            class=&quot;lucide lucide-circle-alert h-12 w-12 text-red-500&quot;
            fill=&quot;none&quot;
            height=&quot;24&quot;
            stroke=&quot;currentColor&quot;
            stroke-linecap=&quot;round&quot;
            stroke-linejoin=&quot;round&quot;
            stroke-width=&quot;2&quot;
            viewBox=&quot;0 0 24 24&quot;
            width=&quot;24&quot;
            xmlns=&quot;http://www.w3.org/2000/svg&quot;
          &gt;
            &lt;circle
              cx=&quot;12&quot;
              cy=&quot;12&quot;
              r=&quot;10&quot;
            /&gt;
            &lt;line
              x1=&quot;12&quot;
              x2=&quot;12&quot;
              y1=&quot;8&quot;
              y2=&quot;12&quot;
            /&gt;
            &lt;line
              x1=&quot;12&quot;
              x2=&quot;12.01&quot;
              y1=&quot;16&quot;
              y2=&quot;16&quot;
            /&gt;
          &lt;/svg&gt;
          &lt;div&gt;
            &lt;h3
              class=&quot;mb-2 text-lg font-semibold text-red-800&quot;
            &gt;
              오류가 발생했습니다
            &lt;/h3&gt;
            &lt;p
              class=&quot;mb-4 text-red-600&quot;
            &gt;
              페이지를 불러오는 중 문제가 발생했습니다. 잠시 후 다시 시도해주세요.
            &lt;/p&gt;
          &lt;/div&gt;
          &lt;div
            class=&quot;flex gap-2&quot;
          &gt;
            &lt;button
              aria-busy=&quot;false&quot;
              class=&quot;inline-flex items-center justify-center gap-2 whitespace-nowrap rounded-2xl font-medium transition-all duration-200 disabled:pointer-events-none disabled:opacity-50 [&amp;_svg]:pointer-events-none [&amp;_svg:not([class*=&apos;size-&apos;])]:size-4 shrink-0 [&amp;_svg]:shrink-0 outline-none focus-visible:ring-ring/30 focus-visible:ring-4 aria-invalid:ring-destructive/20 dark:aria-invalid:ring-destructive/40 aria-invalid:border-destructive cursor-pointer border bg-background/80 backdrop-blur-sm hover:border-border/80 focus:ring-primary-300 h-10 px-6 py-2 text-sm [&amp;_svg]:size-4 border-red-300 text-red-700 hover:bg-red-100&quot;
              type=&quot;button&quot;
            &gt;
              &lt;svg
                aria-hidden=&quot;true&quot;
                class=&quot;lucide lucide-refresh-cw mr-2 h-4 w-4&quot;
                fill=&quot;none&quot;
                height=&quot;24&quot;
                stroke=&quot;currentColor&quot;
                stroke-linecap=&quot;round&quot;
                stroke-linejoin=&quot;round&quot;
                stroke-width=&quot;2&quot;
                viewBox=&quot;0 0 24 24&quot;
                width=&quot;24&quot;
                xmlns=&quot;http://www.w3.org/2000/svg&quot;
              &gt;
                &lt;path
                  d=&quot;M3 12a9 9 0 0 1 9-9 9.75 9.75 0 0 1 6.74 2.74L21 8&quot;
                /&gt;
                &lt;path
                  d=&quot;M21 3v5h-5&quot;
                /&gt;
                &lt;path
                  d=&quot;M21 12a9 9 0 0 1-9 9 9.75 9.75 0 0 1-6.74-2.74L3 16&quot;
                /&gt;
                &lt;path
                  d=&quot;M8 16H3v5&quot;
                /&gt;
              &lt;/svg&gt;
              다시 시도
            &lt;/button&gt;
            &lt;button
              aria-busy=&quot;false&quot;
              class=&quot;inline-flex items-center justify-center gap-2 whitespace-nowrap rounded-2xl font-medium transition-all duration-200 disabled:pointer-events-none disabled:opacity-50 [&amp;_svg]:pointer-events-none [&amp;_svg:not([class*=&apos;size-&apos;])]:size-4 shrink-0 [&amp;_svg]:shrink-0 outline-none focus-visible:ring-ring/30 focus-visible:ring-4 aria-invalid:ring-destructive/20 dark:aria-invalid:ring-destructive/40 aria-invalid:border-destructive cursor-pointer !bg-blue-600 !text-white hover:!bg-blue-700 shadow-apple hover:shadow-apple-lg active:scale-95 focus:ring-primary-300 h-10 px-6 py-2 text-sm [&amp;_svg]:size-4 bg-red-600 hover:bg-red-700&quot;
              style=&quot;background-color: rgb(37, 99, 235); color: white;&quot;
              type=&quot;button&quot;
            &gt;
              페이지 새로고침
            &lt;/button&gt;
          &lt;/div&gt;
        &lt;/div&gt;
      &lt;/div&gt;
    &lt;/div&gt;
  &lt;/div&gt;
&lt;/body&gt;
    at Object.getElementError (C:\Users\xx005\Downloads\Collaboreum MVP Platform\node_modules\@testing-library\dom\dist\config.js:37:19)
    at C:\Users\xx005\Downloads\Collaboreum MVP Platform\node_modules\@testing-library\dom\dist\query-helpers.js:76:38
    at C:\Users\xx005\Downloads\Collaboreum MVP Platform\node_modules\@testing-library\dom\dist\query-helpers.js:52:17
    at C:\Users\xx005\Downloads\Collaboreum MVP Platform\node_modules\@testing-library\dom\dist\query-helpers.js:95:19
    at Object.getByRole (C:\Users\xx005\Downloads\Collaboreum MVP Platform\src\__tests__\Integration.test.tsx:710:33)
    at Promise.then.completed (C:\Users\xx005\Downloads\Collaboreum MVP Platform\node_modules\jest-circus\build\utils.js:298:28)
    at new Promise (&lt;anonymous&gt;)
    at callAsyncCircusFn (C:\Users\xx005\Downloads\Collaboreum MVP Platform\node_modules\jest-circus\build\utils.js:231:10)
    at _callCircusTest (C:\Users\xx005\Downloads\Collaboreum MVP Platform\node_modules\jest-circus\build\run.js:316:40)
    at _runTest (C:\Users\xx005\Downloads\Collaboreum MVP Platform\node_modules\jest-circus\build\run.js:252:3)
    at _runTestsForDescribeBlock (C:\Users\xx005\Downloads\Collaboreum MVP Platform\node_modules\jest-circus\build\run.js:126:9)
    at _runTestsForDescribeBlock (C:\Users\xx005\Downloads\Collaboreum MVP Platform\node_modules\jest-circus\build\run.js:121:9)
    at _runTestsForDescribeBlock (C:\Users\xx005\Downloads\Collaboreum MVP Platform\node_modules\jest-circus\build\run.js:121:9)
    at run (C:\Users\xx005\Downloads\Collaboreum MVP Platform\node_modules\jest-circus\build\run.js:71:3)
    at runAndTransformResultsToJestFormat (C:\Users\xx005\Downloads\Collaboreum MVP Platform\node_modules\jest-circus\build\legacy-code-todo-rewrite\jestAdapterInit.js:122:21)
    at jestAdapter (C:\Users\xx005\Downloads\Collaboreum MVP Platform\node_modules\jest-circus\build\legacy-code-todo-rewrite\jestAdapter.js:79:19)
    at runTestInternal (C:\Users\xx005\Downloads\Collaboreum MVP Platform\node_modules\jest-runner\build\runTest.js:367:16)
    at runTest (C:\Users\xx005\Downloads\Collaboreum MVP Platform\node_modules\jest-runner\build\runTest.js:444:34)</failure>
    </testcase>
  </testsuite>
  <testsuite name="Admin Dashboard System" errors="0" failures="5" skipped="0" timestamp="2025-09-23T09:45:06" time="9.333" tests="27">
    <testcase classname="Admin Dashboard System Admin Authentication 관리자 권한이 없는 사용자는 대시보드에 접근할 수 없어야 한다" name="Admin Dashboard System Admin Authentication 관리자 권한이 없는 사용자는 대시보드에 접근할 수 없어야 한다" time="0.091">
    </testcase>
    <testcase classname="Admin Dashboard System Admin Authentication 관리자 권한이 있는 사용자는 대시보드에 접근할 수 있어야 한다" name="Admin Dashboard System Admin Authentication 관리자 권한이 있는 사용자는 대시보드에 접근할 수 있어야 한다" time="0.018">
    </testcase>
    <testcase classname="Admin Dashboard System User Management 사용자 목록이 올바르게 표시되어야 한다" name="Admin Dashboard System User Management 사용자 목록이 올바르게 표시되어야 한다" time="0.062">
    </testcase>
    <testcase classname="Admin Dashboard System User Management 사용자 검색 기능이 올바르게 작동해야 한다" name="Admin Dashboard System User Management 사용자 검색 기능이 올바르게 작동해야 한다" time="0.281">
    </testcase>
    <testcase classname="Admin Dashboard System User Management 사용자 권한 변경이 올바르게 작동해야 한다" name="Admin Dashboard System User Management 사용자 권한 변경이 올바르게 작동해야 한다" time="0.156">
    </testcase>
    <testcase classname="Admin Dashboard System User Management 사용자 상태 변경이 올바르게 작동해야 한다" name="Admin Dashboard System User Management 사용자 상태 변경이 올바르게 작동해야 한다" time="0.145">
    </testcase>
    <testcase classname="Admin Dashboard System User Management 사용자 삭제 시 확인 절차가 있어야 한다" name="Admin Dashboard System User Management 사용자 삭제 시 확인 절차가 있어야 한다" time="0.08">
    </testcase>
    <testcase classname="Admin Dashboard System Project Approval 승인 대기 중인 프로젝트 목록이 표시되어야 한다" name="Admin Dashboard System Project Approval 승인 대기 중인 프로젝트 목록이 표시되어야 한다" time="0.136">
    </testcase>
    <testcase classname="Admin Dashboard System Project Approval 프로젝트 승인 시 상태가 올바르게 변경되어야 한다" name="Admin Dashboard System Project Approval 프로젝트 승인 시 상태가 올바르게 변경되어야 한다" time="0.105">
    </testcase>
    <testcase classname="Admin Dashboard System Project Approval 프로젝트 거절 시 사유가 기록되어야 한다" name="Admin Dashboard System Project Approval 프로젝트 거절 시 사유가 기록되어야 한다" time="0.087">
    </testcase>
    <testcase classname="Admin Dashboard System Platform Statistics 플랫폼 통계가 올바르게 표시되어야 한다" name="Admin Dashboard System Platform Statistics 플랫폼 통계가 올바르게 표시되어야 한다" time="0.028">
    </testcase>
    <testcase classname="Admin Dashboard System Platform Statistics 통계 차트가 올바르게 렌더링되어야 한다" name="Admin Dashboard System Platform Statistics 통계 차트가 올바르게 렌더링되어야 한다" time="0.004">
    </testcase>
    <testcase classname="Admin Dashboard System Content Moderation 신고된 콘텐츠 목록이 표시되어야 한다" name="Admin Dashboard System Content Moderation 신고된 콘텐츠 목록이 표시되어야 한다" time="0.024">
    </testcase>
    <testcase classname="Admin Dashboard System Content Moderation 콘텐츠 검토 시 적절한 조치가 기록되어야 한다" name="Admin Dashboard System Content Moderation 콘텐츠 검토 시 적절한 조치가 기록되어야 한다" time="0.061">
    </testcase>
    <testcase classname="Admin Dashboard System System Settings 시스템 설정이 올바르게 표시되어야 한다" name="Admin Dashboard System System Settings 시스템 설정이 올바르게 표시되어야 한다" time="0.018">
    </testcase>
    <testcase classname="Admin Dashboard System System Settings 시스템 설정 변경이 올바르게 저장되어야 한다" name="Admin Dashboard System System Settings 시스템 설정 변경이 올바르게 저장되어야 한다" time="0.274">
    </testcase>
    <testcase classname="Admin Dashboard System Performance 대시보드 로딩 성능이 측정되어야 한다" name="Admin Dashboard System Performance 대시보드 로딩 성능이 측정되어야 한다" time="0.024">
    </testcase>
    <testcase classname="Admin Dashboard System Performance 대량 데이터 처리 시 성능이 유지되어야 한다" name="Admin Dashboard System Performance 대량 데이터 처리 시 성능이 유지되어야 한다" time="0.215">
    </testcase>
    <testcase classname="Admin Dashboard System Security 관리자 권한 검증이 엄격하게 이루어져야 한다" name="Admin Dashboard System Security 관리자 권한 검증이 엄격하게 이루어져야 한다" time="0.012">
    </testcase>
    <testcase classname="Admin Dashboard System Security 중요한 관리 작업 시 로그가 기록되어야 한다" name="Admin Dashboard System Security 중요한 관리 작업 시 로그가 기록되어야 한다" time="1.063">
      <failure>Error: expect(element).toHaveTextContent()

Expected element to have text content:
  사용자 삭제 작업이 기록되었습니다
Received:


Ignored nodes: comments, script, style
&lt;html&gt;
  &lt;head /&gt;
  &lt;body&gt;
    &lt;div&gt;
      &lt;div
        data-testid=&quot;admin-action&quot;
      &gt;
        &lt;button
          data-testid=&quot;delete-user&quot;
        &gt;
          사용자 삭제
        &lt;/button&gt;
        &lt;div
          data-testid=&quot;action-log&quot;
        /&gt;
      &lt;/div&gt;
    &lt;/div&gt;
  &lt;/body&gt;
&lt;/html&gt;
    at toHaveTextContent (C:\Users\xx005\Downloads\Collaboreum MVP Platform\src\__tests__\AdminDashboardSystem.test.tsx:659:27)
    at runWithExpensiveErrorDiagnosticsDisabled (C:\Users\xx005\Downloads\Collaboreum MVP Platform\node_modules\@testing-library\dom\dist\config.js:47:12)
    at checkCallback (C:\Users\xx005\Downloads\Collaboreum MVP Platform\node_modules\@testing-library\dom\dist\wait-for.js:124:77)
    at checkRealTimersCallback (C:\Users\xx005\Downloads\Collaboreum MVP Platform\node_modules\@testing-library\dom\dist\wait-for.js:118:16)
    at Timeout.task [as _onTimeout] (C:\Users\xx005\Downloads\Collaboreum MVP Platform\node_modules\jsdom\lib\jsdom\browser\Window.js:579:19)
    at listOnTimeout (node:internal/timers:588:17)
    at processTimers (node:internal/timers:523:7)</failure>
    </testcase>
    <testcase classname="Admin Dashboard System Data Integrity 사용자 데이터 수정 시 원본 데이터가 보호되어야 한다" name="Admin Dashboard System Data Integrity 사용자 데이터 수정 시 원본 데이터가 보호되어야 한다" time="0.001">
    </testcase>
    <testcase classname="Admin Dashboard System Data Integrity 프로젝트 승인 상태 변경 시 이력이 기록되어야 한다" name="Admin Dashboard System Data Integrity 프로젝트 승인 상태 변경 시 이력이 기록되어야 한다" time="0">
    </testcase>
    <testcase classname="Admin Dashboard System Real-time Updates 새 사용자 가입 시 실시간으로 통계가 업데이트되어야 한다" name="Admin Dashboard System Real-time Updates 새 사용자 가입 시 실시간으로 통계가 업데이트되어야 한다" time="1.068">
      <failure>Error: expect(element).toHaveTextContent()

Expected element to have text content:
  총 사용자: 1501
Received:
  총 사용자: 1500

Ignored nodes: comments, script, style
&lt;html&gt;
  &lt;head /&gt;
  &lt;body&gt;
    &lt;div&gt;
      &lt;div
        data-testid=&quot;real-time-stats&quot;
      &gt;
        &lt;div
          data-testid=&quot;user-count&quot;
        &gt;
          총 사용자: 
          1500
        &lt;/div&gt;
        &lt;button
          data-testid=&quot;add-user&quot;
        &gt;
          사용자 추가
        &lt;/button&gt;
      &lt;/div&gt;
    &lt;/div&gt;
  &lt;/body&gt;
&lt;/html&gt;
    at toHaveTextContent (C:\Users\xx005\Downloads\Collaboreum MVP Platform\src\__tests__\AdminDashboardSystem.test.tsx:716:27)
    at runWithExpensiveErrorDiagnosticsDisabled (C:\Users\xx005\Downloads\Collaboreum MVP Platform\node_modules\@testing-library\dom\dist\config.js:47:12)
    at checkCallback (C:\Users\xx005\Downloads\Collaboreum MVP Platform\node_modules\@testing-library\dom\dist\wait-for.js:124:77)
    at checkRealTimersCallback (C:\Users\xx005\Downloads\Collaboreum MVP Platform\node_modules\@testing-library\dom\dist\wait-for.js:118:16)
    at Timeout.task [as _onTimeout] (C:\Users\xx005\Downloads\Collaboreum MVP Platform\node_modules\jsdom\lib\jsdom\browser\Window.js:579:19)
    at listOnTimeout (node:internal/timers:588:17)
    at processTimers (node:internal/timers:523:7)</failure>
    </testcase>
    <testcase classname="Admin Dashboard System Real-time Updates 프로젝트 승인 시 실시간으로 목록이 업데이트되어야 한다" name="Admin Dashboard System Real-time Updates 프로젝트 승인 시 실시간으로 목록이 업데이트되어야 한다" time="1.091">
      <failure>Error: expect(element).toHaveTextContent()

Expected element to have text content:
  승인 대기: 11
Received:
  승인 대기: 12

Ignored nodes: comments, script, style
&lt;html&gt;
  &lt;head /&gt;
  &lt;body&gt;
    &lt;div&gt;
      &lt;div
        data-testid=&quot;real-time-projects&quot;
      &gt;
        &lt;div
          data-testid=&quot;pending-count&quot;
        &gt;
          승인 대기: 
          12
        &lt;/div&gt;
        &lt;button
          data-testid=&quot;approve-project&quot;
        &gt;
          프로젝트 승인
        &lt;/button&gt;
      &lt;/div&gt;
    &lt;/div&gt;
  &lt;/body&gt;
&lt;/html&gt;
    at toHaveTextContent (C:\Users\xx005\Downloads\Collaboreum MVP Platform\src\__tests__\AdminDashboardSystem.test.tsx:740:30)
    at runWithExpensiveErrorDiagnosticsDisabled (C:\Users\xx005\Downloads\Collaboreum MVP Platform\node_modules\@testing-library\dom\dist\config.js:47:12)
    at checkCallback (C:\Users\xx005\Downloads\Collaboreum MVP Platform\node_modules\@testing-library\dom\dist\wait-for.js:124:77)
    at checkRealTimersCallback (C:\Users\xx005\Downloads\Collaboreum MVP Platform\node_modules\@testing-library\dom\dist\wait-for.js:118:16)
    at Timeout.task [as _onTimeout] (C:\Users\xx005\Downloads\Collaboreum MVP Platform\node_modules\jsdom\lib\jsdom\browser\Window.js:579:19)
    at listOnTimeout (node:internal/timers:588:17)
    at processTimers (node:internal/timers:523:7)</failure>
    </testcase>
    <testcase classname="Admin Dashboard System Notification System 중요한 관리 작업 시 알림이 전송되어야 한다" name="Admin Dashboard System Notification System 중요한 관리 작업 시 알림이 전송되어야 한다" time="1.047">
      <failure>Error: expect(element).toHaveTextContent()

Expected element to have text content:
  관리자 알림 전송됨
Received:


Ignored nodes: comments, script, style
&lt;html&gt;
  &lt;head /&gt;
  &lt;body&gt;
    &lt;div&gt;
      &lt;div
        data-testid=&quot;admin-notifications&quot;
      &gt;
        &lt;button
          data-testid=&quot;critical-action&quot;
        &gt;
          중요 작업 실행
        &lt;/button&gt;
        &lt;div
          data-testid=&quot;notification-status&quot;
        /&gt;
      &lt;/div&gt;
    &lt;/div&gt;
  &lt;/body&gt;
&lt;/html&gt;
    at toHaveTextContent (C:\Users\xx005\Downloads\Collaboreum MVP Platform\src\__tests__\AdminDashboardSystem.test.tsx:765:36)
    at runWithExpensiveErrorDiagnosticsDisabled (C:\Users\xx005\Downloads\Collaboreum MVP Platform\node_modules\@testing-library\dom\dist\config.js:47:12)
    at checkCallback (C:\Users\xx005\Downloads\Collaboreum MVP Platform\node_modules\@testing-library\dom\dist\wait-for.js:124:77)
    at checkRealTimersCallback (C:\Users\xx005\Downloads\Collaboreum MVP Platform\node_modules\@testing-library\dom\dist\wait-for.js:118:16)
    at Timeout.task [as _onTimeout] (C:\Users\xx005\Downloads\Collaboreum MVP Platform\node_modules\jsdom\lib\jsdom\browser\Window.js:579:19)
    at listOnTimeout (node:internal/timers:588:17)
    at processTimers (node:internal/timers:523:7)</failure>
    </testcase>
    <testcase classname="Admin Dashboard System Export and Reporting 사용자 데이터 내보내기가 올바르게 작동해야 한다" name="Admin Dashboard System Export and Reporting 사용자 데이터 내보내기가 올바르게 작동해야 한다" time="1.07">
      <failure>Error: expect(element).toHaveTextContent()

Expected element to have text content:
  CSV 파일 다운로드 준비됨
Received:


Ignored nodes: comments, script, style
&lt;html&gt;
  &lt;head /&gt;
  &lt;body&gt;
    &lt;div&gt;
      &lt;div
        data-testid=&quot;data-export&quot;
      &gt;
        &lt;button
          data-testid=&quot;export-users&quot;
        &gt;
          사용자 데이터 내보내기
        &lt;/button&gt;
        &lt;div
          data-testid=&quot;export-status&quot;
        /&gt;
      &lt;/div&gt;
    &lt;/div&gt;
  &lt;/body&gt;
&lt;/html&gt;
    at toHaveTextContent (C:\Users\xx005\Downloads\Collaboreum MVP Platform\src\__tests__\AdminDashboardSystem.test.tsx:790:30)
    at runWithExpensiveErrorDiagnosticsDisabled (C:\Users\xx005\Downloads\Collaboreum MVP Platform\node_modules\@testing-library\dom\dist\config.js:47:12)
    at checkCallback (C:\Users\xx005\Downloads\Collaboreum MVP Platform\node_modules\@testing-library\dom\dist\wait-for.js:124:77)
    at checkRealTimersCallback (C:\Users\xx005\Downloads\Collaboreum MVP Platform\node_modules\@testing-library\dom\dist\wait-for.js:118:16)
    at Timeout.task [as _onTimeout] (C:\Users\xx005\Downloads\Collaboreum MVP Platform\node_modules\jsdom\lib\jsdom\browser\Window.js:579:19)
    at listOnTimeout (node:internal/timers:588:17)
    at processTimers (node:internal/timers:523:7)</failure>
    </testcase>
    <testcase classname="Admin Dashboard System Export and Reporting 관리 보고서 생성이 올바르게 작동해야 한다" name="Admin Dashboard System Export and Reporting 관리 보고서 생성이 올바르게 작동해야 한다" time="0.191">
    </testcase>
  </testsuite>
  <testsuite name="이벤트 시스템 TDD 테스트" errors="0" failures="6" skipped="0" timestamp="2025-09-23T09:45:15" time="12.364" tests="13">
    <testcase classname="이벤트 시스템 TDD 테스트 1. 이벤트 데이터 모델 테스트 이벤트 객체가 올바른 구조를 가져야 한다" name="이벤트 시스템 TDD 테스트 1. 이벤트 데이터 모델 테스트 이벤트 객체가 올바른 구조를 가져야 한다" time="0.013">
    </testcase>
    <testcase classname="이벤트 시스템 TDD 테스트 1. 이벤트 데이터 모델 테스트 이벤트 상태가 올바르게 관리되어야 한다" name="이벤트 시스템 TDD 테스트 1. 이벤트 데이터 모델 테스트 이벤트 상태가 올바르게 관리되어야 한다" time="0.008">
      <failure>Error: expect(received).toBe(expected) // Object.is equality

Expected: &quot;예정&quot;
Received: &quot;종료&quot;
    at Object.toBe (C:\Users\xx005\Downloads\Collaboreum MVP Platform\src\__tests__\EventSystem.test.tsx:79:27)
    at Promise.then.completed (C:\Users\xx005\Downloads\Collaboreum MVP Platform\node_modules\jest-circus\build\utils.js:298:28)
    at new Promise (&lt;anonymous&gt;)
    at callAsyncCircusFn (C:\Users\xx005\Downloads\Collaboreum MVP Platform\node_modules\jest-circus\build\utils.js:231:10)
    at _callCircusTest (C:\Users\xx005\Downloads\Collaboreum MVP Platform\node_modules\jest-circus\build\run.js:316:40)
    at _runTest (C:\Users\xx005\Downloads\Collaboreum MVP Platform\node_modules\jest-circus\build\run.js:252:3)
    at _runTestsForDescribeBlock (C:\Users\xx005\Downloads\Collaboreum MVP Platform\node_modules\jest-circus\build\run.js:126:9)
    at _runTestsForDescribeBlock (C:\Users\xx005\Downloads\Collaboreum MVP Platform\node_modules\jest-circus\build\run.js:121:9)
    at _runTestsForDescribeBlock (C:\Users\xx005\Downloads\Collaboreum MVP Platform\node_modules\jest-circus\build\run.js:121:9)
    at run (C:\Users\xx005\Downloads\Collaboreum MVP Platform\node_modules\jest-circus\build\run.js:71:3)
    at runAndTransformResultsToJestFormat (C:\Users\xx005\Downloads\Collaboreum MVP Platform\node_modules\jest-circus\build\legacy-code-todo-rewrite\jestAdapterInit.js:122:21)
    at jestAdapter (C:\Users\xx005\Downloads\Collaboreum MVP Platform\node_modules\jest-circus\build\legacy-code-todo-rewrite\jestAdapter.js:79:19)
    at runTestInternal (C:\Users\xx005\Downloads\Collaboreum MVP Platform\node_modules\jest-runner\build\runTest.js:367:16)
    at runTest (C:\Users\xx005\Downloads\Collaboreum MVP Platform\node_modules\jest-runner\build\runTest.js:444:34)</failure>
    </testcase>
    <testcase classname="이벤트 시스템 TDD 테스트 2. 이벤트 생성 폼 유효성 검사 테스트 이벤트 생성 폼의 모든 필드 유효성 검사가 올바르게 작동해야 한다" name="이벤트 시스템 TDD 테스트 2. 이벤트 생성 폼 유효성 검사 테스트 이벤트 생성 폼의 모든 필드 유효성 검사가 올바르게 작동해야 한다" time="0.007">
      <failure>Error: expect(received).toHaveLength(expected)

Expected length: 0
Received length: 1
Received array:  [&quot;시작일은 현재 날짜 이후여야 합니다&quot;]
    at Object.toHaveLength (C:\Users\xx005\Downloads\Collaboreum MVP Platform\src\__tests__\EventSystem.test.tsx:181:48)
    at Promise.then.completed (C:\Users\xx005\Downloads\Collaboreum MVP Platform\node_modules\jest-circus\build\utils.js:298:28)
    at new Promise (&lt;anonymous&gt;)
    at callAsyncCircusFn (C:\Users\xx005\Downloads\Collaboreum MVP Platform\node_modules\jest-circus\build\utils.js:231:10)
    at _callCircusTest (C:\Users\xx005\Downloads\Collaboreum MVP Platform\node_modules\jest-circus\build\run.js:316:40)
    at _runTest (C:\Users\xx005\Downloads\Collaboreum MVP Platform\node_modules\jest-circus\build\run.js:252:3)
    at _runTestsForDescribeBlock (C:\Users\xx005\Downloads\Collaboreum MVP Platform\node_modules\jest-circus\build\run.js:126:9)
    at _runTestsForDescribeBlock (C:\Users\xx005\Downloads\Collaboreum MVP Platform\node_modules\jest-circus\build\run.js:121:9)
    at _runTestsForDescribeBlock (C:\Users\xx005\Downloads\Collaboreum MVP Platform\node_modules\jest-circus\build\run.js:121:9)
    at run (C:\Users\xx005\Downloads\Collaboreum MVP Platform\node_modules\jest-circus\build\run.js:71:3)
    at runAndTransformResultsToJestFormat (C:\Users\xx005\Downloads\Collaboreum MVP Platform\node_modules\jest-circus\build\legacy-code-todo-rewrite\jestAdapterInit.js:122:21)
    at jestAdapter (C:\Users\xx005\Downloads\Collaboreum MVP Platform\node_modules\jest-circus\build\legacy-code-todo-rewrite\jestAdapter.js:79:19)
    at runTestInternal (C:\Users\xx005\Downloads\Collaboreum MVP Platform\node_modules\jest-runner\build\runTest.js:367:16)
    at runTest (C:\Users\xx005\Downloads\Collaboreum MVP Platform\node_modules\jest-runner\build\runTest.js:444:34)</failure>
    </testcase>
    <testcase classname="이벤트 시스템 TDD 테스트 3. 이벤트 참가자 관리 테스트 이벤트 참가 신청이 올바르게 처리되어야 한다" name="이벤트 시스템 TDD 테스트 3. 이벤트 참가자 관리 테스트 이벤트 참가 신청이 올바르게 처리되어야 한다" time="0.031">
    </testcase>
    <testcase classname="이벤트 시스템 TDD 테스트 3. 이벤트 참가자 관리 테스트 이벤트 참가 취소가 올바르게 처리되어야 한다" name="이벤트 시스템 TDD 테스트 3. 이벤트 참가자 관리 테스트 이벤트 참가 취소가 올바르게 처리되어야 한다" time="0.006">
      <failure>Error: 참가 취소는 24시간 이내에만 가능합니다
    at cancelParticipation (C:\Users\xx005\Downloads\Collaboreum MVP Platform\src\__tests__\EventSystem.test.tsx:294:17)
    at Object.cancelParticipation (C:\Users\xx005\Downloads\Collaboreum MVP Platform\src\__tests__\EventSystem.test.tsx:326:22)
    at Promise.then.completed (C:\Users\xx005\Downloads\Collaboreum MVP Platform\node_modules\jest-circus\build\utils.js:298:28)
    at new Promise (&lt;anonymous&gt;)
    at callAsyncCircusFn (C:\Users\xx005\Downloads\Collaboreum MVP Platform\node_modules\jest-circus\build\utils.js:231:10)
    at _callCircusTest (C:\Users\xx005\Downloads\Collaboreum MVP Platform\node_modules\jest-circus\build\run.js:316:40)
    at _runTest (C:\Users\xx005\Downloads\Collaboreum MVP Platform\node_modules\jest-circus\build\run.js:252:3)
    at _runTestsForDescribeBlock (C:\Users\xx005\Downloads\Collaboreum MVP Platform\node_modules\jest-circus\build\run.js:126:9)
    at _runTestsForDescribeBlock (C:\Users\xx005\Downloads\Collaboreum MVP Platform\node_modules\jest-circus\build\run.js:121:9)
    at _runTestsForDescribeBlock (C:\Users\xx005\Downloads\Collaboreum MVP Platform\node_modules\jest-circus\build\run.js:121:9)
    at run (C:\Users\xx005\Downloads\Collaboreum MVP Platform\node_modules\jest-circus\build\run.js:71:3)
    at runAndTransformResultsToJestFormat (C:\Users\xx005\Downloads\Collaboreum MVP Platform\node_modules\jest-circus\build\legacy-code-todo-rewrite\jestAdapterInit.js:122:21)
    at jestAdapter (C:\Users\xx005\Downloads\Collaboreum MVP Platform\node_modules\jest-circus\build\legacy-code-todo-rewrite\jestAdapter.js:79:19)
    at runTestInternal (C:\Users\xx005\Downloads\Collaboreum MVP Platform\node_modules\jest-runner\build\runTest.js:367:16)
    at runTest (C:\Users\xx005\Downloads\Collaboreum MVP Platform\node_modules\jest-runner\build\runTest.js:444:34)</failure>
    </testcase>
    <testcase classname="이벤트 시스템 TDD 테스트 4. 이벤트 검색 및 필터링 테스트 이벤트 검색이 올바르게 작동해야 한다" name="이벤트 시스템 TDD 테스트 4. 이벤트 검색 및 필터링 테스트 이벤트 검색이 올바르게 작동해야 한다" time="0.002">
    </testcase>
    <testcase classname="이벤트 시스템 TDD 테스트 5. 이벤트 알림 시스템 테스트 이벤트 시작 전 알림이 올바르게 발송되어야 한다" name="이벤트 시스템 TDD 테스트 5. 이벤트 알림 시스템 테스트 이벤트 시작 전 알림이 올바르게 발송되어야 한다" time="0.002">
      <failure>Error: expect(received).toBe(expected) // Object.is equality

Expected: true
Received: false
    at Object.toBe (C:\Users\xx005\Downloads\Collaboreum MVP Platform\src\__tests__\EventSystem.test.tsx:475:32)
    at Promise.then.completed (C:\Users\xx005\Downloads\Collaboreum MVP Platform\node_modules\jest-circus\build\utils.js:298:28)
    at new Promise (&lt;anonymous&gt;)
    at callAsyncCircusFn (C:\Users\xx005\Downloads\Collaboreum MVP Platform\node_modules\jest-circus\build\utils.js:231:10)
    at _callCircusTest (C:\Users\xx005\Downloads\Collaboreum MVP Platform\node_modules\jest-circus\build\run.js:316:40)
    at _runTest (C:\Users\xx005\Downloads\Collaboreum MVP Platform\node_modules\jest-circus\build\run.js:252:3)
    at _runTestsForDescribeBlock (C:\Users\xx005\Downloads\Collaboreum MVP Platform\node_modules\jest-circus\build\run.js:126:9)
    at _runTestsForDescribeBlock (C:\Users\xx005\Downloads\Collaboreum MVP Platform\node_modules\jest-circus\build\run.js:121:9)
    at _runTestsForDescribeBlock (C:\Users\xx005\Downloads\Collaboreum MVP Platform\node_modules\jest-circus\build\run.js:121:9)
    at run (C:\Users\xx005\Downloads\Collaboreum MVP Platform\node_modules\jest-circus\build\run.js:71:3)
    at runAndTransformResultsToJestFormat (C:\Users\xx005\Downloads\Collaboreum MVP Platform\node_modules\jest-circus\build\legacy-code-todo-rewrite\jestAdapterInit.js:122:21)
    at jestAdapter (C:\Users\xx005\Downloads\Collaboreum MVP Platform\node_modules\jest-circus\build\legacy-code-todo-rewrite\jestAdapter.js:79:19)
    at runTestInternal (C:\Users\xx005\Downloads\Collaboreum MVP Platform\node_modules\jest-runner\build\runTest.js:367:16)
    at runTest (C:\Users\xx005\Downloads\Collaboreum MVP Platform\node_modules\jest-runner\build\runTest.js:444:34)</failure>
    </testcase>
    <testcase classname="이벤트 시스템 TDD 테스트 5. 이벤트 알림 시스템 테스트 이벤트 변경사항 알림이 올바르게 발송되어야 한다" name="이벤트 시스템 TDD 테스트 5. 이벤트 알림 시스템 테스트 이벤트 변경사항 알림이 올바르게 발송되어야 한다" time="0.002">
    </testcase>
    <testcase classname="이벤트 시스템 TDD 테스트 6. 이벤트 통계 및 분석 테스트 이벤트 참가율 통계가 올바르게 계산되어야 한다" name="이벤트 시스템 TDD 테스트 6. 이벤트 통계 및 분석 테스트 이벤트 참가율 통계가 올바르게 계산되어야 한다" time="0.004">
      <failure>Error: expect(received).toBe(expected) // Object.is equality

Expected: 18000000
Received: 21000000
    at Object.toBe (C:\Users\xx005\Downloads\Collaboreum MVP Platform\src\__tests__\EventSystem.test.tsx:610:34)
    at Promise.then.completed (C:\Users\xx005\Downloads\Collaboreum MVP Platform\node_modules\jest-circus\build\utils.js:298:28)
    at new Promise (&lt;anonymous&gt;)
    at callAsyncCircusFn (C:\Users\xx005\Downloads\Collaboreum MVP Platform\node_modules\jest-circus\build\utils.js:231:10)
    at _callCircusTest (C:\Users\xx005\Downloads\Collaboreum MVP Platform\node_modules\jest-circus\build\run.js:316:40)
    at _runTest (C:\Users\xx005\Downloads\Collaboreum MVP Platform\node_modules\jest-circus\build\run.js:252:3)
    at _runTestsForDescribeBlock (C:\Users\xx005\Downloads\Collaboreum MVP Platform\node_modules\jest-circus\build\run.js:126:9)
    at _runTestsForDescribeBlock (C:\Users\xx005\Downloads\Collaboreum MVP Platform\node_modules\jest-circus\build\run.js:121:9)
    at _runTestsForDescribeBlock (C:\Users\xx005\Downloads\Collaboreum MVP Platform\node_modules\jest-circus\build\run.js:121:9)
    at run (C:\Users\xx005\Downloads\Collaboreum MVP Platform\node_modules\jest-circus\build\run.js:71:3)
    at runAndTransformResultsToJestFormat (C:\Users\xx005\Downloads\Collaboreum MVP Platform\node_modules\jest-circus\build\legacy-code-todo-rewrite\jestAdapterInit.js:122:21)
    at jestAdapter (C:\Users\xx005\Downloads\Collaboreum MVP Platform\node_modules\jest-circus\build\legacy-code-todo-rewrite\jestAdapter.js:79:19)
    at runTestInternal (C:\Users\xx005\Downloads\Collaboreum MVP Platform\node_modules\jest-runner\build\runTest.js:367:16)
    at runTest (C:\Users\xx005\Downloads\Collaboreum MVP Platform\node_modules\jest-runner\build\runTest.js:444:34)</failure>
    </testcase>
    <testcase classname="이벤트 시스템 TDD 테스트 7. 이벤트 권한 관리 테스트 이벤트 생성 권한이 올바르게 관리되어야 한다" name="이벤트 시스템 TDD 테스트 7. 이벤트 권한 관리 테스트 이벤트 생성 권한이 올바르게 관리되어야 한다" time="0.013">
    </testcase>
    <testcase classname="이벤트 시스템 TDD 테스트 7. 이벤트 권한 관리 테스트 이벤트 수정 권한이 올바르게 관리되어야 한다" name="이벤트 시스템 TDD 테스트 7. 이벤트 권한 관리 테스트 이벤트 수정 권한이 올바르게 관리되어야 한다" time="0.002">
    </testcase>
    <testcase classname="이벤트 시스템 TDD 테스트 8. 이벤트 데이터 검증 및 보안 테스트 이벤트 입력 데이터의 보안 검증이 올바르게 작동해야 한다" name="이벤트 시스템 TDD 테스트 8. 이벤트 데이터 검증 및 보안 테스트 이벤트 입력 데이터의 보안 검증이 올바르게 작동해야 한다" time="0.005">
      <failure>Error: expect(received).toThrow(expected)

Expected substring: &quot;잠재적으로 위험한 입력이 감지되었습니다&quot;

Received function did not throw
    at Object.toThrow (C:\Users\xx005\Downloads\Collaboreum MVP Platform\src\__tests__\EventSystem.test.tsx:796:10)
    at Promise.then.completed (C:\Users\xx005\Downloads\Collaboreum MVP Platform\node_modules\jest-circus\build\utils.js:298:28)
    at new Promise (&lt;anonymous&gt;)
    at callAsyncCircusFn (C:\Users\xx005\Downloads\Collaboreum MVP Platform\node_modules\jest-circus\build\utils.js:231:10)
    at _callCircusTest (C:\Users\xx005\Downloads\Collaboreum MVP Platform\node_modules\jest-circus\build\run.js:316:40)
    at _runTest (C:\Users\xx005\Downloads\Collaboreum MVP Platform\node_modules\jest-circus\build\run.js:252:3)
    at _runTestsForDescribeBlock (C:\Users\xx005\Downloads\Collaboreum MVP Platform\node_modules\jest-circus\build\run.js:126:9)
    at _runTestsForDescribeBlock (C:\Users\xx005\Downloads\Collaboreum MVP Platform\node_modules\jest-circus\build\run.js:121:9)
    at _runTestsForDescribeBlock (C:\Users\xx005\Downloads\Collaboreum MVP Platform\node_modules\jest-circus\build\run.js:121:9)
    at run (C:\Users\xx005\Downloads\Collaboreum MVP Platform\node_modules\jest-circus\build\run.js:71:3)
    at runAndTransformResultsToJestFormat (C:\Users\xx005\Downloads\Collaboreum MVP Platform\node_modules\jest-circus\build\legacy-code-todo-rewrite\jestAdapterInit.js:122:21)
    at jestAdapter (C:\Users\xx005\Downloads\Collaboreum MVP Platform\node_modules\jest-circus\build\legacy-code-todo-rewrite\jestAdapter.js:79:19)
    at runTestInternal (C:\Users\xx005\Downloads\Collaboreum MVP Platform\node_modules\jest-runner\build\runTest.js:367:16)
    at runTest (C:\Users\xx005\Downloads\Collaboreum MVP Platform\node_modules\jest-runner\build\runTest.js:444:34)</failure>
    </testcase>
    <testcase classname="이벤트 시스템 TDD 테스트 8. 이벤트 데이터 검증 및 보안 테스트 이벤트 파일 업로드 보안이 올바르게 검증되어야 한다" name="이벤트 시스템 TDD 테스트 8. 이벤트 데이터 검증 및 보안 테스트 이벤트 파일 업로드 보안이 올바르게 검증되어야 한다" time="11.191">
    </testcase>
  </testsuite>
  <testsuite name="useEvents" errors="0" failures="8" skipped="0" timestamp="2025-09-23T09:45:28" time="7.484" tests="9">
    <testcase classname="useEvents 이벤트 목록을 성공적으로 가져와야 한다" name="useEvents 이벤트 목록을 성공적으로 가져와야 한다" time="1.1">
      <failure>Error: expect(received).toBe(expected) // Object.is equality

Expected: true
Received: false

Ignored nodes: comments, script, style
&lt;html&gt;
  &lt;head /&gt;
  &lt;body&gt;
    &lt;div /&gt;
  &lt;/body&gt;
&lt;/html&gt;
    at toBe (C:\Users\xx005\Downloads\Collaboreum MVP Platform\src\lib\api\__tests__\useEvents.test.tsx:65:40)
    at runWithExpensiveErrorDiagnosticsDisabled (C:\Users\xx005\Downloads\Collaboreum MVP Platform\node_modules\@testing-library\dom\dist\config.js:47:12)
    at checkCallback (C:\Users\xx005\Downloads\Collaboreum MVP Platform\node_modules\@testing-library\dom\dist\wait-for.js:124:77)
    at checkRealTimersCallback (C:\Users\xx005\Downloads\Collaboreum MVP Platform\node_modules\@testing-library\dom\dist\wait-for.js:118:16)
    at Timeout.task [as _onTimeout] (C:\Users\xx005\Downloads\Collaboreum MVP Platform\node_modules\jsdom\lib\jsdom\browser\Window.js:579:19)
    at listOnTimeout (node:internal/timers:588:17)
    at processTimers (node:internal/timers:523:7)</failure>
    </testcase>
    <testcase classname="useEvents 쿼리 파라미터를 올바르게 전달해야 한다" name="useEvents 쿼리 파라미터를 올바르게 전달해야 한다" time="1.019">
      <failure>Error: expect(received).toBe(expected) // Object.is equality

Expected: true
Received: false

Ignored nodes: comments, script, style
&lt;html&gt;
  &lt;head /&gt;
  &lt;body&gt;
    &lt;div /&gt;
  &lt;/body&gt;
&lt;/html&gt;
    at toBe (C:\Users\xx005\Downloads\Collaboreum MVP Platform\src\lib\api\__tests__\useEvents.test.tsx:85:40)
    at runWithExpensiveErrorDiagnosticsDisabled (C:\Users\xx005\Downloads\Collaboreum MVP Platform\node_modules\@testing-library\dom\dist\config.js:47:12)
    at checkCallback (C:\Users\xx005\Downloads\Collaboreum MVP Platform\node_modules\@testing-library\dom\dist\wait-for.js:124:77)
    at checkRealTimersCallback (C:\Users\xx005\Downloads\Collaboreum MVP Platform\node_modules\@testing-library\dom\dist\wait-for.js:118:16)
    at Timeout.task [as _onTimeout] (C:\Users\xx005\Downloads\Collaboreum MVP Platform\node_modules\jsdom\lib\jsdom\browser\Window.js:579:19)
    at listOnTimeout (node:internal/timers:588:17)
    at processTimers (node:internal/timers:523:7)</failure>
    </testcase>
    <testcase classname="useEvents API 에러를 올바르게 처리해야 한다" name="useEvents API 에러를 올바르게 처리해야 한다" time="0.091">
      <failure>Error: expect(received).toEqual(expected) // deep equality

Expected: [Error: API Error]
Received: [Error: Network Error]
    at Object.toEqual (C:\Users\xx005\Downloads\Collaboreum MVP Platform\src\lib\api\__tests__\useEvents.test.tsx:101:34)</failure>
    </testcase>
    <testcase classname="useEvent 특정 이벤트를 성공적으로 가져와야 한다" name="useEvent 특정 이벤트를 성공적으로 가져와야 한다" time="1.022">
      <failure>Error: expect(received).toBe(expected) // Object.is equality

Expected: true
Received: false

Ignored nodes: comments, script, style
&lt;html&gt;
  &lt;head /&gt;
  &lt;body&gt;
    &lt;div /&gt;
  &lt;/body&gt;
&lt;/html&gt;
    at toBe (C:\Users\xx005\Downloads\Collaboreum MVP Platform\src\lib\api\__tests__\useEvents.test.tsx:135:40)
    at runWithExpensiveErrorDiagnosticsDisabled (C:\Users\xx005\Downloads\Collaboreum MVP Platform\node_modules\@testing-library\dom\dist\config.js:47:12)
    at checkCallback (C:\Users\xx005\Downloads\Collaboreum MVP Platform\node_modules\@testing-library\dom\dist\wait-for.js:124:77)
    at checkRealTimersCallback (C:\Users\xx005\Downloads\Collaboreum MVP Platform\node_modules\@testing-library\dom\dist\wait-for.js:118:16)
    at Timeout.task [as _onTimeout] (C:\Users\xx005\Downloads\Collaboreum MVP Platform\node_modules\jsdom\lib\jsdom\browser\Window.js:579:19)
    at listOnTimeout (node:internal/timers:588:17)
    at processTimers (node:internal/timers:523:7)</failure>
    </testcase>
    <testcase classname="useEvent eventId가 없으면 쿼리를 실행하지 않아야 한다" name="useEvent eventId가 없으면 쿼리를 실행하지 않아야 한다" time="0.007">
    </testcase>
    <testcase classname="useEvent API 에러를 올바르게 처리해야 한다" name="useEvent API 에러를 올바르게 처리해야 한다" time="0.076">
      <failure>Error: expect(received).toEqual(expected) // deep equality

Expected: [Error: API Error]
Received: [Error: Network Error]
    at Object.toEqual (C:\Users\xx005\Downloads\Collaboreum MVP Platform\src\lib\api\__tests__\useEvents.test.tsx:160:34)</failure>
    </testcase>
    <testcase classname="useUpcomingEvents 다가오는 이벤트를 성공적으로 가져와야 한다" name="useUpcomingEvents 다가오는 이벤트를 성공적으로 가져와야 한다" time="1.013">
      <failure>Error: expect(received).toBe(expected) // Object.is equality

Expected: true
Received: false

Ignored nodes: comments, script, style
&lt;html&gt;
  &lt;head /&gt;
  &lt;body&gt;
    &lt;div /&gt;
  &lt;/body&gt;
&lt;/html&gt;
    at toBe (C:\Users\xx005\Downloads\Collaboreum MVP Platform\src\lib\api\__tests__\useEvents.test.tsx:195:40)
    at runWithExpensiveErrorDiagnosticsDisabled (C:\Users\xx005\Downloads\Collaboreum MVP Platform\node_modules\@testing-library\dom\dist\config.js:47:12)
    at checkCallback (C:\Users\xx005\Downloads\Collaboreum MVP Platform\node_modules\@testing-library\dom\dist\wait-for.js:124:77)
    at checkRealTimersCallback (C:\Users\xx005\Downloads\Collaboreum MVP Platform\node_modules\@testing-library\dom\dist\wait-for.js:118:16)
    at Timeout.task [as _onTimeout] (C:\Users\xx005\Downloads\Collaboreum MVP Platform\node_modules\jsdom\lib\jsdom\browser\Window.js:579:19)
    at listOnTimeout (node:internal/timers:588:17)
    at processTimers (node:internal/timers:523:7)</failure>
    </testcase>
    <testcase classname="useUpcomingEvents 기본 limit 값이 3이어야 한다" name="useUpcomingEvents 기본 limit 값이 3이어야 한다" time="1.015">
      <failure>Error: expect(received).toBe(expected) // Object.is equality

Expected: true
Received: false

Ignored nodes: comments, script, style
&lt;html&gt;
  &lt;head /&gt;
  &lt;body&gt;
    &lt;div /&gt;
  &lt;/body&gt;
&lt;/html&gt;
    at toBe (C:\Users\xx005\Downloads\Collaboreum MVP Platform\src\lib\api\__tests__\useEvents.test.tsx:213:40)
    at runWithExpensiveErrorDiagnosticsDisabled (C:\Users\xx005\Downloads\Collaboreum MVP Platform\node_modules\@testing-library\dom\dist\config.js:47:12)
    at checkCallback (C:\Users\xx005\Downloads\Collaboreum MVP Platform\node_modules\@testing-library\dom\dist\wait-for.js:124:77)
    at checkRealTimersCallback (C:\Users\xx005\Downloads\Collaboreum MVP Platform\node_modules\@testing-library\dom\dist\wait-for.js:118:16)
    at Timeout.task [as _onTimeout] (C:\Users\xx005\Downloads\Collaboreum MVP Platform\node_modules\jsdom\lib\jsdom\browser\Window.js:579:19)
    at listOnTimeout (node:internal/timers:588:17)
    at processTimers (node:internal/timers:523:7)</failure>
    </testcase>
    <testcase classname="useUpcomingEvents API 에러를 올바르게 처리해야 한다" name="useUpcomingEvents API 에러를 올바르게 처리해야 한다" time="0.098">
      <failure>Error: expect(received).toEqual(expected) // deep equality

Expected: [Error: API Error]
Received: [Error: Network Error]
    at Object.toEqual (C:\Users\xx005\Downloads\Collaboreum MVP Platform\src\lib\api\__tests__\useEvents.test.tsx:234:34)</failure>
    </testcase>
  </testsuite>
  <testsuite name="Community Board System" errors="0" failures="3" skipped="0" timestamp="2025-09-23T09:45:35" time="6.309" tests="28">
    <testcase classname="Community Board System Community Post Data Model 게시글 데이터 구조가 올바르게 정의되어야 한다" name="Community Board System Community Post Data Model 게시글 데이터 구조가 올바르게 정의되어야 한다" time="0.009">
    </testcase>
    <testcase classname="Community Board System Community Post Data Model 게시글 작성자 정보가 올바르게 포함되어야 한다" name="Community Board System Community Post Data Model 게시글 작성자 정보가 올바르게 포함되어야 한다" time="0.001">
    </testcase>
    <testcase classname="Community Board System Community Post Data Model 게시글 통계 정보가 올바르게 계산되어야 한다" name="Community Board System Community Post Data Model 게시글 통계 정보가 올바르게 계산되어야 한다" time="0.001">
    </testcase>
    <testcase classname="Community Board System Community Post Creation 게시글 작성 폼이 올바르게 렌더링되어야 한다" name="Community Board System Community Post Creation 게시글 작성 폼이 올바르게 렌더링되어야 한다" time="0.019">
    </testcase>
    <testcase classname="Community Board System Community Post Creation 게시글 작성 시 필수 필드 검증이 작동해야 한다" name="Community Board System Community Post Creation 게시글 작성 시 필수 필드 검증이 작동해야 한다" time="0.041">
    </testcase>
    <testcase classname="Community Board System Community Post Creation 게시글 작성 시 태그 입력이 올바르게 처리되어야 한다" name="Community Board System Community Post Creation 게시글 작성 시 태그 입력이 올바르게 처리되어야 한다" time="0.251">
    </testcase>
    <testcase classname="Community Board System Community Post List 게시글 목록이 올바르게 렌더링되어야 한다" name="Community Board System Community Post List 게시글 목록이 올바르게 렌더링되어야 한다" time="0.021">
    </testcase>
    <testcase classname="Community Board System Community Post List 게시글 정렬 기능이 올바르게 작동해야 한다" name="Community Board System Community Post List 게시글 정렬 기능이 올바르게 작동해야 한다" time="0.074">
    </testcase>
    <testcase classname="Community Board System Community Post List 게시글 검색 기능이 올바르게 작동해야 한다" name="Community Board System Community Post List 게시글 검색 기능이 올바르게 작동해야 한다" time="0.204">
    </testcase>
    <testcase classname="Community Board System Community Post Detail 게시글 상세 내용이 올바르게 표시되어야 한다" name="Community Board System Community Post Detail 게시글 상세 내용이 올바르게 표시되어야 한다" time="0.113">
    </testcase>
    <testcase classname="Community Board System Community Post Detail 게시글 좋아요/싫어요 기능이 올바르게 작동해야 한다" name="Community Board System Community Post Detail 게시글 좋아요/싫어요 기능이 올바르게 작동해야 한다" time="0.133">
    </testcase>
    <testcase classname="Community Board System Comment System 댓글이 올바르게 표시되어야 한다" name="Community Board System Comment System 댓글이 올바르게 표시되어야 한다" time="0.02">
    </testcase>
    <testcase classname="Community Board System Comment System 댓글 작성 기능이 올바르게 작동해야 한다" name="Community Board System Comment System 댓글 작성 기능이 올바르게 작동해야 한다" time="0.249">
    </testcase>
    <testcase classname="Community Board System Comment System 댓글 답글 기능이 올바르게 작동해야 한다" name="Community Board System Comment System 댓글 답글 기능이 올바르게 작동해야 한다" time="0.065">
    </testcase>
    <testcase classname="Community Board System Search and Filtering 카테고리별 필터링이 올바르게 작동해야 한다" name="Community Board System Search and Filtering 카테고리별 필터링이 올바르게 작동해야 한다" time="0.066">
    </testcase>
    <testcase classname="Community Board System Search and Filtering 태그별 필터링이 올바르게 작동해야 한다" name="Community Board System Search and Filtering 태그별 필터링이 올바르게 작동해야 한다" time="0.044">
    </testcase>
    <testcase classname="Community Board System Reporting System 게시글 신고 기능이 올바르게 작동해야 한다" name="Community Board System Reporting System 게시글 신고 기능이 올바르게 작동해야 한다" time="0.078">
    </testcase>
    <testcase classname="Community Board System Bookmark System 게시글 북마크 기능이 올바르게 작동해야 한다" name="Community Board System Bookmark System 게시글 북마크 기능이 올바르게 작동해야 한다" time="1.072">
      <failure>Error: expect(element).toHaveTextContent()

Expected element to have text content:
  북마크됨
Received:
  북마크되지 않음

Ignored nodes: comments, script, style
&lt;html&gt;
  &lt;head /&gt;
  &lt;body&gt;
    &lt;div&gt;
      &lt;div
        data-testid=&quot;post-detail&quot;
      &gt;
        &lt;button
          data-testid=&quot;bookmark-button&quot;
        &gt;
          🔖 북마크
        &lt;/button&gt;
        &lt;div
          data-testid=&quot;bookmark-status&quot;
        &gt;
          북마크되지 않음
        &lt;/div&gt;
      &lt;/div&gt;
    &lt;/div&gt;
  &lt;/body&gt;
&lt;/html&gt;
    at toHaveTextContent (C:\Users\xx005\Downloads\Collaboreum MVP Platform\src\__tests__\CommunitySystem.test.tsx:475:32)
    at runWithExpensiveErrorDiagnosticsDisabled (C:\Users\xx005\Downloads\Collaboreum MVP Platform\node_modules\@testing-library\dom\dist\config.js:47:12)
    at checkCallback (C:\Users\xx005\Downloads\Collaboreum MVP Platform\node_modules\@testing-library\dom\dist\wait-for.js:124:77)
    at checkRealTimersCallback (C:\Users\xx005\Downloads\Collaboreum MVP Platform\node_modules\@testing-library\dom\dist\wait-for.js:118:16)
    at Timeout.task [as _onTimeout] (C:\Users\xx005\Downloads\Collaboreum MVP Platform\node_modules\jsdom\lib\jsdom\browser\Window.js:579:19)
    at listOnTimeout (node:internal/timers:588:17)
    at processTimers (node:internal/timers:523:7)</failure>
    </testcase>
    <testcase classname="Community Board System Performance 게시글 목록 렌더링 성능이 측정되어야 한다" name="Community Board System Performance 게시글 목록 렌더링 성능이 측정되어야 한다" time="0.09">
    </testcase>
    <testcase classname="Community Board System Security XSS 공격 방지가 적용되어야 한다" name="Community Board System Security XSS 공격 방지가 적용되어야 한다" time="0.03">
    </testcase>
    <testcase classname="Community Board System Security 권한 없는 사용자의 게시글 수정/삭제가 차단되어야 한다" name="Community Board System Security 권한 없는 사용자의 게시글 수정/삭제가 차단되어야 한다" time="0.017">
    </testcase>
    <testcase classname="Community Board System Data Integrity 게시글 수정 시 원본 데이터가 보호되어야 한다" name="Community Board System Data Integrity 게시글 수정 시 원본 데이터가 보호되어야 한다" time="0.26">
    </testcase>
    <testcase classname="Community Board System Data Integrity 댓글 작성 시 부모 게시글 ID가 올바르게 연결되어야 한다" name="Community Board System Data Integrity 댓글 작성 시 부모 게시글 ID가 올바르게 연결되어야 한다" time="0.002">
    </testcase>
    <testcase classname="Community Board System Real-time Updates 새 댓글 작성 시 실시간으로 목록이 업데이트되어야 한다" name="Community Board System Real-time Updates 새 댓글 작성 시 실시간으로 목록이 업데이트되어야 한다" time="1.216">
      <failure>Error: expect(element).toHaveTextContent()

Expected element to have text content:
  댓글 수: 2
Received:
  댓글 수: 1

Ignored nodes: comments, script, style
&lt;html&gt;
  &lt;head /&gt;
  &lt;body&gt;
    &lt;div&gt;
      &lt;div
        data-testid=&quot;comments-section&quot;
      &gt;
        &lt;div
          data-testid=&quot;comment-count&quot;
        &gt;
          댓글 수: 1
        &lt;/div&gt;
        &lt;div
          data-testid=&quot;comment-1&quot;
        &gt;
          &lt;p&gt;
            테스트 댓글입니다.
          &lt;/p&gt;
        &lt;/div&gt;
        &lt;div
          data-testid=&quot;comment-form&quot;
        &gt;
          &lt;textarea
            data-testid=&quot;comment-input&quot;
            placeholder=&quot;댓글을 입력하세요&quot;
          /&gt;
          &lt;button
            data-testid=&quot;comment-submit&quot;
          &gt;
            댓글 작성
          &lt;/button&gt;
        &lt;/div&gt;
      &lt;/div&gt;
    &lt;/div&gt;
  &lt;/body&gt;
&lt;/html&gt;
    at toHaveTextContent (C:\Users\xx005\Downloads\Collaboreum MVP Platform\src\__tests__\CommunitySystem.test.tsx:637:30)
    at runWithExpensiveErrorDiagnosticsDisabled (C:\Users\xx005\Downloads\Collaboreum MVP Platform\node_modules\@testing-library\dom\dist\config.js:47:12)
    at checkCallback (C:\Users\xx005\Downloads\Collaboreum MVP Platform\node_modules\@testing-library\dom\dist\wait-for.js:124:77)
    at checkRealTimersCallback (C:\Users\xx005\Downloads\Collaboreum MVP Platform\node_modules\@testing-library\dom\dist\wait-for.js:118:16)
    at Timeout.task [as _onTimeout] (C:\Users\xx005\Downloads\Collaboreum MVP Platform\node_modules\jsdom\lib\jsdom\browser\Window.js:579:19)
    at listOnTimeout (node:internal/timers:588:17)
    at processTimers (node:internal/timers:523:7)</failure>
    </testcase>
    <testcase classname="Community Board System Notification System 댓글 작성 시 게시글 작성자에게 알림이 전송되어야 한다" name="Community Board System Notification System 댓글 작성 시 게시글 작성자에게 알림이 전송되어야 한다" time="1.245">
      <failure>Error: expect(element).toHaveTextContent()

Expected element to have text content:
  알림 전송됨
Received:


Ignored nodes: comments, script, style
&lt;html&gt;
  &lt;head /&gt;
  &lt;body&gt;
    &lt;div&gt;
      &lt;div
        data-testid=&quot;comment-form&quot;
      &gt;
        &lt;textarea
          data-testid=&quot;comment-input&quot;
          placeholder=&quot;댓글을 입력하세요&quot;
        /&gt;
        &lt;button
          data-testid=&quot;comment-submit&quot;
        &gt;
          댓글 작성
        &lt;/button&gt;
        &lt;div
          data-testid=&quot;notification-status&quot;
        /&gt;
      &lt;/div&gt;
    &lt;/div&gt;
  &lt;/body&gt;
&lt;/html&gt;
    at toHaveTextContent (C:\Users\xx005\Downloads\Collaboreum MVP Platform\src\__tests__\CommunitySystem.test.tsx:669:36)
    at runWithExpensiveErrorDiagnosticsDisabled (C:\Users\xx005\Downloads\Collaboreum MVP Platform\node_modules\@testing-library\dom\dist\config.js:47:12)
    at checkCallback (C:\Users\xx005\Downloads\Collaboreum MVP Platform\node_modules\@testing-library\dom\dist\wait-for.js:124:77)
    at checkRealTimersCallback (C:\Users\xx005\Downloads\Collaboreum MVP Platform\node_modules\@testing-library\dom\dist\wait-for.js:118:16)
    at Timeout.task [as _onTimeout] (C:\Users\xx005\Downloads\Collaboreum MVP Platform\node_modules\jsdom\lib\jsdom\browser\Window.js:579:19)
    at listOnTimeout (node:internal/timers:588:17)
    at processTimers (node:internal/timers:523:7)</failure>
    </testcase>
    <testcase classname="Community Board System Statistics 게시글 통계가 올바르게 계산되어야 한다" name="Community Board System Statistics 게시글 통계가 올바르게 계산되어야 한다" time="0.002">
    </testcase>
    <testcase classname="Community Board System Permissions 관리자는 모든 게시글을 관리할 수 있어야 한다" name="Community Board System Permissions 관리자는 모든 게시글을 관리할 수 있어야 한다" time="0.005">
    </testcase>
    <testcase classname="Community Board System Permissions 일반 사용자는 자신의 게시글만 수정/삭제할 수 있어야 한다" name="Community Board System Permissions 일반 사용자는 자신의 게시글만 수정/삭제할 수 있어야 한다" time="0.01">
    </testcase>
  </testsuite>
  <testsuite name="접근성 테스트" errors="0" failures="1" skipped="0" timestamp="2025-09-23T09:45:42" time="4.979" tests="2">
    <testcase classname="접근성 테스트 메인 앱이 접근성 위반 없이 렌더링되어야 함" name="접근성 테스트 메인 앱이 접근성 위반 없이 렌더링되어야 함" time="0.59">
    </testcase>
    <testcase classname="접근성 테스트 핵심 UI 요소들이 접근성 기준을 만족해야 함" name="접근성 테스트 핵심 UI 요소들이 접근성 기준을 만족해야 함" time="0.93">
      <failure>Error: expect(received).toHaveNoViolations(expected)

Expected the HTML found at $(&apos;.md\:hidden&apos;) to have no violations:

&lt;button class=&quot;inline-flex items-center justify-center whitespace-nowrap font-medium transition-all duration-200 disabled:pointer-events-none disabled:opacity-50 [&amp;amp;_svg]:pointer-events-none [&amp;amp;_svg:not([class*=&apos;size-&apos;])]:size-4 shrink-0 [&amp;amp;_svg]:shrink-0 outline-none focus-visible:ring-ring/30 focus-visible:ring-4 aria-invalid:ring-destructive/20 dark:aria-invalid:ring-destructive/40 aria-invalid:border-destructive cursor-pointer hover:bg-secondary/60 hover:text-foreground focus:ring-primary-300 h-8 rounded-xl gap-1.5 px-4 text-sm [&amp;amp;_svg]:size-4 md:hidden&quot; type=&quot;button&quot; aria-busy=&quot;false&quot;&gt;

Received:

&quot;Buttons must have discernible text (button-name)&quot;

Fix any of the following:
  Element does not have inner text that is visible to screen readers
  aria-label attribute does not exist or is empty
  aria-labelledby attribute does not exist, references elements that do not exist or references elements that are empty
  Element has no title attribute
  Element does not have an implicit (wrapped) &lt;label&gt;
  Element does not have an explicit &lt;label&gt;
  Element&apos;s default semantics were not overridden with role=&quot;none&quot; or role=&quot;presentation&quot;

You can find more information on this issue here: 
https://dequeuniversity.com/rules/axe/4.10/button-name?application=axeAPI

Expected the HTML found at $(&apos;.p-2.hover\:bg-secondary\/60.gap-1\.5:nth-child(1)&apos;) to have no violations:

&lt;button class=&quot;inline-flex items-center justify-center whitespace-nowrap font-medium transition-all duration-200 disabled:pointer-events-none disabled:opacity-50 [&amp;amp;_svg]:pointer-events-none [&amp;amp;_svg:not([class*=&apos;size-&apos;])]:size-4 shrink-0 [&amp;amp;_svg]:shrink-0 outline-none focus-visible:ring-ring/30 focus-visible:ring-4 aria-invalid:ring-destructive/20 dark:aria-invalid:ring-destructive/40 aria-invalid:border-destructive cursor-pointer hover:bg-secondary/60 focus:ring-primary-300 h-8 rounded-xl gap-1.5 text-sm [&amp;amp;_svg]:size-4 p-2 text-gray-400 hover:text-white&quot; type=&quot;button&quot; aria-busy=&quot;false&quot;&gt;

Received:

&quot;Buttons must have discernible text (button-name)&quot;

Fix any of the following:
  Element does not have inner text that is visible to screen readers
  aria-label attribute does not exist or is empty
  aria-labelledby attribute does not exist, references elements that do not exist or references elements that are empty
  Element has no title attribute
  Element does not have an implicit (wrapped) &lt;label&gt;
  Element does not have an explicit &lt;label&gt;
  Element&apos;s default semantics were not overridden with role=&quot;none&quot; or role=&quot;presentation&quot;

You can find more information on this issue here: 
https://dequeuniversity.com/rules/axe/4.10/button-name?application=axeAPI

Expected the HTML found at $(&apos;.p-2.hover\:bg-secondary\/60.gap-1\.5:nth-child(2)&apos;) to have no violations:

&lt;button class=&quot;inline-flex items-center justify-center whitespace-nowrap font-medium transition-all duration-200 disabled:pointer-events-none disabled:opacity-50 [&amp;amp;_svg]:pointer-events-none [&amp;amp;_svg:not([class*=&apos;size-&apos;])]:size-4 shrink-0 [&amp;amp;_svg]:shrink-0 outline-none focus-visible:ring-ring/30 focus-visible:ring-4 aria-invalid:ring-destructive/20 dark:aria-invalid:ring-destructive/40 aria-invalid:border-destructive cursor-pointer hover:bg-secondary/60 focus:ring-primary-300 h-8 rounded-xl gap-1.5 text-sm [&amp;amp;_svg]:size-4 p-2 text-gray-400 hover:text-white&quot; type=&quot;button&quot; aria-busy=&quot;false&quot;&gt;

Received:

&quot;Buttons must have discernible text (button-name)&quot;

Fix any of the following:
  Element does not have inner text that is visible to screen readers
  aria-label attribute does not exist or is empty
  aria-labelledby attribute does not exist, references elements that do not exist or references elements that are empty
  Element has no title attribute
  Element does not have an implicit (wrapped) &lt;label&gt;
  Element does not have an explicit &lt;label&gt;
  Element&apos;s default semantics were not overridden with role=&quot;none&quot; or role=&quot;presentation&quot;

You can find more information on this issue here: 
https://dequeuniversity.com/rules/axe/4.10/button-name?application=axeAPI

Expected the HTML found at $(&apos;.p-2.hover\:bg-secondary\/60.gap-1\.5:nth-child(3)&apos;) to have no violations:

&lt;button class=&quot;inline-flex items-center justify-center whitespace-nowrap font-medium transition-all duration-200 disabled:pointer-events-none disabled:opacity-50 [&amp;amp;_svg]:pointer-events-none [&amp;amp;_svg:not([class*=&apos;size-&apos;])]:size-4 shrink-0 [&amp;amp;_svg]:shrink-0 outline-none focus-visible:ring-ring/30 focus-visible:ring-4 aria-invalid:ring-destructive/20 dark:aria-invalid:ring-destructive/40 aria-invalid:border-destructive cursor-pointer hover:bg-secondary/60 focus:ring-primary-300 h-8 rounded-xl gap-1.5 text-sm [&amp;amp;_svg]:size-4 p-2 text-gray-400 hover:text-white&quot; type=&quot;button&quot; aria-busy=&quot;false&quot;&gt;

Received:

&quot;Buttons must have discernible text (button-name)&quot;

Fix any of the following:
  Element does not have inner text that is visible to screen readers
  aria-label attribute does not exist or is empty
  aria-labelledby attribute does not exist, references elements that do not exist or references elements that are empty
  Element has no title attribute
  Element does not have an implicit (wrapped) &lt;label&gt;
  Element does not have an explicit &lt;label&gt;
  Element&apos;s default semantics were not overridden with role=&quot;none&quot; or role=&quot;presentation&quot;

You can find more information on this issue here: 
https://dequeuniversity.com/rules/axe/4.10/button-name?application=axeAPI

Expected the HTML found at $(&apos;.p-2.hover\:bg-secondary\/60.gap-1\.5:nth-child(4)&apos;) to have no violations:

&lt;button class=&quot;inline-flex items-center justify-center whitespace-nowrap font-medium transition-all duration-200 disabled:pointer-events-none disabled:opacity-50 [&amp;amp;_svg]:pointer-events-none [&amp;amp;_svg:not([class*=&apos;size-&apos;])]:size-4 shrink-0 [&amp;amp;_svg]:shrink-0 outline-none focus-visible:ring-ring/30 focus-visible:ring-4 aria-invalid:ring-destructive/20 dark:aria-invalid:ring-destructive/40 aria-invalid:border-destructive cursor-pointer hover:bg-secondary/60 focus:ring-primary-300 h-8 rounded-xl gap-1.5 text-sm [&amp;amp;_svg]:size-4 p-2 text-gray-400 hover:text-white&quot; type=&quot;button&quot; aria-busy=&quot;false&quot;&gt;

Received:

&quot;Buttons must have discernible text (button-name)&quot;

Fix any of the following:
  Element does not have inner text that is visible to screen readers
  aria-label attribute does not exist or is empty
  aria-labelledby attribute does not exist, references elements that do not exist or references elements that are empty
  Element has no title attribute
  Element does not have an implicit (wrapped) &lt;label&gt;
  Element does not have an explicit &lt;label&gt;
  Element&apos;s default semantics were not overridden with role=&quot;none&quot; or role=&quot;presentation&quot;

You can find more information on this issue here: 
https://dequeuniversity.com/rules/axe/4.10/button-name?application=axeAPI
    at Object.toHaveNoViolations (C:\Users\xx005\Downloads\Collaboreum MVP Platform\src\__tests__\a11y.test.tsx:38:21)</failure>
    </testcase>
  </testsuite>
  <testsuite name="Performance Tests" errors="0" failures="1" skipped="0" timestamp="2025-09-23T09:45:47" time="2.483" tests="11">
    <testcase classname="Performance Tests Rendering Performance should render large lists efficiently" name="Performance Tests Rendering Performance should render large lists efficiently" time="0.034">
    </testcase>
    <testcase classname="Performance Tests Rendering Performance should handle image loading efficiently" name="Performance Tests Rendering Performance should handle image loading efficiently" time="0.011">
    </testcase>
    <testcase classname="Performance Tests Rendering Performance should not cause memory leaks with frequent re-renders" name="Performance Tests Rendering Performance should not cause memory leaks with frequent re-renders" time="0.001">
    </testcase>
    <testcase classname="Performance Tests Component Performance should handle rapid state changes efficiently" name="Performance Tests Component Performance should handle rapid state changes efficiently" time="0.004">
    </testcase>
    <testcase classname="Performance Tests Component Performance should efficiently handle large form inputs" name="Performance Tests Component Performance should efficiently handle large form inputs" time="0.085">
    </testcase>
    <testcase classname="Performance Tests Memory Performance should not accumulate memory with component unmounting" name="Performance Tests Memory Performance should not accumulate memory with component unmounting" time="0.002">
    </testcase>
    <testcase classname="Performance Tests Memory Performance should handle large datasets without memory issues" name="Performance Tests Memory Performance should handle large datasets without memory issues" time="0.33">
    </testcase>
    <testcase classname="Performance Tests Network Performance should handle slow network responses gracefully" name="Performance Tests Network Performance should handle slow network responses gracefully" time="0.518">
    </testcase>
    <testcase classname="Performance Tests Network Performance should handle concurrent API calls efficiently" name="Performance Tests Network Performance should handle concurrent API calls efficiently" time="0.119">
    </testcase>
    <testcase classname="Performance Tests User Interaction Performance should handle rapid user interactions efficiently" name="Performance Tests User Interaction Performance should handle rapid user interactions efficiently" time="0.119">
    </testcase>
    <testcase classname="Performance Tests User Interaction Performance should handle scroll events efficiently" name="Performance Tests User Interaction Performance should handle scroll events efficiently" time="0.286">
      <failure>Error: expect(received).toBeLessThan(expected)

Expected: &lt; 50
Received:   267.11040000000503
    at Object.toBeLessThan (C:\Users\xx005\Downloads\Collaboreum MVP Platform\src\__tests__\performance.test.tsx:360:24)
    at Promise.then.completed (C:\Users\xx005\Downloads\Collaboreum MVP Platform\node_modules\jest-circus\build\utils.js:298:28)
    at new Promise (&lt;anonymous&gt;)
    at callAsyncCircusFn (C:\Users\xx005\Downloads\Collaboreum MVP Platform\node_modules\jest-circus\build\utils.js:231:10)
    at _callCircusTest (C:\Users\xx005\Downloads\Collaboreum MVP Platform\node_modules\jest-circus\build\run.js:316:40)
    at _runTest (C:\Users\xx005\Downloads\Collaboreum MVP Platform\node_modules\jest-circus\build\run.js:252:3)
    at _runTestsForDescribeBlock (C:\Users\xx005\Downloads\Collaboreum MVP Platform\node_modules\jest-circus\build\run.js:126:9)
    at _runTestsForDescribeBlock (C:\Users\xx005\Downloads\Collaboreum MVP Platform\node_modules\jest-circus\build\run.js:121:9)
    at _runTestsForDescribeBlock (C:\Users\xx005\Downloads\Collaboreum MVP Platform\node_modules\jest-circus\build\run.js:121:9)
    at run (C:\Users\xx005\Downloads\Collaboreum MVP Platform\node_modules\jest-circus\build\run.js:71:3)
    at runAndTransformResultsToJestFormat (C:\Users\xx005\Downloads\Collaboreum MVP Platform\node_modules\jest-circus\build\legacy-code-todo-rewrite\jestAdapterInit.js:122:21)
    at jestAdapter (C:\Users\xx005\Downloads\Collaboreum MVP Platform\node_modules\jest-circus\build\legacy-code-todo-rewrite\jestAdapter.js:79:19)
    at runTestInternal (C:\Users\xx005\Downloads\Collaboreum MVP Platform\node_modules\jest-runner\build\runTest.js:367:16)
    at runTest (C:\Users\xx005\Downloads\Collaboreum MVP Platform\node_modules\jest-runner\build\runTest.js:444:34)</failure>
    </testcase>
  </testsuite>
  <testsuite name="useAdminData 훅 테스트" errors="0" failures="1" skipped="0" timestamp="2025-09-23T09:45:51" time="2.612" tests="23">
    <testcase classname="useAdminData 훅 테스트 useAdminMetrics 대시보드 메트릭을 성공적으로 가져온다" name="useAdminData 훅 테스트 useAdminMetrics 대시보드 메트릭을 성공적으로 가져온다" time="0.078">
    </testcase>
    <testcase classname="useAdminData 훅 테스트 useAdminMetrics 로딩 상태를 올바르게 처리한다" name="useAdminData 훅 테스트 useAdminMetrics 로딩 상태를 올바르게 처리한다" time="0.011">
    </testcase>
    <testcase classname="useAdminData 훅 테스트 useAdminMetrics 에러 상태를 올바르게 처리한다" name="useAdminData 훅 테스트 useAdminMetrics 에러 상태를 올바르게 처리한다" time="0.083">
    </testcase>
    <testcase classname="useAdminData 훅 테스트 useUsers 사용자 목록을 성공적으로 가져온다" name="useAdminData 훅 테스트 useUsers 사용자 목록을 성공적으로 가져온다" time="0.072">
    </testcase>
    <testcase classname="useAdminData 훅 테스트 useUsers 파라미터와 함께 사용자 목록을 가져온다" name="useAdminData 훅 테스트 useUsers 파라미터와 함께 사용자 목록을 가져온다" time="0.091">
    </testcase>
    <testcase classname="useAdminData 훅 테스트 useUpdateUserStatus 사용자 상태를 성공적으로 업데이트한다" name="useAdminData 훅 테스트 useUpdateUserStatus 사용자 상태를 성공적으로 업데이트한다" time="0.018">
    </testcase>
    <testcase classname="useAdminData 훅 테스트 useUpdateUserStatus 사용자 상태 업데이트 실패를 처리한다" name="useAdminData 훅 테스트 useUpdateUserStatus 사용자 상태 업데이트 실패를 처리한다" time="0.029">
    </testcase>
    <testcase classname="useAdminData 훅 테스트 useUpdateUserRole 사용자 역할을 성공적으로 업데이트한다" name="useAdminData 훅 테스트 useUpdateUserRole 사용자 역할을 성공적으로 업데이트한다" time="0.036">
    </testcase>
    <testcase classname="useAdminData 훅 테스트 useSuspendUser 사용자를 성공적으로 정지시킨다" name="useAdminData 훅 테스트 useSuspendUser 사용자를 성공적으로 정지시킨다" time="0.022">
    </testcase>
    <testcase classname="useAdminData 훅 테스트 useRestoreUser 사용자를 성공적으로 복구시킨다" name="useAdminData 훅 테스트 useRestoreUser 사용자를 성공적으로 복구시킨다" time="0.044">
    </testcase>
    <testcase classname="useAdminData 훅 테스트 useFundingProjects 펀딩 프로젝트 목록을 성공적으로 가져온다" name="useAdminData 훅 테스트 useFundingProjects 펀딩 프로젝트 목록을 성공적으로 가져온다" time="0.097">
    </testcase>
    <testcase classname="useAdminData 훅 테스트 useFundingProjects 파라미터와 함께 펀딩 프로젝트 목록을 가져온다" name="useAdminData 훅 테스트 useFundingProjects 파라미터와 함께 펀딩 프로젝트 목록을 가져온다" time="0.079">
    </testcase>
    <testcase classname="useAdminData 훅 테스트 useUpdateProjectApproval 프로젝트 승인 상태를 성공적으로 업데이트한다" name="useAdminData 훅 테스트 useUpdateProjectApproval 프로젝트 승인 상태를 성공적으로 업데이트한다" time="0.017">
    </testcase>
    <testcase classname="useAdminData 훅 테스트 useArtworks 작품 목록을 성공적으로 가져온다" name="useAdminData 훅 테스트 useArtworks 작품 목록을 성공적으로 가져온다" time="0.092">
    </testcase>
    <testcase classname="useAdminData 훅 테스트 useUpdateArtworkStatus 작품 상태를 성공적으로 업데이트한다" name="useAdminData 훅 테스트 useUpdateArtworkStatus 작품 상태를 성공적으로 업데이트한다" time="0.035">
      <failure>Error: expect(jest.fn()).toHaveBeenCalledWith(...expected)

Expected: &quot;1&quot;, &quot;approved&quot;
Received: &quot;1&quot;, &quot;approved&quot;, undefined

Number of calls: 1
    at Object.toHaveBeenCalledWith (C:\Users\xx005\Downloads\Collaboreum MVP Platform\src\features\admin\hooks\__tests__\useAdminData.test.tsx:544:52)</failure>
    </testcase>
    <testcase classname="useAdminData 훅 테스트 useReports 신고 목록을 성공적으로 가져온다" name="useAdminData 훅 테스트 useReports 신고 목록을 성공적으로 가져온다" time="0.076">
    </testcase>
    <testcase classname="useAdminData 훅 테스트 useResolveReport 신고를 성공적으로 해결한다" name="useAdminData 훅 테스트 useResolveReport 신고를 성공적으로 해결한다" time="0.014">
    </testcase>
    <testcase classname="useAdminData 훅 테스트 useFinancialData 재정 데이터를 성공적으로 가져온다" name="useAdminData 훅 테스트 useFinancialData 재정 데이터를 성공적으로 가져온다" time="0.092">
    </testcase>
    <testcase classname="useAdminData 훅 테스트 useNotifications 알림 목록을 성공적으로 가져온다" name="useAdminData 훅 테스트 useNotifications 알림 목록을 성공적으로 가져온다" time="0.081">
    </testcase>
    <testcase classname="useAdminData 훅 테스트 useMarkNotificationAsRead 알림을 성공적으로 읽음 처리한다" name="useAdminData 훅 테스트 useMarkNotificationAsRead 알림을 성공적으로 읽음 처리한다" time="0.025">
    </testcase>
    <testcase classname="useAdminData 훅 테스트 useSystemMetrics 시스템 메트릭을 성공적으로 가져온다" name="useAdminData 훅 테스트 useSystemMetrics 시스템 메트릭을 성공적으로 가져온다" time="0.126">
    </testcase>
    <testcase classname="useAdminData 훅 테스트 useUserGrowthData 사용자 성장 데이터를 성공적으로 가져온다" name="useAdminData 훅 테스트 useUserGrowthData 사용자 성장 데이터를 성공적으로 가져온다" time="0.101">
    </testcase>
    <testcase classname="useAdminData 훅 테스트 useFundingPerformanceData 펀딩 성과 데이터를 성공적으로 가져온다" name="useAdminData 훅 테스트 useFundingPerformanceData 펀딩 성과 데이터를 성공적으로 가져온다" time="0.092">
    </testcase>
  </testsuite>
  <testsuite name="LiveAndPointsSection" errors="0" failures="4" skipped="0" timestamp="2025-09-23T09:45:54" time="1.98" tests="4">
    <testcase classname="LiveAndPointsSection 로딩 상태를 올바르게 표시한다" name="LiveAndPointsSection 로딩 상태를 올바르게 표시한다" time="0.053">
      <failure>TestingLibraryElementError: Unable to find an element with the text: 라이브 스트림 데이터를 불러오는 중.... This could be because the text is broken up by multiple elements. In this case, you can provide a function for your text matcher to make your matcher more flexible.

Ignored nodes: comments, script, style
&lt;body&gt;
  &lt;div&gt;
    &lt;section
      class=&quot;from-secondary/10 bg-gradient-to-b to-background py-12&quot;
      id=&quot;live&quot;
    &gt;
      &lt;div
        class=&quot;mx-auto max-w-7xl px-6 lg:px-8&quot;
      &gt;
        &lt;div
          class=&quot;mb-8 text-center&quot;
        &gt;
          &lt;div
            class=&quot;bg-primary/10 border-primary/20 mb-8 inline-flex items-center gap-2 rounded-full border px-6 py-3 text-sm font-semibold text-primary&quot;
          &gt;
            &lt;svg
              aria-hidden=&quot;true&quot;
              class=&quot;lucide lucide-radio h-4 w-4&quot;
              fill=&quot;none&quot;
              height=&quot;24&quot;
              stroke=&quot;currentColor&quot;
              stroke-linecap=&quot;round&quot;
              stroke-linejoin=&quot;round&quot;
              stroke-width=&quot;2&quot;
              viewBox=&quot;0 0 24 24&quot;
              width=&quot;24&quot;
              xmlns=&quot;http://www.w3.org/2000/svg&quot;
            &gt;
              &lt;path
                d=&quot;M16.247 7.761a6 6 0 0 1 0 8.478&quot;
              /&gt;
              &lt;path
                d=&quot;M19.075 4.933a10 10 0 0 1 0 14.134&quot;
              /&gt;
              &lt;path
                d=&quot;M4.925 19.067a10 10 0 0 1 0-14.134&quot;
              /&gt;
              &lt;path
                d=&quot;M7.753 16.239a6 6 0 0 1 0-8.478&quot;
              /&gt;
              &lt;circle
                cx=&quot;12&quot;
                cy=&quot;12&quot;
                r=&quot;2&quot;
              /&gt;
            &lt;/svg&gt;
            실시간 창작 스튜디오
          &lt;/div&gt;
          &lt;h2
            class=&quot;mb-6 text-3xl font-bold tracking-tight text-foreground md:text-4xl lg:text-5xl&quot;
          &gt;
            아티스트와 함께하는
             
            &lt;span
              class=&quot;text-primary&quot;
            &gt;
              라이브 스트리밍
            &lt;/span&gt;
          &lt;/h2&gt;
          &lt;p
            class=&quot;mx-auto max-w-3xl text-lg leading-relaxed text-muted-foreground md:text-xl&quot;
          &gt;
            창작 과정을 실시간으로 공유하고, 팬들과 소통하며 영감을 나누세요
          &lt;/p&gt;
        &lt;/div&gt;
        &lt;div
          class=&quot;mx-auto max-w-5xl&quot;
        &gt;
          &lt;div
            class=&quot;mb-8&quot;
          &gt;
            &lt;div
              class=&quot;flex flex-col gap-6 text-card-foreground shadow-apple-lg from-primary/5 to-primary/10 overflow-hidden rounded-3xl border-0 bg-gradient-to-br&quot;
              data-slot=&quot;card&quot;
            &gt;
              &lt;div
                class=&quot;[&amp;:last-child]:pb-6 p-8&quot;
                data-slot=&quot;card-content&quot;
              &gt;
                &lt;div
                  class=&quot;grid items-center gap-8 lg:grid-cols-2&quot;
                &gt;
                  &lt;div
                    class=&quot;relative&quot;
                  &gt;
                    &lt;img
                      alt=&quot;Featured Live Stream&quot;
                      class=&quot;h-64 w-full rounded-2xl object-cover&quot;
                      src=&quot;https://images.unsplash.com/photo-1493225457124-a3eb161ffa5f?w=500&amp;h=300&amp;fit=crop&quot;
                    /&gt;
                    &lt;div
                      class=&quot;absolute inset-0 rounded-2xl bg-gradient-to-t from-black/60 via-transparent to-transparent&quot;
                    /&gt;
                    &lt;span
                      class=&quot;inline-flex items-center justify-center text-xs font-medium w-fit whitespace-nowrap shrink-0 [&amp;&gt;svg]:size-3 gap-1 [&amp;&gt;svg]:pointer-events-none focus-visible:ring-ring/50 focus-visible:ring-[3px] aria-invalid:ring-destructive/20 dark:aria-invalid:ring-destructive/40 transition-[color,box-shadow] overflow-hidden border-transparent [a&amp;]:hover:bg-primary/90 absolute left-4 top-4 animate-pulse rounded-full bg-red-500 px-3 py-1 text-white&quot;
                      data-slot=&quot;badge&quot;
                    &gt;
                      &lt;div
                        class=&quot;mr-2 h-2 w-2 animate-pulse rounded-full bg-white&quot;
                      /&gt;
                      LIVE
                    &lt;/span&gt;
                    &lt;div
                      class=&quot;absolute bottom-4 left-4 right-4&quot;
                    &gt;
                      &lt;div
                        class=&quot;flex items-center gap-2 text-white&quot;
                      &gt;
                        &lt;svg
                          aria-hidden=&quot;true&quot;
                          class=&quot;lucide lucide-eye h-4 w-4&quot;
                          fill=&quot;none&quot;
                          height=&quot;24&quot;
                          stroke=&quot;currentColor&quot;
                          stroke-linecap=&quot;round&quot;
                          stroke-linejoin=&quot;round&quot;
                          stroke-width=&quot;2&quot;
                          viewBox=&quot;0 0 24 24&quot;
                          width=&quot;24&quot;
                          xmlns=&quot;http://www.w3.org/2000/svg&quot;
                        &gt;
                          &lt;path
                            d=&quot;M2.062 12.348a1 1 0 0 1 0-.696 10.75 10.75 0 0 1 19.876 0 1 1 0 0 1 0 .696 10.75 10.75 0 0 1-19.876 0&quot;
                          /&gt;
                          &lt;circle
                            cx=&quot;12&quot;
                            cy=&quot;12&quot;
                            r=&quot;3&quot;
                          /&gt;
                        &lt;/svg&gt;
                        &lt;span
                          class=&quot;font-medium&quot;
                        &gt;
                          1,234명 시청 중
                        &lt;/span&gt;
                      ...
    at Object.getElementError (C:\Users\xx005\Downloads\Collaboreum MVP Platform\node_modules\@testing-library\dom\dist\config.js:37:19)
    at C:\Users\xx005\Downloads\Collaboreum MVP Platform\node_modules\@testing-library\dom\dist\query-helpers.js:76:38
    at C:\Users\xx005\Downloads\Collaboreum MVP Platform\node_modules\@testing-library\dom\dist\query-helpers.js:52:17
    at C:\Users\xx005\Downloads\Collaboreum MVP Platform\node_modules\@testing-library\dom\dist\query-helpers.js:95:19
    at Object.getByText (C:\Users\xx005\Downloads\Collaboreum MVP Platform\src\__tests__\LiveAndPointsSection.test.tsx:48:14)
    at Promise.then.completed (C:\Users\xx005\Downloads\Collaboreum MVP Platform\node_modules\jest-circus\build\utils.js:298:28)
    at new Promise (&lt;anonymous&gt;)
    at callAsyncCircusFn (C:\Users\xx005\Downloads\Collaboreum MVP Platform\node_modules\jest-circus\build\utils.js:231:10)
    at _callCircusTest (C:\Users\xx005\Downloads\Collaboreum MVP Platform\node_modules\jest-circus\build\run.js:316:40)
    at _runTest (C:\Users\xx005\Downloads\Collaboreum MVP Platform\node_modules\jest-circus\build\run.js:252:3)
    at _runTestsForDescribeBlock (C:\Users\xx005\Downloads\Collaboreum MVP Platform\node_modules\jest-circus\build\run.js:126:9)
    at _runTestsForDescribeBlock (C:\Users\xx005\Downloads\Collaboreum MVP Platform\node_modules\jest-circus\build\run.js:121:9)
    at run (C:\Users\xx005\Downloads\Collaboreum MVP Platform\node_modules\jest-circus\build\run.js:71:3)
    at runAndTransformResultsToJestFormat (C:\Users\xx005\Downloads\Collaboreum MVP Platform\node_modules\jest-circus\build\legacy-code-todo-rewrite\jestAdapterInit.js:122:21)
    at jestAdapter (C:\Users\xx005\Downloads\Collaboreum MVP Platform\node_modules\jest-circus\build\legacy-code-todo-rewrite\jestAdapter.js:79:19)
    at runTestInternal (C:\Users\xx005\Downloads\Collaboreum MVP Platform\node_modules\jest-runner\build\runTest.js:367:16)
    at runTest (C:\Users\xx005\Downloads\Collaboreum MVP Platform\node_modules\jest-runner\build\runTest.js:444:34)</failure>
    </testcase>
    <testcase classname="LiveAndPointsSection 에러 상태를 올바르게 표시한다" name="LiveAndPointsSection 에러 상태를 올바르게 표시한다" time="0.064">
      <failure>TestingLibraryElementError: Unable to find an element with the text: 라이브 스트림 데이터를 불러오는데 실패했습니다.. This could be because the text is broken up by multiple elements. In this case, you can provide a function for your text matcher to make your matcher more flexible.

Ignored nodes: comments, script, style
&lt;body&gt;
  &lt;div&gt;
    &lt;section
      class=&quot;from-secondary/10 bg-gradient-to-b to-background py-12&quot;
      id=&quot;live&quot;
    &gt;
      &lt;div
        class=&quot;mx-auto max-w-7xl px-6 lg:px-8&quot;
      &gt;
        &lt;div
          class=&quot;mb-8 text-center&quot;
        &gt;
          &lt;div
            class=&quot;bg-primary/10 border-primary/20 mb-8 inline-flex items-center gap-2 rounded-full border px-6 py-3 text-sm font-semibold text-primary&quot;
          &gt;
            &lt;svg
              aria-hidden=&quot;true&quot;
              class=&quot;lucide lucide-radio h-4 w-4&quot;
              fill=&quot;none&quot;
              height=&quot;24&quot;
              stroke=&quot;currentColor&quot;
              stroke-linecap=&quot;round&quot;
              stroke-linejoin=&quot;round&quot;
              stroke-width=&quot;2&quot;
              viewBox=&quot;0 0 24 24&quot;
              width=&quot;24&quot;
              xmlns=&quot;http://www.w3.org/2000/svg&quot;
            &gt;
              &lt;path
                d=&quot;M16.247 7.761a6 6 0 0 1 0 8.478&quot;
              /&gt;
              &lt;path
                d=&quot;M19.075 4.933a10 10 0 0 1 0 14.134&quot;
              /&gt;
              &lt;path
                d=&quot;M4.925 19.067a10 10 0 0 1 0-14.134&quot;
              /&gt;
              &lt;path
                d=&quot;M7.753 16.239a6 6 0 0 1 0-8.478&quot;
              /&gt;
              &lt;circle
                cx=&quot;12&quot;
                cy=&quot;12&quot;
                r=&quot;2&quot;
              /&gt;
            &lt;/svg&gt;
            실시간 창작 스튜디오
          &lt;/div&gt;
          &lt;h2
            class=&quot;mb-6 text-3xl font-bold tracking-tight text-foreground md:text-4xl lg:text-5xl&quot;
          &gt;
            아티스트와 함께하는
             
            &lt;span
              class=&quot;text-primary&quot;
            &gt;
              라이브 스트리밍
            &lt;/span&gt;
          &lt;/h2&gt;
          &lt;p
            class=&quot;mx-auto max-w-3xl text-lg leading-relaxed text-muted-foreground md:text-xl&quot;
          &gt;
            창작 과정을 실시간으로 공유하고, 팬들과 소통하며 영감을 나누세요
          &lt;/p&gt;
        &lt;/div&gt;
        &lt;div
          class=&quot;mx-auto max-w-5xl&quot;
        &gt;
          &lt;div
            class=&quot;mb-8&quot;
          &gt;
            &lt;div
              class=&quot;flex flex-col gap-6 text-card-foreground shadow-apple-lg from-primary/5 to-primary/10 overflow-hidden rounded-3xl border-0 bg-gradient-to-br&quot;
              data-slot=&quot;card&quot;
            &gt;
              &lt;div
                class=&quot;[&amp;:last-child]:pb-6 p-8&quot;
                data-slot=&quot;card-content&quot;
              &gt;
                &lt;div
                  class=&quot;grid items-center gap-8 lg:grid-cols-2&quot;
                &gt;
                  &lt;div
                    class=&quot;relative&quot;
                  &gt;
                    &lt;img
                      alt=&quot;Featured Live Stream&quot;
                      class=&quot;h-64 w-full rounded-2xl object-cover&quot;
                      src=&quot;https://images.unsplash.com/photo-1493225457124-a3eb161ffa5f?w=500&amp;h=300&amp;fit=crop&quot;
                    /&gt;
                    &lt;div
                      class=&quot;absolute inset-0 rounded-2xl bg-gradient-to-t from-black/60 via-transparent to-transparent&quot;
                    /&gt;
                    &lt;span
                      class=&quot;inline-flex items-center justify-center text-xs font-medium w-fit whitespace-nowrap shrink-0 [&amp;&gt;svg]:size-3 gap-1 [&amp;&gt;svg]:pointer-events-none focus-visible:ring-ring/50 focus-visible:ring-[3px] aria-invalid:ring-destructive/20 dark:aria-invalid:ring-destructive/40 transition-[color,box-shadow] overflow-hidden border-transparent [a&amp;]:hover:bg-primary/90 absolute left-4 top-4 animate-pulse rounded-full bg-red-500 px-3 py-1 text-white&quot;
                      data-slot=&quot;badge&quot;
                    &gt;
                      &lt;div
                        class=&quot;mr-2 h-2 w-2 animate-pulse rounded-full bg-white&quot;
                      /&gt;
                      LIVE
                    &lt;/span&gt;
                    &lt;div
                      class=&quot;absolute bottom-4 left-4 right-4&quot;
                    &gt;
                      &lt;div
                        class=&quot;flex items-center gap-2 text-white&quot;
                      &gt;
                        &lt;svg
                          aria-hidden=&quot;true&quot;
                          class=&quot;lucide lucide-eye h-4 w-4&quot;
                          fill=&quot;none&quot;
                          height=&quot;24&quot;
                          stroke=&quot;currentColor&quot;
                          stroke-linecap=&quot;round&quot;
                          stroke-linejoin=&quot;round&quot;
                          stroke-width=&quot;2&quot;
                          viewBox=&quot;0 0 24 24&quot;
                          width=&quot;24&quot;
                          xmlns=&quot;http://www.w3.org/2000/svg&quot;
                        &gt;
                          &lt;path
                            d=&quot;M2.062 12.348a1 1 0 0 1 0-.696 10.75 10.75 0 0 1 19.876 0 1 1 0 0 1 0 .696 10.75 10.75 0 0 1-19.876 0&quot;
                          /&gt;
                          &lt;circle
                            cx=&quot;12&quot;
                            cy=&quot;12&quot;
                            r=&quot;3&quot;
                          /&gt;
                        &lt;/svg&gt;
                        &lt;span
                          class=&quot;font-medium&quot;
                        &gt;
                          1,234명 시청 중
                        &lt;/span&gt;
                      ...
    at Object.getElementError (C:\Users\xx005\Downloads\Collaboreum MVP Platform\node_modules\@testing-library\dom\dist\config.js:37:19)
    at C:\Users\xx005\Downloads\Collaboreum MVP Platform\node_modules\@testing-library\dom\dist\query-helpers.js:76:38
    at C:\Users\xx005\Downloads\Collaboreum MVP Platform\node_modules\@testing-library\dom\dist\query-helpers.js:52:17
    at C:\Users\xx005\Downloads\Collaboreum MVP Platform\node_modules\@testing-library\dom\dist\query-helpers.js:95:19
    at Object.getByText (C:\Users\xx005\Downloads\Collaboreum MVP Platform\src\__tests__\LiveAndPointsSection.test.tsx:62:14)
    at Promise.then.completed (C:\Users\xx005\Downloads\Collaboreum MVP Platform\node_modules\jest-circus\build\utils.js:298:28)
    at new Promise (&lt;anonymous&gt;)
    at callAsyncCircusFn (C:\Users\xx005\Downloads\Collaboreum MVP Platform\node_modules\jest-circus\build\utils.js:231:10)
    at _callCircusTest (C:\Users\xx005\Downloads\Collaboreum MVP Platform\node_modules\jest-circus\build\run.js:316:40)
    at _runTest (C:\Users\xx005\Downloads\Collaboreum MVP Platform\node_modules\jest-circus\build\run.js:252:3)
    at _runTestsForDescribeBlock (C:\Users\xx005\Downloads\Collaboreum MVP Platform\node_modules\jest-circus\build\run.js:126:9)
    at _runTestsForDescribeBlock (C:\Users\xx005\Downloads\Collaboreum MVP Platform\node_modules\jest-circus\build\run.js:121:9)
    at run (C:\Users\xx005\Downloads\Collaboreum MVP Platform\node_modules\jest-circus\build\run.js:71:3)
    at runAndTransformResultsToJestFormat (C:\Users\xx005\Downloads\Collaboreum MVP Platform\node_modules\jest-circus\build\legacy-code-todo-rewrite\jestAdapterInit.js:122:21)
    at jestAdapter (C:\Users\xx005\Downloads\Collaboreum MVP Platform\node_modules\jest-circus\build\legacy-code-todo-rewrite\jestAdapter.js:79:19)
    at runTestInternal (C:\Users\xx005\Downloads\Collaboreum MVP Platform\node_modules\jest-runner\build\runTest.js:367:16)
    at runTest (C:\Users\xx005\Downloads\Collaboreum MVP Platform\node_modules\jest-runner\build\runTest.js:444:34)</failure>
    </testcase>
    <testcase classname="LiveAndPointsSection 라이브 스트림 데이터를 올바르게 표시한다" name="LiveAndPointsSection 라이브 스트림 데이터를 올바르게 표시한다" time="1.053">
      <failure>Error: Unable to find an element with the text: Test Stream. This could be because the text is broken up by multiple elements. In this case, you can provide a function for your text matcher to make your matcher more flexible.

Ignored nodes: comments, script, style
&lt;body&gt;
  &lt;div&gt;
    &lt;section
      class=&quot;from-secondary/10 bg-gradient-to-b to-background py-12&quot;
      id=&quot;live&quot;
    &gt;
      &lt;div
        class=&quot;mx-auto max-w-7xl px-6 lg:px-8&quot;
      &gt;
        &lt;div
          class=&quot;mb-8 text-center&quot;
        &gt;
          &lt;div
            class=&quot;bg-primary/10 border-primary/20 mb-8 inline-flex items-center gap-2 rounded-full border px-6 py-3 text-sm font-semibold text-primary&quot;
          &gt;
            &lt;svg
              aria-hidden=&quot;true&quot;
              class=&quot;lucide lucide-radio h-4 w-4&quot;
              fill=&quot;none&quot;
              height=&quot;24&quot;
              stroke=&quot;currentColor&quot;
              stroke-linecap=&quot;round&quot;
              stroke-linejoin=&quot;round&quot;
              stroke-width=&quot;2&quot;
              viewBox=&quot;0 0 24 24&quot;
              width=&quot;24&quot;
              xmlns=&quot;http://www.w3.org/2000/svg&quot;
            &gt;
              &lt;path
                d=&quot;M16.247 7.761a6 6 0 0 1 0 8.478&quot;
              /&gt;
              &lt;path
                d=&quot;M19.075 4.933a10 10 0 0 1 0 14.134&quot;
              /&gt;
              &lt;path
                d=&quot;M4.925 19.067a10 10 0 0 1 0-14.134&quot;
              /&gt;
              &lt;path
                d=&quot;M7.753 16.239a6 6 0 0 1 0-8.478&quot;
              /&gt;
              &lt;circle
                cx=&quot;12&quot;
                cy=&quot;12&quot;
                r=&quot;2&quot;
              /&gt;
            &lt;/svg&gt;
            실시간 창작 스튜디오
          &lt;/div&gt;
          &lt;h2
            class=&quot;mb-6 text-3xl font-bold tracking-tight text-foreground md:text-4xl lg:text-5xl&quot;
          &gt;
            아티스트와 함께하는
             
            &lt;span
              class=&quot;text-primary&quot;
            &gt;
              라이브 스트리밍
            &lt;/span&gt;
          &lt;/h2&gt;
          &lt;p
            class=&quot;mx-auto max-w-3xl text-lg leading-relaxed text-muted-foreground md:text-xl&quot;
          &gt;
            창작 과정을 실시간으로 공유하고, 팬들과 소통하며 영감을 나누세요
          &lt;/p&gt;
        &lt;/div&gt;
        &lt;div
          class=&quot;mx-auto max-w-5xl&quot;
        &gt;
          &lt;div
            class=&quot;mb-8&quot;
          &gt;
            &lt;div
              class=&quot;flex flex-col gap-6 text-card-foreground shadow-apple-lg from-primary/5 to-primary/10 overflow-hidden rounded-3xl border-0 bg-gradient-to-br&quot;
              data-slot=&quot;card&quot;
            &gt;
              &lt;div
                class=&quot;[&amp;:last-child]:pb-6 p-8&quot;
                data-slot=&quot;card-content&quot;
              &gt;
                &lt;div
                  class=&quot;grid items-center gap-8 lg:grid-cols-2&quot;
                &gt;
                  &lt;div
                    class=&quot;relative&quot;
                  &gt;
                    &lt;img
                      alt=&quot;Featured Live Stream&quot;
                      class=&quot;h-64 w-full rounded-2xl object-cover&quot;
                      src=&quot;https://images.unsplash.com/photo-1493225457124-a3eb161ffa5f?w=500&amp;h=300&amp;fit=crop&quot;
                    /&gt;
                    &lt;div
                      class=&quot;absolute inset-0 rounded-2xl bg-gradient-to-t from-black/60 via-transparent to-transparent&quot;
                    /&gt;
                    &lt;span
                      class=&quot;inline-flex items-center justify-center text-xs font-medium w-fit whitespace-nowrap shrink-0 [&amp;&gt;svg]:size-3 gap-1 [&amp;&gt;svg]:pointer-events-none focus-visible:ring-ring/50 focus-visible:ring-[3px] aria-invalid:ring-destructive/20 dark:aria-invalid:ring-destructive/40 transition-[color,box-shadow] overflow-hidden border-transparent [a&amp;]:hover:bg-primary/90 absolute left-4 top-4 animate-pulse rounded-full bg-red-500 px-3 py-1 text-white&quot;
                      data-slot=&quot;badge&quot;
                    &gt;
                      &lt;div
                        class=&quot;mr-2 h-2 w-2 animate-pulse rounded-full bg-white&quot;
                      /&gt;
                      LIVE
                    &lt;/span&gt;
                    &lt;div
                      class=&quot;absolute bottom-4 left-4 right-4&quot;
                    &gt;
                      &lt;div
                        class=&quot;flex items-center gap-2 text-white&quot;
                      &gt;
                        &lt;svg
                          aria-hidden=&quot;true&quot;
                          class=&quot;lucide lucide-eye h-4 w-4&quot;
                          fill=&quot;none&quot;
                          height=&quot;24&quot;
                          stroke=&quot;currentColor&quot;
                          stroke-linecap=&quot;round&quot;
                          stroke-linejoin=&quot;round&quot;
                          stroke-width=&quot;2&quot;
                          viewBox=&quot;0 0 24 24&quot;
                          width=&quot;24&quot;
                          xmlns=&quot;http://www.w3.org/2000/svg&quot;
                        &gt;
                          &lt;path
                            d=&quot;M2.062 12.348a1 1 0 0 1 0-.696 10.75 10.75 0 0 1 19.876 0 1 1 0 0 1 0 .696 10.75 10.75 0 0 1-19.876 0&quot;
                          /&gt;
                          &lt;circle
                            cx=&quot;12&quot;
                            cy=&quot;12&quot;
                            r=&quot;3&quot;
                          /&gt;
                        &lt;/svg&gt;
                        &lt;span
                          class=&quot;font-medium&quot;
                        &gt;
                          1,234명 시청 중
                        &lt;/span&gt;
                      ...
    at waitForWrapper (C:\Users\xx005\Downloads\Collaboreum MVP Platform\node_modules\@testing-library\dom\dist\wait-for.js:163:27)
    at Object.&lt;anonymous&gt; (C:\Users\xx005\Downloads\Collaboreum MVP Platform\src\__tests__\LiveAndPointsSection.test.tsx:87:18)
    at Promise.then.completed (C:\Users\xx005\Downloads\Collaboreum MVP Platform\node_modules\jest-circus\build\utils.js:298:28)
    at new Promise (&lt;anonymous&gt;)
    at callAsyncCircusFn (C:\Users\xx005\Downloads\Collaboreum MVP Platform\node_modules\jest-circus\build\utils.js:231:10)
    at _callCircusTest (C:\Users\xx005\Downloads\Collaboreum MVP Platform\node_modules\jest-circus\build\run.js:316:40)
    at _runTest (C:\Users\xx005\Downloads\Collaboreum MVP Platform\node_modules\jest-circus\build\run.js:252:3)
    at _runTestsForDescribeBlock (C:\Users\xx005\Downloads\Collaboreum MVP Platform\node_modules\jest-circus\build\run.js:126:9)
    at _runTestsForDescribeBlock (C:\Users\xx005\Downloads\Collaboreum MVP Platform\node_modules\jest-circus\build\run.js:121:9)
    at run (C:\Users\xx005\Downloads\Collaboreum MVP Platform\node_modules\jest-circus\build\run.js:71:3)
    at runAndTransformResultsToJestFormat (C:\Users\xx005\Downloads\Collaboreum MVP Platform\node_modules\jest-circus\build\legacy-code-todo-rewrite\jestAdapterInit.js:122:21)
    at jestAdapter (C:\Users\xx005\Downloads\Collaboreum MVP Platform\node_modules\jest-circus\build\legacy-code-todo-rewrite\jestAdapter.js:79:19)
    at runTestInternal (C:\Users\xx005\Downloads\Collaboreum MVP Platform\node_modules\jest-runner\build\runTest.js:367:16)
    at runTest (C:\Users\xx005\Downloads\Collaboreum MVP Platform\node_modules\jest-runner\build\runTest.js:444:34)</failure>
    </testcase>
    <testcase classname="LiveAndPointsSection 빈 데이터 상태를 올바르게 처리한다" name="LiveAndPointsSection 빈 데이터 상태를 올바르게 처리한다" time="0.047">
      <failure>TestingLibraryElementError: Unable to find an element with the text: 실시간 창작 과정을 지켜보고 함께 소통하세요. This could be because the text is broken up by multiple elements. In this case, you can provide a function for your text matcher to make your matcher more flexible.

Ignored nodes: comments, script, style
&lt;body&gt;
  &lt;div&gt;
    &lt;section
      class=&quot;from-secondary/10 bg-gradient-to-b to-background py-12&quot;
      id=&quot;live&quot;
    &gt;
      &lt;div
        class=&quot;mx-auto max-w-7xl px-6 lg:px-8&quot;
      &gt;
        &lt;div
          class=&quot;mb-8 text-center&quot;
        &gt;
          &lt;div
            class=&quot;bg-primary/10 border-primary/20 mb-8 inline-flex items-center gap-2 rounded-full border px-6 py-3 text-sm font-semibold text-primary&quot;
          &gt;
            &lt;svg
              aria-hidden=&quot;true&quot;
              class=&quot;lucide lucide-radio h-4 w-4&quot;
              fill=&quot;none&quot;
              height=&quot;24&quot;
              stroke=&quot;currentColor&quot;
              stroke-linecap=&quot;round&quot;
              stroke-linejoin=&quot;round&quot;
              stroke-width=&quot;2&quot;
              viewBox=&quot;0 0 24 24&quot;
              width=&quot;24&quot;
              xmlns=&quot;http://www.w3.org/2000/svg&quot;
            &gt;
              &lt;path
                d=&quot;M16.247 7.761a6 6 0 0 1 0 8.478&quot;
              /&gt;
              &lt;path
                d=&quot;M19.075 4.933a10 10 0 0 1 0 14.134&quot;
              /&gt;
              &lt;path
                d=&quot;M4.925 19.067a10 10 0 0 1 0-14.134&quot;
              /&gt;
              &lt;path
                d=&quot;M7.753 16.239a6 6 0 0 1 0-8.478&quot;
              /&gt;
              &lt;circle
                cx=&quot;12&quot;
                cy=&quot;12&quot;
                r=&quot;2&quot;
              /&gt;
            &lt;/svg&gt;
            실시간 창작 스튜디오
          &lt;/div&gt;
          &lt;h2
            class=&quot;mb-6 text-3xl font-bold tracking-tight text-foreground md:text-4xl lg:text-5xl&quot;
          &gt;
            아티스트와 함께하는
             
            &lt;span
              class=&quot;text-primary&quot;
            &gt;
              라이브 스트리밍
            &lt;/span&gt;
          &lt;/h2&gt;
          &lt;p
            class=&quot;mx-auto max-w-3xl text-lg leading-relaxed text-muted-foreground md:text-xl&quot;
          &gt;
            창작 과정을 실시간으로 공유하고, 팬들과 소통하며 영감을 나누세요
          &lt;/p&gt;
        &lt;/div&gt;
        &lt;div
          class=&quot;mx-auto max-w-5xl&quot;
        &gt;
          &lt;div
            class=&quot;mb-8&quot;
          &gt;
            &lt;div
              class=&quot;flex flex-col gap-6 text-card-foreground shadow-apple-lg from-primary/5 to-primary/10 overflow-hidden rounded-3xl border-0 bg-gradient-to-br&quot;
              data-slot=&quot;card&quot;
            &gt;
              &lt;div
                class=&quot;[&amp;:last-child]:pb-6 p-8&quot;
                data-slot=&quot;card-content&quot;
              &gt;
                &lt;div
                  class=&quot;grid items-center gap-8 lg:grid-cols-2&quot;
                &gt;
                  &lt;div
                    class=&quot;relative&quot;
                  &gt;
                    &lt;img
                      alt=&quot;Featured Live Stream&quot;
                      class=&quot;h-64 w-full rounded-2xl object-cover&quot;
                      src=&quot;https://images.unsplash.com/photo-1493225457124-a3eb161ffa5f?w=500&amp;h=300&amp;fit=crop&quot;
                    /&gt;
                    &lt;div
                      class=&quot;absolute inset-0 rounded-2xl bg-gradient-to-t from-black/60 via-transparent to-transparent&quot;
                    /&gt;
                    &lt;span
                      class=&quot;inline-flex items-center justify-center text-xs font-medium w-fit whitespace-nowrap shrink-0 [&amp;&gt;svg]:size-3 gap-1 [&amp;&gt;svg]:pointer-events-none focus-visible:ring-ring/50 focus-visible:ring-[3px] aria-invalid:ring-destructive/20 dark:aria-invalid:ring-destructive/40 transition-[color,box-shadow] overflow-hidden border-transparent [a&amp;]:hover:bg-primary/90 absolute left-4 top-4 animate-pulse rounded-full bg-red-500 px-3 py-1 text-white&quot;
                      data-slot=&quot;badge&quot;
                    &gt;
                      &lt;div
                        class=&quot;mr-2 h-2 w-2 animate-pulse rounded-full bg-white&quot;
                      /&gt;
                      LIVE
                    &lt;/span&gt;
                    &lt;div
                      class=&quot;absolute bottom-4 left-4 right-4&quot;
                    &gt;
                      &lt;div
                        class=&quot;flex items-center gap-2 text-white&quot;
                      &gt;
                        &lt;svg
                          aria-hidden=&quot;true&quot;
                          class=&quot;lucide lucide-eye h-4 w-4&quot;
                          fill=&quot;none&quot;
                          height=&quot;24&quot;
                          stroke=&quot;currentColor&quot;
                          stroke-linecap=&quot;round&quot;
                          stroke-linejoin=&quot;round&quot;
                          stroke-width=&quot;2&quot;
                          viewBox=&quot;0 0 24 24&quot;
                          width=&quot;24&quot;
                          xmlns=&quot;http://www.w3.org/2000/svg&quot;
                        &gt;
                          &lt;path
                            d=&quot;M2.062 12.348a1 1 0 0 1 0-.696 10.75 10.75 0 0 1 19.876 0 1 1 0 0 1 0 .696 10.75 10.75 0 0 1-19.876 0&quot;
                          /&gt;
                          &lt;circle
                            cx=&quot;12&quot;
                            cy=&quot;12&quot;
                            r=&quot;3&quot;
                          /&gt;
                        &lt;/svg&gt;
                        &lt;span
                          class=&quot;font-medium&quot;
                        &gt;
                          1,234명 시청 중
                        &lt;/span&gt;
                      ...
    at Object.getElementError (C:\Users\xx005\Downloads\Collaboreum MVP Platform\node_modules\@testing-library\dom\dist\config.js:37:19)
    at C:\Users\xx005\Downloads\Collaboreum MVP Platform\node_modules\@testing-library\dom\dist\query-helpers.js:76:38
    at C:\Users\xx005\Downloads\Collaboreum MVP Platform\node_modules\@testing-library\dom\dist\query-helpers.js:52:17
    at C:\Users\xx005\Downloads\Collaboreum MVP Platform\node_modules\@testing-library\dom\dist\query-helpers.js:95:19
    at Object.getByText (C:\Users\xx005\Downloads\Collaboreum MVP Platform\src\__tests__\LiveAndPointsSection.test.tsx:106:14)
    at Promise.then.completed (C:\Users\xx005\Downloads\Collaboreum MVP Platform\node_modules\jest-circus\build\utils.js:298:28)
    at new Promise (&lt;anonymous&gt;)
    at callAsyncCircusFn (C:\Users\xx005\Downloads\Collaboreum MVP Platform\node_modules\jest-circus\build\utils.js:231:10)
    at _callCircusTest (C:\Users\xx005\Downloads\Collaboreum MVP Platform\node_modules\jest-circus\build\run.js:316:40)
    at _runTest (C:\Users\xx005\Downloads\Collaboreum MVP Platform\node_modules\jest-circus\build\run.js:252:3)
    at _runTestsForDescribeBlock (C:\Users\xx005\Downloads\Collaboreum MVP Platform\node_modules\jest-circus\build\run.js:126:9)
    at _runTestsForDescribeBlock (C:\Users\xx005\Downloads\Collaboreum MVP Platform\node_modules\jest-circus\build\run.js:121:9)
    at run (C:\Users\xx005\Downloads\Collaboreum MVP Platform\node_modules\jest-circus\build\run.js:71:3)
    at runAndTransformResultsToJestFormat (C:\Users\xx005\Downloads\Collaboreum MVP Platform\node_modules\jest-circus\build\legacy-code-todo-rewrite\jestAdapterInit.js:122:21)
    at jestAdapter (C:\Users\xx005\Downloads\Collaboreum MVP Platform\node_modules\jest-circus\build\legacy-code-todo-rewrite\jestAdapter.js:79:19)
    at runTestInternal (C:\Users\xx005\Downloads\Collaboreum MVP Platform\node_modules\jest-runner\build\runTest.js:367:16)
    at runTest (C:\Users\xx005\Downloads\Collaboreum MVP Platform\node_modules\jest-runner\build\runTest.js:444:34)</failure>
    </testcase>
  </testsuite>
  <testsuite name="Select Component" errors="0" failures="19" skipped="0" timestamp="2025-09-23T09:45:56" time="2.395" tests="19">
    <testcase classname="Select Component renders with placeholder text" name="Select Component renders with placeholder text" time="0.227">
      <failure>Error: `SelectItem` must be used within `SelectContent`
    at useContext2 (C:\Users\xx005\Downloads\Collaboreum MVP Platform\node_modules\@radix-ui\react-context\src\create-context.tsx:75:13)
    at C:\Users\xx005\Downloads\Collaboreum MVP Platform\node_modules\@radix-ui\react-select\src\select.tsx:1260:28
    at renderWithHooks (C:\Users\xx005\Downloads\Collaboreum MVP Platform\node_modules\react-dom\cjs\react-dom.development.js:15486:18)
    at updateForwardRef (C:\Users\xx005\Downloads\Collaboreum MVP Platform\node_modules\react-dom\cjs\react-dom.development.js:19245:20)
    at beginWork (C:\Users\xx005\Downloads\Collaboreum MVP Platform\node_modules\react-dom\cjs\react-dom.development.js:21675:16)
    at beginWork$1 (C:\Users\xx005\Downloads\Collaboreum MVP Platform\node_modules\react-dom\cjs\react-dom.development.js:27465:14)
    at performUnitOfWork (C:\Users\xx005\Downloads\Collaboreum MVP Platform\node_modules\react-dom\cjs\react-dom.development.js:26599:12)
    at workLoopSync (C:\Users\xx005\Downloads\Collaboreum MVP Platform\node_modules\react-dom\cjs\react-dom.development.js:26505:5)
    at renderRootSync (C:\Users\xx005\Downloads\Collaboreum MVP Platform\node_modules\react-dom\cjs\react-dom.development.js:26473:7)
    at recoverFromConcurrentError (C:\Users\xx005\Downloads\Collaboreum MVP Platform\node_modules\react-dom\cjs\react-dom.development.js:25889:20)
    at performConcurrentWorkOnRoot (C:\Users\xx005\Downloads\Collaboreum MVP Platform\node_modules\react-dom\cjs\react-dom.development.js:25789:22)
    at flushActQueue (C:\Users\xx005\Downloads\Collaboreum MVP Platform\node_modules\react\cjs\react.development.js:2667:24)
    at act (C:\Users\xx005\Downloads\Collaboreum MVP Platform\node_modules\react\cjs\react.development.js:2582:11)
    at C:\Users\xx005\Downloads\Collaboreum MVP Platform\node_modules\@testing-library\react\dist\act-compat.js:47:25
    at renderRoot (C:\Users\xx005\Downloads\Collaboreum MVP Platform\node_modules\@testing-library\react\dist\pure.js:190:26)
    at render (C:\Users\xx005\Downloads\Collaboreum MVP Platform\node_modules\@testing-library\react\dist\pure.js:292:10)
    at Object.&lt;anonymous&gt; (C:\Users\xx005\Downloads\Collaboreum MVP Platform\src\shared\ui\__tests__\Select.test.tsx:22:11)
    at Promise.then.completed (C:\Users\xx005\Downloads\Collaboreum MVP Platform\node_modules\jest-circus\build\utils.js:298:28)
    at new Promise (&lt;anonymous&gt;)
    at callAsyncCircusFn (C:\Users\xx005\Downloads\Collaboreum MVP Platform\node_modules\jest-circus\build\utils.js:231:10)
    at _callCircusTest (C:\Users\xx005\Downloads\Collaboreum MVP Platform\node_modules\jest-circus\build\run.js:316:40)
    at _runTest (C:\Users\xx005\Downloads\Collaboreum MVP Platform\node_modules\jest-circus\build\run.js:252:3)
    at _runTestsForDescribeBlock (C:\Users\xx005\Downloads\Collaboreum MVP Platform\node_modules\jest-circus\build\run.js:126:9)
    at _runTestsForDescribeBlock (C:\Users\xx005\Downloads\Collaboreum MVP Platform\node_modules\jest-circus\build\run.js:121:9)
    at run (C:\Users\xx005\Downloads\Collaboreum MVP Platform\node_modules\jest-circus\build\run.js:71:3)
    at runAndTransformResultsToJestFormat (C:\Users\xx005\Downloads\Collaboreum MVP Platform\node_modules\jest-circus\build\legacy-code-todo-rewrite\jestAdapterInit.js:122:21)
    at jestAdapter (C:\Users\xx005\Downloads\Collaboreum MVP Platform\node_modules\jest-circus\build\legacy-code-todo-rewrite\jestAdapter.js:79:19)
    at runTestInternal (C:\Users\xx005\Downloads\Collaboreum MVP Platform\node_modules\jest-runner\build\runTest.js:367:16)
    at runTest (C:\Users\xx005\Downloads\Collaboreum MVP Platform\node_modules\jest-runner\build\runTest.js:444:34)</failure>
    </testcase>
    <testcase classname="Select Component opens dropdown when clicked" name="Select Component opens dropdown when clicked" time="0.085">
      <failure>Error: `SelectItem` must be used within `SelectContent`
    at useContext2 (C:\Users\xx005\Downloads\Collaboreum MVP Platform\node_modules\@radix-ui\react-context\src\create-context.tsx:75:13)
    at C:\Users\xx005\Downloads\Collaboreum MVP Platform\node_modules\@radix-ui\react-select\src\select.tsx:1260:28
    at renderWithHooks (C:\Users\xx005\Downloads\Collaboreum MVP Platform\node_modules\react-dom\cjs\react-dom.development.js:15486:18)
    at updateForwardRef (C:\Users\xx005\Downloads\Collaboreum MVP Platform\node_modules\react-dom\cjs\react-dom.development.js:19245:20)
    at beginWork (C:\Users\xx005\Downloads\Collaboreum MVP Platform\node_modules\react-dom\cjs\react-dom.development.js:21675:16)
    at beginWork$1 (C:\Users\xx005\Downloads\Collaboreum MVP Platform\node_modules\react-dom\cjs\react-dom.development.js:27465:14)
    at performUnitOfWork (C:\Users\xx005\Downloads\Collaboreum MVP Platform\node_modules\react-dom\cjs\react-dom.development.js:26599:12)
    at workLoopSync (C:\Users\xx005\Downloads\Collaboreum MVP Platform\node_modules\react-dom\cjs\react-dom.development.js:26505:5)
    at renderRootSync (C:\Users\xx005\Downloads\Collaboreum MVP Platform\node_modules\react-dom\cjs\react-dom.development.js:26473:7)
    at recoverFromConcurrentError (C:\Users\xx005\Downloads\Collaboreum MVP Platform\node_modules\react-dom\cjs\react-dom.development.js:25889:20)
    at performConcurrentWorkOnRoot (C:\Users\xx005\Downloads\Collaboreum MVP Platform\node_modules\react-dom\cjs\react-dom.development.js:25789:22)
    at flushActQueue (C:\Users\xx005\Downloads\Collaboreum MVP Platform\node_modules\react\cjs\react.development.js:2667:24)
    at act (C:\Users\xx005\Downloads\Collaboreum MVP Platform\node_modules\react\cjs\react.development.js:2582:11)
    at C:\Users\xx005\Downloads\Collaboreum MVP Platform\node_modules\@testing-library\react\dist\act-compat.js:47:25
    at renderRoot (C:\Users\xx005\Downloads\Collaboreum MVP Platform\node_modules\@testing-library\react\dist\pure.js:190:26)
    at render (C:\Users\xx005\Downloads\Collaboreum MVP Platform\node_modules\@testing-library\react\dist\pure.js:292:10)
    at Object.&lt;anonymous&gt; (C:\Users\xx005\Downloads\Collaboreum MVP Platform\src\shared\ui\__tests__\Select.test.tsx:28:11)
    at Promise.then.completed (C:\Users\xx005\Downloads\Collaboreum MVP Platform\node_modules\jest-circus\build\utils.js:298:28)
    at new Promise (&lt;anonymous&gt;)
    at callAsyncCircusFn (C:\Users\xx005\Downloads\Collaboreum MVP Platform\node_modules\jest-circus\build\utils.js:231:10)
    at _callCircusTest (C:\Users\xx005\Downloads\Collaboreum MVP Platform\node_modules\jest-circus\build\run.js:316:40)
    at _runTest (C:\Users\xx005\Downloads\Collaboreum MVP Platform\node_modules\jest-circus\build\run.js:252:3)
    at _runTestsForDescribeBlock (C:\Users\xx005\Downloads\Collaboreum MVP Platform\node_modules\jest-circus\build\run.js:126:9)
    at _runTestsForDescribeBlock (C:\Users\xx005\Downloads\Collaboreum MVP Platform\node_modules\jest-circus\build\run.js:121:9)
    at run (C:\Users\xx005\Downloads\Collaboreum MVP Platform\node_modules\jest-circus\build\run.js:71:3)
    at runAndTransformResultsToJestFormat (C:\Users\xx005\Downloads\Collaboreum MVP Platform\node_modules\jest-circus\build\legacy-code-todo-rewrite\jestAdapterInit.js:122:21)
    at jestAdapter (C:\Users\xx005\Downloads\Collaboreum MVP Platform\node_modules\jest-circus\build\legacy-code-todo-rewrite\jestAdapter.js:79:19)
    at runTestInternal (C:\Users\xx005\Downloads\Collaboreum MVP Platform\node_modules\jest-runner\build\runTest.js:367:16)
    at runTest (C:\Users\xx005\Downloads\Collaboreum MVP Platform\node_modules\jest-runner\build\runTest.js:444:34)</failure>
    </testcase>
    <testcase classname="Select Component closes dropdown when option is selected" name="Select Component closes dropdown when option is selected" time="0.07">
      <failure>Error: `SelectItem` must be used within `SelectContent`
    at useContext2 (C:\Users\xx005\Downloads\Collaboreum MVP Platform\node_modules\@radix-ui\react-context\src\create-context.tsx:75:13)
    at C:\Users\xx005\Downloads\Collaboreum MVP Platform\node_modules\@radix-ui\react-select\src\select.tsx:1260:28
    at renderWithHooks (C:\Users\xx005\Downloads\Collaboreum MVP Platform\node_modules\react-dom\cjs\react-dom.development.js:15486:18)
    at updateForwardRef (C:\Users\xx005\Downloads\Collaboreum MVP Platform\node_modules\react-dom\cjs\react-dom.development.js:19245:20)
    at beginWork (C:\Users\xx005\Downloads\Collaboreum MVP Platform\node_modules\react-dom\cjs\react-dom.development.js:21675:16)
    at beginWork$1 (C:\Users\xx005\Downloads\Collaboreum MVP Platform\node_modules\react-dom\cjs\react-dom.development.js:27465:14)
    at performUnitOfWork (C:\Users\xx005\Downloads\Collaboreum MVP Platform\node_modules\react-dom\cjs\react-dom.development.js:26599:12)
    at workLoopSync (C:\Users\xx005\Downloads\Collaboreum MVP Platform\node_modules\react-dom\cjs\react-dom.development.js:26505:5)
    at renderRootSync (C:\Users\xx005\Downloads\Collaboreum MVP Platform\node_modules\react-dom\cjs\react-dom.development.js:26473:7)
    at recoverFromConcurrentError (C:\Users\xx005\Downloads\Collaboreum MVP Platform\node_modules\react-dom\cjs\react-dom.development.js:25889:20)
    at performConcurrentWorkOnRoot (C:\Users\xx005\Downloads\Collaboreum MVP Platform\node_modules\react-dom\cjs\react-dom.development.js:25789:22)
    at flushActQueue (C:\Users\xx005\Downloads\Collaboreum MVP Platform\node_modules\react\cjs\react.development.js:2667:24)
    at act (C:\Users\xx005\Downloads\Collaboreum MVP Platform\node_modules\react\cjs\react.development.js:2582:11)
    at C:\Users\xx005\Downloads\Collaboreum MVP Platform\node_modules\@testing-library\react\dist\act-compat.js:47:25
    at renderRoot (C:\Users\xx005\Downloads\Collaboreum MVP Platform\node_modules\@testing-library\react\dist\pure.js:190:26)
    at render (C:\Users\xx005\Downloads\Collaboreum MVP Platform\node_modules\@testing-library\react\dist\pure.js:292:10)
    at Object.&lt;anonymous&gt; (C:\Users\xx005\Downloads\Collaboreum MVP Platform\src\shared\ui\__tests__\Select.test.tsx:43:11)
    at Promise.then.completed (C:\Users\xx005\Downloads\Collaboreum MVP Platform\node_modules\jest-circus\build\utils.js:298:28)
    at new Promise (&lt;anonymous&gt;)
    at callAsyncCircusFn (C:\Users\xx005\Downloads\Collaboreum MVP Platform\node_modules\jest-circus\build\utils.js:231:10)
    at _callCircusTest (C:\Users\xx005\Downloads\Collaboreum MVP Platform\node_modules\jest-circus\build\run.js:316:40)
    at _runTest (C:\Users\xx005\Downloads\Collaboreum MVP Platform\node_modules\jest-circus\build\run.js:252:3)
    at _runTestsForDescribeBlock (C:\Users\xx005\Downloads\Collaboreum MVP Platform\node_modules\jest-circus\build\run.js:126:9)
    at _runTestsForDescribeBlock (C:\Users\xx005\Downloads\Collaboreum MVP Platform\node_modules\jest-circus\build\run.js:121:9)
    at run (C:\Users\xx005\Downloads\Collaboreum MVP Platform\node_modules\jest-circus\build\run.js:71:3)
    at runAndTransformResultsToJestFormat (C:\Users\xx005\Downloads\Collaboreum MVP Platform\node_modules\jest-circus\build\legacy-code-todo-rewrite\jestAdapterInit.js:122:21)
    at jestAdapter (C:\Users\xx005\Downloads\Collaboreum MVP Platform\node_modules\jest-circus\build\legacy-code-todo-rewrite\jestAdapter.js:79:19)
    at runTestInternal (C:\Users\xx005\Downloads\Collaboreum MVP Platform\node_modules\jest-runner\build\runTest.js:367:16)
    at runTest (C:\Users\xx005\Downloads\Collaboreum MVP Platform\node_modules\jest-runner\build\runTest.js:444:34)</failure>
    </testcase>
    <testcase classname="Select Component handles keyboard navigation" name="Select Component handles keyboard navigation" time="0.088">
      <failure>Error: `SelectItem` must be used within `SelectContent`
    at useContext2 (C:\Users\xx005\Downloads\Collaboreum MVP Platform\node_modules\@radix-ui\react-context\src\create-context.tsx:75:13)
    at C:\Users\xx005\Downloads\Collaboreum MVP Platform\node_modules\@radix-ui\react-select\src\select.tsx:1260:28
    at renderWithHooks (C:\Users\xx005\Downloads\Collaboreum MVP Platform\node_modules\react-dom\cjs\react-dom.development.js:15486:18)
    at updateForwardRef (C:\Users\xx005\Downloads\Collaboreum MVP Platform\node_modules\react-dom\cjs\react-dom.development.js:19245:20)
    at beginWork (C:\Users\xx005\Downloads\Collaboreum MVP Platform\node_modules\react-dom\cjs\react-dom.development.js:21675:16)
    at beginWork$1 (C:\Users\xx005\Downloads\Collaboreum MVP Platform\node_modules\react-dom\cjs\react-dom.development.js:27465:14)
    at performUnitOfWork (C:\Users\xx005\Downloads\Collaboreum MVP Platform\node_modules\react-dom\cjs\react-dom.development.js:26599:12)
    at workLoopSync (C:\Users\xx005\Downloads\Collaboreum MVP Platform\node_modules\react-dom\cjs\react-dom.development.js:26505:5)
    at renderRootSync (C:\Users\xx005\Downloads\Collaboreum MVP Platform\node_modules\react-dom\cjs\react-dom.development.js:26473:7)
    at recoverFromConcurrentError (C:\Users\xx005\Downloads\Collaboreum MVP Platform\node_modules\react-dom\cjs\react-dom.development.js:25889:20)
    at performConcurrentWorkOnRoot (C:\Users\xx005\Downloads\Collaboreum MVP Platform\node_modules\react-dom\cjs\react-dom.development.js:25789:22)
    at flushActQueue (C:\Users\xx005\Downloads\Collaboreum MVP Platform\node_modules\react\cjs\react.development.js:2667:24)
    at act (C:\Users\xx005\Downloads\Collaboreum MVP Platform\node_modules\react\cjs\react.development.js:2582:11)
    at C:\Users\xx005\Downloads\Collaboreum MVP Platform\node_modules\@testing-library\react\dist\act-compat.js:47:25
    at renderRoot (C:\Users\xx005\Downloads\Collaboreum MVP Platform\node_modules\@testing-library\react\dist\pure.js:190:26)
    at render (C:\Users\xx005\Downloads\Collaboreum MVP Platform\node_modules\@testing-library\react\dist\pure.js:292:10)
    at Object.&lt;anonymous&gt; (C:\Users\xx005\Downloads\Collaboreum MVP Platform\src\shared\ui\__tests__\Select.test.tsx:58:11)
    at Promise.then.completed (C:\Users\xx005\Downloads\Collaboreum MVP Platform\node_modules\jest-circus\build\utils.js:298:28)
    at new Promise (&lt;anonymous&gt;)
    at callAsyncCircusFn (C:\Users\xx005\Downloads\Collaboreum MVP Platform\node_modules\jest-circus\build\utils.js:231:10)
    at _callCircusTest (C:\Users\xx005\Downloads\Collaboreum MVP Platform\node_modules\jest-circus\build\run.js:316:40)
    at _runTest (C:\Users\xx005\Downloads\Collaboreum MVP Platform\node_modules\jest-circus\build\run.js:252:3)
    at _runTestsForDescribeBlock (C:\Users\xx005\Downloads\Collaboreum MVP Platform\node_modules\jest-circus\build\run.js:126:9)
    at _runTestsForDescribeBlock (C:\Users\xx005\Downloads\Collaboreum MVP Platform\node_modules\jest-circus\build\run.js:121:9)
    at run (C:\Users\xx005\Downloads\Collaboreum MVP Platform\node_modules\jest-circus\build\run.js:71:3)
    at runAndTransformResultsToJestFormat (C:\Users\xx005\Downloads\Collaboreum MVP Platform\node_modules\jest-circus\build\legacy-code-todo-rewrite\jestAdapterInit.js:122:21)
    at jestAdapter (C:\Users\xx005\Downloads\Collaboreum MVP Platform\node_modules\jest-circus\build\legacy-code-todo-rewrite\jestAdapter.js:79:19)
    at runTestInternal (C:\Users\xx005\Downloads\Collaboreum MVP Platform\node_modules\jest-runner\build\runTest.js:367:16)
    at runTest (C:\Users\xx005\Downloads\Collaboreum MVP Platform\node_modules\jest-runner\build\runTest.js:444:34)</failure>
    </testcase>
    <testcase classname="Select Component closes dropdown with Escape key" name="Select Component closes dropdown with Escape key" time="0.037">
      <failure>Error: `SelectItem` must be used within `SelectContent`
    at useContext2 (C:\Users\xx005\Downloads\Collaboreum MVP Platform\node_modules\@radix-ui\react-context\src\create-context.tsx:75:13)
    at C:\Users\xx005\Downloads\Collaboreum MVP Platform\node_modules\@radix-ui\react-select\src\select.tsx:1260:28
    at renderWithHooks (C:\Users\xx005\Downloads\Collaboreum MVP Platform\node_modules\react-dom\cjs\react-dom.development.js:15486:18)
    at updateForwardRef (C:\Users\xx005\Downloads\Collaboreum MVP Platform\node_modules\react-dom\cjs\react-dom.development.js:19245:20)
    at beginWork (C:\Users\xx005\Downloads\Collaboreum MVP Platform\node_modules\react-dom\cjs\react-dom.development.js:21675:16)
    at beginWork$1 (C:\Users\xx005\Downloads\Collaboreum MVP Platform\node_modules\react-dom\cjs\react-dom.development.js:27465:14)
    at performUnitOfWork (C:\Users\xx005\Downloads\Collaboreum MVP Platform\node_modules\react-dom\cjs\react-dom.development.js:26599:12)
    at workLoopSync (C:\Users\xx005\Downloads\Collaboreum MVP Platform\node_modules\react-dom\cjs\react-dom.development.js:26505:5)
    at renderRootSync (C:\Users\xx005\Downloads\Collaboreum MVP Platform\node_modules\react-dom\cjs\react-dom.development.js:26473:7)
    at recoverFromConcurrentError (C:\Users\xx005\Downloads\Collaboreum MVP Platform\node_modules\react-dom\cjs\react-dom.development.js:25889:20)
    at performConcurrentWorkOnRoot (C:\Users\xx005\Downloads\Collaboreum MVP Platform\node_modules\react-dom\cjs\react-dom.development.js:25789:22)
    at flushActQueue (C:\Users\xx005\Downloads\Collaboreum MVP Platform\node_modules\react\cjs\react.development.js:2667:24)
    at act (C:\Users\xx005\Downloads\Collaboreum MVP Platform\node_modules\react\cjs\react.development.js:2582:11)
    at C:\Users\xx005\Downloads\Collaboreum MVP Platform\node_modules\@testing-library\react\dist\act-compat.js:47:25
    at renderRoot (C:\Users\xx005\Downloads\Collaboreum MVP Platform\node_modules\@testing-library\react\dist\pure.js:190:26)
    at render (C:\Users\xx005\Downloads\Collaboreum MVP Platform\node_modules\@testing-library\react\dist\pure.js:292:10)
    at Object.&lt;anonymous&gt; (C:\Users\xx005\Downloads\Collaboreum MVP Platform\src\shared\ui\__tests__\Select.test.tsx:84:11)
    at Promise.then.completed (C:\Users\xx005\Downloads\Collaboreum MVP Platform\node_modules\jest-circus\build\utils.js:298:28)
    at new Promise (&lt;anonymous&gt;)
    at callAsyncCircusFn (C:\Users\xx005\Downloads\Collaboreum MVP Platform\node_modules\jest-circus\build\utils.js:231:10)
    at _callCircusTest (C:\Users\xx005\Downloads\Collaboreum MVP Platform\node_modules\jest-circus\build\run.js:316:40)
    at _runTest (C:\Users\xx005\Downloads\Collaboreum MVP Platform\node_modules\jest-circus\build\run.js:252:3)
    at _runTestsForDescribeBlock (C:\Users\xx005\Downloads\Collaboreum MVP Platform\node_modules\jest-circus\build\run.js:126:9)
    at _runTestsForDescribeBlock (C:\Users\xx005\Downloads\Collaboreum MVP Platform\node_modules\jest-circus\build\run.js:121:9)
    at run (C:\Users\xx005\Downloads\Collaboreum MVP Platform\node_modules\jest-circus\build\run.js:71:3)
    at runAndTransformResultsToJestFormat (C:\Users\xx005\Downloads\Collaboreum MVP Platform\node_modules\jest-circus\build\legacy-code-todo-rewrite\jestAdapterInit.js:122:21)
    at jestAdapter (C:\Users\xx005\Downloads\Collaboreum MVP Platform\node_modules\jest-circus\build\legacy-code-todo-rewrite\jestAdapter.js:79:19)
    at runTestInternal (C:\Users\xx005\Downloads\Collaboreum MVP Platform\node_modules\jest-runner\build\runTest.js:367:16)
    at runTest (C:\Users\xx005\Downloads\Collaboreum MVP Platform\node_modules\jest-runner\build\runTest.js:444:34)</failure>
    </testcase>
    <testcase classname="Select Component closes dropdown when clicking outside" name="Select Component closes dropdown when clicking outside" time="0.078">
      <failure>Error: `SelectItem` must be used within `SelectContent`
    at useContext2 (C:\Users\xx005\Downloads\Collaboreum MVP Platform\node_modules\@radix-ui\react-context\src\create-context.tsx:75:13)
    at C:\Users\xx005\Downloads\Collaboreum MVP Platform\node_modules\@radix-ui\react-select\src\select.tsx:1260:28
    at renderWithHooks (C:\Users\xx005\Downloads\Collaboreum MVP Platform\node_modules\react-dom\cjs\react-dom.development.js:15486:18)
    at updateForwardRef (C:\Users\xx005\Downloads\Collaboreum MVP Platform\node_modules\react-dom\cjs\react-dom.development.js:19245:20)
    at beginWork (C:\Users\xx005\Downloads\Collaboreum MVP Platform\node_modules\react-dom\cjs\react-dom.development.js:21675:16)
    at beginWork$1 (C:\Users\xx005\Downloads\Collaboreum MVP Platform\node_modules\react-dom\cjs\react-dom.development.js:27465:14)
    at performUnitOfWork (C:\Users\xx005\Downloads\Collaboreum MVP Platform\node_modules\react-dom\cjs\react-dom.development.js:26599:12)
    at workLoopSync (C:\Users\xx005\Downloads\Collaboreum MVP Platform\node_modules\react-dom\cjs\react-dom.development.js:26505:5)
    at renderRootSync (C:\Users\xx005\Downloads\Collaboreum MVP Platform\node_modules\react-dom\cjs\react-dom.development.js:26473:7)
    at recoverFromConcurrentError (C:\Users\xx005\Downloads\Collaboreum MVP Platform\node_modules\react-dom\cjs\react-dom.development.js:25889:20)
    at performConcurrentWorkOnRoot (C:\Users\xx005\Downloads\Collaboreum MVP Platform\node_modules\react-dom\cjs\react-dom.development.js:25789:22)
    at flushActQueue (C:\Users\xx005\Downloads\Collaboreum MVP Platform\node_modules\react\cjs\react.development.js:2667:24)
    at act (C:\Users\xx005\Downloads\Collaboreum MVP Platform\node_modules\react\cjs\react.development.js:2582:11)
    at C:\Users\xx005\Downloads\Collaboreum MVP Platform\node_modules\@testing-library\react\dist\act-compat.js:47:25
    at renderRoot (C:\Users\xx005\Downloads\Collaboreum MVP Platform\node_modules\@testing-library\react\dist\pure.js:190:26)
    at render (C:\Users\xx005\Downloads\Collaboreum MVP Platform\node_modules\@testing-library\react\dist\pure.js:292:10)
    at Object.&lt;anonymous&gt; (C:\Users\xx005\Downloads\Collaboreum MVP Platform\src\shared\ui\__tests__\Select.test.tsx:97:11)
    at Promise.then.completed (C:\Users\xx005\Downloads\Collaboreum MVP Platform\node_modules\jest-circus\build\utils.js:298:28)
    at new Promise (&lt;anonymous&gt;)
    at callAsyncCircusFn (C:\Users\xx005\Downloads\Collaboreum MVP Platform\node_modules\jest-circus\build\utils.js:231:10)
    at _callCircusTest (C:\Users\xx005\Downloads\Collaboreum MVP Platform\node_modules\jest-circus\build\run.js:316:40)
    at _runTest (C:\Users\xx005\Downloads\Collaboreum MVP Platform\node_modules\jest-circus\build\run.js:252:3)
    at _runTestsForDescribeBlock (C:\Users\xx005\Downloads\Collaboreum MVP Platform\node_modules\jest-circus\build\run.js:126:9)
    at _runTestsForDescribeBlock (C:\Users\xx005\Downloads\Collaboreum MVP Platform\node_modules\jest-circus\build\run.js:121:9)
    at run (C:\Users\xx005\Downloads\Collaboreum MVP Platform\node_modules\jest-circus\build\run.js:71:3)
    at runAndTransformResultsToJestFormat (C:\Users\xx005\Downloads\Collaboreum MVP Platform\node_modules\jest-circus\build\legacy-code-todo-rewrite\jestAdapterInit.js:122:21)
    at jestAdapter (C:\Users\xx005\Downloads\Collaboreum MVP Platform\node_modules\jest-circus\build\legacy-code-todo-rewrite\jestAdapter.js:79:19)
    at runTestInternal (C:\Users\xx005\Downloads\Collaboreum MVP Platform\node_modules\jest-runner\build\runTest.js:367:16)
    at runTest (C:\Users\xx005\Downloads\Collaboreum MVP Platform\node_modules\jest-runner\build\runTest.js:444:34)</failure>
    </testcase>
    <testcase classname="Select Component displays selected value correctly" name="Select Component displays selected value correctly" time="0.066">
      <failure>Error: `SelectItem` must be used within `SelectContent`
    at useContext2 (C:\Users\xx005\Downloads\Collaboreum MVP Platform\node_modules\@radix-ui\react-context\src\create-context.tsx:75:13)
    at C:\Users\xx005\Downloads\Collaboreum MVP Platform\node_modules\@radix-ui\react-select\src\select.tsx:1260:28
    at renderWithHooks (C:\Users\xx005\Downloads\Collaboreum MVP Platform\node_modules\react-dom\cjs\react-dom.development.js:15486:18)
    at updateForwardRef (C:\Users\xx005\Downloads\Collaboreum MVP Platform\node_modules\react-dom\cjs\react-dom.development.js:19245:20)
    at beginWork (C:\Users\xx005\Downloads\Collaboreum MVP Platform\node_modules\react-dom\cjs\react-dom.development.js:21675:16)
    at beginWork$1 (C:\Users\xx005\Downloads\Collaboreum MVP Platform\node_modules\react-dom\cjs\react-dom.development.js:27465:14)
    at performUnitOfWork (C:\Users\xx005\Downloads\Collaboreum MVP Platform\node_modules\react-dom\cjs\react-dom.development.js:26599:12)
    at workLoopSync (C:\Users\xx005\Downloads\Collaboreum MVP Platform\node_modules\react-dom\cjs\react-dom.development.js:26505:5)
    at renderRootSync (C:\Users\xx005\Downloads\Collaboreum MVP Platform\node_modules\react-dom\cjs\react-dom.development.js:26473:7)
    at recoverFromConcurrentError (C:\Users\xx005\Downloads\Collaboreum MVP Platform\node_modules\react-dom\cjs\react-dom.development.js:25889:20)
    at performConcurrentWorkOnRoot (C:\Users\xx005\Downloads\Collaboreum MVP Platform\node_modules\react-dom\cjs\react-dom.development.js:25789:22)
    at flushActQueue (C:\Users\xx005\Downloads\Collaboreum MVP Platform\node_modules\react\cjs\react.development.js:2667:24)
    at act (C:\Users\xx005\Downloads\Collaboreum MVP Platform\node_modules\react\cjs\react.development.js:2582:11)
    at C:\Users\xx005\Downloads\Collaboreum MVP Platform\node_modules\@testing-library\react\dist\act-compat.js:47:25
    at renderRoot (C:\Users\xx005\Downloads\Collaboreum MVP Platform\node_modules\@testing-library\react\dist\pure.js:190:26)
    at render (C:\Users\xx005\Downloads\Collaboreum MVP Platform\node_modules\@testing-library\react\dist\pure.js:292:10)
    at Object.&lt;anonymous&gt; (C:\Users\xx005\Downloads\Collaboreum MVP Platform\src\shared\ui\__tests__\Select.test.tsx:116:11)
    at Promise.then.completed (C:\Users\xx005\Downloads\Collaboreum MVP Platform\node_modules\jest-circus\build\utils.js:298:28)
    at new Promise (&lt;anonymous&gt;)
    at callAsyncCircusFn (C:\Users\xx005\Downloads\Collaboreum MVP Platform\node_modules\jest-circus\build\utils.js:231:10)
    at _callCircusTest (C:\Users\xx005\Downloads\Collaboreum MVP Platform\node_modules\jest-circus\build\run.js:316:40)
    at _runTest (C:\Users\xx005\Downloads\Collaboreum MVP Platform\node_modules\jest-circus\build\run.js:252:3)
    at _runTestsForDescribeBlock (C:\Users\xx005\Downloads\Collaboreum MVP Platform\node_modules\jest-circus\build\run.js:126:9)
    at _runTestsForDescribeBlock (C:\Users\xx005\Downloads\Collaboreum MVP Platform\node_modules\jest-circus\build\run.js:121:9)
    at run (C:\Users\xx005\Downloads\Collaboreum MVP Platform\node_modules\jest-circus\build\run.js:71:3)
    at runAndTransformResultsToJestFormat (C:\Users\xx005\Downloads\Collaboreum MVP Platform\node_modules\jest-circus\build\legacy-code-todo-rewrite\jestAdapterInit.js:122:21)
    at jestAdapter (C:\Users\xx005\Downloads\Collaboreum MVP Platform\node_modules\jest-circus\build\legacy-code-todo-rewrite\jestAdapter.js:79:19)
    at runTestInternal (C:\Users\xx005\Downloads\Collaboreum MVP Platform\node_modules\jest-runner\build\runTest.js:367:16)
    at runTest (C:\Users\xx005\Downloads\Collaboreum MVP Platform\node_modules\jest-runner\build\runTest.js:444:34)</failure>
    </testcase>
    <testcase classname="Select Component shows checkmark for selected item" name="Select Component shows checkmark for selected item" time="0.065">
      <failure>Error: `SelectItem` must be used within `SelectContent`
    at useContext2 (C:\Users\xx005\Downloads\Collaboreum MVP Platform\node_modules\@radix-ui\react-context\src\create-context.tsx:75:13)
    at C:\Users\xx005\Downloads\Collaboreum MVP Platform\node_modules\@radix-ui\react-select\src\select.tsx:1260:28
    at renderWithHooks (C:\Users\xx005\Downloads\Collaboreum MVP Platform\node_modules\react-dom\cjs\react-dom.development.js:15486:18)
    at updateForwardRef (C:\Users\xx005\Downloads\Collaboreum MVP Platform\node_modules\react-dom\cjs\react-dom.development.js:19245:20)
    at beginWork (C:\Users\xx005\Downloads\Collaboreum MVP Platform\node_modules\react-dom\cjs\react-dom.development.js:21675:16)
    at beginWork$1 (C:\Users\xx005\Downloads\Collaboreum MVP Platform\node_modules\react-dom\cjs\react-dom.development.js:27465:14)
    at performUnitOfWork (C:\Users\xx005\Downloads\Collaboreum MVP Platform\node_modules\react-dom\cjs\react-dom.development.js:26599:12)
    at workLoopSync (C:\Users\xx005\Downloads\Collaboreum MVP Platform\node_modules\react-dom\cjs\react-dom.development.js:26505:5)
    at renderRootSync (C:\Users\xx005\Downloads\Collaboreum MVP Platform\node_modules\react-dom\cjs\react-dom.development.js:26473:7)
    at recoverFromConcurrentError (C:\Users\xx005\Downloads\Collaboreum MVP Platform\node_modules\react-dom\cjs\react-dom.development.js:25889:20)
    at performConcurrentWorkOnRoot (C:\Users\xx005\Downloads\Collaboreum MVP Platform\node_modules\react-dom\cjs\react-dom.development.js:25789:22)
    at flushActQueue (C:\Users\xx005\Downloads\Collaboreum MVP Platform\node_modules\react\cjs\react.development.js:2667:24)
    at act (C:\Users\xx005\Downloads\Collaboreum MVP Platform\node_modules\react\cjs\react.development.js:2582:11)
    at C:\Users\xx005\Downloads\Collaboreum MVP Platform\node_modules\@testing-library\react\dist\act-compat.js:47:25
    at renderRoot (C:\Users\xx005\Downloads\Collaboreum MVP Platform\node_modules\@testing-library\react\dist\pure.js:190:26)
    at render (C:\Users\xx005\Downloads\Collaboreum MVP Platform\node_modules\@testing-library\react\dist\pure.js:292:10)
    at Object.&lt;anonymous&gt; (C:\Users\xx005\Downloads\Collaboreum MVP Platform\src\shared\ui\__tests__\Select.test.tsx:122:11)
    at Promise.then.completed (C:\Users\xx005\Downloads\Collaboreum MVP Platform\node_modules\jest-circus\build\utils.js:298:28)
    at new Promise (&lt;anonymous&gt;)
    at callAsyncCircusFn (C:\Users\xx005\Downloads\Collaboreum MVP Platform\node_modules\jest-circus\build\utils.js:231:10)
    at _callCircusTest (C:\Users\xx005\Downloads\Collaboreum MVP Platform\node_modules\jest-circus\build\run.js:316:40)
    at _runTest (C:\Users\xx005\Downloads\Collaboreum MVP Platform\node_modules\jest-circus\build\run.js:252:3)
    at _runTestsForDescribeBlock (C:\Users\xx005\Downloads\Collaboreum MVP Platform\node_modules\jest-circus\build\run.js:126:9)
    at _runTestsForDescribeBlock (C:\Users\xx005\Downloads\Collaboreum MVP Platform\node_modules\jest-circus\build\run.js:121:9)
    at run (C:\Users\xx005\Downloads\Collaboreum MVP Platform\node_modules\jest-circus\build\run.js:71:3)
    at runAndTransformResultsToJestFormat (C:\Users\xx005\Downloads\Collaboreum MVP Platform\node_modules\jest-circus\build\legacy-code-todo-rewrite\jestAdapterInit.js:122:21)
    at jestAdapter (C:\Users\xx005\Downloads\Collaboreum MVP Platform\node_modules\jest-circus\build\legacy-code-todo-rewrite\jestAdapter.js:79:19)
    at runTestInternal (C:\Users\xx005\Downloads\Collaboreum MVP Platform\node_modules\jest-runner\build\runTest.js:367:16)
    at runTest (C:\Users\xx005\Downloads\Collaboreum MVP Platform\node_modules\jest-runner\build\runTest.js:444:34)</failure>
    </testcase>
    <testcase classname="Select Component is disabled when disabled prop is true" name="Select Component is disabled when disabled prop is true" time="0.079">
      <failure>Error: `SelectItem` must be used within `SelectContent`
    at useContext2 (C:\Users\xx005\Downloads\Collaboreum MVP Platform\node_modules\@radix-ui\react-context\src\create-context.tsx:75:13)
    at C:\Users\xx005\Downloads\Collaboreum MVP Platform\node_modules\@radix-ui\react-select\src\select.tsx:1260:28
    at renderWithHooks (C:\Users\xx005\Downloads\Collaboreum MVP Platform\node_modules\react-dom\cjs\react-dom.development.js:15486:18)
    at updateForwardRef (C:\Users\xx005\Downloads\Collaboreum MVP Platform\node_modules\react-dom\cjs\react-dom.development.js:19245:20)
    at beginWork (C:\Users\xx005\Downloads\Collaboreum MVP Platform\node_modules\react-dom\cjs\react-dom.development.js:21675:16)
    at beginWork$1 (C:\Users\xx005\Downloads\Collaboreum MVP Platform\node_modules\react-dom\cjs\react-dom.development.js:27465:14)
    at performUnitOfWork (C:\Users\xx005\Downloads\Collaboreum MVP Platform\node_modules\react-dom\cjs\react-dom.development.js:26599:12)
    at workLoopSync (C:\Users\xx005\Downloads\Collaboreum MVP Platform\node_modules\react-dom\cjs\react-dom.development.js:26505:5)
    at renderRootSync (C:\Users\xx005\Downloads\Collaboreum MVP Platform\node_modules\react-dom\cjs\react-dom.development.js:26473:7)
    at recoverFromConcurrentError (C:\Users\xx005\Downloads\Collaboreum MVP Platform\node_modules\react-dom\cjs\react-dom.development.js:25889:20)
    at performConcurrentWorkOnRoot (C:\Users\xx005\Downloads\Collaboreum MVP Platform\node_modules\react-dom\cjs\react-dom.development.js:25789:22)
    at flushActQueue (C:\Users\xx005\Downloads\Collaboreum MVP Platform\node_modules\react\cjs\react.development.js:2667:24)
    at act (C:\Users\xx005\Downloads\Collaboreum MVP Platform\node_modules\react\cjs\react.development.js:2582:11)
    at C:\Users\xx005\Downloads\Collaboreum MVP Platform\node_modules\@testing-library\react\dist\act-compat.js:47:25
    at renderRoot (C:\Users\xx005\Downloads\Collaboreum MVP Platform\node_modules\@testing-library\react\dist\pure.js:190:26)
    at render (C:\Users\xx005\Downloads\Collaboreum MVP Platform\node_modules\@testing-library\react\dist\pure.js:292:10)
    at Object.&lt;anonymous&gt; (C:\Users\xx005\Downloads\Collaboreum MVP Platform\src\shared\ui\__tests__\Select.test.tsx:134:11)
    at Promise.then.completed (C:\Users\xx005\Downloads\Collaboreum MVP Platform\node_modules\jest-circus\build\utils.js:298:28)
    at new Promise (&lt;anonymous&gt;)
    at callAsyncCircusFn (C:\Users\xx005\Downloads\Collaboreum MVP Platform\node_modules\jest-circus\build\utils.js:231:10)
    at _callCircusTest (C:\Users\xx005\Downloads\Collaboreum MVP Platform\node_modules\jest-circus\build\run.js:316:40)
    at _runTest (C:\Users\xx005\Downloads\Collaboreum MVP Platform\node_modules\jest-circus\build\run.js:252:3)
    at _runTestsForDescribeBlock (C:\Users\xx005\Downloads\Collaboreum MVP Platform\node_modules\jest-circus\build\run.js:126:9)
    at _runTestsForDescribeBlock (C:\Users\xx005\Downloads\Collaboreum MVP Platform\node_modules\jest-circus\build\run.js:121:9)
    at run (C:\Users\xx005\Downloads\Collaboreum MVP Platform\node_modules\jest-circus\build\run.js:71:3)
    at runAndTransformResultsToJestFormat (C:\Users\xx005\Downloads\Collaboreum MVP Platform\node_modules\jest-circus\build\legacy-code-todo-rewrite\jestAdapterInit.js:122:21)
    at jestAdapter (C:\Users\xx005\Downloads\Collaboreum MVP Platform\node_modules\jest-circus\build\legacy-code-todo-rewrite\jestAdapter.js:79:19)
    at runTestInternal (C:\Users\xx005\Downloads\Collaboreum MVP Platform\node_modules\jest-runner\build\runTest.js:367:16)
    at runTest (C:\Users\xx005\Downloads\Collaboreum MVP Platform\node_modules\jest-runner\build\runTest.js:444:34)</failure>
    </testcase>
    <testcase classname="Select Component applies correct size variants" name="Select Component applies correct size variants" time="0.064">
      <failure>Error: `SelectItem` must be used within `SelectContent`
    at useContext2 (C:\Users\xx005\Downloads\Collaboreum MVP Platform\node_modules\@radix-ui\react-context\src\create-context.tsx:75:13)
    at C:\Users\xx005\Downloads\Collaboreum MVP Platform\node_modules\@radix-ui\react-select\src\select.tsx:1260:28
    at renderWithHooks (C:\Users\xx005\Downloads\Collaboreum MVP Platform\node_modules\react-dom\cjs\react-dom.development.js:15486:18)
    at updateForwardRef (C:\Users\xx005\Downloads\Collaboreum MVP Platform\node_modules\react-dom\cjs\react-dom.development.js:19245:20)
    at beginWork (C:\Users\xx005\Downloads\Collaboreum MVP Platform\node_modules\react-dom\cjs\react-dom.development.js:21675:16)
    at beginWork$1 (C:\Users\xx005\Downloads\Collaboreum MVP Platform\node_modules\react-dom\cjs\react-dom.development.js:27465:14)
    at performUnitOfWork (C:\Users\xx005\Downloads\Collaboreum MVP Platform\node_modules\react-dom\cjs\react-dom.development.js:26599:12)
    at workLoopSync (C:\Users\xx005\Downloads\Collaboreum MVP Platform\node_modules\react-dom\cjs\react-dom.development.js:26505:5)
    at renderRootSync (C:\Users\xx005\Downloads\Collaboreum MVP Platform\node_modules\react-dom\cjs\react-dom.development.js:26473:7)
    at recoverFromConcurrentError (C:\Users\xx005\Downloads\Collaboreum MVP Platform\node_modules\react-dom\cjs\react-dom.development.js:25889:20)
    at performConcurrentWorkOnRoot (C:\Users\xx005\Downloads\Collaboreum MVP Platform\node_modules\react-dom\cjs\react-dom.development.js:25789:22)
    at flushActQueue (C:\Users\xx005\Downloads\Collaboreum MVP Platform\node_modules\react\cjs\react.development.js:2667:24)
    at act (C:\Users\xx005\Downloads\Collaboreum MVP Platform\node_modules\react\cjs\react.development.js:2582:11)
    at C:\Users\xx005\Downloads\Collaboreum MVP Platform\node_modules\@testing-library\react\dist\act-compat.js:47:25
    at renderRoot (C:\Users\xx005\Downloads\Collaboreum MVP Platform\node_modules\@testing-library\react\dist\pure.js:190:26)
    at render (C:\Users\xx005\Downloads\Collaboreum MVP Platform\node_modules\@testing-library\react\dist\pure.js:292:10)
    at Object.&lt;anonymous&gt; (C:\Users\xx005\Downloads\Collaboreum MVP Platform\src\shared\ui\__tests__\Select.test.tsx:140:32)
    at Promise.then.completed (C:\Users\xx005\Downloads\Collaboreum MVP Platform\node_modules\jest-circus\build\utils.js:298:28)
    at new Promise (&lt;anonymous&gt;)
    at callAsyncCircusFn (C:\Users\xx005\Downloads\Collaboreum MVP Platform\node_modules\jest-circus\build\utils.js:231:10)
    at _callCircusTest (C:\Users\xx005\Downloads\Collaboreum MVP Platform\node_modules\jest-circus\build\run.js:316:40)
    at _runTest (C:\Users\xx005\Downloads\Collaboreum MVP Platform\node_modules\jest-circus\build\run.js:252:3)
    at _runTestsForDescribeBlock (C:\Users\xx005\Downloads\Collaboreum MVP Platform\node_modules\jest-circus\build\run.js:126:9)
    at _runTestsForDescribeBlock (C:\Users\xx005\Downloads\Collaboreum MVP Platform\node_modules\jest-circus\build\run.js:121:9)
    at run (C:\Users\xx005\Downloads\Collaboreum MVP Platform\node_modules\jest-circus\build\run.js:71:3)
    at runAndTransformResultsToJestFormat (C:\Users\xx005\Downloads\Collaboreum MVP Platform\node_modules\jest-circus\build\legacy-code-todo-rewrite\jestAdapterInit.js:122:21)
    at jestAdapter (C:\Users\xx005\Downloads\Collaboreum MVP Platform\node_modules\jest-circus\build\legacy-code-todo-rewrite\jestAdapter.js:79:19)
    at runTestInternal (C:\Users\xx005\Downloads\Collaboreum MVP Platform\node_modules\jest-runner\build\runTest.js:367:16)
    at runTest (C:\Users\xx005\Downloads\Collaboreum MVP Platform\node_modules\jest-runner\build\runTest.js:444:34)</failure>
    </testcase>
    <testcase classname="Select Component applies correct tone variants" name="Select Component applies correct tone variants" time="0.074">
      <failure>Error: `SelectItem` must be used within `SelectContent`
    at useContext2 (C:\Users\xx005\Downloads\Collaboreum MVP Platform\node_modules\@radix-ui\react-context\src\create-context.tsx:75:13)
    at C:\Users\xx005\Downloads\Collaboreum MVP Platform\node_modules\@radix-ui\react-select\src\select.tsx:1260:28
    at renderWithHooks (C:\Users\xx005\Downloads\Collaboreum MVP Platform\node_modules\react-dom\cjs\react-dom.development.js:15486:18)
    at updateForwardRef (C:\Users\xx005\Downloads\Collaboreum MVP Platform\node_modules\react-dom\cjs\react-dom.development.js:19245:20)
    at beginWork (C:\Users\xx005\Downloads\Collaboreum MVP Platform\node_modules\react-dom\cjs\react-dom.development.js:21675:16)
    at beginWork$1 (C:\Users\xx005\Downloads\Collaboreum MVP Platform\node_modules\react-dom\cjs\react-dom.development.js:27465:14)
    at performUnitOfWork (C:\Users\xx005\Downloads\Collaboreum MVP Platform\node_modules\react-dom\cjs\react-dom.development.js:26599:12)
    at workLoopSync (C:\Users\xx005\Downloads\Collaboreum MVP Platform\node_modules\react-dom\cjs\react-dom.development.js:26505:5)
    at renderRootSync (C:\Users\xx005\Downloads\Collaboreum MVP Platform\node_modules\react-dom\cjs\react-dom.development.js:26473:7)
    at recoverFromConcurrentError (C:\Users\xx005\Downloads\Collaboreum MVP Platform\node_modules\react-dom\cjs\react-dom.development.js:25889:20)
    at performConcurrentWorkOnRoot (C:\Users\xx005\Downloads\Collaboreum MVP Platform\node_modules\react-dom\cjs\react-dom.development.js:25789:22)
    at flushActQueue (C:\Users\xx005\Downloads\Collaboreum MVP Platform\node_modules\react\cjs\react.development.js:2667:24)
    at act (C:\Users\xx005\Downloads\Collaboreum MVP Platform\node_modules\react\cjs\react.development.js:2582:11)
    at C:\Users\xx005\Downloads\Collaboreum MVP Platform\node_modules\@testing-library\react\dist\act-compat.js:47:25
    at renderRoot (C:\Users\xx005\Downloads\Collaboreum MVP Platform\node_modules\@testing-library\react\dist\pure.js:190:26)
    at render (C:\Users\xx005\Downloads\Collaboreum MVP Platform\node_modules\@testing-library\react\dist\pure.js:292:10)
    at Object.&lt;anonymous&gt; (C:\Users\xx005\Downloads\Collaboreum MVP Platform\src\shared\ui\__tests__\Select.test.tsx:150:32)
    at Promise.then.completed (C:\Users\xx005\Downloads\Collaboreum MVP Platform\node_modules\jest-circus\build\utils.js:298:28)
    at new Promise (&lt;anonymous&gt;)
    at callAsyncCircusFn (C:\Users\xx005\Downloads\Collaboreum MVP Platform\node_modules\jest-circus\build\utils.js:231:10)
    at _callCircusTest (C:\Users\xx005\Downloads\Collaboreum MVP Platform\node_modules\jest-circus\build\run.js:316:40)
    at _runTest (C:\Users\xx005\Downloads\Collaboreum MVP Platform\node_modules\jest-circus\build\run.js:252:3)
    at _runTestsForDescribeBlock (C:\Users\xx005\Downloads\Collaboreum MVP Platform\node_modules\jest-circus\build\run.js:126:9)
    at _runTestsForDescribeBlock (C:\Users\xx005\Downloads\Collaboreum MVP Platform\node_modules\jest-circus\build\run.js:121:9)
    at run (C:\Users\xx005\Downloads\Collaboreum MVP Platform\node_modules\jest-circus\build\run.js:71:3)
    at runAndTransformResultsToJestFormat (C:\Users\xx005\Downloads\Collaboreum MVP Platform\node_modules\jest-circus\build\legacy-code-todo-rewrite\jestAdapterInit.js:122:21)
    at jestAdapter (C:\Users\xx005\Downloads\Collaboreum MVP Platform\node_modules\jest-circus\build\legacy-code-todo-rewrite\jestAdapter.js:79:19)
    at runTestInternal (C:\Users\xx005\Downloads\Collaboreum MVP Platform\node_modules\jest-runner\build\runTest.js:367:16)
    at runTest (C:\Users\xx005\Downloads\Collaboreum MVP Platform\node_modules\jest-runner\build\runTest.js:444:34)</failure>
    </testcase>
    <testcase classname="Select Component has no accessibility violations" name="Select Component has no accessibility violations" time="0.064">
      <failure>Error: `SelectItem` must be used within `SelectContent`
    at useContext2 (C:\Users\xx005\Downloads\Collaboreum MVP Platform\node_modules\@radix-ui\react-context\src\create-context.tsx:75:13)
    at C:\Users\xx005\Downloads\Collaboreum MVP Platform\node_modules\@radix-ui\react-select\src\select.tsx:1260:28
    at renderWithHooks (C:\Users\xx005\Downloads\Collaboreum MVP Platform\node_modules\react-dom\cjs\react-dom.development.js:15486:18)
    at updateForwardRef (C:\Users\xx005\Downloads\Collaboreum MVP Platform\node_modules\react-dom\cjs\react-dom.development.js:19245:20)
    at beginWork (C:\Users\xx005\Downloads\Collaboreum MVP Platform\node_modules\react-dom\cjs\react-dom.development.js:21675:16)
    at beginWork$1 (C:\Users\xx005\Downloads\Collaboreum MVP Platform\node_modules\react-dom\cjs\react-dom.development.js:27465:14)
    at performUnitOfWork (C:\Users\xx005\Downloads\Collaboreum MVP Platform\node_modules\react-dom\cjs\react-dom.development.js:26599:12)
    at workLoopSync (C:\Users\xx005\Downloads\Collaboreum MVP Platform\node_modules\react-dom\cjs\react-dom.development.js:26505:5)
    at renderRootSync (C:\Users\xx005\Downloads\Collaboreum MVP Platform\node_modules\react-dom\cjs\react-dom.development.js:26473:7)
    at recoverFromConcurrentError (C:\Users\xx005\Downloads\Collaboreum MVP Platform\node_modules\react-dom\cjs\react-dom.development.js:25889:20)
    at performConcurrentWorkOnRoot (C:\Users\xx005\Downloads\Collaboreum MVP Platform\node_modules\react-dom\cjs\react-dom.development.js:25789:22)
    at flushActQueue (C:\Users\xx005\Downloads\Collaboreum MVP Platform\node_modules\react\cjs\react.development.js:2667:24)
    at act (C:\Users\xx005\Downloads\Collaboreum MVP Platform\node_modules\react\cjs\react.development.js:2582:11)
    at C:\Users\xx005\Downloads\Collaboreum MVP Platform\node_modules\@testing-library\react\dist\act-compat.js:47:25
    at renderRoot (C:\Users\xx005\Downloads\Collaboreum MVP Platform\node_modules\@testing-library\react\dist\pure.js:190:26)
    at render (C:\Users\xx005\Downloads\Collaboreum MVP Platform\node_modules\@testing-library\react\dist\pure.js:292:10)
    at Object.&lt;anonymous&gt; (C:\Users\xx005\Downloads\Collaboreum MVP Platform\src\shared\ui\__tests__\Select.test.tsx:160:33)
    at Promise.then.completed (C:\Users\xx005\Downloads\Collaboreum MVP Platform\node_modules\jest-circus\build\utils.js:298:28)
    at new Promise (&lt;anonymous&gt;)
    at callAsyncCircusFn (C:\Users\xx005\Downloads\Collaboreum MVP Platform\node_modules\jest-circus\build\utils.js:231:10)
    at _callCircusTest (C:\Users\xx005\Downloads\Collaboreum MVP Platform\node_modules\jest-circus\build\run.js:316:40)
    at _runTest (C:\Users\xx005\Downloads\Collaboreum MVP Platform\node_modules\jest-circus\build\run.js:252:3)
    at _runTestsForDescribeBlock (C:\Users\xx005\Downloads\Collaboreum MVP Platform\node_modules\jest-circus\build\run.js:126:9)
    at _runTestsForDescribeBlock (C:\Users\xx005\Downloads\Collaboreum MVP Platform\node_modules\jest-circus\build\run.js:121:9)
    at run (C:\Users\xx005\Downloads\Collaboreum MVP Platform\node_modules\jest-circus\build\run.js:71:3)
    at runAndTransformResultsToJestFormat (C:\Users\xx005\Downloads\Collaboreum MVP Platform\node_modules\jest-circus\build\legacy-code-todo-rewrite\jestAdapterInit.js:122:21)
    at jestAdapter (C:\Users\xx005\Downloads\Collaboreum MVP Platform\node_modules\jest-circus\build\legacy-code-todo-rewrite\jestAdapter.js:79:19)
    at runTestInternal (C:\Users\xx005\Downloads\Collaboreum MVP Platform\node_modules\jest-runner\build\runTest.js:367:16)
    at runTest (C:\Users\xx005\Downloads\Collaboreum MVP Platform\node_modules\jest-runner\build\runTest.js:444:34)</failure>
    </testcase>
    <testcase classname="Select Component has proper ARIA attributes" name="Select Component has proper ARIA attributes" time="0.068">
      <failure>Error: `SelectItem` must be used within `SelectContent`
    at useContext2 (C:\Users\xx005\Downloads\Collaboreum MVP Platform\node_modules\@radix-ui\react-context\src\create-context.tsx:75:13)
    at C:\Users\xx005\Downloads\Collaboreum MVP Platform\node_modules\@radix-ui\react-select\src\select.tsx:1260:28
    at renderWithHooks (C:\Users\xx005\Downloads\Collaboreum MVP Platform\node_modules\react-dom\cjs\react-dom.development.js:15486:18)
    at updateForwardRef (C:\Users\xx005\Downloads\Collaboreum MVP Platform\node_modules\react-dom\cjs\react-dom.development.js:19245:20)
    at beginWork (C:\Users\xx005\Downloads\Collaboreum MVP Platform\node_modules\react-dom\cjs\react-dom.development.js:21675:16)
    at beginWork$1 (C:\Users\xx005\Downloads\Collaboreum MVP Platform\node_modules\react-dom\cjs\react-dom.development.js:27465:14)
    at performUnitOfWork (C:\Users\xx005\Downloads\Collaboreum MVP Platform\node_modules\react-dom\cjs\react-dom.development.js:26599:12)
    at workLoopSync (C:\Users\xx005\Downloads\Collaboreum MVP Platform\node_modules\react-dom\cjs\react-dom.development.js:26505:5)
    at renderRootSync (C:\Users\xx005\Downloads\Collaboreum MVP Platform\node_modules\react-dom\cjs\react-dom.development.js:26473:7)
    at recoverFromConcurrentError (C:\Users\xx005\Downloads\Collaboreum MVP Platform\node_modules\react-dom\cjs\react-dom.development.js:25889:20)
    at performConcurrentWorkOnRoot (C:\Users\xx005\Downloads\Collaboreum MVP Platform\node_modules\react-dom\cjs\react-dom.development.js:25789:22)
    at flushActQueue (C:\Users\xx005\Downloads\Collaboreum MVP Platform\node_modules\react\cjs\react.development.js:2667:24)
    at act (C:\Users\xx005\Downloads\Collaboreum MVP Platform\node_modules\react\cjs\react.development.js:2582:11)
    at C:\Users\xx005\Downloads\Collaboreum MVP Platform\node_modules\@testing-library\react\dist\act-compat.js:47:25
    at renderRoot (C:\Users\xx005\Downloads\Collaboreum MVP Platform\node_modules\@testing-library\react\dist\pure.js:190:26)
    at render (C:\Users\xx005\Downloads\Collaboreum MVP Platform\node_modules\@testing-library\react\dist\pure.js:292:10)
    at Object.&lt;anonymous&gt; (C:\Users\xx005\Downloads\Collaboreum MVP Platform\src\shared\ui\__tests__\Select.test.tsx:166:11)
    at Promise.then.completed (C:\Users\xx005\Downloads\Collaboreum MVP Platform\node_modules\jest-circus\build\utils.js:298:28)
    at new Promise (&lt;anonymous&gt;)
    at callAsyncCircusFn (C:\Users\xx005\Downloads\Collaboreum MVP Platform\node_modules\jest-circus\build\utils.js:231:10)
    at _callCircusTest (C:\Users\xx005\Downloads\Collaboreum MVP Platform\node_modules\jest-circus\build\run.js:316:40)
    at _runTest (C:\Users\xx005\Downloads\Collaboreum MVP Platform\node_modules\jest-circus\build\run.js:252:3)
    at _runTestsForDescribeBlock (C:\Users\xx005\Downloads\Collaboreum MVP Platform\node_modules\jest-circus\build\run.js:126:9)
    at _runTestsForDescribeBlock (C:\Users\xx005\Downloads\Collaboreum MVP Platform\node_modules\jest-circus\build\run.js:121:9)
    at run (C:\Users\xx005\Downloads\Collaboreum MVP Platform\node_modules\jest-circus\build\run.js:71:3)
    at runAndTransformResultsToJestFormat (C:\Users\xx005\Downloads\Collaboreum MVP Platform\node_modules\jest-circus\build\legacy-code-todo-rewrite\jestAdapterInit.js:122:21)
    at jestAdapter (C:\Users\xx005\Downloads\Collaboreum MVP Platform\node_modules\jest-circus\build\legacy-code-todo-rewrite\jestAdapter.js:79:19)
    at runTestInternal (C:\Users\xx005\Downloads\Collaboreum MVP Platform\node_modules\jest-runner\build\runTest.js:367:16)
    at runTest (C:\Users\xx005\Downloads\Collaboreum MVP Platform\node_modules\jest-runner\build\runTest.js:444:34)</failure>
    </testcase>
    <testcase classname="Select Component updates ARIA attributes when opened" name="Select Component updates ARIA attributes when opened" time="0.055">
      <failure>Error: `SelectItem` must be used within `SelectContent`
    at useContext2 (C:\Users\xx005\Downloads\Collaboreum MVP Platform\node_modules\@radix-ui\react-context\src\create-context.tsx:75:13)
    at C:\Users\xx005\Downloads\Collaboreum MVP Platform\node_modules\@radix-ui\react-select\src\select.tsx:1260:28
    at renderWithHooks (C:\Users\xx005\Downloads\Collaboreum MVP Platform\node_modules\react-dom\cjs\react-dom.development.js:15486:18)
    at updateForwardRef (C:\Users\xx005\Downloads\Collaboreum MVP Platform\node_modules\react-dom\cjs\react-dom.development.js:19245:20)
    at beginWork (C:\Users\xx005\Downloads\Collaboreum MVP Platform\node_modules\react-dom\cjs\react-dom.development.js:21675:16)
    at beginWork$1 (C:\Users\xx005\Downloads\Collaboreum MVP Platform\node_modules\react-dom\cjs\react-dom.development.js:27465:14)
    at performUnitOfWork (C:\Users\xx005\Downloads\Collaboreum MVP Platform\node_modules\react-dom\cjs\react-dom.development.js:26599:12)
    at workLoopSync (C:\Users\xx005\Downloads\Collaboreum MVP Platform\node_modules\react-dom\cjs\react-dom.development.js:26505:5)
    at renderRootSync (C:\Users\xx005\Downloads\Collaboreum MVP Platform\node_modules\react-dom\cjs\react-dom.development.js:26473:7)
    at recoverFromConcurrentError (C:\Users\xx005\Downloads\Collaboreum MVP Platform\node_modules\react-dom\cjs\react-dom.development.js:25889:20)
    at performConcurrentWorkOnRoot (C:\Users\xx005\Downloads\Collaboreum MVP Platform\node_modules\react-dom\cjs\react-dom.development.js:25789:22)
    at flushActQueue (C:\Users\xx005\Downloads\Collaboreum MVP Platform\node_modules\react\cjs\react.development.js:2667:24)
    at act (C:\Users\xx005\Downloads\Collaboreum MVP Platform\node_modules\react\cjs\react.development.js:2582:11)
    at C:\Users\xx005\Downloads\Collaboreum MVP Platform\node_modules\@testing-library\react\dist\act-compat.js:47:25
    at renderRoot (C:\Users\xx005\Downloads\Collaboreum MVP Platform\node_modules\@testing-library\react\dist\pure.js:190:26)
    at render (C:\Users\xx005\Downloads\Collaboreum MVP Platform\node_modules\@testing-library\react\dist\pure.js:292:10)
    at Object.&lt;anonymous&gt; (C:\Users\xx005\Downloads\Collaboreum MVP Platform\src\shared\ui\__tests__\Select.test.tsx:176:11)
    at Promise.then.completed (C:\Users\xx005\Downloads\Collaboreum MVP Platform\node_modules\jest-circus\build\utils.js:298:28)
    at new Promise (&lt;anonymous&gt;)
    at callAsyncCircusFn (C:\Users\xx005\Downloads\Collaboreum MVP Platform\node_modules\jest-circus\build\utils.js:231:10)
    at _callCircusTest (C:\Users\xx005\Downloads\Collaboreum MVP Platform\node_modules\jest-circus\build\run.js:316:40)
    at _runTest (C:\Users\xx005\Downloads\Collaboreum MVP Platform\node_modules\jest-circus\build\run.js:252:3)
    at _runTestsForDescribeBlock (C:\Users\xx005\Downloads\Collaboreum MVP Platform\node_modules\jest-circus\build\run.js:126:9)
    at _runTestsForDescribeBlock (C:\Users\xx005\Downloads\Collaboreum MVP Platform\node_modules\jest-circus\build\run.js:121:9)
    at run (C:\Users\xx005\Downloads\Collaboreum MVP Platform\node_modules\jest-circus\build\run.js:71:3)
    at runAndTransformResultsToJestFormat (C:\Users\xx005\Downloads\Collaboreum MVP Platform\node_modules\jest-circus\build\legacy-code-todo-rewrite\jestAdapterInit.js:122:21)
    at jestAdapter (C:\Users\xx005\Downloads\Collaboreum MVP Platform\node_modules\jest-circus\build\legacy-code-todo-rewrite\jestAdapter.js:79:19)
    at runTestInternal (C:\Users\xx005\Downloads\Collaboreum MVP Platform\node_modules\jest-runner\build\runTest.js:367:16)
    at runTest (C:\Users\xx005\Downloads\Collaboreum MVP Platform\node_modules\jest-runner\build\runTest.js:444:34)</failure>
    </testcase>
    <testcase classname="SelectItem Component renders with correct props" name="SelectItem Component renders with correct props" time="0.043">
      <failure>Error: `SelectItem` must be used within `Select`
    at useContext2 (C:\Users\xx005\Downloads\Collaboreum MVP Platform\node_modules\@radix-ui\react-context\src\create-context.tsx:75:13)
    at C:\Users\xx005\Downloads\Collaboreum MVP Platform\node_modules\@radix-ui\react-select\src\select.tsx:1259:21
    at renderWithHooks (C:\Users\xx005\Downloads\Collaboreum MVP Platform\node_modules\react-dom\cjs\react-dom.development.js:15486:18)
    at updateForwardRef (C:\Users\xx005\Downloads\Collaboreum MVP Platform\node_modules\react-dom\cjs\react-dom.development.js:19245:20)
    at beginWork (C:\Users\xx005\Downloads\Collaboreum MVP Platform\node_modules\react-dom\cjs\react-dom.development.js:21675:16)
    at beginWork$1 (C:\Users\xx005\Downloads\Collaboreum MVP Platform\node_modules\react-dom\cjs\react-dom.development.js:27465:14)
    at performUnitOfWork (C:\Users\xx005\Downloads\Collaboreum MVP Platform\node_modules\react-dom\cjs\react-dom.development.js:26599:12)
    at workLoopSync (C:\Users\xx005\Downloads\Collaboreum MVP Platform\node_modules\react-dom\cjs\react-dom.development.js:26505:5)
    at renderRootSync (C:\Users\xx005\Downloads\Collaboreum MVP Platform\node_modules\react-dom\cjs\react-dom.development.js:26473:7)
    at recoverFromConcurrentError (C:\Users\xx005\Downloads\Collaboreum MVP Platform\node_modules\react-dom\cjs\react-dom.development.js:25889:20)
    at performConcurrentWorkOnRoot (C:\Users\xx005\Downloads\Collaboreum MVP Platform\node_modules\react-dom\cjs\react-dom.development.js:25789:22)
    at flushActQueue (C:\Users\xx005\Downloads\Collaboreum MVP Platform\node_modules\react\cjs\react.development.js:2667:24)
    at act (C:\Users\xx005\Downloads\Collaboreum MVP Platform\node_modules\react\cjs\react.development.js:2582:11)
    at C:\Users\xx005\Downloads\Collaboreum MVP Platform\node_modules\@testing-library\react\dist\act-compat.js:47:25
    at renderRoot (C:\Users\xx005\Downloads\Collaboreum MVP Platform\node_modules\@testing-library\react\dist\pure.js:190:26)
    at render (C:\Users\xx005\Downloads\Collaboreum MVP Platform\node_modules\@testing-library\react\dist\pure.js:292:10)
    at Object.&lt;anonymous&gt; (C:\Users\xx005\Downloads\Collaboreum MVP Platform\src\shared\ui\__tests__\Select.test.tsx:187:11)
    at Promise.then.completed (C:\Users\xx005\Downloads\Collaboreum MVP Platform\node_modules\jest-circus\build\utils.js:298:28)
    at new Promise (&lt;anonymous&gt;)
    at callAsyncCircusFn (C:\Users\xx005\Downloads\Collaboreum MVP Platform\node_modules\jest-circus\build\utils.js:231:10)
    at _callCircusTest (C:\Users\xx005\Downloads\Collaboreum MVP Platform\node_modules\jest-circus\build\run.js:316:40)
    at _runTest (C:\Users\xx005\Downloads\Collaboreum MVP Platform\node_modules\jest-circus\build\run.js:252:3)
    at _runTestsForDescribeBlock (C:\Users\xx005\Downloads\Collaboreum MVP Platform\node_modules\jest-circus\build\run.js:126:9)
    at _runTestsForDescribeBlock (C:\Users\xx005\Downloads\Collaboreum MVP Platform\node_modules\jest-circus\build\run.js:121:9)
    at run (C:\Users\xx005\Downloads\Collaboreum MVP Platform\node_modules\jest-circus\build\run.js:71:3)
    at runAndTransformResultsToJestFormat (C:\Users\xx005\Downloads\Collaboreum MVP Platform\node_modules\jest-circus\build\legacy-code-todo-rewrite\jestAdapterInit.js:122:21)
    at jestAdapter (C:\Users\xx005\Downloads\Collaboreum MVP Platform\node_modules\jest-circus\build\legacy-code-todo-rewrite\jestAdapter.js:79:19)
    at runTestInternal (C:\Users\xx005\Downloads\Collaboreum MVP Platform\node_modules\jest-runner\build\runTest.js:367:16)
    at runTest (C:\Users\xx005\Downloads\Collaboreum MVP Platform\node_modules\jest-runner\build\runTest.js:444:34)</failure>
    </testcase>
    <testcase classname="SelectItem Component calls onSelect when clicked" name="SelectItem Component calls onSelect when clicked" time="0.031">
      <failure>Error: `SelectItem` must be used within `Select`
    at useContext2 (C:\Users\xx005\Downloads\Collaboreum MVP Platform\node_modules\@radix-ui\react-context\src\create-context.tsx:75:13)
    at C:\Users\xx005\Downloads\Collaboreum MVP Platform\node_modules\@radix-ui\react-select\src\select.tsx:1259:21
    at renderWithHooks (C:\Users\xx005\Downloads\Collaboreum MVP Platform\node_modules\react-dom\cjs\react-dom.development.js:15486:18)
    at updateForwardRef (C:\Users\xx005\Downloads\Collaboreum MVP Platform\node_modules\react-dom\cjs\react-dom.development.js:19245:20)
    at beginWork (C:\Users\xx005\Downloads\Collaboreum MVP Platform\node_modules\react-dom\cjs\react-dom.development.js:21675:16)
    at beginWork$1 (C:\Users\xx005\Downloads\Collaboreum MVP Platform\node_modules\react-dom\cjs\react-dom.development.js:27465:14)
    at performUnitOfWork (C:\Users\xx005\Downloads\Collaboreum MVP Platform\node_modules\react-dom\cjs\react-dom.development.js:26599:12)
    at workLoopSync (C:\Users\xx005\Downloads\Collaboreum MVP Platform\node_modules\react-dom\cjs\react-dom.development.js:26505:5)
    at renderRootSync (C:\Users\xx005\Downloads\Collaboreum MVP Platform\node_modules\react-dom\cjs\react-dom.development.js:26473:7)
    at recoverFromConcurrentError (C:\Users\xx005\Downloads\Collaboreum MVP Platform\node_modules\react-dom\cjs\react-dom.development.js:25889:20)
    at performConcurrentWorkOnRoot (C:\Users\xx005\Downloads\Collaboreum MVP Platform\node_modules\react-dom\cjs\react-dom.development.js:25789:22)
    at flushActQueue (C:\Users\xx005\Downloads\Collaboreum MVP Platform\node_modules\react\cjs\react.development.js:2667:24)
    at act (C:\Users\xx005\Downloads\Collaboreum MVP Platform\node_modules\react\cjs\react.development.js:2582:11)
    at C:\Users\xx005\Downloads\Collaboreum MVP Platform\node_modules\@testing-library\react\dist\act-compat.js:47:25
    at renderRoot (C:\Users\xx005\Downloads\Collaboreum MVP Platform\node_modules\@testing-library\react\dist\pure.js:190:26)
    at render (C:\Users\xx005\Downloads\Collaboreum MVP Platform\node_modules\@testing-library\react\dist\pure.js:292:10)
    at Object.&lt;anonymous&gt; (C:\Users\xx005\Downloads\Collaboreum MVP Platform\src\shared\ui\__tests__\Select.test.tsx:203:11)
    at Promise.then.completed (C:\Users\xx005\Downloads\Collaboreum MVP Platform\node_modules\jest-circus\build\utils.js:298:28)
    at new Promise (&lt;anonymous&gt;)
    at callAsyncCircusFn (C:\Users\xx005\Downloads\Collaboreum MVP Platform\node_modules\jest-circus\build\utils.js:231:10)
    at _callCircusTest (C:\Users\xx005\Downloads\Collaboreum MVP Platform\node_modules\jest-circus\build\run.js:316:40)
    at _runTest (C:\Users\xx005\Downloads\Collaboreum MVP Platform\node_modules\jest-circus\build\run.js:252:3)
    at _runTestsForDescribeBlock (C:\Users\xx005\Downloads\Collaboreum MVP Platform\node_modules\jest-circus\build\run.js:126:9)
    at _runTestsForDescribeBlock (C:\Users\xx005\Downloads\Collaboreum MVP Platform\node_modules\jest-circus\build\run.js:121:9)
    at run (C:\Users\xx005\Downloads\Collaboreum MVP Platform\node_modules\jest-circus\build\run.js:71:3)
    at runAndTransformResultsToJestFormat (C:\Users\xx005\Downloads\Collaboreum MVP Platform\node_modules\jest-circus\build\legacy-code-todo-rewrite\jestAdapterInit.js:122:21)
    at jestAdapter (C:\Users\xx005\Downloads\Collaboreum MVP Platform\node_modules\jest-circus\build\legacy-code-todo-rewrite\jestAdapter.js:79:19)
    at runTestInternal (C:\Users\xx005\Downloads\Collaboreum MVP Platform\node_modules\jest-runner\build\runTest.js:367:16)
    at runTest (C:\Users\xx005\Downloads\Collaboreum MVP Platform\node_modules\jest-runner\build\runTest.js:444:34)</failure>
    </testcase>
    <testcase classname="SelectItem Component handles keyboard events" name="SelectItem Component handles keyboard events" time="0.014">
      <failure>Error: `SelectItem` must be used within `Select`
    at useContext2 (C:\Users\xx005\Downloads\Collaboreum MVP Platform\node_modules\@radix-ui\react-context\src\create-context.tsx:75:13)
    at C:\Users\xx005\Downloads\Collaboreum MVP Platform\node_modules\@radix-ui\react-select\src\select.tsx:1259:21
    at renderWithHooks (C:\Users\xx005\Downloads\Collaboreum MVP Platform\node_modules\react-dom\cjs\react-dom.development.js:15486:18)
    at updateForwardRef (C:\Users\xx005\Downloads\Collaboreum MVP Platform\node_modules\react-dom\cjs\react-dom.development.js:19245:20)
    at beginWork (C:\Users\xx005\Downloads\Collaboreum MVP Platform\node_modules\react-dom\cjs\react-dom.development.js:21675:16)
    at beginWork$1 (C:\Users\xx005\Downloads\Collaboreum MVP Platform\node_modules\react-dom\cjs\react-dom.development.js:27465:14)
    at performUnitOfWork (C:\Users\xx005\Downloads\Collaboreum MVP Platform\node_modules\react-dom\cjs\react-dom.development.js:26599:12)
    at workLoopSync (C:\Users\xx005\Downloads\Collaboreum MVP Platform\node_modules\react-dom\cjs\react-dom.development.js:26505:5)
    at renderRootSync (C:\Users\xx005\Downloads\Collaboreum MVP Platform\node_modules\react-dom\cjs\react-dom.development.js:26473:7)
    at recoverFromConcurrentError (C:\Users\xx005\Downloads\Collaboreum MVP Platform\node_modules\react-dom\cjs\react-dom.development.js:25889:20)
    at performConcurrentWorkOnRoot (C:\Users\xx005\Downloads\Collaboreum MVP Platform\node_modules\react-dom\cjs\react-dom.development.js:25789:22)
    at flushActQueue (C:\Users\xx005\Downloads\Collaboreum MVP Platform\node_modules\react\cjs\react.development.js:2667:24)
    at act (C:\Users\xx005\Downloads\Collaboreum MVP Platform\node_modules\react\cjs\react.development.js:2582:11)
    at C:\Users\xx005\Downloads\Collaboreum MVP Platform\node_modules\@testing-library\react\dist\act-compat.js:47:25
    at renderRoot (C:\Users\xx005\Downloads\Collaboreum MVP Platform\node_modules\@testing-library\react\dist\pure.js:190:26)
    at render (C:\Users\xx005\Downloads\Collaboreum MVP Platform\node_modules\@testing-library\react\dist\pure.js:292:10)
    at Object.&lt;anonymous&gt; (C:\Users\xx005\Downloads\Collaboreum MVP Platform\src\shared\ui\__tests__\Select.test.tsx:219:11)
    at Promise.then.completed (C:\Users\xx005\Downloads\Collaboreum MVP Platform\node_modules\jest-circus\build\utils.js:298:28)
    at new Promise (&lt;anonymous&gt;)
    at callAsyncCircusFn (C:\Users\xx005\Downloads\Collaboreum MVP Platform\node_modules\jest-circus\build\utils.js:231:10)
    at _callCircusTest (C:\Users\xx005\Downloads\Collaboreum MVP Platform\node_modules\jest-circus\build\run.js:316:40)
    at _runTest (C:\Users\xx005\Downloads\Collaboreum MVP Platform\node_modules\jest-circus\build\run.js:252:3)
    at _runTestsForDescribeBlock (C:\Users\xx005\Downloads\Collaboreum MVP Platform\node_modules\jest-circus\build\run.js:126:9)
    at _runTestsForDescribeBlock (C:\Users\xx005\Downloads\Collaboreum MVP Platform\node_modules\jest-circus\build\run.js:121:9)
    at run (C:\Users\xx005\Downloads\Collaboreum MVP Platform\node_modules\jest-circus\build\run.js:71:3)
    at runAndTransformResultsToJestFormat (C:\Users\xx005\Downloads\Collaboreum MVP Platform\node_modules\jest-circus\build\legacy-code-todo-rewrite\jestAdapterInit.js:122:21)
    at jestAdapter (C:\Users\xx005\Downloads\Collaboreum MVP Platform\node_modules\jest-circus\build\legacy-code-todo-rewrite\jestAdapter.js:79:19)
    at runTestInternal (C:\Users\xx005\Downloads\Collaboreum MVP Platform\node_modules\jest-runner\build\runTest.js:367:16)
    at runTest (C:\Users\xx005\Downloads\Collaboreum MVP Platform\node_modules\jest-runner\build\runTest.js:444:34)</failure>
    </testcase>
    <testcase classname="SelectContent Component renders with correct role" name="SelectContent Component renders with correct role" time="0.042">
      <failure>Error: `SelectContent` must be used within `Select`
    at useContext2 (C:\Users\xx005\Downloads\Collaboreum MVP Platform\node_modules\@radix-ui\react-context\src\create-context.tsx:75:13)
    at C:\Users\xx005\Downloads\Collaboreum MVP Platform\node_modules\@radix-ui\react-select\src\select.tsx:449:21
    at renderWithHooks (C:\Users\xx005\Downloads\Collaboreum MVP Platform\node_modules\react-dom\cjs\react-dom.development.js:15486:18)
    at updateForwardRef (C:\Users\xx005\Downloads\Collaboreum MVP Platform\node_modules\react-dom\cjs\react-dom.development.js:19245:20)
    at beginWork (C:\Users\xx005\Downloads\Collaboreum MVP Platform\node_modules\react-dom\cjs\react-dom.development.js:21675:16)
    at beginWork$1 (C:\Users\xx005\Downloads\Collaboreum MVP Platform\node_modules\react-dom\cjs\react-dom.development.js:27465:14)
    at performUnitOfWork (C:\Users\xx005\Downloads\Collaboreum MVP Platform\node_modules\react-dom\cjs\react-dom.development.js:26599:12)
    at workLoopSync (C:\Users\xx005\Downloads\Collaboreum MVP Platform\node_modules\react-dom\cjs\react-dom.development.js:26505:5)
    at renderRootSync (C:\Users\xx005\Downloads\Collaboreum MVP Platform\node_modules\react-dom\cjs\react-dom.development.js:26473:7)
    at recoverFromConcurrentError (C:\Users\xx005\Downloads\Collaboreum MVP Platform\node_modules\react-dom\cjs\react-dom.development.js:25889:20)
    at performSyncWorkOnRoot (C:\Users\xx005\Downloads\Collaboreum MVP Platform\node_modules\react-dom\cjs\react-dom.development.js:26135:20)
    at flushSyncCallbacks (C:\Users\xx005\Downloads\Collaboreum MVP Platform\node_modules\react-dom\cjs\react-dom.development.js:12042:22)
    at commitRootImpl (C:\Users\xx005\Downloads\Collaboreum MVP Platform\node_modules\react-dom\cjs\react-dom.development.js:26998:3)
    at commitRoot (C:\Users\xx005\Downloads\Collaboreum MVP Platform\node_modules\react-dom\cjs\react-dom.development.js:26721:5)
    at finishConcurrentRender (C:\Users\xx005\Downloads\Collaboreum MVP Platform\node_modules\react-dom\cjs\react-dom.development.js:26020:9)
    at performConcurrentWorkOnRoot (C:\Users\xx005\Downloads\Collaboreum MVP Platform\node_modules\react-dom\cjs\react-dom.development.js:25848:7)
    at flushActQueue (C:\Users\xx005\Downloads\Collaboreum MVP Platform\node_modules\react\cjs\react.development.js:2667:24)
    at act (C:\Users\xx005\Downloads\Collaboreum MVP Platform\node_modules\react\cjs\react.development.js:2582:11)
    at C:\Users\xx005\Downloads\Collaboreum MVP Platform\node_modules\@testing-library\react\dist\act-compat.js:47:25
    at renderRoot (C:\Users\xx005\Downloads\Collaboreum MVP Platform\node_modules\@testing-library\react\dist\pure.js:190:26)
    at render (C:\Users\xx005\Downloads\Collaboreum MVP Platform\node_modules\@testing-library\react\dist\pure.js:292:10)
    at Object.&lt;anonymous&gt; (C:\Users\xx005\Downloads\Collaboreum MVP Platform\src\shared\ui\__tests__\Select.test.tsx:235:11)
    at Promise.then.completed (C:\Users\xx005\Downloads\Collaboreum MVP Platform\node_modules\jest-circus\build\utils.js:298:28)
    at new Promise (&lt;anonymous&gt;)
    at callAsyncCircusFn (C:\Users\xx005\Downloads\Collaboreum MVP Platform\node_modules\jest-circus\build\utils.js:231:10)
    at _callCircusTest (C:\Users\xx005\Downloads\Collaboreum MVP Platform\node_modules\jest-circus\build\run.js:316:40)
    at _runTest (C:\Users\xx005\Downloads\Collaboreum MVP Platform\node_modules\jest-circus\build\run.js:252:3)
    at _runTestsForDescribeBlock (C:\Users\xx005\Downloads\Collaboreum MVP Platform\node_modules\jest-circus\build\run.js:126:9)
    at _runTestsForDescribeBlock (C:\Users\xx005\Downloads\Collaboreum MVP Platform\node_modules\jest-circus\build\run.js:121:9)
    at run (C:\Users\xx005\Downloads\Collaboreum MVP Platform\node_modules\jest-circus\build\run.js:71:3)
    at runAndTransformResultsToJestFormat (C:\Users\xx005\Downloads\Collaboreum MVP Platform\node_modules\jest-circus\build\legacy-code-todo-rewrite\jestAdapterInit.js:122:21)
    at jestAdapter (C:\Users\xx005\Downloads\Collaboreum MVP Platform\node_modules\jest-circus\build\legacy-code-todo-rewrite\jestAdapter.js:79:19)
    at runTestInternal (C:\Users\xx005\Downloads\Collaboreum MVP Platform\node_modules\jest-runner\build\runTest.js:367:16)
    at runTest (C:\Users\xx005\Downloads\Collaboreum MVP Platform\node_modules\jest-runner\build\runTest.js:444:34)</failure>
    </testcase>
    <testcase classname="SelectContent Component applies size variants" name="SelectContent Component applies size variants" time="0.026">
      <failure>Error: `SelectContent` must be used within `Select`
    at useContext2 (C:\Users\xx005\Downloads\Collaboreum MVP Platform\node_modules\@radix-ui\react-context\src\create-context.tsx:75:13)
    at C:\Users\xx005\Downloads\Collaboreum MVP Platform\node_modules\@radix-ui\react-select\src\select.tsx:449:21
    at renderWithHooks (C:\Users\xx005\Downloads\Collaboreum MVP Platform\node_modules\react-dom\cjs\react-dom.development.js:15486:18)
    at updateForwardRef (C:\Users\xx005\Downloads\Collaboreum MVP Platform\node_modules\react-dom\cjs\react-dom.development.js:19245:20)
    at beginWork (C:\Users\xx005\Downloads\Collaboreum MVP Platform\node_modules\react-dom\cjs\react-dom.development.js:21675:16)
    at beginWork$1 (C:\Users\xx005\Downloads\Collaboreum MVP Platform\node_modules\react-dom\cjs\react-dom.development.js:27465:14)
    at performUnitOfWork (C:\Users\xx005\Downloads\Collaboreum MVP Platform\node_modules\react-dom\cjs\react-dom.development.js:26599:12)
    at workLoopSync (C:\Users\xx005\Downloads\Collaboreum MVP Platform\node_modules\react-dom\cjs\react-dom.development.js:26505:5)
    at renderRootSync (C:\Users\xx005\Downloads\Collaboreum MVP Platform\node_modules\react-dom\cjs\react-dom.development.js:26473:7)
    at recoverFromConcurrentError (C:\Users\xx005\Downloads\Collaboreum MVP Platform\node_modules\react-dom\cjs\react-dom.development.js:25889:20)
    at performSyncWorkOnRoot (C:\Users\xx005\Downloads\Collaboreum MVP Platform\node_modules\react-dom\cjs\react-dom.development.js:26135:20)
    at flushSyncCallbacks (C:\Users\xx005\Downloads\Collaboreum MVP Platform\node_modules\react-dom\cjs\react-dom.development.js:12042:22)
    at commitRootImpl (C:\Users\xx005\Downloads\Collaboreum MVP Platform\node_modules\react-dom\cjs\react-dom.development.js:26998:3)
    at commitRoot (C:\Users\xx005\Downloads\Collaboreum MVP Platform\node_modules\react-dom\cjs\react-dom.development.js:26721:5)
    at finishConcurrentRender (C:\Users\xx005\Downloads\Collaboreum MVP Platform\node_modules\react-dom\cjs\react-dom.development.js:26020:9)
    at performConcurrentWorkOnRoot (C:\Users\xx005\Downloads\Collaboreum MVP Platform\node_modules\react-dom\cjs\react-dom.development.js:25848:7)
    at flushActQueue (C:\Users\xx005\Downloads\Collaboreum MVP Platform\node_modules\react\cjs\react.development.js:2667:24)
    at act (C:\Users\xx005\Downloads\Collaboreum MVP Platform\node_modules\react\cjs\react.development.js:2582:11)
    at C:\Users\xx005\Downloads\Collaboreum MVP Platform\node_modules\@testing-library\react\dist\act-compat.js:47:25
    at renderRoot (C:\Users\xx005\Downloads\Collaboreum MVP Platform\node_modules\@testing-library\react\dist\pure.js:190:26)
    at render (C:\Users\xx005\Downloads\Collaboreum MVP Platform\node_modules\@testing-library\react\dist\pure.js:292:10)
    at Object.&lt;anonymous&gt; (C:\Users\xx005\Downloads\Collaboreum MVP Platform\src\shared\ui\__tests__\Select.test.tsx:245:32)
    at Promise.then.completed (C:\Users\xx005\Downloads\Collaboreum MVP Platform\node_modules\jest-circus\build\utils.js:298:28)
    at new Promise (&lt;anonymous&gt;)
    at callAsyncCircusFn (C:\Users\xx005\Downloads\Collaboreum MVP Platform\node_modules\jest-circus\build\utils.js:231:10)
    at _callCircusTest (C:\Users\xx005\Downloads\Collaboreum MVP Platform\node_modules\jest-circus\build\run.js:316:40)
    at _runTest (C:\Users\xx005\Downloads\Collaboreum MVP Platform\node_modules\jest-circus\build\run.js:252:3)
    at _runTestsForDescribeBlock (C:\Users\xx005\Downloads\Collaboreum MVP Platform\node_modules\jest-circus\build\run.js:126:9)
    at _runTestsForDescribeBlock (C:\Users\xx005\Downloads\Collaboreum MVP Platform\node_modules\jest-circus\build\run.js:121:9)
    at run (C:\Users\xx005\Downloads\Collaboreum MVP Platform\node_modules\jest-circus\build\run.js:71:3)
    at runAndTransformResultsToJestFormat (C:\Users\xx005\Downloads\Collaboreum MVP Platform\node_modules\jest-circus\build\legacy-code-todo-rewrite\jestAdapterInit.js:122:21)
    at jestAdapter (C:\Users\xx005\Downloads\Collaboreum MVP Platform\node_modules\jest-circus\build\legacy-code-todo-rewrite\jestAdapter.js:79:19)
    at runTestInternal (C:\Users\xx005\Downloads\Collaboreum MVP Platform\node_modules\jest-runner\build\runTest.js:367:16)
    at runTest (C:\Users\xx005\Downloads\Collaboreum MVP Platform\node_modules\jest-runner\build\runTest.js:444:34)</failure>
    </testcase>
  </testsuite>
  <testsuite name="CommunityPostList" errors="0" failures="3" skipped="0" timestamp="2025-09-23T09:46:00" time="2.179" tests="8">
    <testcase classname="CommunityPostList 로딩 상태에서 스켈레톤을 렌더링한다" name="CommunityPostList 로딩 상태에서 스켈레톤을 렌더링한다" time="0.04">
      <failure>TestingLibraryElementError: Unable to find an element with the text: 데이터를 불러오는 중.... This could be because the text is broken up by multiple elements. In this case, you can provide a function for your text matcher to make your matcher more flexible.

Ignored nodes: comments, script, style
&lt;body&gt;
  &lt;div&gt;
    &lt;div
      class=&quot;grid gap-4 md:grid-cols-2 lg:grid-cols-3&quot;
    &gt;
      &lt;div
        class=&quot;text-card-foreground flex flex-col gap-6 rounded-3xl border shadow-apple border-border/50 bg-card p-4&quot;
      &gt;
        &lt;div
          class=&quot;@container/card-header grid auto-rows-min grid-rows-[auto_auto] items-start gap-1.5 has-data-[slot=card-action]:grid-cols-[1fr_auto] [.border-b]:pb-6 px-6 pt-6 pb-3&quot;
        &gt;
          &lt;div
            class=&quot;h-4 animate-pulse rounded bg-gray-200&quot;
          /&gt;
          &lt;div
            class=&quot;h-3 w-2/3 animate-pulse rounded bg-gray-200&quot;
          /&gt;
        &lt;/div&gt;
        &lt;div
          class=&quot;[&amp;:last-child]:pb-6 px-6 pt-0 text-sm&quot;
        &gt;
          &lt;div
            class=&quot;space-y-2&quot;
          &gt;
            &lt;div
              class=&quot;h-3 animate-pulse rounded bg-gray-200&quot;
            /&gt;
            &lt;div
              class=&quot;h-3 w-4/5 animate-pulse rounded bg-gray-200&quot;
            /&gt;
            &lt;div
              class=&quot;h-3 w-3/5 animate-pulse rounded bg-gray-200&quot;
            /&gt;
          &lt;/div&gt;
        &lt;/div&gt;
      &lt;/div&gt;
      &lt;div
        class=&quot;text-card-foreground flex flex-col gap-6 rounded-3xl border shadow-apple border-border/50 bg-card p-4&quot;
      &gt;
        &lt;div
          class=&quot;@container/card-header grid auto-rows-min grid-rows-[auto_auto] items-start gap-1.5 has-data-[slot=card-action]:grid-cols-[1fr_auto] [.border-b]:pb-6 px-6 pt-6 pb-3&quot;
        &gt;
          &lt;div
            class=&quot;h-4 animate-pulse rounded bg-gray-200&quot;
          /&gt;
          &lt;div
            class=&quot;h-3 w-2/3 animate-pulse rounded bg-gray-200&quot;
          /&gt;
        &lt;/div&gt;
        &lt;div
          class=&quot;[&amp;:last-child]:pb-6 px-6 pt-0 text-sm&quot;
        &gt;
          &lt;div
            class=&quot;space-y-2&quot;
          &gt;
            &lt;div
              class=&quot;h-3 animate-pulse rounded bg-gray-200&quot;
            /&gt;
            &lt;div
              class=&quot;h-3 w-4/5 animate-pulse rounded bg-gray-200&quot;
            /&gt;
            &lt;div
              class=&quot;h-3 w-3/5 animate-pulse rounded bg-gray-200&quot;
            /&gt;
          &lt;/div&gt;
        &lt;/div&gt;
      &lt;/div&gt;
      &lt;div
        class=&quot;text-card-foreground flex flex-col gap-6 rounded-3xl border shadow-apple border-border/50 bg-card p-4&quot;
      &gt;
        &lt;div
          class=&quot;@container/card-header grid auto-rows-min grid-rows-[auto_auto] items-start gap-1.5 has-data-[slot=card-action]:grid-cols-[1fr_auto] [.border-b]:pb-6 px-6 pt-6 pb-3&quot;
        &gt;
          &lt;div
            class=&quot;h-4 animate-pulse rounded bg-gray-200&quot;
          /&gt;
          &lt;div
            class=&quot;h-3 w-2/3 animate-pulse rounded bg-gray-200&quot;
          /&gt;
        &lt;/div&gt;
        &lt;div
          class=&quot;[&amp;:last-child]:pb-6 px-6 pt-0 text-sm&quot;
        &gt;
          &lt;div
            class=&quot;space-y-2&quot;
          &gt;
            &lt;div
              class=&quot;h-3 animate-pulse rounded bg-gray-200&quot;
            /&gt;
            &lt;div
              class=&quot;h-3 w-4/5 animate-pulse rounded bg-gray-200&quot;
            /&gt;
            &lt;div
              class=&quot;h-3 w-3/5 animate-pulse rounded bg-gray-200&quot;
            /&gt;
          &lt;/div&gt;
        &lt;/div&gt;
      &lt;/div&gt;
      &lt;div
        class=&quot;text-card-foreground flex flex-col gap-6 rounded-3xl border shadow-apple border-border/50 bg-card p-4&quot;
      &gt;
        &lt;div
          class=&quot;@container/card-header grid auto-rows-min grid-rows-[auto_auto] items-start gap-1.5 has-data-[slot=card-action]:grid-cols-[1fr_auto] [.border-b]:pb-6 px-6 pt-6 pb-3&quot;
        &gt;
          &lt;div
            class=&quot;h-4 animate-pulse rounded bg-gray-200&quot;
          /&gt;
          &lt;div
            class=&quot;h-3 w-2/3 animate-pulse rounded bg-gray-200&quot;
          /&gt;
        &lt;/div&gt;
        &lt;div
          class=&quot;[&amp;:last-child]:pb-6 px-6 pt-0 text-sm&quot;
        &gt;
          &lt;div
            class=&quot;space-y-2&quot;
          &gt;
            &lt;div
              class=&quot;h-3 animate-pulse rounded bg-gray-200&quot;
            /&gt;
            &lt;div
              class=&quot;h-3 w-4/5 animate-pulse rounded bg-gray-200&quot;
            /&gt;
            &lt;div
              class=&quot;h-3 w-3/5 animate-pulse rounded bg-gray-200&quot;
            /&gt;
          &lt;/div&gt;
        &lt;/div&gt;
      &lt;/div&gt;
      &lt;div
        class=&quot;text-card-foreground flex flex-col gap-6 rounded-3xl border shadow-apple border-border/50 bg-card p-4&quot;
      &gt;
        &lt;div
          class=&quot;@container/card-header grid auto-rows-min grid-rows-[auto_auto] items-start gap-1.5 has-data-[slot=card-action]:grid-cols-[1fr_auto] [.border-b]:pb-6 px-6 pt-6 pb-3&quot;
        &gt;
          &lt;div
            class=&quot;h-4 animate-pulse rounded bg-gray-200&quot;
          /&gt;
          &lt;div
            class=&quot;h-3 w-2/3 animate-pulse rounded bg-gray-200&quot;
          /&gt;
        &lt;/div&gt;
        &lt;div
          class=&quot;[&amp;:last-child]:pb-6 px-6 pt-0 text-sm&quot;
        &gt;
          &lt;div
            class=&quot;space-y-2&quot;
          &gt;
            &lt;div
              class=&quot;h-3 animate-pulse rounded bg-gray-200&quot;
            /&gt;
            &lt;div
              class=&quot;h-3 w-4/5 animate-pulse rounded bg-gray-200&quot;
            /&gt;
            &lt;div
              class=&quot;h-3 w-3/5 animate-pulse rounded bg-gray-200&quot;
            /&gt;
          &lt;/div&gt;
        &lt;/div&gt;
      &lt;/div&gt;
      &lt;div
        class=&quot;text-card-foreground flex flex-col gap-6 rounded-3xl border shadow-apple border-border/50 bg-card p-4&quot;
      &gt;
        &lt;div
          class=&quot;@container/card-header grid auto-rows-min grid-rows-[auto_auto] items-start gap-1.5 has-data-[slot=card-action]:grid-cols-[1fr_auto] [.border-b]:pb-6 px-6 pt-6 pb-3&quot;
        &gt;
          &lt;div
            class=&quot;h-4 animate-pulse rounded bg-gray-200&quot;
          /&gt;
          &lt;div
            class=&quot;h-3 w-2/3 animate-pulse rounded bg-gray-200&quot;
          /&gt;
        &lt;/div&gt;
        &lt;div
          class=&quot;[&amp;:last-child]:pb-6 px-6 pt-0 text-sm&quot;
        &gt;
          &lt;div
            class=&quot;space-y-2&quot;
          &gt;
            &lt;div
              class=&quot;h-3 animate-pulse rounded bg-gray-200&quot;
            /&gt;
            &lt;div
              class=&quot;h-3 w-4/5 animate-pulse rounded bg-gray-200&quot;
            /&gt;
            &lt;div
              class=&quot;h-3 w-3/5 animate-pulse rounded bg-gray-200&quot;
            /&gt;
          &lt;/div&gt;
        &lt;/div&gt;
      &lt;/div&gt;
    &lt;/div&gt;
  &lt;/div&gt;
&lt;/body&gt;
    at Object.getElementError (C:\Users\xx005\Downloads\Collaboreum MVP Platform\node_modules\@testing-library\dom\dist\config.js:37:19)
    at C:\Users\xx005\Downloads\Collaboreum MVP Platform\node_modules\@testing-library\dom\dist\query-helpers.js:76:38
    at C:\Users\xx005\Downloads\Collaboreum MVP Platform\node_modules\@testing-library\dom\dist\query-helpers.js:52:17
    at C:\Users\xx005\Downloads\Collaboreum MVP Platform\node_modules\@testing-library\dom\dist\query-helpers.js:95:19
    at Object.getByText (C:\Users\xx005\Downloads\Collaboreum MVP Platform\src\features\community\__tests__\CommunityPostList.test.tsx:89:19)
    at Promise.then.completed (C:\Users\xx005\Downloads\Collaboreum MVP Platform\node_modules\jest-circus\build\utils.js:298:28)
    at new Promise (&lt;anonymous&gt;)
    at callAsyncCircusFn (C:\Users\xx005\Downloads\Collaboreum MVP Platform\node_modules\jest-circus\build\utils.js:231:10)
    at _callCircusTest (C:\Users\xx005\Downloads\Collaboreum MVP Platform\node_modules\jest-circus\build\run.js:316:40)
    at _runTest (C:\Users\xx005\Downloads\Collaboreum MVP Platform\node_modules\jest-circus\build\run.js:252:3)
    at _runTestsForDescribeBlock (C:\Users\xx005\Downloads\Collaboreum MVP Platform\node_modules\jest-circus\build\run.js:126:9)
    at _runTestsForDescribeBlock (C:\Users\xx005\Downloads\Collaboreum MVP Platform\node_modules\jest-circus\build\run.js:121:9)
    at run (C:\Users\xx005\Downloads\Collaboreum MVP Platform\node_modules\jest-circus\build\run.js:71:3)
    at runAndTransformResultsToJestFormat (C:\Users\xx005\Downloads\Collaboreum MVP Platform\node_modules\jest-circus\build\legacy-code-todo-rewrite\jestAdapterInit.js:122:21)
    at jestAdapter (C:\Users\xx005\Downloads\Collaboreum MVP Platform\node_modules\jest-circus\build\legacy-code-todo-rewrite\jestAdapter.js:79:19)
    at runTestInternal (C:\Users\xx005\Downloads\Collaboreum MVP Platform\node_modules\jest-runner\build\runTest.js:367:16)
    at runTest (C:\Users\xx005\Downloads\Collaboreum MVP Platform\node_modules\jest-runner\build\runTest.js:444:34)</failure>
    </testcase>
    <testcase classname="CommunityPostList 에러 상태에서 에러 메시지를 표시한다" name="CommunityPostList 에러 상태에서 에러 메시지를 표시한다" time="0.019">
      <failure>TestingLibraryElementError: Unable to find an element with the text: 게시글을 불러올 수 없습니다. This could be because the text is broken up by multiple elements. In this case, you can provide a function for your text matcher to make your matcher more flexible.

Ignored nodes: comments, script, style
&lt;body&gt;
  &lt;div&gt;
    &lt;div
      class=&quot;flex flex-col items-center justify-center py-12 text-center&quot;
    &gt;
      &lt;svg
        aria-hidden=&quot;true&quot;
        class=&quot;lucide lucide-circle-alert mb-4 h-12 w-12 text-red-500&quot;
        fill=&quot;none&quot;
        height=&quot;24&quot;
        stroke=&quot;currentColor&quot;
        stroke-linecap=&quot;round&quot;
        stroke-linejoin=&quot;round&quot;
        stroke-width=&quot;2&quot;
        viewBox=&quot;0 0 24 24&quot;
        width=&quot;24&quot;
        xmlns=&quot;http://www.w3.org/2000/svg&quot;
      &gt;
        &lt;circle
          cx=&quot;12&quot;
          cy=&quot;12&quot;
          r=&quot;10&quot;
        /&gt;
        &lt;line
          x1=&quot;12&quot;
          x2=&quot;12&quot;
          y1=&quot;8&quot;
          y2=&quot;12&quot;
        /&gt;
        &lt;line
          x1=&quot;12&quot;
          x2=&quot;12.01&quot;
          y1=&quot;16&quot;
          y2=&quot;16&quot;
        /&gt;
      &lt;/svg&gt;
      &lt;h3
        class=&quot;mb-2 text-lg font-semibold text-gray-900&quot;
      &gt;
        오류가 발생했습니다
      &lt;/h3&gt;
      &lt;p
        class=&quot;mb-4 max-w-sm text-gray-500&quot;
      &gt;
        API 에러
      &lt;/p&gt;
      &lt;button
        class=&quot;rounded bg-red-500 px-4 py-2 text-white hover:bg-red-600&quot;
      &gt;
        페이지 새로고침
      &lt;/button&gt;
    &lt;/div&gt;
  &lt;/div&gt;
&lt;/body&gt;
    at Object.getElementError (C:\Users\xx005\Downloads\Collaboreum MVP Platform\node_modules\@testing-library\dom\dist\config.js:37:19)
    at C:\Users\xx005\Downloads\Collaboreum MVP Platform\node_modules\@testing-library\dom\dist\query-helpers.js:76:38
    at C:\Users\xx005\Downloads\Collaboreum MVP Platform\node_modules\@testing-library\dom\dist\query-helpers.js:52:17
    at C:\Users\xx005\Downloads\Collaboreum MVP Platform\node_modules\@testing-library\dom\dist\query-helpers.js:95:19
    at Object.getByText (C:\Users\xx005\Downloads\Collaboreum MVP Platform\src\features\community\__tests__\CommunityPostList.test.tsx:103:19)
    at Promise.then.completed (C:\Users\xx005\Downloads\Collaboreum MVP Platform\node_modules\jest-circus\build\utils.js:298:28)
    at new Promise (&lt;anonymous&gt;)
    at callAsyncCircusFn (C:\Users\xx005\Downloads\Collaboreum MVP Platform\node_modules\jest-circus\build\utils.js:231:10)
    at _callCircusTest (C:\Users\xx005\Downloads\Collaboreum MVP Platform\node_modules\jest-circus\build\run.js:316:40)
    at _runTest (C:\Users\xx005\Downloads\Collaboreum MVP Platform\node_modules\jest-circus\build\run.js:252:3)
    at _runTestsForDescribeBlock (C:\Users\xx005\Downloads\Collaboreum MVP Platform\node_modules\jest-circus\build\run.js:126:9)
    at _runTestsForDescribeBlock (C:\Users\xx005\Downloads\Collaboreum MVP Platform\node_modules\jest-circus\build\run.js:121:9)
    at run (C:\Users\xx005\Downloads\Collaboreum MVP Platform\node_modules\jest-circus\build\run.js:71:3)
    at runAndTransformResultsToJestFormat (C:\Users\xx005\Downloads\Collaboreum MVP Platform\node_modules\jest-circus\build\legacy-code-todo-rewrite\jestAdapterInit.js:122:21)
    at jestAdapter (C:\Users\xx005\Downloads\Collaboreum MVP Platform\node_modules\jest-circus\build\legacy-code-todo-rewrite\jestAdapter.js:79:19)
    at runTestInternal (C:\Users\xx005\Downloads\Collaboreum MVP Platform\node_modules\jest-runner\build\runTest.js:367:16)
    at runTest (C:\Users\xx005\Downloads\Collaboreum MVP Platform\node_modules\jest-runner\build\runTest.js:444:34)</failure>
    </testcase>
    <testcase classname="CommunityPostList 빈 상태에서 빈 상태 메시지를 표시한다" name="CommunityPostList 빈 상태에서 빈 상태 메시지를 표시한다" time="0.008">
    </testcase>
    <testcase classname="CommunityPostList 게시글 목록을 올바르게 렌더링한다" name="CommunityPostList 게시글 목록을 올바르게 렌더링한다" time="0.049">
    </testcase>
    <testcase classname="CommunityPostList 인기 게시글에 인기 배지를 표시한다" name="CommunityPostList 인기 게시글에 인기 배지를 표시한다" time="0.018">
    </testcase>
    <testcase classname="CommunityPostList 고정 게시글에 고정 배지를 표시한다" name="CommunityPostList 고정 게시글에 고정 배지를 표시한다" time="0.054">
    </testcase>
    <testcase classname="CommunityPostList 게시글 클릭 시 onPostClick을 호출한다" name="CommunityPostList 게시글 클릭 시 onPostClick을 호출한다" time="0.033">
    </testcase>
    <testcase classname="CommunityPostList 좋아요 버튼 클릭 시 좋아요 수가 증가한다" name="CommunityPostList 좋아요 버튼 클릭 시 좋아요 수가 증가한다" time="0.12">
      <failure>TypeError: Cannot read properties of undefined (reading &apos;mutate&apos;)
    at mutate (C:\Users\xx005\Downloads\Collaboreum MVP Platform\src\features\community\components\CommunityPostList.tsx:73:22)
    at handleLikeClick (C:\Users\xx005\Downloads\Collaboreum MVP Platform\src\features\community\components\CommunityPostList.tsx:145:31)
    at HTMLUnknownElement.callCallback (C:\Users\xx005\Downloads\Collaboreum MVP Platform\node_modules\react-dom\cjs\react-dom.development.js:4164:14)
    at HTMLUnknownElement.callTheUserObjectsOperation (C:\Users\xx005\Downloads\Collaboreum MVP Platform\node_modules\jsdom\lib\jsdom\living\generated\EventListener.js:26:30)
    at innerInvokeEventListeners (C:\Users\xx005\Downloads\Collaboreum MVP Platform\node_modules\jsdom\lib\jsdom\living\events\EventTarget-impl.js:350:25)
    at invokeEventListeners (C:\Users\xx005\Downloads\Collaboreum MVP Platform\node_modules\jsdom\lib\jsdom\living\events\EventTarget-impl.js:286:3)
    at HTMLUnknownElementImpl._dispatch (C:\Users\xx005\Downloads\Collaboreum MVP Platform\node_modules\jsdom\lib\jsdom\living\events\EventTarget-impl.js:233:9)
    at HTMLUnknownElementImpl.dispatchEvent (C:\Users\xx005\Downloads\Collaboreum MVP Platform\node_modules\jsdom\lib\jsdom\living\events\EventTarget-impl.js:104:17)
    at HTMLUnknownElement.dispatchEvent (C:\Users\xx005\Downloads\Collaboreum MVP Platform\node_modules\jsdom\lib\jsdom\living\generated\EventTarget.js:241:34)
    at Object.invokeGuardedCallbackDev (C:\Users\xx005\Downloads\Collaboreum MVP Platform\node_modules\react-dom\cjs\react-dom.development.js:4213:16)
    at invokeGuardedCallback (C:\Users\xx005\Downloads\Collaboreum MVP Platform\node_modules\react-dom\cjs\react-dom.development.js:4277:31)
    at invokeGuardedCallbackAndCatchFirstError (C:\Users\xx005\Downloads\Collaboreum MVP Platform\node_modules\react-dom\cjs\react-dom.development.js:4291:25)
    at executeDispatch (C:\Users\xx005\Downloads\Collaboreum MVP Platform\node_modules\react-dom\cjs\react-dom.development.js:9041:3)
    at processDispatchQueueItemsInOrder (C:\Users\xx005\Downloads\Collaboreum MVP Platform\node_modules\react-dom\cjs\react-dom.development.js:9073:7)
    at processDispatchQueue (C:\Users\xx005\Downloads\Collaboreum MVP Platform\node_modules\react-dom\cjs\react-dom.development.js:9086:5)
    at dispatchEventsForPlugins (C:\Users\xx005\Downloads\Collaboreum MVP Platform\node_modules\react-dom\cjs\react-dom.development.js:9097:3)
    at C:\Users\xx005\Downloads\Collaboreum MVP Platform\node_modules\react-dom\cjs\react-dom.development.js:9288:12
    at batchedUpdates$1 (C:\Users\xx005\Downloads\Collaboreum MVP Platform\node_modules\react-dom\cjs\react-dom.development.js:26179:12)
    at batchedUpdates (C:\Users\xx005\Downloads\Collaboreum MVP Platform\node_modules\react-dom\cjs\react-dom.development.js:3991:12)
    at dispatchEventForPluginEventSystem (C:\Users\xx005\Downloads\Collaboreum MVP Platform\node_modules\react-dom\cjs\react-dom.development.js:9287:3)
    at dispatchEventWithEnableCapturePhaseSelectiveHydrationWithoutDiscreteEventReplay (C:\Users\xx005\Downloads\Collaboreum MVP Platform\node_modules\react-dom\cjs\react-dom.development.js:6465:5)
    at dispatchEvent (C:\Users\xx005\Downloads\Collaboreum MVP Platform\node_modules\react-dom\cjs\react-dom.development.js:6457:5)
    at dispatchDiscreteEvent (C:\Users\xx005\Downloads\Collaboreum MVP Platform\node_modules\react-dom\cjs\react-dom.development.js:6430:5)
    at HTMLDivElement.callTheUserObjectsOperation (C:\Users\xx005\Downloads\Collaboreum MVP Platform\node_modules\jsdom\lib\jsdom\living\generated\EventListener.js:26:30)
    at innerInvokeEventListeners (C:\Users\xx005\Downloads\Collaboreum MVP Platform\node_modules\jsdom\lib\jsdom\living\events\EventTarget-impl.js:350:25)
    at invokeEventListeners (C:\Users\xx005\Downloads\Collaboreum MVP Platform\node_modules\jsdom\lib\jsdom\living\events\EventTarget-impl.js:286:3)
    at HTMLButtonElementImpl._dispatch (C:\Users\xx005\Downloads\Collaboreum MVP Platform\node_modules\jsdom\lib\jsdom\living\events\EventTarget-impl.js:233:9)
    at HTMLButtonElementImpl.dispatchEvent (C:\Users\xx005\Downloads\Collaboreum MVP Platform\node_modules\jsdom\lib\jsdom\living\events\EventTarget-impl.js:104:17)
    at HTMLButtonElement.dispatchEvent (C:\Users\xx005\Downloads\Collaboreum MVP Platform\node_modules\jsdom\lib\jsdom\living\generated\EventTarget.js:241:34)
    at C:\Users\xx005\Downloads\Collaboreum MVP Platform\node_modules\@testing-library\dom\dist\events.js:19:20
    at C:\Users\xx005\Downloads\Collaboreum MVP Platform\node_modules\@testing-library\react\dist\pure.js:108:16
    at C:\Users\xx005\Downloads\Collaboreum MVP Platform\node_modules\@testing-library\react\dist\act-compat.js:48:24
    at act (C:\Users\xx005\Downloads\Collaboreum MVP Platform\node_modules\react\cjs\react.development.js:2512:16)
    at C:\Users\xx005\Downloads\Collaboreum MVP Platform\node_modules\@testing-library\react\dist\act-compat.js:47:25
    at Object.eventWrapper (C:\Users\xx005\Downloads\Collaboreum MVP Platform\node_modules\@testing-library\react\dist\pure.js:107:28)
    at fireEvent (C:\Users\xx005\Downloads\Collaboreum MVP Platform\node_modules\@testing-library\dom\dist\events.js:12:35)
    at Function.fireEvent.&lt;computed&gt; [as click] (C:\Users\xx005\Downloads\Collaboreum MVP Platform\node_modules\@testing-library\dom\dist\events.js:110:36)
    at Function.fireEvent.&lt;computed&gt; [as click] (C:\Users\xx005\Downloads\Collaboreum MVP Platform\node_modules\@testing-library\react\dist\fire-event.js:15:52)
    at Object.click (C:\Users\xx005\Downloads\Collaboreum MVP Platform\src\features\community\__tests__\CommunityPostList.test.tsx:213:15)
    at Promise.then.completed (C:\Users\xx005\Downloads\Collaboreum MVP Platform\node_modules\jest-circus\build\utils.js:298:28)
    at new Promise (&lt;anonymous&gt;)
    at callAsyncCircusFn (C:\Users\xx005\Downloads\Collaboreum MVP Platform\node_modules\jest-circus\build\utils.js:231:10)
    at _callCircusTest (C:\Users\xx005\Downloads\Collaboreum MVP Platform\node_modules\jest-circus\build\run.js:316:40)
    at _runTest (C:\Users\xx005\Downloads\Collaboreum MVP Platform\node_modules\jest-circus\build\run.js:252:3)
    at _runTestsForDescribeBlock (C:\Users\xx005\Downloads\Collaboreum MVP Platform\node_modules\jest-circus\build\run.js:126:9)
    at _runTestsForDescribeBlock (C:\Users\xx005\Downloads\Collaboreum MVP Platform\node_modules\jest-circus\build\run.js:121:9)
    at run (C:\Users\xx005\Downloads\Collaboreum MVP Platform\node_modules\jest-circus\build\run.js:71:3)
    at runAndTransformResultsToJestFormat (C:\Users\xx005\Downloads\Collaboreum MVP Platform\node_modules\jest-circus\build\legacy-code-todo-rewrite\jestAdapterInit.js:122:21)
    at jestAdapter (C:\Users\xx005\Downloads\Collaboreum MVP Platform\node_modules\jest-circus\build\legacy-code-todo-rewrite\jestAdapter.js:79:19)
    at runTestInternal (C:\Users\xx005\Downloads\Collaboreum MVP Platform\node_modules\jest-runner\build\runTest.js:367:16)
    at runTest (C:\Users\xx005\Downloads\Collaboreum MVP Platform\node_modules\jest-runner\build\runTest.js:444:34)</failure>
    </testcase>
  </testsuite>
  <testsuite name="Modal Accessibility Tests" errors="0" failures="6" skipped="0" timestamp="2025-09-23T09:46:02" time="1.902" tests="12">
    <testcase classname="Modal Accessibility Tests should have no accessibility violations when closed" name="Modal Accessibility Tests should have no accessibility violations when closed" time="0.056">
    </testcase>
    <testcase classname="Modal Accessibility Tests should have no accessibility violations when open" name="Modal Accessibility Tests should have no accessibility violations when open" time="0.066">
    </testcase>
    <testcase classname="Modal Accessibility Tests should have proper ARIA attributes" name="Modal Accessibility Tests should have proper ARIA attributes" time="0.017">
      <failure>Error: expect(element).toHaveAttribute(&quot;aria-labelledby&quot;) // element.hasAttribute(&quot;aria-labelledby&quot;)

Expected the element to have attribute:
  aria-labelledby
Received:
  null
    at Object.toHaveAttribute (C:\Users\xx005\Downloads\Collaboreum MVP Platform\src\shared\ui\__tests__\Modal.a11y.test.tsx:65:20)
    at Promise.then.completed (C:\Users\xx005\Downloads\Collaboreum MVP Platform\node_modules\jest-circus\build\utils.js:298:28)
    at new Promise (&lt;anonymous&gt;)
    at callAsyncCircusFn (C:\Users\xx005\Downloads\Collaboreum MVP Platform\node_modules\jest-circus\build\utils.js:231:10)
    at _callCircusTest (C:\Users\xx005\Downloads\Collaboreum MVP Platform\node_modules\jest-circus\build\run.js:316:40)
    at _runTest (C:\Users\xx005\Downloads\Collaboreum MVP Platform\node_modules\jest-circus\build\run.js:252:3)
    at _runTestsForDescribeBlock (C:\Users\xx005\Downloads\Collaboreum MVP Platform\node_modules\jest-circus\build\run.js:126:9)
    at _runTestsForDescribeBlock (C:\Users\xx005\Downloads\Collaboreum MVP Platform\node_modules\jest-circus\build\run.js:121:9)
    at run (C:\Users\xx005\Downloads\Collaboreum MVP Platform\node_modules\jest-circus\build\run.js:71:3)
    at runAndTransformResultsToJestFormat (C:\Users\xx005\Downloads\Collaboreum MVP Platform\node_modules\jest-circus\build\legacy-code-todo-rewrite\jestAdapterInit.js:122:21)
    at jestAdapter (C:\Users\xx005\Downloads\Collaboreum MVP Platform\node_modules\jest-circus\build\legacy-code-todo-rewrite\jestAdapter.js:79:19)
    at runTestInternal (C:\Users\xx005\Downloads\Collaboreum MVP Platform\node_modules\jest-runner\build\runTest.js:367:16)
    at runTest (C:\Users\xx005\Downloads\Collaboreum MVP Platform\node_modules\jest-runner\build\runTest.js:444:34)</failure>
    </testcase>
    <testcase classname="Modal Accessibility Tests should trap focus when open" name="Modal Accessibility Tests should trap focus when open" time="0.029">
      <failure>Error: expect(element).toHaveFocus()

Expected element with focus:
  &lt;button aria-busy=&quot;false&quot; class=&quot;inline-flex items-center justify-center gap-2 whitespace-nowrap rounded-2xl font-medium transition-all duration-200 disabled:pointer-events-none disabled:opacity-50 [&amp;_svg]:pointer-events-none [&amp;_svg:not([class*=&apos;size-&apos;])]:size-4 shrink-0 [&amp;_svg]:shrink-0 outline-none focus-visible:ring-ring/30 focus-visible:ring-4 aria-invalid:ring-destructive/20 dark:aria-invalid:ring-destructive/40 aria-invalid:border-destructive cursor-pointer border border-border bg-background/80 backdrop-blur-sm text-foreground hover:bg-secondary/50 hover:border-border/80 focus:ring-primary-300 h-10 px-6 py-2 text-sm [&amp;_svg]:size-4&quot; type=&quot;button&quot;&gt;Cancel&lt;/button&gt;
Received element with focus:
  &lt;body style=&quot;overflow: hidden;&quot;&gt;&lt;div&gt;&lt;div&gt;&lt;button&gt;Before Modal&lt;/button&gt;&lt;button&gt;After Modal&lt;/button&gt;&lt;/div&gt;&lt;/div&gt;&lt;div class=&quot;fixed inset-0 z-50 flex items-center justify-center p-6&quot;&gt;&lt;div class=&quot;fixed inset-0 bg-black/50 backdrop-blur-sm&quot; /&gt;&lt;div aria-modal=&quot;true&quot; class=&quot;relative bg-white rounded-lg shadow-xl max-h-[90vh] overflow-hidden max-w-md w-full focus:outline-none&quot; role=&quot;dialog&quot;&gt;&lt;div class=&quot;flex flex-col space-y-1.5 p-6 pb-4&quot;&gt;&lt;h2 class=&quot;text-lg font-semibold leading-none tracking-tight&quot;&gt;Test Modal&lt;/h2&gt;&lt;p class=&quot;text-sm text-muted-foreground&quot;&gt;This is a test modal for accessibility testing.&lt;/p&gt;&lt;/div&gt;&lt;div class=&quot;p-6 pt-0 overflow-y-auto max-h-[60vh]&quot;&gt;&lt;p&gt;Modal content goes here.&lt;/p&gt;&lt;input placeholder=&quot;Test input&quot; type=&quot;text&quot; /&gt;&lt;button&gt;Test button&lt;/button&gt;&lt;/div&gt;&lt;div class=&quot;flex flex-col-reverse sm:flex-row sm:justify-end sm:space-x-2 p-6 pt-4&quot;&gt;&lt;button aria-busy=&quot;false&quot; class=&quot;inline-flex items-center justify-center gap-2 whitespace-nowrap rounded-2xl font-medium transition-all duration-200 disabled:pointer-events-none disabled:opacity-50 [&amp;_svg]:pointer-events-none [&amp;_svg:not([class*=&apos;size-&apos;])]:size-4 shrink-0 [&amp;_svg]:shrink-0 outline-none focus-visible:ring-ring/30 focus-visible:ring-4 aria-invalid:ring-destructive/20 dark:aria-invalid:ring-destructive/40 aria-invalid:border-destructive cursor-pointer border border-border bg-background/80 backdrop-blur-sm text-foreground hover:bg-secondary/50 hover:border-border/80 focus:ring-primary-300 h-10 px-6 py-2 text-sm [&amp;_svg]:size-4&quot; type=&quot;button&quot;&gt;Cancel&lt;/button&gt;&lt;button aria-busy=&quot;false&quot; class=&quot;inline-flex items-center justify-center gap-2 whitespace-nowrap rounded-2xl font-medium transition-all duration-200 disabled:pointer-events-none disabled:opacity-50 [&amp;_svg]:pointer-events-none [&amp;_svg:not([class*=&apos;size-&apos;])]:size-4 shrink-0 [&amp;_svg]:shrink-0 outline-none focus-visible:ring-ring/30 focus-visible:ring-4 aria-invalid:ring-destructive/20 dark:aria-invalid:ring-destructive/40 aria-invalid:border-destructive cursor-pointer !bg-blue-600 !text-white hover:!bg-blue-700 shadow-apple hover:shadow-apple-lg active:scale-95 focus:ring-primary-300 h-10 px-6 py-2 text-sm [&amp;_svg]:size-4&quot; type=&quot;button&quot;&gt;Confirm&lt;/button&gt;&lt;/div&gt;&lt;/div&gt;&lt;/div&gt;&lt;/body&gt;
    at Object.toHaveFocus (C:\Users\xx005\Downloads\Collaboreum MVP Platform\src\shared\ui\__tests__\Modal.a11y.test.tsx:82:28)
    at Promise.then.completed (C:\Users\xx005\Downloads\Collaboreum MVP Platform\node_modules\jest-circus\build\utils.js:298:28)
    at new Promise (&lt;anonymous&gt;)
    at callAsyncCircusFn (C:\Users\xx005\Downloads\Collaboreum MVP Platform\node_modules\jest-circus\build\utils.js:231:10)
    at _callCircusTest (C:\Users\xx005\Downloads\Collaboreum MVP Platform\node_modules\jest-circus\build\run.js:316:40)
    at _runTest (C:\Users\xx005\Downloads\Collaboreum MVP Platform\node_modules\jest-circus\build\run.js:252:3)
    at _runTestsForDescribeBlock (C:\Users\xx005\Downloads\Collaboreum MVP Platform\node_modules\jest-circus\build\run.js:126:9)
    at _runTestsForDescribeBlock (C:\Users\xx005\Downloads\Collaboreum MVP Platform\node_modules\jest-circus\build\run.js:121:9)
    at run (C:\Users\xx005\Downloads\Collaboreum MVP Platform\node_modules\jest-circus\build\run.js:71:3)
    at runAndTransformResultsToJestFormat (C:\Users\xx005\Downloads\Collaboreum MVP Platform\node_modules\jest-circus\build\legacy-code-todo-rewrite\jestAdapterInit.js:122:21)
    at jestAdapter (C:\Users\xx005\Downloads\Collaboreum MVP Platform\node_modules\jest-circus\build\legacy-code-todo-rewrite\jestAdapter.js:79:19)
    at runTestInternal (C:\Users\xx005\Downloads\Collaboreum MVP Platform\node_modules\jest-runner\build\runTest.js:367:16)
    at runTest (C:\Users\xx005\Downloads\Collaboreum MVP Platform\node_modules\jest-runner\build\runTest.js:444:34)</failure>
    </testcase>
    <testcase classname="Modal Accessibility Tests should close on Escape key" name="Modal Accessibility Tests should close on Escape key" time="0.07">
      <failure>Error: expect(jest.fn()).toHaveBeenCalledWith(...expected)

Expected: false

Number of calls: 0
    at Object.toHaveBeenCalledWith (C:\Users\xx005\Downloads\Collaboreum MVP Platform\src\shared\ui\__tests__\Modal.a11y.test.tsx:96:26)</failure>
    </testcase>
    <testcase classname="Modal Accessibility Tests should close on overlay click" name="Modal Accessibility Tests should close on overlay click" time="0.06">
      <failure>Error: expect(jest.fn()).toHaveBeenCalledWith(...expected)

Expected: false

Number of calls: 0
    at Object.toHaveBeenCalledWith (C:\Users\xx005\Downloads\Collaboreum MVP Platform\src\shared\ui\__tests__\Modal.a11y.test.tsx:115:26)</failure>
    </testcase>
    <testcase classname="Modal Accessibility Tests should not close on modal content click" name="Modal Accessibility Tests should not close on modal content click" time="0.073">
    </testcase>
    <testcase classname="Modal Accessibility Tests should cycle focus with Tab key" name="Modal Accessibility Tests should cycle focus with Tab key" time="0.05">
      <failure>Error: expect(element).toHaveFocus()

Expected element with focus:
  &lt;button&gt;Test button&lt;/button&gt;
Received element with focus:
  &lt;input placeholder=&quot;Test input&quot; type=&quot;text&quot; /&gt;
    at Object.toHaveFocus (C:\Users\xx005\Downloads\Collaboreum MVP Platform\src\shared\ui\__tests__\Modal.a11y.test.tsx:146:24)</failure>
    </testcase>
    <testcase classname="Modal Accessibility Tests should cycle focus with Shift+Tab key" name="Modal Accessibility Tests should cycle focus with Shift+Tab key" time="0.295">
      <failure>Error: expect(element).toHaveFocus()

Expected element with focus:
  &lt;button aria-busy=&quot;false&quot; class=&quot;inline-flex items-center justify-center gap-2 whitespace-nowrap rounded-2xl font-medium transition-all duration-200 disabled:pointer-events-none disabled:opacity-50 [&amp;_svg]:pointer-events-none [&amp;_svg:not([class*=&apos;size-&apos;])]:size-4 shrink-0 [&amp;_svg]:shrink-0 outline-none focus-visible:ring-ring/30 focus-visible:ring-4 aria-invalid:ring-destructive/20 dark:aria-invalid:ring-destructive/40 aria-invalid:border-destructive cursor-pointer !bg-blue-600 !text-white hover:!bg-blue-700 shadow-apple hover:shadow-apple-lg active:scale-95 focus:ring-primary-300 h-10 px-6 py-2 text-sm [&amp;_svg]:size-4&quot; type=&quot;button&quot;&gt;Confirm&lt;/button&gt;
Received element with focus:
  &lt;input placeholder=&quot;Test input&quot; type=&quot;text&quot; /&gt;
    at Object.toHaveFocus (C:\Users\xx005\Downloads\Collaboreum MVP Platform\src\shared\ui\__tests__\Modal.a11y.test.tsx:183:27)</failure>
    </testcase>
    <testcase classname="Modal Accessibility Tests should work with different sizes without accessibility issues" name="Modal Accessibility Tests should work with different sizes without accessibility issues" time="0.267">
    </testcase>
    <testcase classname="Modal Accessibility Tests should have proper heading structure" name="Modal Accessibility Tests should have proper heading structure" time="0.033">
    </testcase>
    <testcase classname="Modal Accessibility Tests should be accessible with screen readers" name="Modal Accessibility Tests should be accessible with screen readers" time="0.087">
    </testcase>
  </testsuite>
  <testsuite name="Button Accessibility Tests" errors="0" failures="2" skipped="0" timestamp="2025-09-23T09:46:04" time="1.604" tests="10">
    <testcase classname="Button Accessibility Tests should have no accessibility violations" name="Button Accessibility Tests should have no accessibility violations" time="0.058">
    </testcase>
    <testcase classname="Button Accessibility Tests should have proper ARIA attributes when disabled" name="Button Accessibility Tests should have proper ARIA attributes when disabled" time="0.05">
    </testcase>
    <testcase classname="Button Accessibility Tests should be focusable and keyboard accessible" name="Button Accessibility Tests should be focusable and keyboard accessible" time="0.05">
      <failure>Error: expect(element).toHaveFocus()

Expected element with focus:
  &lt;button aria-busy=&quot;false&quot; class=&quot;inline-flex items-center justify-center gap-2 whitespace-nowrap rounded-2xl font-medium transition-all duration-200 disabled:pointer-events-none disabled:opacity-50 [&amp;_svg]:pointer-events-none [&amp;_svg:not([class*=&apos;size-&apos;])]:size-4 shrink-0 [&amp;_svg]:shrink-0 outline-none focus-visible:ring-ring/30 focus-visible:ring-4 aria-invalid:ring-destructive/20 dark:aria-invalid:ring-destructive/40 aria-invalid:border-destructive cursor-pointer !bg-blue-600 !text-white hover:!bg-blue-700 shadow-apple hover:shadow-apple-lg active:scale-95 focus:ring-primary-300 h-10 px-6 py-2 text-sm [&amp;_svg]:size-4&quot; type=&quot;button&quot;&gt;Focusable Button&lt;/button&gt;
Received element with focus:
  &lt;body&gt;&lt;div&gt;&lt;button aria-busy=&quot;false&quot; class=&quot;inline-flex items-center justify-center gap-2 whitespace-nowrap rounded-2xl font-medium transition-all duration-200 disabled:pointer-events-none disabled:opacity-50 [&amp;_svg]:pointer-events-none [&amp;_svg:not([class*=&apos;size-&apos;])]:size-4 shrink-0 [&amp;_svg]:shrink-0 outline-none focus-visible:ring-ring/30 focus-visible:ring-4 aria-invalid:ring-destructive/20 dark:aria-invalid:ring-destructive/40 aria-invalid:border-destructive cursor-pointer !bg-blue-600 !text-white hover:!bg-blue-700 shadow-apple hover:shadow-apple-lg active:scale-95 focus:ring-primary-300 h-10 px-6 py-2 text-sm [&amp;_svg]:size-4&quot; type=&quot;button&quot;&gt;Focusable Button&lt;/button&gt;&lt;/div&gt;&lt;/body&gt;
    at Object.toHaveFocus (C:\Users\xx005\Downloads\Collaboreum MVP Platform\src\shared\ui\__tests__\Button.a11y.test.tsx:35:20)</failure>
    </testcase>
    <testcase classname="Button Accessibility Tests should support keyboard interaction" name="Button Accessibility Tests should support keyboard interaction" time="0.076">
      <failure>Error: expect(jest.fn()).toHaveBeenCalledTimes(expected)

Expected number of calls: 1
Received number of calls: 2
    at Object.toHaveBeenCalledTimes (C:\Users\xx005\Downloads\Collaboreum MVP Platform\src\shared\ui\__tests__\Button.a11y.test.tsx:50:25)</failure>
    </testcase>
    <testcase classname="Button Accessibility Tests should have proper button role" name="Button Accessibility Tests should have proper button role" time="0.077">
    </testcase>
    <testcase classname="Button Accessibility Tests should work with different variants without accessibility issues" name="Button Accessibility Tests should work with different variants without accessibility issues" time="0.134">
    </testcase>
    <testcase classname="Button Accessibility Tests should work with different sizes without accessibility issues" name="Button Accessibility Tests should work with different sizes without accessibility issues" time="0.138">
    </testcase>
    <testcase classname="Button Accessibility Tests should work with different tones without accessibility issues" name="Button Accessibility Tests should work with different tones without accessibility issues" time="0.149">
    </testcase>
    <testcase classname="Button Accessibility Tests should maintain accessibility with complex content" name="Button Accessibility Tests should maintain accessibility with complex content" time="0.032">
    </testcase>
    <testcase classname="Button Accessibility Tests should be accessible when used in a form" name="Button Accessibility Tests should be accessible when used in a form" time="0.082">
    </testcase>
  </testsuite>
  <testsuite name="Admin System 통합 테스트" errors="0" failures="13" skipped="0" timestamp="2025-09-23T09:46:06" time="1.97" tests="14">
    <testcase classname="Admin System 통합 테스트 대시보드 전체 플로우 어드민 대시보드가 완전히 로드되고 모든 탭이 작동한다" name="Admin System 통합 테스트 대시보드 전체 플로우 어드민 대시보드가 완전히 로드되고 모든 탭이 작동한다" time="0.179">
      <failure>TestingLibraryElementError: Unable to find an element by: [data-testid=&quot;overview-section&quot;]

Ignored nodes: comments, script, style
&lt;body&gt;
  &lt;div&gt;
    &lt;div
      data-testid=&quot;admin-layout&quot;
    &gt;
      &lt;h1&gt;
        관리자 대시보드
      &lt;/h1&gt;
      &lt;button&gt;
        Back
      &lt;/button&gt;
      &lt;div
        class=&quot;space-y-6&quot;
        data-orientation=&quot;horizontal&quot;
        dir=&quot;ltr&quot;
      &gt;
        &lt;div
          aria-orientation=&quot;horizontal&quot;
          class=&quot;h-10 items-center justify-center rounded-md bg-muted p-1 text-muted-foreground grid w-full grid-cols-8&quot;
          data-orientation=&quot;horizontal&quot;
          role=&quot;tablist&quot;
          style=&quot;outline: none;&quot;
          tabindex=&quot;0&quot;
        &gt;
          &lt;button
            aria-controls=&quot;radix-:r0:-content-overview&quot;
            aria-selected=&quot;true&quot;
            class=&quot;inline-flex items-center justify-center whitespace-nowrap rounded-sm px-3 py-1.5 text-sm font-medium ring-offset-background transition-all focus-visible:outline-none focus-visible:ring-2 focus-visible:ring-ring focus-visible:ring-offset-2 disabled:pointer-events-none disabled:opacity-50 data-[state=active]:bg-background data-[state=active]:text-foreground data-[state=active]:shadow-sm&quot;
            data-orientation=&quot;horizontal&quot;
            data-radix-collection-item=&quot;&quot;
            data-state=&quot;active&quot;
            id=&quot;radix-:r0:-trigger-overview&quot;
            role=&quot;tab&quot;
            tabindex=&quot;-1&quot;
            type=&quot;button&quot;
          &gt;
            개요
          &lt;/button&gt;
          &lt;button
            aria-controls=&quot;radix-:r0:-content-users&quot;
            aria-selected=&quot;false&quot;
            class=&quot;inline-flex items-center justify-center whitespace-nowrap rounded-sm px-3 py-1.5 text-sm font-medium ring-offset-background transition-all focus-visible:outline-none focus-visible:ring-2 focus-visible:ring-ring focus-visible:ring-offset-2 disabled:pointer-events-none disabled:opacity-50 data-[state=active]:bg-background data-[state=active]:text-foreground data-[state=active]:shadow-sm&quot;
            data-orientation=&quot;horizontal&quot;
            data-radix-collection-item=&quot;&quot;
            data-state=&quot;inactive&quot;
            id=&quot;radix-:r0:-trigger-users&quot;
            role=&quot;tab&quot;
            tabindex=&quot;-1&quot;
            type=&quot;button&quot;
          &gt;
            회원관리
          &lt;/button&gt;
          &lt;button
            aria-controls=&quot;radix-:r0:-content-funding&quot;
            aria-selected=&quot;false&quot;
            class=&quot;inline-flex items-center justify-center whitespace-nowrap rounded-sm px-3 py-1.5 text-sm font-medium ring-offset-background transition-all focus-visible:outline-none focus-visible:ring-2 focus-visible:ring-ring focus-visible:ring-offset-2 disabled:pointer-events-none disabled:opacity-50 data-[state=active]:bg-background data-[state=active]:text-foreground data-[state=active]:shadow-sm&quot;
            data-orientation=&quot;horizontal&quot;
            data-radix-collection-item=&quot;&quot;
            data-state=&quot;inactive&quot;
            id=&quot;radix-:r0:-trigger-funding&quot;
            role=&quot;tab&quot;
            tabindex=&quot;-1&quot;
            type=&quot;button&quot;
          &gt;
            펀딩관리
          &lt;/button&gt;
          &lt;button
            aria-controls=&quot;radix-:r0:-content-community&quot;
            aria-selected=&quot;false&quot;
            class=&quot;inline-flex items-center justify-center whitespace-nowrap rounded-sm px-3 py-1.5 text-sm font-medium ring-offset-background transition-all focus-visible:outline-none focus-visible:ring-2 focus-visible:ring-ring focus-visible:ring-offset-2 disabled:pointer-events-none disabled:opacity-50 data-[state=active]:bg-background data-[state=active]:text-foreground data-[state=active]:shadow-sm&quot;
            data-orientation=&quot;horizontal&quot;
            data-radix-collection-item=&quot;&quot;
            data-state=&quot;inactive&quot;
            id=&quot;radix-:r0:-trigger-community&quot;
            role=&quot;tab&quot;
            tabindex=&quot;-1&quot;
            type=&quot;button&quot;
          &gt;
            커뮤니티
          &lt;/button&gt;
          &lt;button
            aria-controls=&quot;radix-:r0:-content-artworks&quot;
            aria-selected=&quot;false&quot;
            class=&quot;inline-flex items-center justify-center whitespace-nowrap rounded-sm px-3 py-1.5 text-sm font-medium ring-offset-background transition-all focus-visible:outline-none focus-visible:ring-2 focus-visible:ring-ring focus-visible:ring-offset-2 disabled:pointer-events-none disabled:opacity-50 data-[state=active]:bg-background data-[state=active]:text-foreground data-[state=active]:shadow-sm&quot;
            data-orientation=&quot;horizontal&quot;
            data-radix-collection-item=&quot;&quot;
            data-state=&quot;inactive&quot;
            id=&quot;radix-:r0:-trigger-artworks&quot;
            role=&quot;tab&quot;
            tabindex=&quot;-1&quot;
            type=&quot;button&quot;
          &gt;
            작품관리
          &lt;/button&gt;
          &lt;button
            aria-controls=&quot;radix-:r0:-content-finance&quot;
            aria-selected=&quot;false&quot;
            class=&quot;inline-flex items-center justify-center whitespace-nowrap rounded-sm px-3 py-1.5 text-sm font-medium ring-offset-background transition-all focus-visible:outline-none focus-visible:ring-2 focus-visible:ring-ring focus-visible:ring-offset-2 disabled:pointer-events-none disabled:opacity-50 data-[state=active]:bg-background data-[state=active]:text-foreground data-[state=active]:shadow-sm&quot;
            data-orientation=&quot;horizontal&quot;
            data-radix-collection-item=&quot;&quot;
            data-state=&quot;inactive&quot;
            id=&quot;radix-:r0:-trigger-finance&quot;
            role=&quot;tab&quot;
            tabindex=&quot;-1&quot;
 ...
    at Object.getElementError (C:\Users\xx005\Downloads\Collaboreum MVP Platform\node_modules\@testing-library\dom\dist\config.js:37:19)
    at C:\Users\xx005\Downloads\Collaboreum MVP Platform\node_modules\@testing-library\dom\dist\query-helpers.js:76:38
    at C:\Users\xx005\Downloads\Collaboreum MVP Platform\node_modules\@testing-library\dom\dist\query-helpers.js:52:17
    at C:\Users\xx005\Downloads\Collaboreum MVP Platform\node_modules\@testing-library\dom\dist\query-helpers.js:95:19
    at Object.getByTestId (C:\Users\xx005\Downloads\Collaboreum MVP Platform\src\features\admin\__tests__\AdminSystem.test.tsx:196:21)
    at Promise.then.completed (C:\Users\xx005\Downloads\Collaboreum MVP Platform\node_modules\jest-circus\build\utils.js:298:28)
    at new Promise (&lt;anonymous&gt;)
    at callAsyncCircusFn (C:\Users\xx005\Downloads\Collaboreum MVP Platform\node_modules\jest-circus\build\utils.js:231:10)
    at _callCircusTest (C:\Users\xx005\Downloads\Collaboreum MVP Platform\node_modules\jest-circus\build\run.js:316:40)
    at _runTest (C:\Users\xx005\Downloads\Collaboreum MVP Platform\node_modules\jest-circus\build\run.js:252:3)
    at _runTestsForDescribeBlock (C:\Users\xx005\Downloads\Collaboreum MVP Platform\node_modules\jest-circus\build\run.js:126:9)
    at _runTestsForDescribeBlock (C:\Users\xx005\Downloads\Collaboreum MVP Platform\node_modules\jest-circus\build\run.js:121:9)
    at _runTestsForDescribeBlock (C:\Users\xx005\Downloads\Collaboreum MVP Platform\node_modules\jest-circus\build\run.js:121:9)
    at run (C:\Users\xx005\Downloads\Collaboreum MVP Platform\node_modules\jest-circus\build\run.js:71:3)
    at runAndTransformResultsToJestFormat (C:\Users\xx005\Downloads\Collaboreum MVP Platform\node_modules\jest-circus\build\legacy-code-todo-rewrite\jestAdapterInit.js:122:21)
    at jestAdapter (C:\Users\xx005\Downloads\Collaboreum MVP Platform\node_modules\jest-circus\build\legacy-code-todo-rewrite\jestAdapter.js:79:19)
    at runTestInternal (C:\Users\xx005\Downloads\Collaboreum MVP Platform\node_modules\jest-runner\build\runTest.js:367:16)
    at runTest (C:\Users\xx005\Downloads\Collaboreum MVP Platform\node_modules\jest-runner\build\runTest.js:444:34)</failure>
    </testcase>
    <testcase classname="Admin System 통합 테스트 대시보드 전체 플로우 탭 전환이 올바르게 작동한다" name="Admin System 통합 테스트 대시보드 전체 플로우 탭 전환이 올바르게 작동한다" time="0.142">
      <failure>TypeError: Cannot destructure property &apos;data&apos; of &apos;(0 , _useAdminData.useSystemMetrics)(...)&apos; as it is undefined.
    at systemMetrics (C:\Users\xx005\Downloads\Collaboreum MVP Platform\src\features\admin\components\sections\OverviewSection.tsx:25:11)
    at renderWithHooks (C:\Users\xx005\Downloads\Collaboreum MVP Platform\node_modules\react-dom\cjs\react-dom.development.js:15486:18)
    at updateFunctionComponent (C:\Users\xx005\Downloads\Collaboreum MVP Platform\node_modules\react-dom\cjs\react-dom.development.js:19617:20)
    at mountLazyComponent (C:\Users\xx005\Downloads\Collaboreum MVP Platform\node_modules\react-dom\cjs\react-dom.development.js:19988:17)
    at beginWork (C:\Users\xx005\Downloads\Collaboreum MVP Platform\node_modules\react-dom\cjs\react-dom.development.js:21632:16)
    at beginWork$1 (C:\Users\xx005\Downloads\Collaboreum MVP Platform\node_modules\react-dom\cjs\react-dom.development.js:27465:14)
    at performUnitOfWork (C:\Users\xx005\Downloads\Collaboreum MVP Platform\node_modules\react-dom\cjs\react-dom.development.js:26599:12)
    at workLoopSync (C:\Users\xx005\Downloads\Collaboreum MVP Platform\node_modules\react-dom\cjs\react-dom.development.js:26505:5)
    at renderRootSync (C:\Users\xx005\Downloads\Collaboreum MVP Platform\node_modules\react-dom\cjs\react-dom.development.js:26473:7)
    at recoverFromConcurrentError (C:\Users\xx005\Downloads\Collaboreum MVP Platform\node_modules\react-dom\cjs\react-dom.development.js:25889:20)
    at performConcurrentWorkOnRoot (C:\Users\xx005\Downloads\Collaboreum MVP Platform\node_modules\react-dom\cjs\react-dom.development.js:25789:22)
    at flushActQueue (C:\Users\xx005\Downloads\Collaboreum MVP Platform\node_modules\react\cjs\react.development.js:2667:24)
    at act (C:\Users\xx005\Downloads\Collaboreum MVP Platform\node_modules\react\cjs\react.development.js:2582:11)
    at C:\Users\xx005\Downloads\Collaboreum MVP Platform\node_modules\@testing-library\react\dist\act-compat.js:47:25
    at renderRoot (C:\Users\xx005\Downloads\Collaboreum MVP Platform\node_modules\@testing-library\react\dist\pure.js:190:26)
    at render (C:\Users\xx005\Downloads\Collaboreum MVP Platform\node_modules\@testing-library\react\dist\pure.js:292:10)
    at Object.&lt;anonymous&gt; (C:\Users\xx005\Downloads\Collaboreum MVP Platform\src\features\admin\__tests__\AdminSystem.test.tsx:210:13)
    at Promise.then.completed (C:\Users\xx005\Downloads\Collaboreum MVP Platform\node_modules\jest-circus\build\utils.js:298:28)
    at new Promise (&lt;anonymous&gt;)
    at callAsyncCircusFn (C:\Users\xx005\Downloads\Collaboreum MVP Platform\node_modules\jest-circus\build\utils.js:231:10)
    at _callCircusTest (C:\Users\xx005\Downloads\Collaboreum MVP Platform\node_modules\jest-circus\build\run.js:316:40)
    at _runTest (C:\Users\xx005\Downloads\Collaboreum MVP Platform\node_modules\jest-circus\build\run.js:252:3)
    at _runTestsForDescribeBlock (C:\Users\xx005\Downloads\Collaboreum MVP Platform\node_modules\jest-circus\build\run.js:126:9)
    at _runTestsForDescribeBlock (C:\Users\xx005\Downloads\Collaboreum MVP Platform\node_modules\jest-circus\build\run.js:121:9)
    at _runTestsForDescribeBlock (C:\Users\xx005\Downloads\Collaboreum MVP Platform\node_modules\jest-circus\build\run.js:121:9)
    at run (C:\Users\xx005\Downloads\Collaboreum MVP Platform\node_modules\jest-circus\build\run.js:71:3)
    at runAndTransformResultsToJestFormat (C:\Users\xx005\Downloads\Collaboreum MVP Platform\node_modules\jest-circus\build\legacy-code-todo-rewrite\jestAdapterInit.js:122:21)
    at jestAdapter (C:\Users\xx005\Downloads\Collaboreum MVP Platform\node_modules\jest-circus\build\legacy-code-todo-rewrite\jestAdapter.js:79:19)
    at runTestInternal (C:\Users\xx005\Downloads\Collaboreum MVP Platform\node_modules\jest-runner\build\runTest.js:367:16)
    at runTest (C:\Users\xx005\Downloads\Collaboreum MVP Platform\node_modules\jest-runner\build\runTest.js:444:34)</failure>
    </testcase>
    <testcase classname="Admin System 통합 테스트 메트릭 데이터 통합 OverviewSection이 메트릭 데이터를 올바르게 표시한다" name="Admin System 통합 테스트 메트릭 데이터 통합 OverviewSection이 메트릭 데이터를 올바르게 표시한다" time="0.014">
      <failure>TypeError: Cannot destructure property &apos;data&apos; of &apos;(0 , _useAdminData.useSystemMetrics)(...)&apos; as it is undefined.
    at systemMetrics (C:\Users\xx005\Downloads\Collaboreum MVP Platform\src\features\admin\components\sections\OverviewSection.tsx:25:11)
    at renderWithHooks (C:\Users\xx005\Downloads\Collaboreum MVP Platform\node_modules\react-dom\cjs\react-dom.development.js:15486:18)
    at mountIndeterminateComponent (C:\Users\xx005\Downloads\Collaboreum MVP Platform\node_modules\react-dom\cjs\react-dom.development.js:20103:13)
    at beginWork (C:\Users\xx005\Downloads\Collaboreum MVP Platform\node_modules\react-dom\cjs\react-dom.development.js:21626:16)
    at beginWork$1 (C:\Users\xx005\Downloads\Collaboreum MVP Platform\node_modules\react-dom\cjs\react-dom.development.js:27465:14)
    at performUnitOfWork (C:\Users\xx005\Downloads\Collaboreum MVP Platform\node_modules\react-dom\cjs\react-dom.development.js:26599:12)
    at workLoopSync (C:\Users\xx005\Downloads\Collaboreum MVP Platform\node_modules\react-dom\cjs\react-dom.development.js:26505:5)
    at renderRootSync (C:\Users\xx005\Downloads\Collaboreum MVP Platform\node_modules\react-dom\cjs\react-dom.development.js:26473:7)
    at recoverFromConcurrentError (C:\Users\xx005\Downloads\Collaboreum MVP Platform\node_modules\react-dom\cjs\react-dom.development.js:25889:20)
    at performConcurrentWorkOnRoot (C:\Users\xx005\Downloads\Collaboreum MVP Platform\node_modules\react-dom\cjs\react-dom.development.js:25789:22)
    at flushActQueue (C:\Users\xx005\Downloads\Collaboreum MVP Platform\node_modules\react\cjs\react.development.js:2667:24)
    at act (C:\Users\xx005\Downloads\Collaboreum MVP Platform\node_modules\react\cjs\react.development.js:2582:11)
    at C:\Users\xx005\Downloads\Collaboreum MVP Platform\node_modules\@testing-library\react\dist\act-compat.js:47:25
    at renderRoot (C:\Users\xx005\Downloads\Collaboreum MVP Platform\node_modules\@testing-library\react\dist\pure.js:190:26)
    at render (C:\Users\xx005\Downloads\Collaboreum MVP Platform\node_modules\@testing-library\react\dist\pure.js:292:10)
    at Object.&lt;anonymous&gt; (C:\Users\xx005\Downloads\Collaboreum MVP Platform\src\features\admin\__tests__\AdminSystem.test.tsx:241:13)
    at Promise.then.completed (C:\Users\xx005\Downloads\Collaboreum MVP Platform\node_modules\jest-circus\build\utils.js:298:28)
    at new Promise (&lt;anonymous&gt;)
    at callAsyncCircusFn (C:\Users\xx005\Downloads\Collaboreum MVP Platform\node_modules\jest-circus\build\utils.js:231:10)
    at _callCircusTest (C:\Users\xx005\Downloads\Collaboreum MVP Platform\node_modules\jest-circus\build\run.js:316:40)
    at _runTest (C:\Users\xx005\Downloads\Collaboreum MVP Platform\node_modules\jest-circus\build\run.js:252:3)
    at _runTestsForDescribeBlock (C:\Users\xx005\Downloads\Collaboreum MVP Platform\node_modules\jest-circus\build\run.js:126:9)
    at _runTestsForDescribeBlock (C:\Users\xx005\Downloads\Collaboreum MVP Platform\node_modules\jest-circus\build\run.js:121:9)
    at _runTestsForDescribeBlock (C:\Users\xx005\Downloads\Collaboreum MVP Platform\node_modules\jest-circus\build\run.js:121:9)
    at run (C:\Users\xx005\Downloads\Collaboreum MVP Platform\node_modules\jest-circus\build\run.js:71:3)
    at runAndTransformResultsToJestFormat (C:\Users\xx005\Downloads\Collaboreum MVP Platform\node_modules\jest-circus\build\legacy-code-todo-rewrite\jestAdapterInit.js:122:21)
    at jestAdapter (C:\Users\xx005\Downloads\Collaboreum MVP Platform\node_modules\jest-circus\build\legacy-code-todo-rewrite\jestAdapter.js:79:19)
    at runTestInternal (C:\Users\xx005\Downloads\Collaboreum MVP Platform\node_modules\jest-runner\build\runTest.js:367:16)
    at runTest (C:\Users\xx005\Downloads\Collaboreum MVP Platform\node_modules\jest-runner\build\runTest.js:444:34)</failure>
    </testcase>
    <testcase classname="Admin System 통합 테스트 메트릭 데이터 통합 MetricsCard가 개별적으로 올바르게 작동한다" name="Admin System 통합 테스트 메트릭 데이터 통합 MetricsCard가 개별적으로 올바르게 작동한다" time="0.051">
      <failure>Error: Element type is invalid: expected a string (for built-in components) or a class/function (for composite components) but got: object.

Check the render method of `MetricsCard`.
    at createFiberFromTypeAndProps (C:\Users\xx005\Downloads\Collaboreum MVP Platform\node_modules\react-dom\cjs\react-dom.development.js:28478:17)
    at createFiberFromElement (C:\Users\xx005\Downloads\Collaboreum MVP Platform\node_modules\react-dom\cjs\react-dom.development.js:28504:15)
    at reconcileSingleElement (C:\Users\xx005\Downloads\Collaboreum MVP Platform\node_modules\react-dom\cjs\react-dom.development.js:13986:23)
    at reconcileChildFibers (C:\Users\xx005\Downloads\Collaboreum MVP Platform\node_modules\react-dom\cjs\react-dom.development.js:14044:35)
    at reconcileChildren (C:\Users\xx005\Downloads\Collaboreum MVP Platform\node_modules\react-dom\cjs\react-dom.development.js:19186:28)
    at updateHostComponent (C:\Users\xx005\Downloads\Collaboreum MVP Platform\node_modules\react-dom\cjs\react-dom.development.js:19953:3)
    at beginWork (C:\Users\xx005\Downloads\Collaboreum MVP Platform\node_modules\react-dom\cjs\react-dom.development.js:21657:14)
    at beginWork$1 (C:\Users\xx005\Downloads\Collaboreum MVP Platform\node_modules\react-dom\cjs\react-dom.development.js:27465:14)
    at performUnitOfWork (C:\Users\xx005\Downloads\Collaboreum MVP Platform\node_modules\react-dom\cjs\react-dom.development.js:26599:12)
    at workLoopSync (C:\Users\xx005\Downloads\Collaboreum MVP Platform\node_modules\react-dom\cjs\react-dom.development.js:26505:5)
    at renderRootSync (C:\Users\xx005\Downloads\Collaboreum MVP Platform\node_modules\react-dom\cjs\react-dom.development.js:26473:7)
    at recoverFromConcurrentError (C:\Users\xx005\Downloads\Collaboreum MVP Platform\node_modules\react-dom\cjs\react-dom.development.js:25889:20)
    at performConcurrentWorkOnRoot (C:\Users\xx005\Downloads\Collaboreum MVP Platform\node_modules\react-dom\cjs\react-dom.development.js:25789:22)
    at flushActQueue (C:\Users\xx005\Downloads\Collaboreum MVP Platform\node_modules\react\cjs\react.development.js:2667:24)
    at act (C:\Users\xx005\Downloads\Collaboreum MVP Platform\node_modules\react\cjs\react.development.js:2582:11)
    at C:\Users\xx005\Downloads\Collaboreum MVP Platform\node_modules\@testing-library\react\dist\act-compat.js:47:25
    at renderRoot (C:\Users\xx005\Downloads\Collaboreum MVP Platform\node_modules\@testing-library\react\dist\pure.js:190:26)
    at render (C:\Users\xx005\Downloads\Collaboreum MVP Platform\node_modules\@testing-library\react\dist\pure.js:292:10)
    at Object.&lt;anonymous&gt; (C:\Users\xx005\Downloads\Collaboreum MVP Platform\src\features\admin\__tests__\AdminSystem.test.tsx:267:13)
    at Promise.then.completed (C:\Users\xx005\Downloads\Collaboreum MVP Platform\node_modules\jest-circus\build\utils.js:298:28)
    at new Promise (&lt;anonymous&gt;)
    at callAsyncCircusFn (C:\Users\xx005\Downloads\Collaboreum MVP Platform\node_modules\jest-circus\build\utils.js:231:10)
    at _callCircusTest (C:\Users\xx005\Downloads\Collaboreum MVP Platform\node_modules\jest-circus\build\run.js:316:40)
    at _runTest (C:\Users\xx005\Downloads\Collaboreum MVP Platform\node_modules\jest-circus\build\run.js:252:3)
    at _runTestsForDescribeBlock (C:\Users\xx005\Downloads\Collaboreum MVP Platform\node_modules\jest-circus\build\run.js:126:9)
    at _runTestsForDescribeBlock (C:\Users\xx005\Downloads\Collaboreum MVP Platform\node_modules\jest-circus\build\run.js:121:9)
    at _runTestsForDescribeBlock (C:\Users\xx005\Downloads\Collaboreum MVP Platform\node_modules\jest-circus\build\run.js:121:9)
    at run (C:\Users\xx005\Downloads\Collaboreum MVP Platform\node_modules\jest-circus\build\run.js:71:3)
    at runAndTransformResultsToJestFormat (C:\Users\xx005\Downloads\Collaboreum MVP Platform\node_modules\jest-circus\build\legacy-code-todo-rewrite\jestAdapterInit.js:122:21)
    at jestAdapter (C:\Users\xx005\Downloads\Collaboreum MVP Platform\node_modules\jest-circus\build\legacy-code-todo-rewrite\jestAdapter.js:79:19)
    at runTestInternal (C:\Users\xx005\Downloads\Collaboreum MVP Platform\node_modules\jest-runner\build\runTest.js:367:16)
    at runTest (C:\Users\xx005\Downloads\Collaboreum MVP Platform\node_modules\jest-runner\build\runTest.js:444:34)</failure>
    </testcase>
    <testcase classname="Admin System 통합 테스트 에러 처리 통합 메트릭 로딩 실패 시 에러 메시지가 표시된다" name="Admin System 통합 테스트 에러 처리 통합 메트릭 로딩 실패 시 에러 메시지가 표시된다" time="0.021">
      <failure>TypeError: Cannot destructure property &apos;data&apos; of &apos;(0 , _useAdminData.useSystemMetrics)(...)&apos; as it is undefined.
    at systemMetrics (C:\Users\xx005\Downloads\Collaboreum MVP Platform\src\features\admin\components\sections\OverviewSection.tsx:25:11)
    at renderWithHooks (C:\Users\xx005\Downloads\Collaboreum MVP Platform\node_modules\react-dom\cjs\react-dom.development.js:15486:18)
    at mountIndeterminateComponent (C:\Users\xx005\Downloads\Collaboreum MVP Platform\node_modules\react-dom\cjs\react-dom.development.js:20103:13)
    at beginWork (C:\Users\xx005\Downloads\Collaboreum MVP Platform\node_modules\react-dom\cjs\react-dom.development.js:21626:16)
    at beginWork$1 (C:\Users\xx005\Downloads\Collaboreum MVP Platform\node_modules\react-dom\cjs\react-dom.development.js:27465:14)
    at performUnitOfWork (C:\Users\xx005\Downloads\Collaboreum MVP Platform\node_modules\react-dom\cjs\react-dom.development.js:26599:12)
    at workLoopSync (C:\Users\xx005\Downloads\Collaboreum MVP Platform\node_modules\react-dom\cjs\react-dom.development.js:26505:5)
    at renderRootSync (C:\Users\xx005\Downloads\Collaboreum MVP Platform\node_modules\react-dom\cjs\react-dom.development.js:26473:7)
    at recoverFromConcurrentError (C:\Users\xx005\Downloads\Collaboreum MVP Platform\node_modules\react-dom\cjs\react-dom.development.js:25889:20)
    at performConcurrentWorkOnRoot (C:\Users\xx005\Downloads\Collaboreum MVP Platform\node_modules\react-dom\cjs\react-dom.development.js:25789:22)
    at flushActQueue (C:\Users\xx005\Downloads\Collaboreum MVP Platform\node_modules\react\cjs\react.development.js:2667:24)
    at act (C:\Users\xx005\Downloads\Collaboreum MVP Platform\node_modules\react\cjs\react.development.js:2582:11)
    at C:\Users\xx005\Downloads\Collaboreum MVP Platform\node_modules\@testing-library\react\dist\act-compat.js:47:25
    at renderRoot (C:\Users\xx005\Downloads\Collaboreum MVP Platform\node_modules\@testing-library\react\dist\pure.js:190:26)
    at render (C:\Users\xx005\Downloads\Collaboreum MVP Platform\node_modules\@testing-library\react\dist\pure.js:292:10)
    at Object.&lt;anonymous&gt; (C:\Users\xx005\Downloads\Collaboreum MVP Platform\src\features\admin\__tests__\AdminSystem.test.tsx:297:13)
    at Promise.then.completed (C:\Users\xx005\Downloads\Collaboreum MVP Platform\node_modules\jest-circus\build\utils.js:298:28)
    at new Promise (&lt;anonymous&gt;)
    at callAsyncCircusFn (C:\Users\xx005\Downloads\Collaboreum MVP Platform\node_modules\jest-circus\build\utils.js:231:10)
    at _callCircusTest (C:\Users\xx005\Downloads\Collaboreum MVP Platform\node_modules\jest-circus\build\run.js:316:40)
    at _runTest (C:\Users\xx005\Downloads\Collaboreum MVP Platform\node_modules\jest-circus\build\run.js:252:3)
    at _runTestsForDescribeBlock (C:\Users\xx005\Downloads\Collaboreum MVP Platform\node_modules\jest-circus\build\run.js:126:9)
    at _runTestsForDescribeBlock (C:\Users\xx005\Downloads\Collaboreum MVP Platform\node_modules\jest-circus\build\run.js:121:9)
    at _runTestsForDescribeBlock (C:\Users\xx005\Downloads\Collaboreum MVP Platform\node_modules\jest-circus\build\run.js:121:9)
    at run (C:\Users\xx005\Downloads\Collaboreum MVP Platform\node_modules\jest-circus\build\run.js:71:3)
    at runAndTransformResultsToJestFormat (C:\Users\xx005\Downloads\Collaboreum MVP Platform\node_modules\jest-circus\build\legacy-code-todo-rewrite\jestAdapterInit.js:122:21)
    at jestAdapter (C:\Users\xx005\Downloads\Collaboreum MVP Platform\node_modules\jest-circus\build\legacy-code-todo-rewrite\jestAdapter.js:79:19)
    at runTestInternal (C:\Users\xx005\Downloads\Collaboreum MVP Platform\node_modules\jest-runner\build\runTest.js:367:16)
    at runTest (C:\Users\xx005\Downloads\Collaboreum MVP Platform\node_modules\jest-runner\build\runTest.js:444:34)</failure>
    </testcase>
    <testcase classname="Admin System 통합 테스트 에러 처리 통합 메트릭 로딩 중일 때 스켈레톤이 표시된다" name="Admin System 통합 테스트 에러 처리 통합 메트릭 로딩 중일 때 스켈레톤이 표시된다" time="0.032">
      <failure>TypeError: Cannot destructure property &apos;data&apos; of &apos;(0 , _useAdminData.useSystemMetrics)(...)&apos; as it is undefined.
    at systemMetrics (C:\Users\xx005\Downloads\Collaboreum MVP Platform\src\features\admin\components\sections\OverviewSection.tsx:25:11)
    at renderWithHooks (C:\Users\xx005\Downloads\Collaboreum MVP Platform\node_modules\react-dom\cjs\react-dom.development.js:15486:18)
    at mountIndeterminateComponent (C:\Users\xx005\Downloads\Collaboreum MVP Platform\node_modules\react-dom\cjs\react-dom.development.js:20103:13)
    at beginWork (C:\Users\xx005\Downloads\Collaboreum MVP Platform\node_modules\react-dom\cjs\react-dom.development.js:21626:16)
    at beginWork$1 (C:\Users\xx005\Downloads\Collaboreum MVP Platform\node_modules\react-dom\cjs\react-dom.development.js:27465:14)
    at performUnitOfWork (C:\Users\xx005\Downloads\Collaboreum MVP Platform\node_modules\react-dom\cjs\react-dom.development.js:26599:12)
    at workLoopSync (C:\Users\xx005\Downloads\Collaboreum MVP Platform\node_modules\react-dom\cjs\react-dom.development.js:26505:5)
    at renderRootSync (C:\Users\xx005\Downloads\Collaboreum MVP Platform\node_modules\react-dom\cjs\react-dom.development.js:26473:7)
    at recoverFromConcurrentError (C:\Users\xx005\Downloads\Collaboreum MVP Platform\node_modules\react-dom\cjs\react-dom.development.js:25889:20)
    at performConcurrentWorkOnRoot (C:\Users\xx005\Downloads\Collaboreum MVP Platform\node_modules\react-dom\cjs\react-dom.development.js:25789:22)
    at flushActQueue (C:\Users\xx005\Downloads\Collaboreum MVP Platform\node_modules\react\cjs\react.development.js:2667:24)
    at act (C:\Users\xx005\Downloads\Collaboreum MVP Platform\node_modules\react\cjs\react.development.js:2582:11)
    at C:\Users\xx005\Downloads\Collaboreum MVP Platform\node_modules\@testing-library\react\dist\act-compat.js:47:25
    at renderRoot (C:\Users\xx005\Downloads\Collaboreum MVP Platform\node_modules\@testing-library\react\dist\pure.js:190:26)
    at render (C:\Users\xx005\Downloads\Collaboreum MVP Platform\node_modules\@testing-library\react\dist\pure.js:292:10)
    at Object.&lt;anonymous&gt; (C:\Users\xx005\Downloads\Collaboreum MVP Platform\src\features\admin\__tests__\AdminSystem.test.tsx:316:13)
    at Promise.then.completed (C:\Users\xx005\Downloads\Collaboreum MVP Platform\node_modules\jest-circus\build\utils.js:298:28)
    at new Promise (&lt;anonymous&gt;)
    at callAsyncCircusFn (C:\Users\xx005\Downloads\Collaboreum MVP Platform\node_modules\jest-circus\build\utils.js:231:10)
    at _callCircusTest (C:\Users\xx005\Downloads\Collaboreum MVP Platform\node_modules\jest-circus\build\run.js:316:40)
    at _runTest (C:\Users\xx005\Downloads\Collaboreum MVP Platform\node_modules\jest-circus\build\run.js:252:3)
    at _runTestsForDescribeBlock (C:\Users\xx005\Downloads\Collaboreum MVP Platform\node_modules\jest-circus\build\run.js:126:9)
    at _runTestsForDescribeBlock (C:\Users\xx005\Downloads\Collaboreum MVP Platform\node_modules\jest-circus\build\run.js:121:9)
    at _runTestsForDescribeBlock (C:\Users\xx005\Downloads\Collaboreum MVP Platform\node_modules\jest-circus\build\run.js:121:9)
    at run (C:\Users\xx005\Downloads\Collaboreum MVP Platform\node_modules\jest-circus\build\run.js:71:3)
    at runAndTransformResultsToJestFormat (C:\Users\xx005\Downloads\Collaboreum MVP Platform\node_modules\jest-circus\build\legacy-code-todo-rewrite\jestAdapterInit.js:122:21)
    at jestAdapter (C:\Users\xx005\Downloads\Collaboreum MVP Platform\node_modules\jest-circus\build\legacy-code-todo-rewrite\jestAdapter.js:79:19)
    at runTestInternal (C:\Users\xx005\Downloads\Collaboreum MVP Platform\node_modules\jest-runner\build\runTest.js:367:16)
    at runTest (C:\Users\xx005\Downloads\Collaboreum MVP Platform\node_modules\jest-runner\build\runTest.js:444:34)</failure>
    </testcase>
    <testcase classname="Admin System 통합 테스트 권한 관리 통합 권한이 필요한 섹션에 PermissionGuard가 적용된다" name="Admin System 통합 테스트 권한 관리 통합 권한이 필요한 섹션에 PermissionGuard가 적용된다" time="0.055">
      <failure>TypeError: Cannot destructure property &apos;data&apos; of &apos;(0 , _useAdminData.useSystemMetrics)(...)&apos; as it is undefined.
    at systemMetrics (C:\Users\xx005\Downloads\Collaboreum MVP Platform\src\features\admin\components\sections\OverviewSection.tsx:25:11)
    at renderWithHooks (C:\Users\xx005\Downloads\Collaboreum MVP Platform\node_modules\react-dom\cjs\react-dom.development.js:15486:18)
    at updateFunctionComponent (C:\Users\xx005\Downloads\Collaboreum MVP Platform\node_modules\react-dom\cjs\react-dom.development.js:19617:20)
    at mountLazyComponent (C:\Users\xx005\Downloads\Collaboreum MVP Platform\node_modules\react-dom\cjs\react-dom.development.js:19988:17)
    at beginWork (C:\Users\xx005\Downloads\Collaboreum MVP Platform\node_modules\react-dom\cjs\react-dom.development.js:21632:16)
    at beginWork$1 (C:\Users\xx005\Downloads\Collaboreum MVP Platform\node_modules\react-dom\cjs\react-dom.development.js:27465:14)
    at performUnitOfWork (C:\Users\xx005\Downloads\Collaboreum MVP Platform\node_modules\react-dom\cjs\react-dom.development.js:26599:12)
    at workLoopSync (C:\Users\xx005\Downloads\Collaboreum MVP Platform\node_modules\react-dom\cjs\react-dom.development.js:26505:5)
    at renderRootSync (C:\Users\xx005\Downloads\Collaboreum MVP Platform\node_modules\react-dom\cjs\react-dom.development.js:26473:7)
    at recoverFromConcurrentError (C:\Users\xx005\Downloads\Collaboreum MVP Platform\node_modules\react-dom\cjs\react-dom.development.js:25889:20)
    at performConcurrentWorkOnRoot (C:\Users\xx005\Downloads\Collaboreum MVP Platform\node_modules\react-dom\cjs\react-dom.development.js:25789:22)
    at flushActQueue (C:\Users\xx005\Downloads\Collaboreum MVP Platform\node_modules\react\cjs\react.development.js:2667:24)
    at act (C:\Users\xx005\Downloads\Collaboreum MVP Platform\node_modules\react\cjs\react.development.js:2582:11)
    at C:\Users\xx005\Downloads\Collaboreum MVP Platform\node_modules\@testing-library\react\dist\act-compat.js:47:25
    at renderRoot (C:\Users\xx005\Downloads\Collaboreum MVP Platform\node_modules\@testing-library\react\dist\pure.js:190:26)
    at render (C:\Users\xx005\Downloads\Collaboreum MVP Platform\node_modules\@testing-library\react\dist\pure.js:292:10)
    at Object.&lt;anonymous&gt; (C:\Users\xx005\Downloads\Collaboreum MVP Platform\src\features\admin\__tests__\AdminSystem.test.tsx:326:13)
    at Promise.then.completed (C:\Users\xx005\Downloads\Collaboreum MVP Platform\node_modules\jest-circus\build\utils.js:298:28)
    at new Promise (&lt;anonymous&gt;)
    at callAsyncCircusFn (C:\Users\xx005\Downloads\Collaboreum MVP Platform\node_modules\jest-circus\build\utils.js:231:10)
    at _callCircusTest (C:\Users\xx005\Downloads\Collaboreum MVP Platform\node_modules\jest-circus\build\run.js:316:40)
    at _runTest (C:\Users\xx005\Downloads\Collaboreum MVP Platform\node_modules\jest-circus\build\run.js:252:3)
    at _runTestsForDescribeBlock (C:\Users\xx005\Downloads\Collaboreum MVP Platform\node_modules\jest-circus\build\run.js:126:9)
    at _runTestsForDescribeBlock (C:\Users\xx005\Downloads\Collaboreum MVP Platform\node_modules\jest-circus\build\run.js:121:9)
    at _runTestsForDescribeBlock (C:\Users\xx005\Downloads\Collaboreum MVP Platform\node_modules\jest-circus\build\run.js:121:9)
    at run (C:\Users\xx005\Downloads\Collaboreum MVP Platform\node_modules\jest-circus\build\run.js:71:3)
    at runAndTransformResultsToJestFormat (C:\Users\xx005\Downloads\Collaboreum MVP Platform\node_modules\jest-circus\build\legacy-code-todo-rewrite\jestAdapterInit.js:122:21)
    at jestAdapter (C:\Users\xx005\Downloads\Collaboreum MVP Platform\node_modules\jest-circus\build\legacy-code-todo-rewrite\jestAdapter.js:79:19)
    at runTestInternal (C:\Users\xx005\Downloads\Collaboreum MVP Platform\node_modules\jest-runner\build\runTest.js:367:16)
    at runTest (C:\Users\xx005\Downloads\Collaboreum MVP Platform\node_modules\jest-runner\build\runTest.js:444:34)</failure>
    </testcase>
    <testcase classname="Admin System 통합 테스트 API 통합 adminService가 올바르게 호출된다" name="Admin System 통합 테스트 API 통합 adminService가 올바르게 호출된다" time="0.024">
      <failure>TypeError: Cannot destructure property &apos;data&apos; of &apos;(0 , _useAdminData.useSystemMetrics)(...)&apos; as it is undefined.
    at systemMetrics (C:\Users\xx005\Downloads\Collaboreum MVP Platform\src\features\admin\components\sections\OverviewSection.tsx:25:11)
    at renderWithHooks (C:\Users\xx005\Downloads\Collaboreum MVP Platform\node_modules\react-dom\cjs\react-dom.development.js:15486:18)
    at mountIndeterminateComponent (C:\Users\xx005\Downloads\Collaboreum MVP Platform\node_modules\react-dom\cjs\react-dom.development.js:20103:13)
    at beginWork (C:\Users\xx005\Downloads\Collaboreum MVP Platform\node_modules\react-dom\cjs\react-dom.development.js:21626:16)
    at beginWork$1 (C:\Users\xx005\Downloads\Collaboreum MVP Platform\node_modules\react-dom\cjs\react-dom.development.js:27465:14)
    at performUnitOfWork (C:\Users\xx005\Downloads\Collaboreum MVP Platform\node_modules\react-dom\cjs\react-dom.development.js:26599:12)
    at workLoopSync (C:\Users\xx005\Downloads\Collaboreum MVP Platform\node_modules\react-dom\cjs\react-dom.development.js:26505:5)
    at renderRootSync (C:\Users\xx005\Downloads\Collaboreum MVP Platform\node_modules\react-dom\cjs\react-dom.development.js:26473:7)
    at recoverFromConcurrentError (C:\Users\xx005\Downloads\Collaboreum MVP Platform\node_modules\react-dom\cjs\react-dom.development.js:25889:20)
    at performConcurrentWorkOnRoot (C:\Users\xx005\Downloads\Collaboreum MVP Platform\node_modules\react-dom\cjs\react-dom.development.js:25789:22)
    at flushActQueue (C:\Users\xx005\Downloads\Collaboreum MVP Platform\node_modules\react\cjs\react.development.js:2667:24)
    at act (C:\Users\xx005\Downloads\Collaboreum MVP Platform\node_modules\react\cjs\react.development.js:2582:11)
    at C:\Users\xx005\Downloads\Collaboreum MVP Platform\node_modules\@testing-library\react\dist\act-compat.js:47:25
    at renderRoot (C:\Users\xx005\Downloads\Collaboreum MVP Platform\node_modules\@testing-library\react\dist\pure.js:190:26)
    at render (C:\Users\xx005\Downloads\Collaboreum MVP Platform\node_modules\@testing-library\react\dist\pure.js:292:10)
    at Object.&lt;anonymous&gt; (C:\Users\xx005\Downloads\Collaboreum MVP Platform\src\features\admin\__tests__\AdminSystem.test.tsx:363:13)
    at Promise.then.completed (C:\Users\xx005\Downloads\Collaboreum MVP Platform\node_modules\jest-circus\build\utils.js:298:28)
    at new Promise (&lt;anonymous&gt;)
    at callAsyncCircusFn (C:\Users\xx005\Downloads\Collaboreum MVP Platform\node_modules\jest-circus\build\utils.js:231:10)
    at _callCircusTest (C:\Users\xx005\Downloads\Collaboreum MVP Platform\node_modules\jest-circus\build\run.js:316:40)
    at _runTest (C:\Users\xx005\Downloads\Collaboreum MVP Platform\node_modules\jest-circus\build\run.js:252:3)
    at _runTestsForDescribeBlock (C:\Users\xx005\Downloads\Collaboreum MVP Platform\node_modules\jest-circus\build\run.js:126:9)
    at _runTestsForDescribeBlock (C:\Users\xx005\Downloads\Collaboreum MVP Platform\node_modules\jest-circus\build\run.js:121:9)
    at _runTestsForDescribeBlock (C:\Users\xx005\Downloads\Collaboreum MVP Platform\node_modules\jest-circus\build\run.js:121:9)
    at run (C:\Users\xx005\Downloads\Collaboreum MVP Platform\node_modules\jest-circus\build\run.js:71:3)
    at runAndTransformResultsToJestFormat (C:\Users\xx005\Downloads\Collaboreum MVP Platform\node_modules\jest-circus\build\legacy-code-todo-rewrite\jestAdapterInit.js:122:21)
    at jestAdapter (C:\Users\xx005\Downloads\Collaboreum MVP Platform\node_modules\jest-circus\build\legacy-code-todo-rewrite\jestAdapter.js:79:19)
    at runTestInternal (C:\Users\xx005\Downloads\Collaboreum MVP Platform\node_modules\jest-runner\build\runTest.js:367:16)
    at runTest (C:\Users\xx005\Downloads\Collaboreum MVP Platform\node_modules\jest-runner\build\runTest.js:444:34)</failure>
    </testcase>
    <testcase classname="Admin System 통합 테스트 API 통합 사용자 상태 업데이트가 올바르게 작동한다" name="Admin System 통합 테스트 API 통합 사용자 상태 업데이트가 올바르게 작동한다" time="0.001">
    </testcase>
    <testcase classname="Admin System 통합 테스트 성능 및 사용자 경험 탭 전환 시 이전 탭 내용이 제거된다" name="Admin System 통합 테스트 성능 및 사용자 경험 탭 전환 시 이전 탭 내용이 제거된다" time="0.085">
      <failure>TypeError: Cannot destructure property &apos;data&apos; of &apos;(0 , _useAdminData.useSystemMetrics)(...)&apos; as it is undefined.
    at systemMetrics (C:\Users\xx005\Downloads\Collaboreum MVP Platform\src\features\admin\components\sections\OverviewSection.tsx:25:11)
    at renderWithHooks (C:\Users\xx005\Downloads\Collaboreum MVP Platform\node_modules\react-dom\cjs\react-dom.development.js:15486:18)
    at updateFunctionComponent (C:\Users\xx005\Downloads\Collaboreum MVP Platform\node_modules\react-dom\cjs\react-dom.development.js:19617:20)
    at mountLazyComponent (C:\Users\xx005\Downloads\Collaboreum MVP Platform\node_modules\react-dom\cjs\react-dom.development.js:19988:17)
    at beginWork (C:\Users\xx005\Downloads\Collaboreum MVP Platform\node_modules\react-dom\cjs\react-dom.development.js:21632:16)
    at beginWork$1 (C:\Users\xx005\Downloads\Collaboreum MVP Platform\node_modules\react-dom\cjs\react-dom.development.js:27465:14)
    at performUnitOfWork (C:\Users\xx005\Downloads\Collaboreum MVP Platform\node_modules\react-dom\cjs\react-dom.development.js:26599:12)
    at workLoopSync (C:\Users\xx005\Downloads\Collaboreum MVP Platform\node_modules\react-dom\cjs\react-dom.development.js:26505:5)
    at renderRootSync (C:\Users\xx005\Downloads\Collaboreum MVP Platform\node_modules\react-dom\cjs\react-dom.development.js:26473:7)
    at recoverFromConcurrentError (C:\Users\xx005\Downloads\Collaboreum MVP Platform\node_modules\react-dom\cjs\react-dom.development.js:25889:20)
    at performConcurrentWorkOnRoot (C:\Users\xx005\Downloads\Collaboreum MVP Platform\node_modules\react-dom\cjs\react-dom.development.js:25789:22)
    at flushActQueue (C:\Users\xx005\Downloads\Collaboreum MVP Platform\node_modules\react\cjs\react.development.js:2667:24)
    at act (C:\Users\xx005\Downloads\Collaboreum MVP Platform\node_modules\react\cjs\react.development.js:2582:11)
    at C:\Users\xx005\Downloads\Collaboreum MVP Platform\node_modules\@testing-library\react\dist\act-compat.js:47:25
    at renderRoot (C:\Users\xx005\Downloads\Collaboreum MVP Platform\node_modules\@testing-library\react\dist\pure.js:190:26)
    at render (C:\Users\xx005\Downloads\Collaboreum MVP Platform\node_modules\@testing-library\react\dist\pure.js:292:10)
    at Object.&lt;anonymous&gt; (C:\Users\xx005\Downloads\Collaboreum MVP Platform\src\features\admin\__tests__\AdminSystem.test.tsx:396:13)
    at Promise.then.completed (C:\Users\xx005\Downloads\Collaboreum MVP Platform\node_modules\jest-circus\build\utils.js:298:28)
    at new Promise (&lt;anonymous&gt;)
    at callAsyncCircusFn (C:\Users\xx005\Downloads\Collaboreum MVP Platform\node_modules\jest-circus\build\utils.js:231:10)
    at _callCircusTest (C:\Users\xx005\Downloads\Collaboreum MVP Platform\node_modules\jest-circus\build\run.js:316:40)
    at _runTest (C:\Users\xx005\Downloads\Collaboreum MVP Platform\node_modules\jest-circus\build\run.js:252:3)
    at _runTestsForDescribeBlock (C:\Users\xx005\Downloads\Collaboreum MVP Platform\node_modules\jest-circus\build\run.js:126:9)
    at _runTestsForDescribeBlock (C:\Users\xx005\Downloads\Collaboreum MVP Platform\node_modules\jest-circus\build\run.js:121:9)
    at _runTestsForDescribeBlock (C:\Users\xx005\Downloads\Collaboreum MVP Platform\node_modules\jest-circus\build\run.js:121:9)
    at run (C:\Users\xx005\Downloads\Collaboreum MVP Platform\node_modules\jest-circus\build\run.js:71:3)
    at runAndTransformResultsToJestFormat (C:\Users\xx005\Downloads\Collaboreum MVP Platform\node_modules\jest-circus\build\legacy-code-todo-rewrite\jestAdapterInit.js:122:21)
    at jestAdapter (C:\Users\xx005\Downloads\Collaboreum MVP Platform\node_modules\jest-circus\build\legacy-code-todo-rewrite\jestAdapter.js:79:19)
    at runTestInternal (C:\Users\xx005\Downloads\Collaboreum MVP Platform\node_modules\jest-runner\build\runTest.js:367:16)
    at runTest (C:\Users\xx005\Downloads\Collaboreum MVP Platform\node_modules\jest-runner\build\runTest.js:444:34)</failure>
    </testcase>
    <testcase classname="Admin System 통합 테스트 성능 및 사용자 경험 뒤로가기 버튼이 올바르게 작동한다" name="Admin System 통합 테스트 성능 및 사용자 경험 뒤로가기 버튼이 올바르게 작동한다" time="0.077">
      <failure>TypeError: Cannot destructure property &apos;data&apos; of &apos;(0 , _useAdminData.useSystemMetrics)(...)&apos; as it is undefined.
    at systemMetrics (C:\Users\xx005\Downloads\Collaboreum MVP Platform\src\features\admin\components\sections\OverviewSection.tsx:25:11)
    at renderWithHooks (C:\Users\xx005\Downloads\Collaboreum MVP Platform\node_modules\react-dom\cjs\react-dom.development.js:15486:18)
    at updateFunctionComponent (C:\Users\xx005\Downloads\Collaboreum MVP Platform\node_modules\react-dom\cjs\react-dom.development.js:19617:20)
    at mountLazyComponent (C:\Users\xx005\Downloads\Collaboreum MVP Platform\node_modules\react-dom\cjs\react-dom.development.js:19988:17)
    at beginWork (C:\Users\xx005\Downloads\Collaboreum MVP Platform\node_modules\react-dom\cjs\react-dom.development.js:21632:16)
    at beginWork$1 (C:\Users\xx005\Downloads\Collaboreum MVP Platform\node_modules\react-dom\cjs\react-dom.development.js:27465:14)
    at performUnitOfWork (C:\Users\xx005\Downloads\Collaboreum MVP Platform\node_modules\react-dom\cjs\react-dom.development.js:26599:12)
    at workLoopSync (C:\Users\xx005\Downloads\Collaboreum MVP Platform\node_modules\react-dom\cjs\react-dom.development.js:26505:5)
    at renderRootSync (C:\Users\xx005\Downloads\Collaboreum MVP Platform\node_modules\react-dom\cjs\react-dom.development.js:26473:7)
    at recoverFromConcurrentError (C:\Users\xx005\Downloads\Collaboreum MVP Platform\node_modules\react-dom\cjs\react-dom.development.js:25889:20)
    at performConcurrentWorkOnRoot (C:\Users\xx005\Downloads\Collaboreum MVP Platform\node_modules\react-dom\cjs\react-dom.development.js:25789:22)
    at flushActQueue (C:\Users\xx005\Downloads\Collaboreum MVP Platform\node_modules\react\cjs\react.development.js:2667:24)
    at act (C:\Users\xx005\Downloads\Collaboreum MVP Platform\node_modules\react\cjs\react.development.js:2582:11)
    at C:\Users\xx005\Downloads\Collaboreum MVP Platform\node_modules\@testing-library\react\dist\act-compat.js:47:25
    at renderRoot (C:\Users\xx005\Downloads\Collaboreum MVP Platform\node_modules\@testing-library\react\dist\pure.js:190:26)
    at render (C:\Users\xx005\Downloads\Collaboreum MVP Platform\node_modules\@testing-library\react\dist\pure.js:292:10)
    at Object.&lt;anonymous&gt; (C:\Users\xx005\Downloads\Collaboreum MVP Platform\src\features\admin\__tests__\AdminSystem.test.tsx:416:13)
    at Promise.then.completed (C:\Users\xx005\Downloads\Collaboreum MVP Platform\node_modules\jest-circus\build\utils.js:298:28)
    at new Promise (&lt;anonymous&gt;)
    at callAsyncCircusFn (C:\Users\xx005\Downloads\Collaboreum MVP Platform\node_modules\jest-circus\build\utils.js:231:10)
    at _callCircusTest (C:\Users\xx005\Downloads\Collaboreum MVP Platform\node_modules\jest-circus\build\run.js:316:40)
    at _runTest (C:\Users\xx005\Downloads\Collaboreum MVP Platform\node_modules\jest-circus\build\run.js:252:3)
    at _runTestsForDescribeBlock (C:\Users\xx005\Downloads\Collaboreum MVP Platform\node_modules\jest-circus\build\run.js:126:9)
    at _runTestsForDescribeBlock (C:\Users\xx005\Downloads\Collaboreum MVP Platform\node_modules\jest-circus\build\run.js:121:9)
    at _runTestsForDescribeBlock (C:\Users\xx005\Downloads\Collaboreum MVP Platform\node_modules\jest-circus\build\run.js:121:9)
    at run (C:\Users\xx005\Downloads\Collaboreum MVP Platform\node_modules\jest-circus\build\run.js:71:3)
    at runAndTransformResultsToJestFormat (C:\Users\xx005\Downloads\Collaboreum MVP Platform\node_modules\jest-circus\build\legacy-code-todo-rewrite\jestAdapterInit.js:122:21)
    at jestAdapter (C:\Users\xx005\Downloads\Collaboreum MVP Platform\node_modules\jest-circus\build\legacy-code-todo-rewrite\jestAdapter.js:79:19)
    at runTestInternal (C:\Users\xx005\Downloads\Collaboreum MVP Platform\node_modules\jest-runner\build\runTest.js:367:16)
    at runTest (C:\Users\xx005\Downloads\Collaboreum MVP Platform\node_modules\jest-runner\build\runTest.js:444:34)</failure>
    </testcase>
    <testcase classname="Admin System 통합 테스트 데이터 일관성 메트릭 데이터가 변경되면 UI가 업데이트된다" name="Admin System 통합 테스트 데이터 일관성 메트릭 데이터가 변경되면 UI가 업데이트된다" time="0.022">
      <failure>TypeError: Cannot destructure property &apos;data&apos; of &apos;(0 , _useAdminData.useSystemMetrics)(...)&apos; as it is undefined.
    at systemMetrics (C:\Users\xx005\Downloads\Collaboreum MVP Platform\src\features\admin\components\sections\OverviewSection.tsx:25:11)
    at renderWithHooks (C:\Users\xx005\Downloads\Collaboreum MVP Platform\node_modules\react-dom\cjs\react-dom.development.js:15486:18)
    at mountIndeterminateComponent (C:\Users\xx005\Downloads\Collaboreum MVP Platform\node_modules\react-dom\cjs\react-dom.development.js:20103:13)
    at beginWork (C:\Users\xx005\Downloads\Collaboreum MVP Platform\node_modules\react-dom\cjs\react-dom.development.js:21626:16)
    at beginWork$1 (C:\Users\xx005\Downloads\Collaboreum MVP Platform\node_modules\react-dom\cjs\react-dom.development.js:27465:14)
    at performUnitOfWork (C:\Users\xx005\Downloads\Collaboreum MVP Platform\node_modules\react-dom\cjs\react-dom.development.js:26599:12)
    at workLoopSync (C:\Users\xx005\Downloads\Collaboreum MVP Platform\node_modules\react-dom\cjs\react-dom.development.js:26505:5)
    at renderRootSync (C:\Users\xx005\Downloads\Collaboreum MVP Platform\node_modules\react-dom\cjs\react-dom.development.js:26473:7)
    at recoverFromConcurrentError (C:\Users\xx005\Downloads\Collaboreum MVP Platform\node_modules\react-dom\cjs\react-dom.development.js:25889:20)
    at performConcurrentWorkOnRoot (C:\Users\xx005\Downloads\Collaboreum MVP Platform\node_modules\react-dom\cjs\react-dom.development.js:25789:22)
    at flushActQueue (C:\Users\xx005\Downloads\Collaboreum MVP Platform\node_modules\react\cjs\react.development.js:2667:24)
    at act (C:\Users\xx005\Downloads\Collaboreum MVP Platform\node_modules\react\cjs\react.development.js:2582:11)
    at C:\Users\xx005\Downloads\Collaboreum MVP Platform\node_modules\@testing-library\react\dist\act-compat.js:47:25
    at renderRoot (C:\Users\xx005\Downloads\Collaboreum MVP Platform\node_modules\@testing-library\react\dist\pure.js:190:26)
    at render (C:\Users\xx005\Downloads\Collaboreum MVP Platform\node_modules\@testing-library\react\dist\pure.js:292:10)
    at Object.&lt;anonymous&gt; (C:\Users\xx005\Downloads\Collaboreum MVP Platform\src\features\admin\__tests__\AdminSystem.test.tsx:428:34)
    at Promise.then.completed (C:\Users\xx005\Downloads\Collaboreum MVP Platform\node_modules\jest-circus\build\utils.js:298:28)
    at new Promise (&lt;anonymous&gt;)
    at callAsyncCircusFn (C:\Users\xx005\Downloads\Collaboreum MVP Platform\node_modules\jest-circus\build\utils.js:231:10)
    at _callCircusTest (C:\Users\xx005\Downloads\Collaboreum MVP Platform\node_modules\jest-circus\build\run.js:316:40)
    at _runTest (C:\Users\xx005\Downloads\Collaboreum MVP Platform\node_modules\jest-circus\build\run.js:252:3)
    at _runTestsForDescribeBlock (C:\Users\xx005\Downloads\Collaboreum MVP Platform\node_modules\jest-circus\build\run.js:126:9)
    at _runTestsForDescribeBlock (C:\Users\xx005\Downloads\Collaboreum MVP Platform\node_modules\jest-circus\build\run.js:121:9)
    at _runTestsForDescribeBlock (C:\Users\xx005\Downloads\Collaboreum MVP Platform\node_modules\jest-circus\build\run.js:121:9)
    at run (C:\Users\xx005\Downloads\Collaboreum MVP Platform\node_modules\jest-circus\build\run.js:71:3)
    at runAndTransformResultsToJestFormat (C:\Users\xx005\Downloads\Collaboreum MVP Platform\node_modules\jest-circus\build\legacy-code-todo-rewrite\jestAdapterInit.js:122:21)
    at jestAdapter (C:\Users\xx005\Downloads\Collaboreum MVP Platform\node_modules\jest-circus\build\legacy-code-todo-rewrite\jestAdapter.js:79:19)
    at runTestInternal (C:\Users\xx005\Downloads\Collaboreum MVP Platform\node_modules\jest-runner\build\runTest.js:367:16)
    at runTest (C:\Users\xx005\Downloads\Collaboreum MVP Platform\node_modules\jest-runner\build\runTest.js:444:34)</failure>
    </testcase>
    <testcase classname="Admin System 통합 테스트 접근성 키보드 네비게이션이 올바르게 작동한다" name="Admin System 통합 테스트 접근성 키보드 네비게이션이 올바르게 작동한다" time="0.05">
      <failure>TypeError: Cannot destructure property &apos;data&apos; of &apos;(0 , _useAdminData.useSystemMetrics)(...)&apos; as it is undefined.
    at systemMetrics (C:\Users\xx005\Downloads\Collaboreum MVP Platform\src\features\admin\components\sections\OverviewSection.tsx:25:11)
    at renderWithHooks (C:\Users\xx005\Downloads\Collaboreum MVP Platform\node_modules\react-dom\cjs\react-dom.development.js:15486:18)
    at updateFunctionComponent (C:\Users\xx005\Downloads\Collaboreum MVP Platform\node_modules\react-dom\cjs\react-dom.development.js:19617:20)
    at mountLazyComponent (C:\Users\xx005\Downloads\Collaboreum MVP Platform\node_modules\react-dom\cjs\react-dom.development.js:19988:17)
    at beginWork (C:\Users\xx005\Downloads\Collaboreum MVP Platform\node_modules\react-dom\cjs\react-dom.development.js:21632:16)
    at beginWork$1 (C:\Users\xx005\Downloads\Collaboreum MVP Platform\node_modules\react-dom\cjs\react-dom.development.js:27465:14)
    at performUnitOfWork (C:\Users\xx005\Downloads\Collaboreum MVP Platform\node_modules\react-dom\cjs\react-dom.development.js:26599:12)
    at workLoopSync (C:\Users\xx005\Downloads\Collaboreum MVP Platform\node_modules\react-dom\cjs\react-dom.development.js:26505:5)
    at renderRootSync (C:\Users\xx005\Downloads\Collaboreum MVP Platform\node_modules\react-dom\cjs\react-dom.development.js:26473:7)
    at recoverFromConcurrentError (C:\Users\xx005\Downloads\Collaboreum MVP Platform\node_modules\react-dom\cjs\react-dom.development.js:25889:20)
    at performConcurrentWorkOnRoot (C:\Users\xx005\Downloads\Collaboreum MVP Platform\node_modules\react-dom\cjs\react-dom.development.js:25789:22)
    at flushActQueue (C:\Users\xx005\Downloads\Collaboreum MVP Platform\node_modules\react\cjs\react.development.js:2667:24)
    at act (C:\Users\xx005\Downloads\Collaboreum MVP Platform\node_modules\react\cjs\react.development.js:2582:11)
    at C:\Users\xx005\Downloads\Collaboreum MVP Platform\node_modules\@testing-library\react\dist\act-compat.js:47:25
    at renderRoot (C:\Users\xx005\Downloads\Collaboreum MVP Platform\node_modules\@testing-library\react\dist\pure.js:190:26)
    at render (C:\Users\xx005\Downloads\Collaboreum MVP Platform\node_modules\@testing-library\react\dist\pure.js:292:10)
    at Object.&lt;anonymous&gt; (C:\Users\xx005\Downloads\Collaboreum MVP Platform\src\features\admin\__tests__\AdminSystem.test.tsx:465:13)
    at Promise.then.completed (C:\Users\xx005\Downloads\Collaboreum MVP Platform\node_modules\jest-circus\build\utils.js:298:28)
    at new Promise (&lt;anonymous&gt;)
    at callAsyncCircusFn (C:\Users\xx005\Downloads\Collaboreum MVP Platform\node_modules\jest-circus\build\utils.js:231:10)
    at _callCircusTest (C:\Users\xx005\Downloads\Collaboreum MVP Platform\node_modules\jest-circus\build\run.js:316:40)
    at _runTest (C:\Users\xx005\Downloads\Collaboreum MVP Platform\node_modules\jest-circus\build\run.js:252:3)
    at _runTestsForDescribeBlock (C:\Users\xx005\Downloads\Collaboreum MVP Platform\node_modules\jest-circus\build\run.js:126:9)
    at _runTestsForDescribeBlock (C:\Users\xx005\Downloads\Collaboreum MVP Platform\node_modules\jest-circus\build\run.js:121:9)
    at _runTestsForDescribeBlock (C:\Users\xx005\Downloads\Collaboreum MVP Platform\node_modules\jest-circus\build\run.js:121:9)
    at run (C:\Users\xx005\Downloads\Collaboreum MVP Platform\node_modules\jest-circus\build\run.js:71:3)
    at runAndTransformResultsToJestFormat (C:\Users\xx005\Downloads\Collaboreum MVP Platform\node_modules\jest-circus\build\legacy-code-todo-rewrite\jestAdapterInit.js:122:21)
    at jestAdapter (C:\Users\xx005\Downloads\Collaboreum MVP Platform\node_modules\jest-circus\build\legacy-code-todo-rewrite\jestAdapter.js:79:19)
    at runTestInternal (C:\Users\xx005\Downloads\Collaboreum MVP Platform\node_modules\jest-runner\build\runTest.js:367:16)
    at runTest (C:\Users\xx005\Downloads\Collaboreum MVP Platform\node_modules\jest-runner\build\runTest.js:444:34)</failure>
    </testcase>
    <testcase classname="Admin System 통합 테스트 접근성 ARIA 속성이 올바르게 설정되어 있다" name="Admin System 통합 테스트 접근성 ARIA 속성이 올바르게 설정되어 있다" time="0.056">
      <failure>TypeError: Cannot destructure property &apos;data&apos; of &apos;(0 , _useAdminData.useSystemMetrics)(...)&apos; as it is undefined.
    at systemMetrics (C:\Users\xx005\Downloads\Collaboreum MVP Platform\src\features\admin\components\sections\OverviewSection.tsx:25:11)
    at renderWithHooks (C:\Users\xx005\Downloads\Collaboreum MVP Platform\node_modules\react-dom\cjs\react-dom.development.js:15486:18)
    at updateFunctionComponent (C:\Users\xx005\Downloads\Collaboreum MVP Platform\node_modules\react-dom\cjs\react-dom.development.js:19617:20)
    at mountLazyComponent (C:\Users\xx005\Downloads\Collaboreum MVP Platform\node_modules\react-dom\cjs\react-dom.development.js:19988:17)
    at beginWork (C:\Users\xx005\Downloads\Collaboreum MVP Platform\node_modules\react-dom\cjs\react-dom.development.js:21632:16)
    at beginWork$1 (C:\Users\xx005\Downloads\Collaboreum MVP Platform\node_modules\react-dom\cjs\react-dom.development.js:27465:14)
    at performUnitOfWork (C:\Users\xx005\Downloads\Collaboreum MVP Platform\node_modules\react-dom\cjs\react-dom.development.js:26599:12)
    at workLoopSync (C:\Users\xx005\Downloads\Collaboreum MVP Platform\node_modules\react-dom\cjs\react-dom.development.js:26505:5)
    at renderRootSync (C:\Users\xx005\Downloads\Collaboreum MVP Platform\node_modules\react-dom\cjs\react-dom.development.js:26473:7)
    at recoverFromConcurrentError (C:\Users\xx005\Downloads\Collaboreum MVP Platform\node_modules\react-dom\cjs\react-dom.development.js:25889:20)
    at performConcurrentWorkOnRoot (C:\Users\xx005\Downloads\Collaboreum MVP Platform\node_modules\react-dom\cjs\react-dom.development.js:25789:22)
    at flushActQueue (C:\Users\xx005\Downloads\Collaboreum MVP Platform\node_modules\react\cjs\react.development.js:2667:24)
    at act (C:\Users\xx005\Downloads\Collaboreum MVP Platform\node_modules\react\cjs\react.development.js:2582:11)
    at C:\Users\xx005\Downloads\Collaboreum MVP Platform\node_modules\@testing-library\react\dist\act-compat.js:47:25
    at renderRoot (C:\Users\xx005\Downloads\Collaboreum MVP Platform\node_modules\@testing-library\react\dist\pure.js:190:26)
    at render (C:\Users\xx005\Downloads\Collaboreum MVP Platform\node_modules\@testing-library\react\dist\pure.js:292:10)
    at Object.&lt;anonymous&gt; (C:\Users\xx005\Downloads\Collaboreum MVP Platform\src\features\admin\__tests__\AdminSystem.test.tsx:479:13)
    at Promise.then.completed (C:\Users\xx005\Downloads\Collaboreum MVP Platform\node_modules\jest-circus\build\utils.js:298:28)
    at new Promise (&lt;anonymous&gt;)
    at callAsyncCircusFn (C:\Users\xx005\Downloads\Collaboreum MVP Platform\node_modules\jest-circus\build\utils.js:231:10)
    at _callCircusTest (C:\Users\xx005\Downloads\Collaboreum MVP Platform\node_modules\jest-circus\build\run.js:316:40)
    at _runTest (C:\Users\xx005\Downloads\Collaboreum MVP Platform\node_modules\jest-circus\build\run.js:252:3)
    at _runTestsForDescribeBlock (C:\Users\xx005\Downloads\Collaboreum MVP Platform\node_modules\jest-circus\build\run.js:126:9)
    at _runTestsForDescribeBlock (C:\Users\xx005\Downloads\Collaboreum MVP Platform\node_modules\jest-circus\build\run.js:121:9)
    at _runTestsForDescribeBlock (C:\Users\xx005\Downloads\Collaboreum MVP Platform\node_modules\jest-circus\build\run.js:121:9)
    at run (C:\Users\xx005\Downloads\Collaboreum MVP Platform\node_modules\jest-circus\build\run.js:71:3)
    at runAndTransformResultsToJestFormat (C:\Users\xx005\Downloads\Collaboreum MVP Platform\node_modules\jest-circus\build\legacy-code-todo-rewrite\jestAdapterInit.js:122:21)
    at jestAdapter (C:\Users\xx005\Downloads\Collaboreum MVP Platform\node_modules\jest-circus\build\legacy-code-todo-rewrite\jestAdapter.js:79:19)
    at runTestInternal (C:\Users\xx005\Downloads\Collaboreum MVP Platform\node_modules\jest-runner\build\runTest.js:367:16)
    at runTest (C:\Users\xx005\Downloads\Collaboreum MVP Platform\node_modules\jest-runner\build\runTest.js:444:34)</failure>
    </testcase>
  </testsuite>
  <testsuite name="Detail route wrappers" errors="0" failures="3" skipped="0" timestamp="2025-09-23T09:46:08" time="1.565" tests="3">
    <testcase classname="Detail route wrappers calls artist API with handle from params" name="Detail route wrappers calls artist API with handle from params" time="0.006">
      <failure>Error: Cannot use spyOn on a primitive value; undefined given
    at ModuleMocker.spyOn (C:\Users\xx005\Downloads\Collaboreum MVP Platform\node_modules\@jest\environment-jsdom-abstract\node_modules\jest-mock\build\index.js:583:13)
    at Object.spyOn (C:\Users\xx005\Downloads\Collaboreum MVP Platform\src\routes\wrappers\__tests__\DetailRoutes.test.tsx:37:8)
    at Promise.then.completed (C:\Users\xx005\Downloads\Collaboreum MVP Platform\node_modules\jest-circus\build\utils.js:298:28)
    at new Promise (&lt;anonymous&gt;)
    at callAsyncCircusFn (C:\Users\xx005\Downloads\Collaboreum MVP Platform\node_modules\jest-circus\build\utils.js:231:10)
    at _callCircusTest (C:\Users\xx005\Downloads\Collaboreum MVP Platform\node_modules\jest-circus\build\run.js:316:40)
    at _runTest (C:\Users\xx005\Downloads\Collaboreum MVP Platform\node_modules\jest-circus\build\run.js:252:3)
    at _runTestsForDescribeBlock (C:\Users\xx005\Downloads\Collaboreum MVP Platform\node_modules\jest-circus\build\run.js:126:9)
    at _runTestsForDescribeBlock (C:\Users\xx005\Downloads\Collaboreum MVP Platform\node_modules\jest-circus\build\run.js:121:9)
    at run (C:\Users\xx005\Downloads\Collaboreum MVP Platform\node_modules\jest-circus\build\run.js:71:3)
    at runAndTransformResultsToJestFormat (C:\Users\xx005\Downloads\Collaboreum MVP Platform\node_modules\jest-circus\build\legacy-code-todo-rewrite\jestAdapterInit.js:122:21)
    at jestAdapter (C:\Users\xx005\Downloads\Collaboreum MVP Platform\node_modules\jest-circus\build\legacy-code-todo-rewrite\jestAdapter.js:79:19)
    at runTestInternal (C:\Users\xx005\Downloads\Collaboreum MVP Platform\node_modules\jest-runner\build\runTest.js:367:16)
    at runTest (C:\Users\xx005\Downloads\Collaboreum MVP Platform\node_modules\jest-runner\build\runTest.js:444:34)</failure>
    </testcase>
    <testcase classname="Detail route wrappers calls project API with slug from params" name="Detail route wrappers calls project API with slug from params" time="0.001">
      <failure>Error: Cannot use spyOn on a primitive value; undefined given
    at ModuleMocker.spyOn (C:\Users\xx005\Downloads\Collaboreum MVP Platform\node_modules\@jest\environment-jsdom-abstract\node_modules\jest-mock\build\index.js:583:13)
    at Object.spyOn (C:\Users\xx005\Downloads\Collaboreum MVP Platform\src\routes\wrappers\__tests__\DetailRoutes.test.tsx:73:8)
    at Promise.then.completed (C:\Users\xx005\Downloads\Collaboreum MVP Platform\node_modules\jest-circus\build\utils.js:298:28)
    at new Promise (&lt;anonymous&gt;)
    at callAsyncCircusFn (C:\Users\xx005\Downloads\Collaboreum MVP Platform\node_modules\jest-circus\build\utils.js:231:10)
    at _callCircusTest (C:\Users\xx005\Downloads\Collaboreum MVP Platform\node_modules\jest-circus\build\run.js:316:40)
    at _runTest (C:\Users\xx005\Downloads\Collaboreum MVP Platform\node_modules\jest-circus\build\run.js:252:3)
    at _runTestsForDescribeBlock (C:\Users\xx005\Downloads\Collaboreum MVP Platform\node_modules\jest-circus\build\run.js:126:9)
    at _runTestsForDescribeBlock (C:\Users\xx005\Downloads\Collaboreum MVP Platform\node_modules\jest-circus\build\run.js:121:9)
    at run (C:\Users\xx005\Downloads\Collaboreum MVP Platform\node_modules\jest-circus\build\run.js:71:3)
    at runAndTransformResultsToJestFormat (C:\Users\xx005\Downloads\Collaboreum MVP Platform\node_modules\jest-circus\build\legacy-code-todo-rewrite\jestAdapterInit.js:122:21)
    at jestAdapter (C:\Users\xx005\Downloads\Collaboreum MVP Platform\node_modules\jest-circus\build\legacy-code-todo-rewrite\jestAdapter.js:79:19)
    at runTestInternal (C:\Users\xx005\Downloads\Collaboreum MVP Platform\node_modules\jest-runner\build\runTest.js:367:16)
    at runTest (C:\Users\xx005\Downloads\Collaboreum MVP Platform\node_modules\jest-runner\build\runTest.js:444:34)</failure>
    </testcase>
    <testcase classname="Detail route wrappers calls event API with id from params" name="Detail route wrappers calls event API with id from params" time="0.002">
      <failure>Error: Cannot use spyOn on a primitive value; undefined given
    at ModuleMocker.spyOn (C:\Users\xx005\Downloads\Collaboreum MVP Platform\node_modules\@jest\environment-jsdom-abstract\node_modules\jest-mock\build\index.js:583:13)
    at Object.spyOn (C:\Users\xx005\Downloads\Collaboreum MVP Platform\src\routes\wrappers\__tests__\DetailRoutes.test.tsx:125:8)
    at Promise.then.completed (C:\Users\xx005\Downloads\Collaboreum MVP Platform\node_modules\jest-circus\build\utils.js:298:28)
    at new Promise (&lt;anonymous&gt;)
    at callAsyncCircusFn (C:\Users\xx005\Downloads\Collaboreum MVP Platform\node_modules\jest-circus\build\utils.js:231:10)
    at _callCircusTest (C:\Users\xx005\Downloads\Collaboreum MVP Platform\node_modules\jest-circus\build\run.js:316:40)
    at _runTest (C:\Users\xx005\Downloads\Collaboreum MVP Platform\node_modules\jest-circus\build\run.js:252:3)
    at _runTestsForDescribeBlock (C:\Users\xx005\Downloads\Collaboreum MVP Platform\node_modules\jest-circus\build\run.js:126:9)
    at _runTestsForDescribeBlock (C:\Users\xx005\Downloads\Collaboreum MVP Platform\node_modules\jest-circus\build\run.js:121:9)
    at run (C:\Users\xx005\Downloads\Collaboreum MVP Platform\node_modules\jest-circus\build\run.js:71:3)
    at runAndTransformResultsToJestFormat (C:\Users\xx005\Downloads\Collaboreum MVP Platform\node_modules\jest-circus\build\legacy-code-todo-rewrite\jestAdapterInit.js:122:21)
    at jestAdapter (C:\Users\xx005\Downloads\Collaboreum MVP Platform\node_modules\jest-circus\build\legacy-code-todo-rewrite\jestAdapter.js:79:19)
    at runTestInternal (C:\Users\xx005\Downloads\Collaboreum MVP Platform\node_modules\jest-runner\build\runTest.js:367:16)
    at runTest (C:\Users\xx005\Downloads\Collaboreum MVP Platform\node_modules\jest-runner\build\runTest.js:444:34)</failure>
    </testcase>
  </testsuite>
  <testsuite name="FanMyPage" errors="0" failures="1" skipped="0" timestamp="2025-09-23T09:46:10" time="1.275" tests="1">
    <testcase classname="FanMyPage renders profile and backings from the API" name="FanMyPage renders profile and backings from the API" time="0.004">
      <failure>TypeError: mockGetUserProfile.mockResolvedValue is not a function
    at Object.mockResolvedValue (C:\Users\xx005\Downloads\Collaboreum MVP Platform\src\components\__tests__\FanMyPage.test.tsx:57:24)
    at Promise.then.completed (C:\Users\xx005\Downloads\Collaboreum MVP Platform\node_modules\jest-circus\build\utils.js:298:28)
    at new Promise (&lt;anonymous&gt;)
    at callAsyncCircusFn (C:\Users\xx005\Downloads\Collaboreum MVP Platform\node_modules\jest-circus\build\utils.js:231:10)
    at _callCircusTest (C:\Users\xx005\Downloads\Collaboreum MVP Platform\node_modules\jest-circus\build\run.js:316:40)
    at _runTest (C:\Users\xx005\Downloads\Collaboreum MVP Platform\node_modules\jest-circus\build\run.js:252:3)
    at _runTestsForDescribeBlock (C:\Users\xx005\Downloads\Collaboreum MVP Platform\node_modules\jest-circus\build\run.js:126:9)
    at _runTestsForDescribeBlock (C:\Users\xx005\Downloads\Collaboreum MVP Platform\node_modules\jest-circus\build\run.js:121:9)
    at run (C:\Users\xx005\Downloads\Collaboreum MVP Platform\node_modules\jest-circus\build\run.js:71:3)
    at runAndTransformResultsToJestFormat (C:\Users\xx005\Downloads\Collaboreum MVP Platform\node_modules\jest-circus\build\legacy-code-todo-rewrite\jestAdapterInit.js:122:21)
    at jestAdapter (C:\Users\xx005\Downloads\Collaboreum MVP Platform\node_modules\jest-circus\build\legacy-code-todo-rewrite\jestAdapter.js:79:19)
    at runTestInternal (C:\Users\xx005\Downloads\Collaboreum MVP Platform\node_modules\jest-runner\build\runTest.js:367:16)
    at runTest (C:\Users\xx005\Downloads\Collaboreum MVP Platform\node_modules\jest-runner\build\runTest.js:444:34)</failure>
    </testcase>
  </testsuite>
  <testsuite name="API 서비스 테스트" errors="0" failures="21" skipped="0" timestamp="2025-09-23T09:46:11" time="1.014" tests="21">
    <testcase classname="API 서비스 테스트 1. 사용자 API 테스트 getProfile이 올바르게 작동해야 한다" name="API 서비스 테스트 1. 사용자 API 테스트 getProfile이 올바르게 작동해야 한다" time="0.015">
      <failure>Error: Network Error
    at C:\Users\xx005\Downloads\Collaboreum MVP Platform\src\services\api\base.ts:207:11
    at processTicksAndRejections (node:internal/process/task_queues:105:5)
    at C:\Users\xx005\Downloads\Collaboreum MVP Platform\src\services\api\base.ts:32:26</failure>
    </testcase>
    <testcase classname="API 서비스 테스트 1. 사용자 API 테스트 getInvestmentHistory가 올바르게 작동해야 한다" name="API 서비스 테스트 1. 사용자 API 테스트 getInvestmentHistory가 올바르게 작동해야 한다" time="0.012">
      <failure>Error: Network Error
    at C:\Users\xx005\Downloads\Collaboreum MVP Platform\src\services\api\base.ts:207:11
    at processTicksAndRejections (node:internal/process/task_queues:105:5)
    at C:\Users\xx005\Downloads\Collaboreum MVP Platform\src\services\api\base.ts:32:26</failure>
    </testcase>
    <testcase classname="API 서비스 테스트 1. 사용자 API 테스트 getFollowingArtists가 올바르게 작동해야 한다" name="API 서비스 테스트 1. 사용자 API 테스트 getFollowingArtists가 올바르게 작동해야 한다" time="0.01">
      <failure>Error: Network Error
    at C:\Users\xx005\Downloads\Collaboreum MVP Platform\src\services\api\base.ts:207:11
    at processTicksAndRejections (node:internal/process/task_queues:105:5)
    at C:\Users\xx005\Downloads\Collaboreum MVP Platform\src\services\api\base.ts:32:26</failure>
    </testcase>
    <testcase classname="API 서비스 테스트 1. 사용자 API 테스트 getPoints가 올바르게 작동해야 한다" name="API 서비스 테스트 1. 사용자 API 테스트 getPoints가 올바르게 작동해야 한다" time="0.012">
      <failure>Error: Network Error
    at C:\Users\xx005\Downloads\Collaboreum MVP Platform\src\services\api\base.ts:207:11
    at processTicksAndRejections (node:internal/process/task_queues:105:5)
    at C:\Users\xx005\Downloads\Collaboreum MVP Platform\src\services\api\base.ts:32:26</failure>
    </testcase>
    <testcase classname="API 서비스 테스트 1. 사용자 API 테스트 getArtists가 올바르게 작동해야 한다" name="API 서비스 테스트 1. 사용자 API 테스트 getArtists가 올바르게 작동해야 한다" time="0.023">
      <failure>Error: Network Error
    at C:\Users\xx005\Downloads\Collaboreum MVP Platform\src\services\api\base.ts:207:11
    at processTicksAndRejections (node:internal/process/task_queues:105:5)
    at C:\Users\xx005\Downloads\Collaboreum MVP Platform\src\services\api\base.ts:32:26</failure>
    </testcase>
    <testcase classname="API 서비스 테스트 2. 프로젝트 API 테스트 getArtistProjects가 올바르게 작동해야 한다" name="API 서비스 테스트 2. 프로젝트 API 테스트 getArtistProjects가 올바르게 작동해야 한다" time="0.011">
      <failure>Error: Network Error
    at C:\Users\xx005\Downloads\Collaboreum MVP Platform\src\services\api\base.ts:207:11
    at processTicksAndRejections (node:internal/process/task_queues:105:5)
    at C:\Users\xx005\Downloads\Collaboreum MVP Platform\src\services\api\base.ts:32:26</failure>
    </testcase>
    <testcase classname="API 서비스 테스트 2. 프로젝트 API 테스트 getProjectDetail이 올바르게 작동해야 한다" name="API 서비스 테스트 2. 프로젝트 API 테스트 getProjectDetail이 올바르게 작동해야 한다" time="0.025">
      <failure>Error: Network Error
    at C:\Users\xx005\Downloads\Collaboreum MVP Platform\src\services\api\base.ts:207:11
    at processTicksAndRejections (node:internal/process/task_queues:105:5)
    at C:\Users\xx005\Downloads\Collaboreum MVP Platform\src\services\api\base.ts:32:26</failure>
    </testcase>
    <testcase classname="API 서비스 테스트 3. 커뮤니티 API 테스트 getCategories가 올바르게 작동해야 한다" name="API 서비스 테스트 3. 커뮤니티 API 테스트 getCategories가 올바르게 작동해야 한다" time="0.017">
      <failure>Error: Network Error
    at C:\Users\xx005\Downloads\Collaboreum MVP Platform\src\services\api\base.ts:207:11
    at processTicksAndRejections (node:internal/process/task_queues:105:5)
    at C:\Users\xx005\Downloads\Collaboreum MVP Platform\src\services\api\base.ts:32:26</failure>
    </testcase>
    <testcase classname="API 서비스 테스트 3. 커뮤니티 API 테스트 getPosts가 올바르게 작동해야 한다" name="API 서비스 테스트 3. 커뮤니티 API 테스트 getPosts가 올바르게 작동해야 한다" time="0.015">
      <failure>Error: Network Error
    at C:\Users\xx005\Downloads\Collaboreum MVP Platform\src\services\api\base.ts:207:11
    at processTicksAndRejections (node:internal/process/task_queues:105:5)
    at C:\Users\xx005\Downloads\Collaboreum MVP Platform\src\services\api\base.ts:32:26</failure>
    </testcase>
    <testcase classname="API 서비스 테스트 3. 커뮤니티 API 테스트 getArtistStats가 올바르게 작동해야 한다" name="API 서비스 테스트 3. 커뮤니티 API 테스트 getArtistStats가 올바르게 작동해야 한다" time="0.019">
      <failure>Error: Network Error
    at C:\Users\xx005\Downloads\Collaboreum MVP Platform\src\services\api\base.ts:207:11
    at processTicksAndRejections (node:internal/process/task_queues:105:5)
    at C:\Users\xx005\Downloads\Collaboreum MVP Platform\src\services\api\base.ts:32:26</failure>
    </testcase>
    <testcase classname="API 서비스 테스트 3. 커뮤니티 API 테스트 getRecentActivities가 올바르게 작동해야 한다" name="API 서비스 테스트 3. 커뮤니티 API 테스트 getRecentActivities가 올바르게 작동해야 한다" time="0.017">
      <failure>Error: Network Error
    at C:\Users\xx005\Downloads\Collaboreum MVP Platform\src\services\api\base.ts:207:11
    at processTicksAndRejections (node:internal/process/task_queues:105:5)
    at C:\Users\xx005\Downloads\Collaboreum MVP Platform\src\services\api\base.ts:32:26</failure>
    </testcase>
    <testcase classname="API 서비스 테스트 3. 커뮤니티 API 테스트 getEvents가 올바르게 작동해야 한다" name="API 서비스 테스트 3. 커뮤니티 API 테스트 getEvents가 올바르게 작동해야 한다" time="0.032">
      <failure>Error: Network Error
    at C:\Users\xx005\Downloads\Collaboreum MVP Platform\src\services\api\base.ts:207:11
    at processTicksAndRejections (node:internal/process/task_queues:105:5)
    at C:\Users\xx005\Downloads\Collaboreum MVP Platform\src\services\api\base.ts:32:26</failure>
    </testcase>
    <testcase classname="API 서비스 테스트 4. API 에러 처리 테스트 네트워크 에러 시 적절한 에러 처리가 되어야 한다" name="API 서비스 테스트 4. API 에러 처리 테스트 네트워크 에러 시 적절한 에러 처리가 되어야 한다" time="0.016">
      <failure>Error: Network Error
    at C:\Users\xx005\Downloads\Collaboreum MVP Platform\src\services\api\base.ts:207:11
    at processTicksAndRejections (node:internal/process/task_queues:105:5)
    at C:\Users\xx005\Downloads\Collaboreum MVP Platform\src\services\api\base.ts:32:26</failure>
    </testcase>
    <testcase classname="API 서비스 테스트 4. API 에러 처리 테스트 HTTP 에러 시 적절한 에러 처리가 되어야 한다" name="API 서비스 테스트 4. API 에러 처리 테스트 HTTP 에러 시 적절한 에러 처리가 되어야 한다" time="0.019">
      <failure>Error: Network Error
    at C:\Users\xx005\Downloads\Collaboreum MVP Platform\src\services\api\base.ts:207:11
    at processTicksAndRejections (node:internal/process/task_queues:105:5)
    at C:\Users\xx005\Downloads\Collaboreum MVP Platform\src\services\api\base.ts:32:26</failure>
    </testcase>
    <testcase classname="API 서비스 테스트 4. API 에러 처리 테스트 JSON 파싱 에러 시 적절한 에러 처리가 되어야 한다" name="API 서비스 테스트 4. API 에러 처리 테스트 JSON 파싱 에러 시 적절한 에러 처리가 되어야 한다" time="0.018">
      <failure>Error: Network Error
    at C:\Users\xx005\Downloads\Collaboreum MVP Platform\src\services\api\base.ts:207:11
    at processTicksAndRejections (node:internal/process/task_queues:105:5)
    at C:\Users\xx005\Downloads\Collaboreum MVP Platform\src\services\api\base.ts:32:26</failure>
    </testcase>
    <testcase classname="API 서비스 테스트 5. API 인증 테스트 인증 토큰이 올바르게 포함되어야 한다" name="API 서비스 테스트 5. API 인증 테스트 인증 토큰이 올바르게 포함되어야 한다" time="0.017">
      <failure>Error: Network Error
    at C:\Users\xx005\Downloads\Collaboreum MVP Platform\src\services\api\base.ts:207:11
    at processTicksAndRejections (node:internal/process/task_queues:105:5)
    at C:\Users\xx005\Downloads\Collaboreum MVP Platform\src\services\api\base.ts:32:26</failure>
    </testcase>
    <testcase classname="API 서비스 테스트 5. API 인증 테스트 토큰이 없을 때 기본 헤더만 포함되어야 한다" name="API 서비스 테스트 5. API 인증 테스트 토큰이 없을 때 기본 헤더만 포함되어야 한다" time="0.017">
      <failure>Error: Network Error
    at C:\Users\xx005\Downloads\Collaboreum MVP Platform\src\services\api\base.ts:207:11
    at processTicksAndRejections (node:internal/process/task_queues:105:5)
    at C:\Users\xx005\Downloads\Collaboreum MVP Platform\src\services\api\base.ts:32:26</failure>
    </testcase>
    <testcase classname="API 서비스 테스트 6. API 요청 파라미터 테스트 쿼리 파라미터가 올바르게 포함되어야 한다" name="API 서비스 테스트 6. API 요청 파라미터 테스트 쿼리 파라미터가 올바르게 포함되어야 한다" time="0.005">
      <failure>Error: Network Error
    at C:\Users\xx005\Downloads\Collaboreum MVP Platform\src\services\api\base.ts:207:11
    at processTicksAndRejections (node:internal/process/task_queues:105:5)
    at C:\Users\xx005\Downloads\Collaboreum MVP Platform\src\services\api\base.ts:32:26</failure>
    </testcase>
    <testcase classname="API 서비스 테스트 6. API 요청 파라미터 테스트 POST 요청 시 body가 올바르게 포함되어야 한다" name="API 서비스 테스트 6. API 요청 파라미터 테스트 POST 요청 시 body가 올바르게 포함되어야 한다" time="0.011">
      <failure>Error: Network Error
    at C:\Users\xx005\Downloads\Collaboreum MVP Platform\src\services\api\base.ts:207:11
    at processTicksAndRejections (node:internal/process/task_queues:105:5)
    at C:\Users\xx005\Downloads\Collaboreum MVP Platform\src\services\api\base.ts:32:26</failure>
    </testcase>
    <testcase classname="API 서비스 테스트 7. API 응답 캐싱 테스트 동일한 요청에 대해 캐시가 작동해야 한다" name="API 서비스 테스트 7. API 응답 캐싱 테스트 동일한 요청에 대해 캐시가 작동해야 한다" time="0.027">
      <failure>Error: Network Error
    at C:\Users\xx005\Downloads\Collaboreum MVP Platform\src\services\api\base.ts:207:11
    at processTicksAndRejections (node:internal/process/task_queues:105:5)
    at C:\Users\xx005\Downloads\Collaboreum MVP Platform\src\services\api\base.ts:32:26</failure>
    </testcase>
    <testcase classname="API 서비스 테스트 8. API 타임아웃 테스트 요청 타임아웃이 올바르게 처리되어야 한다" name="API 서비스 테스트 8. API 타임아웃 테스트 요청 타임아웃이 올바르게 처리되어야 한다" time="0.018">
      <failure>Error: Network Error
    at C:\Users\xx005\Downloads\Collaboreum MVP Platform\src\services\api\base.ts:207:11
    at processTicksAndRejections (node:internal/process/task_queues:105:5)
    at C:\Users\xx005\Downloads\Collaboreum MVP Platform\src\services\api\base.ts:32:26</failure>
    </testcase>
  </testsuite>
  <testsuite name="OverviewSection 컴포넌트 테스트" errors="0" failures="13" skipped="0" timestamp="2025-09-23T09:46:12" time="1.473" tests="13">
    <testcase classname="OverviewSection 컴포넌트 테스트 로딩 상태에서 스켈레톤을 표시한다" name="OverviewSection 컴포넌트 테스트 로딩 상태에서 스켈레톤을 표시한다" time="0.103">
      <failure>TypeError: Cannot destructure property &apos;data&apos; of &apos;(0 , _useAdminData.useSystemMetrics)(...)&apos; as it is undefined.
    at systemMetrics (C:\Users\xx005\Downloads\Collaboreum MVP Platform\src\features\admin\components\sections\OverviewSection.tsx:25:11)
    at renderWithHooks (C:\Users\xx005\Downloads\Collaboreum MVP Platform\node_modules\react-dom\cjs\react-dom.development.js:15486:18)
    at mountIndeterminateComponent (C:\Users\xx005\Downloads\Collaboreum MVP Platform\node_modules\react-dom\cjs\react-dom.development.js:20103:13)
    at beginWork (C:\Users\xx005\Downloads\Collaboreum MVP Platform\node_modules\react-dom\cjs\react-dom.development.js:21626:16)
    at beginWork$1 (C:\Users\xx005\Downloads\Collaboreum MVP Platform\node_modules\react-dom\cjs\react-dom.development.js:27465:14)
    at performUnitOfWork (C:\Users\xx005\Downloads\Collaboreum MVP Platform\node_modules\react-dom\cjs\react-dom.development.js:26599:12)
    at workLoopSync (C:\Users\xx005\Downloads\Collaboreum MVP Platform\node_modules\react-dom\cjs\react-dom.development.js:26505:5)
    at renderRootSync (C:\Users\xx005\Downloads\Collaboreum MVP Platform\node_modules\react-dom\cjs\react-dom.development.js:26473:7)
    at recoverFromConcurrentError (C:\Users\xx005\Downloads\Collaboreum MVP Platform\node_modules\react-dom\cjs\react-dom.development.js:25889:20)
    at performConcurrentWorkOnRoot (C:\Users\xx005\Downloads\Collaboreum MVP Platform\node_modules\react-dom\cjs\react-dom.development.js:25789:22)
    at flushActQueue (C:\Users\xx005\Downloads\Collaboreum MVP Platform\node_modules\react\cjs\react.development.js:2667:24)
    at act (C:\Users\xx005\Downloads\Collaboreum MVP Platform\node_modules\react\cjs\react.development.js:2582:11)
    at C:\Users\xx005\Downloads\Collaboreum MVP Platform\node_modules\@testing-library\react\dist\act-compat.js:47:25
    at renderRoot (C:\Users\xx005\Downloads\Collaboreum MVP Platform\node_modules\@testing-library\react\dist\pure.js:190:26)
    at render (C:\Users\xx005\Downloads\Collaboreum MVP Platform\node_modules\@testing-library\react\dist\pure.js:292:10)
    at Object.&lt;anonymous&gt; (C:\Users\xx005\Downloads\Collaboreum MVP Platform\src\features\admin\components\__tests__\OverviewSection.test.tsx:70:11)
    at Promise.then.completed (C:\Users\xx005\Downloads\Collaboreum MVP Platform\node_modules\jest-circus\build\utils.js:298:28)
    at new Promise (&lt;anonymous&gt;)
    at callAsyncCircusFn (C:\Users\xx005\Downloads\Collaboreum MVP Platform\node_modules\jest-circus\build\utils.js:231:10)
    at _callCircusTest (C:\Users\xx005\Downloads\Collaboreum MVP Platform\node_modules\jest-circus\build\run.js:316:40)
    at _runTest (C:\Users\xx005\Downloads\Collaboreum MVP Platform\node_modules\jest-circus\build\run.js:252:3)
    at _runTestsForDescribeBlock (C:\Users\xx005\Downloads\Collaboreum MVP Platform\node_modules\jest-circus\build\run.js:126:9)
    at _runTestsForDescribeBlock (C:\Users\xx005\Downloads\Collaboreum MVP Platform\node_modules\jest-circus\build\run.js:121:9)
    at run (C:\Users\xx005\Downloads\Collaboreum MVP Platform\node_modules\jest-circus\build\run.js:71:3)
    at runAndTransformResultsToJestFormat (C:\Users\xx005\Downloads\Collaboreum MVP Platform\node_modules\jest-circus\build\legacy-code-todo-rewrite\jestAdapterInit.js:122:21)
    at jestAdapter (C:\Users\xx005\Downloads\Collaboreum MVP Platform\node_modules\jest-circus\build\legacy-code-todo-rewrite\jestAdapter.js:79:19)
    at runTestInternal (C:\Users\xx005\Downloads\Collaboreum MVP Platform\node_modules\jest-runner\build\runTest.js:367:16)
    at runTest (C:\Users\xx005\Downloads\Collaboreum MVP Platform\node_modules\jest-runner\build\runTest.js:444:34)</failure>
    </testcase>
    <testcase classname="OverviewSection 컴포넌트 테스트 에러 상태에서 에러 메시지를 표시한다" name="OverviewSection 컴포넌트 테스트 에러 상태에서 에러 메시지를 표시한다" time="0.027">
      <failure>TypeError: Cannot destructure property &apos;data&apos; of &apos;(0 , _useAdminData.useSystemMetrics)(...)&apos; as it is undefined.
    at systemMetrics (C:\Users\xx005\Downloads\Collaboreum MVP Platform\src\features\admin\components\sections\OverviewSection.tsx:25:11)
    at renderWithHooks (C:\Users\xx005\Downloads\Collaboreum MVP Platform\node_modules\react-dom\cjs\react-dom.development.js:15486:18)
    at mountIndeterminateComponent (C:\Users\xx005\Downloads\Collaboreum MVP Platform\node_modules\react-dom\cjs\react-dom.development.js:20103:13)
    at beginWork (C:\Users\xx005\Downloads\Collaboreum MVP Platform\node_modules\react-dom\cjs\react-dom.development.js:21626:16)
    at beginWork$1 (C:\Users\xx005\Downloads\Collaboreum MVP Platform\node_modules\react-dom\cjs\react-dom.development.js:27465:14)
    at performUnitOfWork (C:\Users\xx005\Downloads\Collaboreum MVP Platform\node_modules\react-dom\cjs\react-dom.development.js:26599:12)
    at workLoopSync (C:\Users\xx005\Downloads\Collaboreum MVP Platform\node_modules\react-dom\cjs\react-dom.development.js:26505:5)
    at renderRootSync (C:\Users\xx005\Downloads\Collaboreum MVP Platform\node_modules\react-dom\cjs\react-dom.development.js:26473:7)
    at recoverFromConcurrentError (C:\Users\xx005\Downloads\Collaboreum MVP Platform\node_modules\react-dom\cjs\react-dom.development.js:25889:20)
    at performConcurrentWorkOnRoot (C:\Users\xx005\Downloads\Collaboreum MVP Platform\node_modules\react-dom\cjs\react-dom.development.js:25789:22)
    at flushActQueue (C:\Users\xx005\Downloads\Collaboreum MVP Platform\node_modules\react\cjs\react.development.js:2667:24)
    at act (C:\Users\xx005\Downloads\Collaboreum MVP Platform\node_modules\react\cjs\react.development.js:2582:11)
    at C:\Users\xx005\Downloads\Collaboreum MVP Platform\node_modules\@testing-library\react\dist\act-compat.js:47:25
    at renderRoot (C:\Users\xx005\Downloads\Collaboreum MVP Platform\node_modules\@testing-library\react\dist\pure.js:190:26)
    at render (C:\Users\xx005\Downloads\Collaboreum MVP Platform\node_modules\@testing-library\react\dist\pure.js:292:10)
    at Object.&lt;anonymous&gt; (C:\Users\xx005\Downloads\Collaboreum MVP Platform\src\features\admin\components\__tests__\OverviewSection.test.tsx:88:11)
    at Promise.then.completed (C:\Users\xx005\Downloads\Collaboreum MVP Platform\node_modules\jest-circus\build\utils.js:298:28)
    at new Promise (&lt;anonymous&gt;)
    at callAsyncCircusFn (C:\Users\xx005\Downloads\Collaboreum MVP Platform\node_modules\jest-circus\build\utils.js:231:10)
    at _callCircusTest (C:\Users\xx005\Downloads\Collaboreum MVP Platform\node_modules\jest-circus\build\run.js:316:40)
    at _runTest (C:\Users\xx005\Downloads\Collaboreum MVP Platform\node_modules\jest-circus\build\run.js:252:3)
    at _runTestsForDescribeBlock (C:\Users\xx005\Downloads\Collaboreum MVP Platform\node_modules\jest-circus\build\run.js:126:9)
    at _runTestsForDescribeBlock (C:\Users\xx005\Downloads\Collaboreum MVP Platform\node_modules\jest-circus\build\run.js:121:9)
    at run (C:\Users\xx005\Downloads\Collaboreum MVP Platform\node_modules\jest-circus\build\run.js:71:3)
    at runAndTransformResultsToJestFormat (C:\Users\xx005\Downloads\Collaboreum MVP Platform\node_modules\jest-circus\build\legacy-code-todo-rewrite\jestAdapterInit.js:122:21)
    at jestAdapter (C:\Users\xx005\Downloads\Collaboreum MVP Platform\node_modules\jest-circus\build\legacy-code-todo-rewrite\jestAdapter.js:79:19)
    at runTestInternal (C:\Users\xx005\Downloads\Collaboreum MVP Platform\node_modules\jest-runner\build\runTest.js:367:16)
    at runTest (C:\Users\xx005\Downloads\Collaboreum MVP Platform\node_modules\jest-runner\build\runTest.js:444:34)</failure>
    </testcase>
    <testcase classname="OverviewSection 컴포넌트 테스트 데이터가 없을 때 빈 상태 메시지를 표시한다" name="OverviewSection 컴포넌트 테스트 데이터가 없을 때 빈 상태 메시지를 표시한다" time="0.044">
      <failure>TypeError: Cannot destructure property &apos;data&apos; of &apos;(0 , _useAdminData.useSystemMetrics)(...)&apos; as it is undefined.
    at systemMetrics (C:\Users\xx005\Downloads\Collaboreum MVP Platform\src\features\admin\components\sections\OverviewSection.tsx:25:11)
    at renderWithHooks (C:\Users\xx005\Downloads\Collaboreum MVP Platform\node_modules\react-dom\cjs\react-dom.development.js:15486:18)
    at mountIndeterminateComponent (C:\Users\xx005\Downloads\Collaboreum MVP Platform\node_modules\react-dom\cjs\react-dom.development.js:20103:13)
    at beginWork (C:\Users\xx005\Downloads\Collaboreum MVP Platform\node_modules\react-dom\cjs\react-dom.development.js:21626:16)
    at beginWork$1 (C:\Users\xx005\Downloads\Collaboreum MVP Platform\node_modules\react-dom\cjs\react-dom.development.js:27465:14)
    at performUnitOfWork (C:\Users\xx005\Downloads\Collaboreum MVP Platform\node_modules\react-dom\cjs\react-dom.development.js:26599:12)
    at workLoopSync (C:\Users\xx005\Downloads\Collaboreum MVP Platform\node_modules\react-dom\cjs\react-dom.development.js:26505:5)
    at renderRootSync (C:\Users\xx005\Downloads\Collaboreum MVP Platform\node_modules\react-dom\cjs\react-dom.development.js:26473:7)
    at recoverFromConcurrentError (C:\Users\xx005\Downloads\Collaboreum MVP Platform\node_modules\react-dom\cjs\react-dom.development.js:25889:20)
    at performConcurrentWorkOnRoot (C:\Users\xx005\Downloads\Collaboreum MVP Platform\node_modules\react-dom\cjs\react-dom.development.js:25789:22)
    at flushActQueue (C:\Users\xx005\Downloads\Collaboreum MVP Platform\node_modules\react\cjs\react.development.js:2667:24)
    at act (C:\Users\xx005\Downloads\Collaboreum MVP Platform\node_modules\react\cjs\react.development.js:2582:11)
    at C:\Users\xx005\Downloads\Collaboreum MVP Platform\node_modules\@testing-library\react\dist\act-compat.js:47:25
    at renderRoot (C:\Users\xx005\Downloads\Collaboreum MVP Platform\node_modules\@testing-library\react\dist\pure.js:190:26)
    at render (C:\Users\xx005\Downloads\Collaboreum MVP Platform\node_modules\@testing-library\react\dist\pure.js:292:10)
    at Object.&lt;anonymous&gt; (C:\Users\xx005\Downloads\Collaboreum MVP Platform\src\features\admin\components\__tests__\OverviewSection.test.tsx:104:11)
    at Promise.then.completed (C:\Users\xx005\Downloads\Collaboreum MVP Platform\node_modules\jest-circus\build\utils.js:298:28)
    at new Promise (&lt;anonymous&gt;)
    at callAsyncCircusFn (C:\Users\xx005\Downloads\Collaboreum MVP Platform\node_modules\jest-circus\build\utils.js:231:10)
    at _callCircusTest (C:\Users\xx005\Downloads\Collaboreum MVP Platform\node_modules\jest-circus\build\run.js:316:40)
    at _runTest (C:\Users\xx005\Downloads\Collaboreum MVP Platform\node_modules\jest-circus\build\run.js:252:3)
    at _runTestsForDescribeBlock (C:\Users\xx005\Downloads\Collaboreum MVP Platform\node_modules\jest-circus\build\run.js:126:9)
    at _runTestsForDescribeBlock (C:\Users\xx005\Downloads\Collaboreum MVP Platform\node_modules\jest-circus\build\run.js:121:9)
    at run (C:\Users\xx005\Downloads\Collaboreum MVP Platform\node_modules\jest-circus\build\run.js:71:3)
    at runAndTransformResultsToJestFormat (C:\Users\xx005\Downloads\Collaboreum MVP Platform\node_modules\jest-circus\build\legacy-code-todo-rewrite\jestAdapterInit.js:122:21)
    at jestAdapter (C:\Users\xx005\Downloads\Collaboreum MVP Platform\node_modules\jest-circus\build\legacy-code-todo-rewrite\jestAdapter.js:79:19)
    at runTestInternal (C:\Users\xx005\Downloads\Collaboreum MVP Platform\node_modules\jest-runner\build\runTest.js:367:16)
    at runTest (C:\Users\xx005\Downloads\Collaboreum MVP Platform\node_modules\jest-runner\build\runTest.js:444:34)</failure>
    </testcase>
    <testcase classname="OverviewSection 컴포넌트 테스트 메트릭 데이터가 성공적으로 로드되면 카드들을 표시한다" name="OverviewSection 컴포넌트 테스트 메트릭 데이터가 성공적으로 로드되면 카드들을 표시한다" time="0.029">
      <failure>TypeError: Cannot destructure property &apos;data&apos; of &apos;(0 , _useAdminData.useSystemMetrics)(...)&apos; as it is undefined.
    at systemMetrics (C:\Users\xx005\Downloads\Collaboreum MVP Platform\src\features\admin\components\sections\OverviewSection.tsx:25:11)
    at renderWithHooks (C:\Users\xx005\Downloads\Collaboreum MVP Platform\node_modules\react-dom\cjs\react-dom.development.js:15486:18)
    at mountIndeterminateComponent (C:\Users\xx005\Downloads\Collaboreum MVP Platform\node_modules\react-dom\cjs\react-dom.development.js:20103:13)
    at beginWork (C:\Users\xx005\Downloads\Collaboreum MVP Platform\node_modules\react-dom\cjs\react-dom.development.js:21626:16)
    at beginWork$1 (C:\Users\xx005\Downloads\Collaboreum MVP Platform\node_modules\react-dom\cjs\react-dom.development.js:27465:14)
    at performUnitOfWork (C:\Users\xx005\Downloads\Collaboreum MVP Platform\node_modules\react-dom\cjs\react-dom.development.js:26599:12)
    at workLoopSync (C:\Users\xx005\Downloads\Collaboreum MVP Platform\node_modules\react-dom\cjs\react-dom.development.js:26505:5)
    at renderRootSync (C:\Users\xx005\Downloads\Collaboreum MVP Platform\node_modules\react-dom\cjs\react-dom.development.js:26473:7)
    at recoverFromConcurrentError (C:\Users\xx005\Downloads\Collaboreum MVP Platform\node_modules\react-dom\cjs\react-dom.development.js:25889:20)
    at performConcurrentWorkOnRoot (C:\Users\xx005\Downloads\Collaboreum MVP Platform\node_modules\react-dom\cjs\react-dom.development.js:25789:22)
    at flushActQueue (C:\Users\xx005\Downloads\Collaboreum MVP Platform\node_modules\react\cjs\react.development.js:2667:24)
    at act (C:\Users\xx005\Downloads\Collaboreum MVP Platform\node_modules\react\cjs\react.development.js:2582:11)
    at C:\Users\xx005\Downloads\Collaboreum MVP Platform\node_modules\@testing-library\react\dist\act-compat.js:47:25
    at renderRoot (C:\Users\xx005\Downloads\Collaboreum MVP Platform\node_modules\@testing-library\react\dist\pure.js:190:26)
    at render (C:\Users\xx005\Downloads\Collaboreum MVP Platform\node_modules\@testing-library\react\dist\pure.js:292:10)
    at Object.&lt;anonymous&gt; (C:\Users\xx005\Downloads\Collaboreum MVP Platform\src\features\admin\components\__tests__\OverviewSection.test.tsx:119:11)
    at Promise.then.completed (C:\Users\xx005\Downloads\Collaboreum MVP Platform\node_modules\jest-circus\build\utils.js:298:28)
    at new Promise (&lt;anonymous&gt;)
    at callAsyncCircusFn (C:\Users\xx005\Downloads\Collaboreum MVP Platform\node_modules\jest-circus\build\utils.js:231:10)
    at _callCircusTest (C:\Users\xx005\Downloads\Collaboreum MVP Platform\node_modules\jest-circus\build\run.js:316:40)
    at _runTest (C:\Users\xx005\Downloads\Collaboreum MVP Platform\node_modules\jest-circus\build\run.js:252:3)
    at _runTestsForDescribeBlock (C:\Users\xx005\Downloads\Collaboreum MVP Platform\node_modules\jest-circus\build\run.js:126:9)
    at _runTestsForDescribeBlock (C:\Users\xx005\Downloads\Collaboreum MVP Platform\node_modules\jest-circus\build\run.js:121:9)
    at run (C:\Users\xx005\Downloads\Collaboreum MVP Platform\node_modules\jest-circus\build\run.js:71:3)
    at runAndTransformResultsToJestFormat (C:\Users\xx005\Downloads\Collaboreum MVP Platform\node_modules\jest-circus\build\legacy-code-todo-rewrite\jestAdapterInit.js:122:21)
    at jestAdapter (C:\Users\xx005\Downloads\Collaboreum MVP Platform\node_modules\jest-circus\build\legacy-code-todo-rewrite\jestAdapter.js:79:19)
    at runTestInternal (C:\Users\xx005\Downloads\Collaboreum MVP Platform\node_modules\jest-runner\build\runTest.js:367:16)
    at runTest (C:\Users\xx005\Downloads\Collaboreum MVP Platform\node_modules\jest-runner\build\runTest.js:444:34)</failure>
    </testcase>
    <testcase classname=" 펀딩 메트릭 카드들이 올바르게 표시된다" name=" 펀딩 메트릭 카드들이 올바르게 표시된다" time="0.046">
      <failure>TypeError: Cannot destructure property &apos;data&apos; of &apos;(0 , _useAdminData.useSystemMetrics)(...)&apos; as it is undefined.
    at systemMetrics (C:\Users\xx005\Downloads\Collaboreum MVP Platform\src\features\admin\components\sections\OverviewSection.tsx:25:11)
    at renderWithHooks (C:\Users\xx005\Downloads\Collaboreum MVP Platform\node_modules\react-dom\cjs\react-dom.development.js:15486:18)
    at mountIndeterminateComponent (C:\Users\xx005\Downloads\Collaboreum MVP Platform\node_modules\react-dom\cjs\react-dom.development.js:20103:13)
    at beginWork (C:\Users\xx005\Downloads\Collaboreum MVP Platform\node_modules\react-dom\cjs\react-dom.development.js:21626:16)
    at beginWork$1 (C:\Users\xx005\Downloads\Collaboreum MVP Platform\node_modules\react-dom\cjs\react-dom.development.js:27465:14)
    at performUnitOfWork (C:\Users\xx005\Downloads\Collaboreum MVP Platform\node_modules\react-dom\cjs\react-dom.development.js:26599:12)
    at workLoopSync (C:\Users\xx005\Downloads\Collaboreum MVP Platform\node_modules\react-dom\cjs\react-dom.development.js:26505:5)
    at renderRootSync (C:\Users\xx005\Downloads\Collaboreum MVP Platform\node_modules\react-dom\cjs\react-dom.development.js:26473:7)
    at recoverFromConcurrentError (C:\Users\xx005\Downloads\Collaboreum MVP Platform\node_modules\react-dom\cjs\react-dom.development.js:25889:20)
    at performConcurrentWorkOnRoot (C:\Users\xx005\Downloads\Collaboreum MVP Platform\node_modules\react-dom\cjs\react-dom.development.js:25789:22)
    at flushActQueue (C:\Users\xx005\Downloads\Collaboreum MVP Platform\node_modules\react\cjs\react.development.js:2667:24)
    at act (C:\Users\xx005\Downloads\Collaboreum MVP Platform\node_modules\react\cjs\react.development.js:2582:11)
    at C:\Users\xx005\Downloads\Collaboreum MVP Platform\node_modules\@testing-library\react\dist\act-compat.js:47:25
    at renderRoot (C:\Users\xx005\Downloads\Collaboreum MVP Platform\node_modules\@testing-library\react\dist\pure.js:190:26)
    at render (C:\Users\xx005\Downloads\Collaboreum MVP Platform\node_modules\@testing-library\react\dist\pure.js:292:10)
    at Object.&lt;anonymous&gt; (C:\Users\xx005\Downloads\Collaboreum MVP Platform\src\features\admin\components\__tests__\OverviewSection.test.tsx:146:9)
    at Promise.then.completed (C:\Users\xx005\Downloads\Collaboreum MVP Platform\node_modules\jest-circus\build\utils.js:298:28)
    at new Promise (&lt;anonymous&gt;)
    at callAsyncCircusFn (C:\Users\xx005\Downloads\Collaboreum MVP Platform\node_modules\jest-circus\build\utils.js:231:10)
    at _callCircusTest (C:\Users\xx005\Downloads\Collaboreum MVP Platform\node_modules\jest-circus\build\run.js:316:40)
    at _runTest (C:\Users\xx005\Downloads\Collaboreum MVP Platform\node_modules\jest-circus\build\run.js:252:3)
    at _runTestsForDescribeBlock (C:\Users\xx005\Downloads\Collaboreum MVP Platform\node_modules\jest-circus\build\run.js:126:9)
    at run (C:\Users\xx005\Downloads\Collaboreum MVP Platform\node_modules\jest-circus\build\run.js:71:3)
    at runAndTransformResultsToJestFormat (C:\Users\xx005\Downloads\Collaboreum MVP Platform\node_modules\jest-circus\build\legacy-code-todo-rewrite\jestAdapterInit.js:122:21)
    at jestAdapter (C:\Users\xx005\Downloads\Collaboreum MVP Platform\node_modules\jest-circus\build\legacy-code-todo-rewrite\jestAdapter.js:79:19)
    at runTestInternal (C:\Users\xx005\Downloads\Collaboreum MVP Platform\node_modules\jest-runner\build\runTest.js:367:16)
    at runTest (C:\Users\xx005\Downloads\Collaboreum MVP Platform\node_modules\jest-runner\build\runTest.js:444:34)</failure>
    </testcase>
    <testcase classname=" 수익 메트릭 카드들이 올바르게 표시된다" name=" 수익 메트릭 카드들이 올바르게 표시된다" time="0.029">
      <failure>TypeError: Cannot destructure property &apos;data&apos; of &apos;(0 , _useAdminData.useSystemMetrics)(...)&apos; as it is undefined.
    at systemMetrics (C:\Users\xx005\Downloads\Collaboreum MVP Platform\src\features\admin\components\sections\OverviewSection.tsx:25:11)
    at renderWithHooks (C:\Users\xx005\Downloads\Collaboreum MVP Platform\node_modules\react-dom\cjs\react-dom.development.js:15486:18)
    at mountIndeterminateComponent (C:\Users\xx005\Downloads\Collaboreum MVP Platform\node_modules\react-dom\cjs\react-dom.development.js:20103:13)
    at beginWork (C:\Users\xx005\Downloads\Collaboreum MVP Platform\node_modules\react-dom\cjs\react-dom.development.js:21626:16)
    at beginWork$1 (C:\Users\xx005\Downloads\Collaboreum MVP Platform\node_modules\react-dom\cjs\react-dom.development.js:27465:14)
    at performUnitOfWork (C:\Users\xx005\Downloads\Collaboreum MVP Platform\node_modules\react-dom\cjs\react-dom.development.js:26599:12)
    at workLoopSync (C:\Users\xx005\Downloads\Collaboreum MVP Platform\node_modules\react-dom\cjs\react-dom.development.js:26505:5)
    at renderRootSync (C:\Users\xx005\Downloads\Collaboreum MVP Platform\node_modules\react-dom\cjs\react-dom.development.js:26473:7)
    at recoverFromConcurrentError (C:\Users\xx005\Downloads\Collaboreum MVP Platform\node_modules\react-dom\cjs\react-dom.development.js:25889:20)
    at performConcurrentWorkOnRoot (C:\Users\xx005\Downloads\Collaboreum MVP Platform\node_modules\react-dom\cjs\react-dom.development.js:25789:22)
    at flushActQueue (C:\Users\xx005\Downloads\Collaboreum MVP Platform\node_modules\react\cjs\react.development.js:2667:24)
    at act (C:\Users\xx005\Downloads\Collaboreum MVP Platform\node_modules\react\cjs\react.development.js:2582:11)
    at C:\Users\xx005\Downloads\Collaboreum MVP Platform\node_modules\@testing-library\react\dist\act-compat.js:47:25
    at renderRoot (C:\Users\xx005\Downloads\Collaboreum MVP Platform\node_modules\@testing-library\react\dist\pure.js:190:26)
    at render (C:\Users\xx005\Downloads\Collaboreum MVP Platform\node_modules\@testing-library\react\dist\pure.js:292:10)
    at Object.&lt;anonymous&gt; (C:\Users\xx005\Downloads\Collaboreum MVP Platform\src\features\admin\components\__tests__\OverviewSection.test.tsx:170:9)
    at Promise.then.completed (C:\Users\xx005\Downloads\Collaboreum MVP Platform\node_modules\jest-circus\build\utils.js:298:28)
    at new Promise (&lt;anonymous&gt;)
    at callAsyncCircusFn (C:\Users\xx005\Downloads\Collaboreum MVP Platform\node_modules\jest-circus\build\utils.js:231:10)
    at _callCircusTest (C:\Users\xx005\Downloads\Collaboreum MVP Platform\node_modules\jest-circus\build\run.js:316:40)
    at _runTest (C:\Users\xx005\Downloads\Collaboreum MVP Platform\node_modules\jest-circus\build\run.js:252:3)
    at _runTestsForDescribeBlock (C:\Users\xx005\Downloads\Collaboreum MVP Platform\node_modules\jest-circus\build\run.js:126:9)
    at run (C:\Users\xx005\Downloads\Collaboreum MVP Platform\node_modules\jest-circus\build\run.js:71:3)
    at runAndTransformResultsToJestFormat (C:\Users\xx005\Downloads\Collaboreum MVP Platform\node_modules\jest-circus\build\legacy-code-todo-rewrite\jestAdapterInit.js:122:21)
    at jestAdapter (C:\Users\xx005\Downloads\Collaboreum MVP Platform\node_modules\jest-circus\build\legacy-code-todo-rewrite\jestAdapter.js:79:19)
    at runTestInternal (C:\Users\xx005\Downloads\Collaboreum MVP Platform\node_modules\jest-runner\build\runTest.js:367:16)
    at runTest (C:\Users\xx005\Downloads\Collaboreum MVP Platform\node_modules\jest-runner\build\runTest.js:444:34)</failure>
    </testcase>
    <testcase classname=" 커뮤니티 메트릭 카드들이 올바르게 표시된다" name=" 커뮤니티 메트릭 카드들이 올바르게 표시된다" time="0.055">
      <failure>TypeError: Cannot destructure property &apos;data&apos; of &apos;(0 , _useAdminData.useSystemMetrics)(...)&apos; as it is undefined.
    at systemMetrics (C:\Users\xx005\Downloads\Collaboreum MVP Platform\src\features\admin\components\sections\OverviewSection.tsx:25:11)
    at renderWithHooks (C:\Users\xx005\Downloads\Collaboreum MVP Platform\node_modules\react-dom\cjs\react-dom.development.js:15486:18)
    at mountIndeterminateComponent (C:\Users\xx005\Downloads\Collaboreum MVP Platform\node_modules\react-dom\cjs\react-dom.development.js:20103:13)
    at beginWork (C:\Users\xx005\Downloads\Collaboreum MVP Platform\node_modules\react-dom\cjs\react-dom.development.js:21626:16)
    at beginWork$1 (C:\Users\xx005\Downloads\Collaboreum MVP Platform\node_modules\react-dom\cjs\react-dom.development.js:27465:14)
    at performUnitOfWork (C:\Users\xx005\Downloads\Collaboreum MVP Platform\node_modules\react-dom\cjs\react-dom.development.js:26599:12)
    at workLoopSync (C:\Users\xx005\Downloads\Collaboreum MVP Platform\node_modules\react-dom\cjs\react-dom.development.js:26505:5)
    at renderRootSync (C:\Users\xx005\Downloads\Collaboreum MVP Platform\node_modules\react-dom\cjs\react-dom.development.js:26473:7)
    at recoverFromConcurrentError (C:\Users\xx005\Downloads\Collaboreum MVP Platform\node_modules\react-dom\cjs\react-dom.development.js:25889:20)
    at performConcurrentWorkOnRoot (C:\Users\xx005\Downloads\Collaboreum MVP Platform\node_modules\react-dom\cjs\react-dom.development.js:25789:22)
    at flushActQueue (C:\Users\xx005\Downloads\Collaboreum MVP Platform\node_modules\react\cjs\react.development.js:2667:24)
    at act (C:\Users\xx005\Downloads\Collaboreum MVP Platform\node_modules\react\cjs\react.development.js:2582:11)
    at C:\Users\xx005\Downloads\Collaboreum MVP Platform\node_modules\@testing-library\react\dist\act-compat.js:47:25
    at renderRoot (C:\Users\xx005\Downloads\Collaboreum MVP Platform\node_modules\@testing-library\react\dist\pure.js:190:26)
    at render (C:\Users\xx005\Downloads\Collaboreum MVP Platform\node_modules\@testing-library\react\dist\pure.js:292:10)
    at Object.&lt;anonymous&gt; (C:\Users\xx005\Downloads\Collaboreum MVP Platform\src\features\admin\components\__tests__\OverviewSection.test.tsx:194:9)
    at Promise.then.completed (C:\Users\xx005\Downloads\Collaboreum MVP Platform\node_modules\jest-circus\build\utils.js:298:28)
    at new Promise (&lt;anonymous&gt;)
    at callAsyncCircusFn (C:\Users\xx005\Downloads\Collaboreum MVP Platform\node_modules\jest-circus\build\utils.js:231:10)
    at _callCircusTest (C:\Users\xx005\Downloads\Collaboreum MVP Platform\node_modules\jest-circus\build\run.js:316:40)
    at _runTest (C:\Users\xx005\Downloads\Collaboreum MVP Platform\node_modules\jest-circus\build\run.js:252:3)
    at _runTestsForDescribeBlock (C:\Users\xx005\Downloads\Collaboreum MVP Platform\node_modules\jest-circus\build\run.js:126:9)
    at run (C:\Users\xx005\Downloads\Collaboreum MVP Platform\node_modules\jest-circus\build\run.js:71:3)
    at runAndTransformResultsToJestFormat (C:\Users\xx005\Downloads\Collaboreum MVP Platform\node_modules\jest-circus\build\legacy-code-todo-rewrite\jestAdapterInit.js:122:21)
    at jestAdapter (C:\Users\xx005\Downloads\Collaboreum MVP Platform\node_modules\jest-circus\build\legacy-code-todo-rewrite\jestAdapter.js:79:19)
    at runTestInternal (C:\Users\xx005\Downloads\Collaboreum MVP Platform\node_modules\jest-runner\build\runTest.js:367:16)
    at runTest (C:\Users\xx005\Downloads\Collaboreum MVP Platform\node_modules\jest-runner\build\runTest.js:444:34)</failure>
    </testcase>
    <testcase classname=" 아이콘들이 올바르게 표시된다" name=" 아이콘들이 올바르게 표시된다" time="0.035">
      <failure>TypeError: Cannot destructure property &apos;data&apos; of &apos;(0 , _useAdminData.useSystemMetrics)(...)&apos; as it is undefined.
    at systemMetrics (C:\Users\xx005\Downloads\Collaboreum MVP Platform\src\features\admin\components\sections\OverviewSection.tsx:25:11)
    at renderWithHooks (C:\Users\xx005\Downloads\Collaboreum MVP Platform\node_modules\react-dom\cjs\react-dom.development.js:15486:18)
    at mountIndeterminateComponent (C:\Users\xx005\Downloads\Collaboreum MVP Platform\node_modules\react-dom\cjs\react-dom.development.js:20103:13)
    at beginWork (C:\Users\xx005\Downloads\Collaboreum MVP Platform\node_modules\react-dom\cjs\react-dom.development.js:21626:16)
    at beginWork$1 (C:\Users\xx005\Downloads\Collaboreum MVP Platform\node_modules\react-dom\cjs\react-dom.development.js:27465:14)
    at performUnitOfWork (C:\Users\xx005\Downloads\Collaboreum MVP Platform\node_modules\react-dom\cjs\react-dom.development.js:26599:12)
    at workLoopSync (C:\Users\xx005\Downloads\Collaboreum MVP Platform\node_modules\react-dom\cjs\react-dom.development.js:26505:5)
    at renderRootSync (C:\Users\xx005\Downloads\Collaboreum MVP Platform\node_modules\react-dom\cjs\react-dom.development.js:26473:7)
    at recoverFromConcurrentError (C:\Users\xx005\Downloads\Collaboreum MVP Platform\node_modules\react-dom\cjs\react-dom.development.js:25889:20)
    at performConcurrentWorkOnRoot (C:\Users\xx005\Downloads\Collaboreum MVP Platform\node_modules\react-dom\cjs\react-dom.development.js:25789:22)
    at flushActQueue (C:\Users\xx005\Downloads\Collaboreum MVP Platform\node_modules\react\cjs\react.development.js:2667:24)
    at act (C:\Users\xx005\Downloads\Collaboreum MVP Platform\node_modules\react\cjs\react.development.js:2582:11)
    at C:\Users\xx005\Downloads\Collaboreum MVP Platform\node_modules\@testing-library\react\dist\act-compat.js:47:25
    at renderRoot (C:\Users\xx005\Downloads\Collaboreum MVP Platform\node_modules\@testing-library\react\dist\pure.js:190:26)
    at render (C:\Users\xx005\Downloads\Collaboreum MVP Platform\node_modules\@testing-library\react\dist\pure.js:292:10)
    at Object.&lt;anonymous&gt; (C:\Users\xx005\Downloads\Collaboreum MVP Platform\src\features\admin\components\__tests__\OverviewSection.test.tsx:218:9)
    at Promise.then.completed (C:\Users\xx005\Downloads\Collaboreum MVP Platform\node_modules\jest-circus\build\utils.js:298:28)
    at new Promise (&lt;anonymous&gt;)
    at callAsyncCircusFn (C:\Users\xx005\Downloads\Collaboreum MVP Platform\node_modules\jest-circus\build\utils.js:231:10)
    at _callCircusTest (C:\Users\xx005\Downloads\Collaboreum MVP Platform\node_modules\jest-circus\build\run.js:316:40)
    at _runTest (C:\Users\xx005\Downloads\Collaboreum MVP Platform\node_modules\jest-circus\build\run.js:252:3)
    at _runTestsForDescribeBlock (C:\Users\xx005\Downloads\Collaboreum MVP Platform\node_modules\jest-circus\build\run.js:126:9)
    at run (C:\Users\xx005\Downloads\Collaboreum MVP Platform\node_modules\jest-circus\build\run.js:71:3)
    at runAndTransformResultsToJestFormat (C:\Users\xx005\Downloads\Collaboreum MVP Platform\node_modules\jest-circus\build\legacy-code-todo-rewrite\jestAdapterInit.js:122:21)
    at jestAdapter (C:\Users\xx005\Downloads\Collaboreum MVP Platform\node_modules\jest-circus\build\legacy-code-todo-rewrite\jestAdapter.js:79:19)
    at runTestInternal (C:\Users\xx005\Downloads\Collaboreum MVP Platform\node_modules\jest-runner\build\runTest.js:367:16)
    at runTest (C:\Users\xx005\Downloads\Collaboreum MVP Platform\node_modules\jest-runner\build\runTest.js:444:34)</failure>
    </testcase>
    <testcase classname=" 성장률이 양수일 때 올바른 색상으로 표시된다" name=" 성장률이 양수일 때 올바른 색상으로 표시된다" time="0.022">
      <failure>TypeError: Cannot destructure property &apos;data&apos; of &apos;(0 , _useAdminData.useSystemMetrics)(...)&apos; as it is undefined.
    at systemMetrics (C:\Users\xx005\Downloads\Collaboreum MVP Platform\src\features\admin\components\sections\OverviewSection.tsx:25:11)
    at renderWithHooks (C:\Users\xx005\Downloads\Collaboreum MVP Platform\node_modules\react-dom\cjs\react-dom.development.js:15486:18)
    at mountIndeterminateComponent (C:\Users\xx005\Downloads\Collaboreum MVP Platform\node_modules\react-dom\cjs\react-dom.development.js:20103:13)
    at beginWork (C:\Users\xx005\Downloads\Collaboreum MVP Platform\node_modules\react-dom\cjs\react-dom.development.js:21626:16)
    at beginWork$1 (C:\Users\xx005\Downloads\Collaboreum MVP Platform\node_modules\react-dom\cjs\react-dom.development.js:27465:14)
    at performUnitOfWork (C:\Users\xx005\Downloads\Collaboreum MVP Platform\node_modules\react-dom\cjs\react-dom.development.js:26599:12)
    at workLoopSync (C:\Users\xx005\Downloads\Collaboreum MVP Platform\node_modules\react-dom\cjs\react-dom.development.js:26505:5)
    at renderRootSync (C:\Users\xx005\Downloads\Collaboreum MVP Platform\node_modules\react-dom\cjs\react-dom.development.js:26473:7)
    at recoverFromConcurrentError (C:\Users\xx005\Downloads\Collaboreum MVP Platform\node_modules\react-dom\cjs\react-dom.development.js:25889:20)
    at performConcurrentWorkOnRoot (C:\Users\xx005\Downloads\Collaboreum MVP Platform\node_modules\react-dom\cjs\react-dom.development.js:25789:22)
    at flushActQueue (C:\Users\xx005\Downloads\Collaboreum MVP Platform\node_modules\react\cjs\react.development.js:2667:24)
    at act (C:\Users\xx005\Downloads\Collaboreum MVP Platform\node_modules\react\cjs\react.development.js:2582:11)
    at C:\Users\xx005\Downloads\Collaboreum MVP Platform\node_modules\@testing-library\react\dist\act-compat.js:47:25
    at renderRoot (C:\Users\xx005\Downloads\Collaboreum MVP Platform\node_modules\@testing-library\react\dist\pure.js:190:26)
    at render (C:\Users\xx005\Downloads\Collaboreum MVP Platform\node_modules\@testing-library\react\dist\pure.js:292:10)
    at Object.&lt;anonymous&gt; (C:\Users\xx005\Downloads\Collaboreum MVP Platform\src\features\admin\components\__tests__\OverviewSection.test.tsx:241:9)
    at Promise.then.completed (C:\Users\xx005\Downloads\Collaboreum MVP Platform\node_modules\jest-circus\build\utils.js:298:28)
    at new Promise (&lt;anonymous&gt;)
    at callAsyncCircusFn (C:\Users\xx005\Downloads\Collaboreum MVP Platform\node_modules\jest-circus\build\utils.js:231:10)
    at _callCircusTest (C:\Users\xx005\Downloads\Collaboreum MVP Platform\node_modules\jest-circus\build\run.js:316:40)
    at _runTest (C:\Users\xx005\Downloads\Collaboreum MVP Platform\node_modules\jest-circus\build\run.js:252:3)
    at _runTestsForDescribeBlock (C:\Users\xx005\Downloads\Collaboreum MVP Platform\node_modules\jest-circus\build\run.js:126:9)
    at run (C:\Users\xx005\Downloads\Collaboreum MVP Platform\node_modules\jest-circus\build\run.js:71:3)
    at runAndTransformResultsToJestFormat (C:\Users\xx005\Downloads\Collaboreum MVP Platform\node_modules\jest-circus\build\legacy-code-todo-rewrite\jestAdapterInit.js:122:21)
    at jestAdapter (C:\Users\xx005\Downloads\Collaboreum MVP Platform\node_modules\jest-circus\build\legacy-code-todo-rewrite\jestAdapter.js:79:19)
    at runTestInternal (C:\Users\xx005\Downloads\Collaboreum MVP Platform\node_modules\jest-runner\build\runTest.js:367:16)
    at runTest (C:\Users\xx005\Downloads\Collaboreum MVP Platform\node_modules\jest-runner\build\runTest.js:444:34)</failure>
    </testcase>
    <testcase classname=" 성장률이 음수일 때 올바른 색상으로 표시된다" name=" 성장률이 음수일 때 올바른 색상으로 표시된다" time="0.018">
      <failure>TypeError: Cannot destructure property &apos;data&apos; of &apos;(0 , _useAdminData.useSystemMetrics)(...)&apos; as it is undefined.
    at systemMetrics (C:\Users\xx005\Downloads\Collaboreum MVP Platform\src\features\admin\components\sections\OverviewSection.tsx:25:11)
    at renderWithHooks (C:\Users\xx005\Downloads\Collaboreum MVP Platform\node_modules\react-dom\cjs\react-dom.development.js:15486:18)
    at mountIndeterminateComponent (C:\Users\xx005\Downloads\Collaboreum MVP Platform\node_modules\react-dom\cjs\react-dom.development.js:20103:13)
    at beginWork (C:\Users\xx005\Downloads\Collaboreum MVP Platform\node_modules\react-dom\cjs\react-dom.development.js:21626:16)
    at beginWork$1 (C:\Users\xx005\Downloads\Collaboreum MVP Platform\node_modules\react-dom\cjs\react-dom.development.js:27465:14)
    at performUnitOfWork (C:\Users\xx005\Downloads\Collaboreum MVP Platform\node_modules\react-dom\cjs\react-dom.development.js:26599:12)
    at workLoopSync (C:\Users\xx005\Downloads\Collaboreum MVP Platform\node_modules\react-dom\cjs\react-dom.development.js:26505:5)
    at renderRootSync (C:\Users\xx005\Downloads\Collaboreum MVP Platform\node_modules\react-dom\cjs\react-dom.development.js:26473:7)
    at recoverFromConcurrentError (C:\Users\xx005\Downloads\Collaboreum MVP Platform\node_modules\react-dom\cjs\react-dom.development.js:25889:20)
    at performConcurrentWorkOnRoot (C:\Users\xx005\Downloads\Collaboreum MVP Platform\node_modules\react-dom\cjs\react-dom.development.js:25789:22)
    at flushActQueue (C:\Users\xx005\Downloads\Collaboreum MVP Platform\node_modules\react\cjs\react.development.js:2667:24)
    at act (C:\Users\xx005\Downloads\Collaboreum MVP Platform\node_modules\react\cjs\react.development.js:2582:11)
    at C:\Users\xx005\Downloads\Collaboreum MVP Platform\node_modules\@testing-library\react\dist\act-compat.js:47:25
    at renderRoot (C:\Users\xx005\Downloads\Collaboreum MVP Platform\node_modules\@testing-library\react\dist\pure.js:190:26)
    at render (C:\Users\xx005\Downloads\Collaboreum MVP Platform\node_modules\@testing-library\react\dist\pure.js:292:10)
    at Object.&lt;anonymous&gt; (C:\Users\xx005\Downloads\Collaboreum MVP Platform\src\features\admin\components\__tests__\OverviewSection.test.tsx:269:9)
    at Promise.then.completed (C:\Users\xx005\Downloads\Collaboreum MVP Platform\node_modules\jest-circus\build\utils.js:298:28)
    at new Promise (&lt;anonymous&gt;)
    at callAsyncCircusFn (C:\Users\xx005\Downloads\Collaboreum MVP Platform\node_modules\jest-circus\build\utils.js:231:10)
    at _callCircusTest (C:\Users\xx005\Downloads\Collaboreum MVP Platform\node_modules\jest-circus\build\run.js:316:40)
    at _runTest (C:\Users\xx005\Downloads\Collaboreum MVP Platform\node_modules\jest-circus\build\run.js:252:3)
    at _runTestsForDescribeBlock (C:\Users\xx005\Downloads\Collaboreum MVP Platform\node_modules\jest-circus\build\run.js:126:9)
    at run (C:\Users\xx005\Downloads\Collaboreum MVP Platform\node_modules\jest-circus\build\run.js:71:3)
    at runAndTransformResultsToJestFormat (C:\Users\xx005\Downloads\Collaboreum MVP Platform\node_modules\jest-circus\build\legacy-code-todo-rewrite\jestAdapterInit.js:122:21)
    at jestAdapter (C:\Users\xx005\Downloads\Collaboreum MVP Platform\node_modules\jest-circus\build\legacy-code-todo-rewrite\jestAdapter.js:79:19)
    at runTestInternal (C:\Users\xx005\Downloads\Collaboreum MVP Platform\node_modules\jest-runner\build\runTest.js:367:16)
    at runTest (C:\Users\xx005\Downloads\Collaboreum MVP Platform\node_modules\jest-runner\build\runTest.js:444:34)</failure>
    </testcase>
    <testcase classname=" 숫자 포맷팅이 올바르게 적용된다" name=" 숫자 포맷팅이 올바르게 적용된다" time="0.028">
      <failure>TypeError: Cannot destructure property &apos;data&apos; of &apos;(0 , _useAdminData.useSystemMetrics)(...)&apos; as it is undefined.
    at systemMetrics (C:\Users\xx005\Downloads\Collaboreum MVP Platform\src\features\admin\components\sections\OverviewSection.tsx:25:11)
    at renderWithHooks (C:\Users\xx005\Downloads\Collaboreum MVP Platform\node_modules\react-dom\cjs\react-dom.development.js:15486:18)
    at mountIndeterminateComponent (C:\Users\xx005\Downloads\Collaboreum MVP Platform\node_modules\react-dom\cjs\react-dom.development.js:20103:13)
    at beginWork (C:\Users\xx005\Downloads\Collaboreum MVP Platform\node_modules\react-dom\cjs\react-dom.development.js:21626:16)
    at beginWork$1 (C:\Users\xx005\Downloads\Collaboreum MVP Platform\node_modules\react-dom\cjs\react-dom.development.js:27465:14)
    at performUnitOfWork (C:\Users\xx005\Downloads\Collaboreum MVP Platform\node_modules\react-dom\cjs\react-dom.development.js:26599:12)
    at workLoopSync (C:\Users\xx005\Downloads\Collaboreum MVP Platform\node_modules\react-dom\cjs\react-dom.development.js:26505:5)
    at renderRootSync (C:\Users\xx005\Downloads\Collaboreum MVP Platform\node_modules\react-dom\cjs\react-dom.development.js:26473:7)
    at recoverFromConcurrentError (C:\Users\xx005\Downloads\Collaboreum MVP Platform\node_modules\react-dom\cjs\react-dom.development.js:25889:20)
    at performConcurrentWorkOnRoot (C:\Users\xx005\Downloads\Collaboreum MVP Platform\node_modules\react-dom\cjs\react-dom.development.js:25789:22)
    at flushActQueue (C:\Users\xx005\Downloads\Collaboreum MVP Platform\node_modules\react\cjs\react.development.js:2667:24)
    at act (C:\Users\xx005\Downloads\Collaboreum MVP Platform\node_modules\react\cjs\react.development.js:2582:11)
    at C:\Users\xx005\Downloads\Collaboreum MVP Platform\node_modules\@testing-library\react\dist\act-compat.js:47:25
    at renderRoot (C:\Users\xx005\Downloads\Collaboreum MVP Platform\node_modules\@testing-library\react\dist\pure.js:190:26)
    at render (C:\Users\xx005\Downloads\Collaboreum MVP Platform\node_modules\@testing-library\react\dist\pure.js:292:10)
    at Object.&lt;anonymous&gt; (C:\Users\xx005\Downloads\Collaboreum MVP Platform\src\features\admin\components\__tests__\OverviewSection.test.tsx:289:9)
    at Promise.then.completed (C:\Users\xx005\Downloads\Collaboreum MVP Platform\node_modules\jest-circus\build\utils.js:298:28)
    at new Promise (&lt;anonymous&gt;)
    at callAsyncCircusFn (C:\Users\xx005\Downloads\Collaboreum MVP Platform\node_modules\jest-circus\build\utils.js:231:10)
    at _callCircusTest (C:\Users\xx005\Downloads\Collaboreum MVP Platform\node_modules\jest-circus\build\run.js:316:40)
    at _runTest (C:\Users\xx005\Downloads\Collaboreum MVP Platform\node_modules\jest-circus\build\run.js:252:3)
    at _runTestsForDescribeBlock (C:\Users\xx005\Downloads\Collaboreum MVP Platform\node_modules\jest-circus\build\run.js:126:9)
    at run (C:\Users\xx005\Downloads\Collaboreum MVP Platform\node_modules\jest-circus\build\run.js:71:3)
    at runAndTransformResultsToJestFormat (C:\Users\xx005\Downloads\Collaboreum MVP Platform\node_modules\jest-circus\build\legacy-code-todo-rewrite\jestAdapterInit.js:122:21)
    at jestAdapter (C:\Users\xx005\Downloads\Collaboreum MVP Platform\node_modules\jest-circus\build\legacy-code-todo-rewrite\jestAdapter.js:79:19)
    at runTestInternal (C:\Users\xx005\Downloads\Collaboreum MVP Platform\node_modules\jest-runner\build\runTest.js:367:16)
    at runTest (C:\Users\xx005\Downloads\Collaboreum MVP Platform\node_modules\jest-runner\build\runTest.js:444:34)</failure>
    </testcase>
    <testcase classname=" 접근성 속성이 올바르게 설정되어 있다" name=" 접근성 속성이 올바르게 설정되어 있다" time="0.019">
      <failure>TypeError: Cannot destructure property &apos;data&apos; of &apos;(0 , _useAdminData.useSystemMetrics)(...)&apos; as it is undefined.
    at systemMetrics (C:\Users\xx005\Downloads\Collaboreum MVP Platform\src\features\admin\components\sections\OverviewSection.tsx:25:11)
    at renderWithHooks (C:\Users\xx005\Downloads\Collaboreum MVP Platform\node_modules\react-dom\cjs\react-dom.development.js:15486:18)
    at mountIndeterminateComponent (C:\Users\xx005\Downloads\Collaboreum MVP Platform\node_modules\react-dom\cjs\react-dom.development.js:20103:13)
    at beginWork (C:\Users\xx005\Downloads\Collaboreum MVP Platform\node_modules\react-dom\cjs\react-dom.development.js:21626:16)
    at beginWork$1 (C:\Users\xx005\Downloads\Collaboreum MVP Platform\node_modules\react-dom\cjs\react-dom.development.js:27465:14)
    at performUnitOfWork (C:\Users\xx005\Downloads\Collaboreum MVP Platform\node_modules\react-dom\cjs\react-dom.development.js:26599:12)
    at workLoopSync (C:\Users\xx005\Downloads\Collaboreum MVP Platform\node_modules\react-dom\cjs\react-dom.development.js:26505:5)
    at renderRootSync (C:\Users\xx005\Downloads\Collaboreum MVP Platform\node_modules\react-dom\cjs\react-dom.development.js:26473:7)
    at recoverFromConcurrentError (C:\Users\xx005\Downloads\Collaboreum MVP Platform\node_modules\react-dom\cjs\react-dom.development.js:25889:20)
    at performConcurrentWorkOnRoot (C:\Users\xx005\Downloads\Collaboreum MVP Platform\node_modules\react-dom\cjs\react-dom.development.js:25789:22)
    at flushActQueue (C:\Users\xx005\Downloads\Collaboreum MVP Platform\node_modules\react\cjs\react.development.js:2667:24)
    at act (C:\Users\xx005\Downloads\Collaboreum MVP Platform\node_modules\react\cjs\react.development.js:2582:11)
    at C:\Users\xx005\Downloads\Collaboreum MVP Platform\node_modules\@testing-library\react\dist\act-compat.js:47:25
    at renderRoot (C:\Users\xx005\Downloads\Collaboreum MVP Platform\node_modules\@testing-library\react\dist\pure.js:190:26)
    at render (C:\Users\xx005\Downloads\Collaboreum MVP Platform\node_modules\@testing-library\react\dist\pure.js:292:10)
    at Object.&lt;anonymous&gt; (C:\Users\xx005\Downloads\Collaboreum MVP Platform\src\features\admin\components\__tests__\OverviewSection.test.tsx:309:9)
    at Promise.then.completed (C:\Users\xx005\Downloads\Collaboreum MVP Platform\node_modules\jest-circus\build\utils.js:298:28)
    at new Promise (&lt;anonymous&gt;)
    at callAsyncCircusFn (C:\Users\xx005\Downloads\Collaboreum MVP Platform\node_modules\jest-circus\build\utils.js:231:10)
    at _callCircusTest (C:\Users\xx005\Downloads\Collaboreum MVP Platform\node_modules\jest-circus\build\run.js:316:40)
    at _runTest (C:\Users\xx005\Downloads\Collaboreum MVP Platform\node_modules\jest-circus\build\run.js:252:3)
    at _runTestsForDescribeBlock (C:\Users\xx005\Downloads\Collaboreum MVP Platform\node_modules\jest-circus\build\run.js:126:9)
    at run (C:\Users\xx005\Downloads\Collaboreum MVP Platform\node_modules\jest-circus\build\run.js:71:3)
    at runAndTransformResultsToJestFormat (C:\Users\xx005\Downloads\Collaboreum MVP Platform\node_modules\jest-circus\build\legacy-code-todo-rewrite\jestAdapterInit.js:122:21)
    at jestAdapter (C:\Users\xx005\Downloads\Collaboreum MVP Platform\node_modules\jest-circus\build\legacy-code-todo-rewrite\jestAdapter.js:79:19)
    at runTestInternal (C:\Users\xx005\Downloads\Collaboreum MVP Platform\node_modules\jest-runner\build\runTest.js:367:16)
    at runTest (C:\Users\xx005\Downloads\Collaboreum MVP Platform\node_modules\jest-runner\build\runTest.js:444:34)</failure>
    </testcase>
    <testcase classname=" 데이터가 변경되면 UI가 업데이트된다" name=" 데이터가 변경되면 UI가 업데이트된다" time="0.021">
      <failure>TypeError: Cannot destructure property &apos;data&apos; of &apos;(0 , _useAdminData.useSystemMetrics)(...)&apos; as it is undefined.
    at systemMetrics (C:\Users\xx005\Downloads\Collaboreum MVP Platform\src\features\admin\components\sections\OverviewSection.tsx:25:11)
    at renderWithHooks (C:\Users\xx005\Downloads\Collaboreum MVP Platform\node_modules\react-dom\cjs\react-dom.development.js:15486:18)
    at mountIndeterminateComponent (C:\Users\xx005\Downloads\Collaboreum MVP Platform\node_modules\react-dom\cjs\react-dom.development.js:20103:13)
    at beginWork (C:\Users\xx005\Downloads\Collaboreum MVP Platform\node_modules\react-dom\cjs\react-dom.development.js:21626:16)
    at beginWork$1 (C:\Users\xx005\Downloads\Collaboreum MVP Platform\node_modules\react-dom\cjs\react-dom.development.js:27465:14)
    at performUnitOfWork (C:\Users\xx005\Downloads\Collaboreum MVP Platform\node_modules\react-dom\cjs\react-dom.development.js:26599:12)
    at workLoopSync (C:\Users\xx005\Downloads\Collaboreum MVP Platform\node_modules\react-dom\cjs\react-dom.development.js:26505:5)
    at renderRootSync (C:\Users\xx005\Downloads\Collaboreum MVP Platform\node_modules\react-dom\cjs\react-dom.development.js:26473:7)
    at recoverFromConcurrentError (C:\Users\xx005\Downloads\Collaboreum MVP Platform\node_modules\react-dom\cjs\react-dom.development.js:25889:20)
    at performConcurrentWorkOnRoot (C:\Users\xx005\Downloads\Collaboreum MVP Platform\node_modules\react-dom\cjs\react-dom.development.js:25789:22)
    at flushActQueue (C:\Users\xx005\Downloads\Collaboreum MVP Platform\node_modules\react\cjs\react.development.js:2667:24)
    at act (C:\Users\xx005\Downloads\Collaboreum MVP Platform\node_modules\react\cjs\react.development.js:2582:11)
    at C:\Users\xx005\Downloads\Collaboreum MVP Platform\node_modules\@testing-library\react\dist\act-compat.js:47:25
    at renderRoot (C:\Users\xx005\Downloads\Collaboreum MVP Platform\node_modules\@testing-library\react\dist\pure.js:190:26)
    at render (C:\Users\xx005\Downloads\Collaboreum MVP Platform\node_modules\@testing-library\react\dist\pure.js:292:10)
    at Object.&lt;anonymous&gt; (C:\Users\xx005\Downloads\Collaboreum MVP Platform\src\features\admin\components\__tests__\OverviewSection.test.tsx:319:30)
    at Promise.then.completed (C:\Users\xx005\Downloads\Collaboreum MVP Platform\node_modules\jest-circus\build\utils.js:298:28)
    at new Promise (&lt;anonymous&gt;)
    at callAsyncCircusFn (C:\Users\xx005\Downloads\Collaboreum MVP Platform\node_modules\jest-circus\build\utils.js:231:10)
    at _callCircusTest (C:\Users\xx005\Downloads\Collaboreum MVP Platform\node_modules\jest-circus\build\run.js:316:40)
    at _runTest (C:\Users\xx005\Downloads\Collaboreum MVP Platform\node_modules\jest-circus\build\run.js:252:3)
    at _runTestsForDescribeBlock (C:\Users\xx005\Downloads\Collaboreum MVP Platform\node_modules\jest-circus\build\run.js:126:9)
    at run (C:\Users\xx005\Downloads\Collaboreum MVP Platform\node_modules\jest-circus\build\run.js:71:3)
    at runAndTransformResultsToJestFormat (C:\Users\xx005\Downloads\Collaboreum MVP Platform\node_modules\jest-circus\build\legacy-code-todo-rewrite\jestAdapterInit.js:122:21)
    at jestAdapter (C:\Users\xx005\Downloads\Collaboreum MVP Platform\node_modules\jest-circus\build\legacy-code-todo-rewrite\jestAdapter.js:79:19)
    at runTestInternal (C:\Users\xx005\Downloads\Collaboreum MVP Platform\node_modules\jest-runner\build\runTest.js:367:16)
    at runTest (C:\Users\xx005\Downloads\Collaboreum MVP Platform\node_modules\jest-runner\build\runTest.js:444:34)</failure>
    </testcase>
  </testsuite>
  <testsuite name="useSelect Hook" errors="0" failures="3" skipped="0" timestamp="2025-09-23T09:46:14" time="1.376" tests="12">
    <testcase classname="useSelect Hook initializes with correct default values" name="useSelect Hook initializes with correct default values" time="0.016">
    </testcase>
    <testcase classname="useSelect Hook updates selectedItem when value changes" name="useSelect Hook updates selectedItem when value changes" time="0.012">
      <failure>Error: expect(received).toEqual(expected) // deep equality

Expected: {&quot;label&quot;: &quot;Option 1&quot;, &quot;value&quot;: &quot;option1&quot;}
Received: null
    at Object.toEqual (C:\Users\xx005\Downloads\Collaboreum MVP Platform\src\shared\ui\hooks\__tests__\useSelect.test.tsx:42:41)
    at Promise.then.completed (C:\Users\xx005\Downloads\Collaboreum MVP Platform\node_modules\jest-circus\build\utils.js:298:28)
    at new Promise (&lt;anonymous&gt;)
    at callAsyncCircusFn (C:\Users\xx005\Downloads\Collaboreum MVP Platform\node_modules\jest-circus\build\utils.js:231:10)
    at _callCircusTest (C:\Users\xx005\Downloads\Collaboreum MVP Platform\node_modules\jest-circus\build\run.js:316:40)
    at _runTest (C:\Users\xx005\Downloads\Collaboreum MVP Platform\node_modules\jest-circus\build\run.js:252:3)
    at _runTestsForDescribeBlock (C:\Users\xx005\Downloads\Collaboreum MVP Platform\node_modules\jest-circus\build\run.js:126:9)
    at _runTestsForDescribeBlock (C:\Users\xx005\Downloads\Collaboreum MVP Platform\node_modules\jest-circus\build\run.js:121:9)
    at run (C:\Users\xx005\Downloads\Collaboreum MVP Platform\node_modules\jest-circus\build\run.js:71:3)
    at runAndTransformResultsToJestFormat (C:\Users\xx005\Downloads\Collaboreum MVP Platform\node_modules\jest-circus\build\legacy-code-todo-rewrite\jestAdapterInit.js:122:21)
    at jestAdapter (C:\Users\xx005\Downloads\Collaboreum MVP Platform\node_modules\jest-circus\build\legacy-code-todo-rewrite\jestAdapter.js:79:19)
    at runTestInternal (C:\Users\xx005\Downloads\Collaboreum MVP Platform\node_modules\jest-runner\build\runTest.js:367:16)
    at runTest (C:\Users\xx005\Downloads\Collaboreum MVP Platform\node_modules\jest-runner\build\runTest.js:444:34)</failure>
    </testcase>
    <testcase classname="useSelect Hook handles value change correctly" name="useSelect Hook handles value change correctly" time="0.019">
      <failure>Error: expect(received).toEqual(expected) // deep equality

Expected: {&quot;label&quot;: &quot;Option 2&quot;, &quot;value&quot;: &quot;option2&quot;}
Received: null
    at Object.toEqual (C:\Users\xx005\Downloads\Collaboreum MVP Platform\src\shared\ui\hooks\__tests__\useSelect.test.tsx:58:41)
    at Promise.then.completed (C:\Users\xx005\Downloads\Collaboreum MVP Platform\node_modules\jest-circus\build\utils.js:298:28)
    at new Promise (&lt;anonymous&gt;)
    at callAsyncCircusFn (C:\Users\xx005\Downloads\Collaboreum MVP Platform\node_modules\jest-circus\build\utils.js:231:10)
    at _callCircusTest (C:\Users\xx005\Downloads\Collaboreum MVP Platform\node_modules\jest-circus\build\run.js:316:40)
    at _runTest (C:\Users\xx005\Downloads\Collaboreum MVP Platform\node_modules\jest-circus\build\run.js:252:3)
    at _runTestsForDescribeBlock (C:\Users\xx005\Downloads\Collaboreum MVP Platform\node_modules\jest-circus\build\run.js:126:9)
    at _runTestsForDescribeBlock (C:\Users\xx005\Downloads\Collaboreum MVP Platform\node_modules\jest-circus\build\run.js:121:9)
    at run (C:\Users\xx005\Downloads\Collaboreum MVP Platform\node_modules\jest-circus\build\run.js:71:3)
    at runAndTransformResultsToJestFormat (C:\Users\xx005\Downloads\Collaboreum MVP Platform\node_modules\jest-circus\build\legacy-code-todo-rewrite\jestAdapterInit.js:122:21)
    at jestAdapter (C:\Users\xx005\Downloads\Collaboreum MVP Platform\node_modules\jest-circus\build\legacy-code-todo-rewrite\jestAdapter.js:79:19)
    at runTestInternal (C:\Users\xx005\Downloads\Collaboreum MVP Platform\node_modules\jest-runner\build\runTest.js:367:16)
    at runTest (C:\Users\xx005\Downloads\Collaboreum MVP Platform\node_modules\jest-runner\build\runTest.js:444:34)</failure>
    </testcase>
    <testcase classname="useSelect Hook toggles open state with setOpen" name="useSelect Hook toggles open state with setOpen" time="0.007">
    </testcase>
    <testcase classname="useSelect Hook handles keyboard navigation for trigger" name="useSelect Hook handles keyboard navigation for trigger" time="0.007">
    </testcase>
    <testcase classname="useSelect Hook handles Escape key to close" name="useSelect Hook handles Escape key to close" time="0.011">
    </testcase>
    <testcase classname="useSelect Hook handles ArrowDown key to open and focus" name="useSelect Hook handles ArrowDown key to open and focus" time="0.003">
    </testcase>
    <testcase classname="useSelect Hook handles item keyboard navigation" name="useSelect Hook handles item keyboard navigation" time="0.008">
    </testcase>
    <testcase classname="useSelect Hook handles Escape key in item to close and focus trigger" name="useSelect Hook handles Escape key in item to close and focus trigger" time="0.009">
    </testcase>
    <testcase classname="useSelect Hook renders children correctly" name="useSelect Hook renders children correctly" time="0.01">
      <failure>Error: expect(received).toHaveLength(expected)

Expected length: 3
Received length: 1
Received array:  [&lt;React.Fragment isSelected={true} onKeyDown={[Function onKeyDown]} onSelect={[Function onSelect]}&gt;&lt;div value=&quot;option1&quot;&gt;Option 1&lt;/div&gt;&lt;div value=&quot;option2&quot;&gt;Option 2&lt;/div&gt;&lt;div value=&quot;option3&quot;&gt;Option 3&lt;/div&gt;&lt;/React.Fragment&gt;]
    at Object.toHaveLength (C:\Users\xx005\Downloads\Collaboreum MVP Platform\src\shared\ui\hooks\__tests__\useSelect.test.tsx:183:45)
    at Promise.then.completed (C:\Users\xx005\Downloads\Collaboreum MVP Platform\node_modules\jest-circus\build\utils.js:298:28)
    at new Promise (&lt;anonymous&gt;)
    at callAsyncCircusFn (C:\Users\xx005\Downloads\Collaboreum MVP Platform\node_modules\jest-circus\build\utils.js:231:10)
    at _callCircusTest (C:\Users\xx005\Downloads\Collaboreum MVP Platform\node_modules\jest-circus\build\run.js:316:40)
    at _runTest (C:\Users\xx005\Downloads\Collaboreum MVP Platform\node_modules\jest-circus\build\run.js:252:3)
    at _runTestsForDescribeBlock (C:\Users\xx005\Downloads\Collaboreum MVP Platform\node_modules\jest-circus\build\run.js:126:9)
    at _runTestsForDescribeBlock (C:\Users\xx005\Downloads\Collaboreum MVP Platform\node_modules\jest-circus\build\run.js:121:9)
    at run (C:\Users\xx005\Downloads\Collaboreum MVP Platform\node_modules\jest-circus\build\run.js:71:3)
    at runAndTransformResultsToJestFormat (C:\Users\xx005\Downloads\Collaboreum MVP Platform\node_modules\jest-circus\build\legacy-code-todo-rewrite\jestAdapterInit.js:122:21)
    at jestAdapter (C:\Users\xx005\Downloads\Collaboreum MVP Platform\node_modules\jest-circus\build\legacy-code-todo-rewrite\jestAdapter.js:79:19)
    at runTestInternal (C:\Users\xx005\Downloads\Collaboreum MVP Platform\node_modules\jest-runner\build\runTest.js:367:16)
    at runTest (C:\Users\xx005\Downloads\Collaboreum MVP Platform\node_modules\jest-runner\build\runTest.js:444:34)</failure>
    </testcase>
    <testcase classname="useSelect Hook memoizes rendered children" name="useSelect Hook memoizes rendered children" time="0.004">
    </testcase>
    <testcase classname="useSelect Hook handles disabled state" name="useSelect Hook handles disabled state" time="0.01">
    </testcase>
  </testsuite>
  <testsuite name="FundingModeSelector" errors="0" failures="2" skipped="0" timestamp="2025-09-23T09:46:16" time="0.871" tests="2">
    <testcase classname="FundingModeSelector renders both funding mode options and allows selection" name="FundingModeSelector renders both funding mode options and allows selection" time="0.062">
      <failure>TestingLibraryElementError: Unable to find a label with the text of: Flexible Funding

Ignored nodes: comments, script, style
&lt;body&gt;
  &lt;div&gt;
    &lt;fieldset
      aria-labelledby=&quot;:r0:-legend&quot;
      class=&quot;space-y-4&quot;
    &gt;
      &lt;legend
        class=&quot;text-base font-semibold text-foreground&quot;
        id=&quot;:r0:-legend&quot;
      &gt;
        모금 방식 선택
      &lt;/legend&gt;
      &lt;p
        class=&quot;text-sm text-muted-foreground&quot;
      &gt;
        프로젝트 특성에 맞는 모금 방식을 선택하세요. Flexible Funding은 목표에 미달하더라도 창작을 이어갈 수 있도록 도와줍니다.
      &lt;/p&gt;
      &lt;div
        class=&quot;grid gap-4 md:grid-cols-2&quot;
      &gt;
        &lt;label
          class=&quot;group relative block cursor-pointer rounded-3xl border p-4 transition-all duration-200 focus-within:ring-2 focus-within:ring-primary-300 bg-primary-50/60 shadow-apple-lg border-primary-400&quot;
          for=&quot;:r0:-all-or-nothing&quot;
        &gt;
          &lt;div
            class=&quot;flex items-start justify-between gap-3&quot;
          &gt;
            &lt;div&gt;
              &lt;div
                class=&quot;flex items-center gap-2&quot;
              &gt;
                &lt;span
                  class=&quot;text-lg font-semibold text-foreground&quot;
                &gt;
                  All-or-Nothing
                &lt;/span&gt;
              &lt;/div&gt;
              &lt;p
                class=&quot;mt-1 text-sm leading-relaxed text-muted-foreground&quot;
              &gt;
                목표 금액 달성 시에만 결제되는 전통적인 크라우드펀딩 방식입니다.
              &lt;/p&gt;
            &lt;/div&gt;
            &lt;span
              aria-hidden=&quot;true&quot;
              class=&quot;mt-1 size-5 rounded-full border-2 transition-colors duration-200 border-primary-500 bg-primary-500&quot;
            /&gt;
          &lt;/div&gt;
          &lt;input
            checked=&quot;&quot;
            class=&quot;sr-only&quot;
            id=&quot;:r0:-all-or-nothing&quot;
            name=&quot;:r0:&quot;
            type=&quot;radio&quot;
            value=&quot;all-or-nothing&quot;
          /&gt;
        &lt;/label&gt;
        &lt;label
          class=&quot;border-border/80 bg-surface/80 group relative block cursor-pointer rounded-3xl border p-4 transition-all duration-200 focus-within:ring-2 focus-within:ring-primary-300&quot;
          for=&quot;:r0:-flexible&quot;
        &gt;
          &lt;div
            class=&quot;flex items-start justify-between gap-3&quot;
          &gt;
            &lt;div&gt;
              &lt;div
                class=&quot;flex items-center gap-2&quot;
              &gt;
                &lt;span
                  class=&quot;text-lg font-semibold text-foreground&quot;
                &gt;
                  Flexible Funding
                &lt;/span&gt;
                &lt;span
                  aria-busy=&quot;false&quot;
                  class=&quot;inline-flex items-center justify-center whitespace-nowrap font-medium transition-all duration-200 disabled:pointer-events-none disabled:opacity-50 [&amp;_svg]:pointer-events-none [&amp;_svg:not([class*=&apos;size-&apos;])]:size-4 shrink-0 [&amp;_svg]:shrink-0 outline-none focus-visible:ring-ring/30 focus-visible:ring-4 aria-invalid:ring-destructive/20 dark:aria-invalid:ring-destructive/40 aria-invalid:border-destructive cursor-pointer hover:text-foreground h-8 rounded-xl gap-1.5 px-4 text-sm [&amp;_svg]:size-4 bg-success-600 text-success-700 hover:bg-success-100 focus:ring-success-300 pointer-events-none select-none&quot;
                  role=&quot;button&quot;
                  tabindex=&quot;0&quot;
                &gt;
                  &lt;span&gt;
                    New
                  &lt;/span&gt;
                &lt;/span&gt;
              &lt;/div&gt;
              &lt;p
                class=&quot;mt-1 text-sm leading-relaxed text-muted-foreground&quot;
              &gt;
                목표 금액에 도달하지 못해도 모금액을 받을 수 있는 유연한 방식입니다.
              &lt;/p&gt;
            &lt;/div&gt;
            &lt;span
              aria-hidden=&quot;true&quot;
              class=&quot;border-muted-foreground/40 mt-1 size-5 rounded-full border-2 transition-colors duration-200 bg-background&quot;
            /&gt;
          &lt;/div&gt;
          &lt;input
            class=&quot;sr-only&quot;
            id=&quot;:r0:-flexible&quot;
            name=&quot;:r0:&quot;
            type=&quot;radio&quot;
            value=&quot;flexible&quot;
          /&gt;
        &lt;/label&gt;
      &lt;/div&gt;
    &lt;/fieldset&gt;
  &lt;/div&gt;
&lt;/body&gt;
    at Object.getElementError (C:\Users\xx005\Downloads\Collaboreum MVP Platform\node_modules\@testing-library\dom\dist\config.js:37:19)
    at getAllByLabelText (C:\Users\xx005\Downloads\Collaboreum MVP Platform\node_modules\@testing-library\dom\dist\queries\label-text.js:111:38)
    at C:\Users\xx005\Downloads\Collaboreum MVP Platform\node_modules\@testing-library\dom\dist\query-helpers.js:52:17
    at C:\Users\xx005\Downloads\Collaboreum MVP Platform\node_modules\@testing-library\dom\dist\query-helpers.js:95:19
    at Object.getByLabelText (C:\Users\xx005\Downloads\Collaboreum MVP Platform\src\features\funding\components\FundingModeSelector\__tests__\FundingModeSelector.test.tsx:13:34)
    at Promise.then.completed (C:\Users\xx005\Downloads\Collaboreum MVP Platform\node_modules\jest-circus\build\utils.js:298:28)
    at new Promise (&lt;anonymous&gt;)
    at callAsyncCircusFn (C:\Users\xx005\Downloads\Collaboreum MVP Platform\node_modules\jest-circus\build\utils.js:231:10)
    at _callCircusTest (C:\Users\xx005\Downloads\Collaboreum MVP Platform\node_modules\jest-circus\build\run.js:316:40)
    at _runTest (C:\Users\xx005\Downloads\Collaboreum MVP Platform\node_modules\jest-circus\build\run.js:252:3)
    at _runTestsForDescribeBlock (C:\Users\xx005\Downloads\Collaboreum MVP Platform\node_modules\jest-circus\build\run.js:126:9)
    at _runTestsForDescribeBlock (C:\Users\xx005\Downloads\Collaboreum MVP Platform\node_modules\jest-circus\build\run.js:121:9)
    at run (C:\Users\xx005\Downloads\Collaboreum MVP Platform\node_modules\jest-circus\build\run.js:71:3)
    at runAndTransformResultsToJestFormat (C:\Users\xx005\Downloads\Collaboreum MVP Platform\node_modules\jest-circus\build\legacy-code-todo-rewrite\jestAdapterInit.js:122:21)
    at jestAdapter (C:\Users\xx005\Downloads\Collaboreum MVP Platform\node_modules\jest-circus\build\legacy-code-todo-rewrite\jestAdapter.js:79:19)
    at runTestInternal (C:\Users\xx005\Downloads\Collaboreum MVP Platform\node_modules\jest-runner\build\runTest.js:367:16)
    at runTest (C:\Users\xx005\Downloads\Collaboreum MVP Platform\node_modules\jest-runner\build\runTest.js:444:34)</failure>
    </testcase>
    <testcase classname="FundingModeSelector marks the selected option as checked" name="FundingModeSelector marks the selected option as checked" time="0.019">
      <failure>TestingLibraryElementError: Unable to find a label with the text of: Flexible Funding

Ignored nodes: comments, script, style
&lt;body&gt;
  &lt;div&gt;
    &lt;fieldset
      aria-labelledby=&quot;:r1:-legend&quot;
      class=&quot;space-y-4&quot;
    &gt;
      &lt;legend
        class=&quot;text-base font-semibold text-foreground&quot;
        id=&quot;:r1:-legend&quot;
      &gt;
        모금 방식 선택
      &lt;/legend&gt;
      &lt;p
        class=&quot;text-sm text-muted-foreground&quot;
      &gt;
        프로젝트 특성에 맞는 모금 방식을 선택하세요. Flexible Funding은 목표에 미달하더라도 창작을 이어갈 수 있도록 도와줍니다.
      &lt;/p&gt;
      &lt;div
        class=&quot;grid gap-4 md:grid-cols-2&quot;
      &gt;
        &lt;label
          class=&quot;border-border/80 bg-surface/80 group relative block cursor-pointer rounded-3xl border p-4 transition-all duration-200 focus-within:ring-2 focus-within:ring-primary-300&quot;
          for=&quot;:r1:-all-or-nothing&quot;
        &gt;
          &lt;div
            class=&quot;flex items-start justify-between gap-3&quot;
          &gt;
            &lt;div&gt;
              &lt;div
                class=&quot;flex items-center gap-2&quot;
              &gt;
                &lt;span
                  class=&quot;text-lg font-semibold text-foreground&quot;
                &gt;
                  All-or-Nothing
                &lt;/span&gt;
              &lt;/div&gt;
              &lt;p
                class=&quot;mt-1 text-sm leading-relaxed text-muted-foreground&quot;
              &gt;
                목표 금액 달성 시에만 결제되는 전통적인 크라우드펀딩 방식입니다.
              &lt;/p&gt;
            &lt;/div&gt;
            &lt;span
              aria-hidden=&quot;true&quot;
              class=&quot;border-muted-foreground/40 mt-1 size-5 rounded-full border-2 transition-colors duration-200 bg-background&quot;
            /&gt;
          &lt;/div&gt;
          &lt;input
            class=&quot;sr-only&quot;
            id=&quot;:r1:-all-or-nothing&quot;
            name=&quot;:r1:&quot;
            type=&quot;radio&quot;
            value=&quot;all-or-nothing&quot;
          /&gt;
        &lt;/label&gt;
        &lt;label
          class=&quot;group relative block cursor-pointer rounded-3xl border p-4 transition-all duration-200 focus-within:ring-2 focus-within:ring-primary-300 bg-primary-50/60 shadow-apple-lg border-primary-400&quot;
          for=&quot;:r1:-flexible&quot;
        &gt;
          &lt;div
            class=&quot;flex items-start justify-between gap-3&quot;
          &gt;
            &lt;div&gt;
              &lt;div
                class=&quot;flex items-center gap-2&quot;
              &gt;
                &lt;span
                  class=&quot;text-lg font-semibold text-foreground&quot;
                &gt;
                  Flexible Funding
                &lt;/span&gt;
                &lt;span
                  aria-busy=&quot;false&quot;
                  class=&quot;inline-flex items-center justify-center whitespace-nowrap font-medium transition-all duration-200 disabled:pointer-events-none disabled:opacity-50 [&amp;_svg]:pointer-events-none [&amp;_svg:not([class*=&apos;size-&apos;])]:size-4 shrink-0 [&amp;_svg]:shrink-0 outline-none focus-visible:ring-ring/30 focus-visible:ring-4 aria-invalid:ring-destructive/20 dark:aria-invalid:ring-destructive/40 aria-invalid:border-destructive cursor-pointer hover:text-foreground h-8 rounded-xl gap-1.5 px-4 text-sm [&amp;_svg]:size-4 bg-success-600 text-success-700 hover:bg-success-100 focus:ring-success-300 pointer-events-none select-none&quot;
                  role=&quot;button&quot;
                  tabindex=&quot;0&quot;
                &gt;
                  &lt;span&gt;
                    New
                  &lt;/span&gt;
                &lt;/span&gt;
              &lt;/div&gt;
              &lt;p
                class=&quot;mt-1 text-sm leading-relaxed text-muted-foreground&quot;
              &gt;
                목표 금액에 도달하지 못해도 모금액을 받을 수 있는 유연한 방식입니다.
              &lt;/p&gt;
            &lt;/div&gt;
            &lt;span
              aria-hidden=&quot;true&quot;
              class=&quot;mt-1 size-5 rounded-full border-2 transition-colors duration-200 border-primary-500 bg-primary-500&quot;
            /&gt;
          &lt;/div&gt;
          &lt;input
            checked=&quot;&quot;
            class=&quot;sr-only&quot;
            id=&quot;:r1:-flexible&quot;
            name=&quot;:r1:&quot;
            type=&quot;radio&quot;
            value=&quot;flexible&quot;
          /&gt;
        &lt;/label&gt;
      &lt;/div&gt;
    &lt;/fieldset&gt;
  &lt;/div&gt;
&lt;/body&gt;
    at Object.getElementError (C:\Users\xx005\Downloads\Collaboreum MVP Platform\node_modules\@testing-library\dom\dist\config.js:37:19)
    at getAllByLabelText (C:\Users\xx005\Downloads\Collaboreum MVP Platform\node_modules\@testing-library\dom\dist\queries\label-text.js:111:38)
    at C:\Users\xx005\Downloads\Collaboreum MVP Platform\node_modules\@testing-library\dom\dist\query-helpers.js:52:17
    at C:\Users\xx005\Downloads\Collaboreum MVP Platform\node_modules\@testing-library\dom\dist\query-helpers.js:95:19
    at Object.getByLabelText (C:\Users\xx005\Downloads\Collaboreum MVP Platform\src\features\funding\components\FundingModeSelector\__tests__\FundingModeSelector.test.tsx:20:35)
    at Promise.then.completed (C:\Users\xx005\Downloads\Collaboreum MVP Platform\node_modules\jest-circus\build\utils.js:298:28)
    at new Promise (&lt;anonymous&gt;)
    at callAsyncCircusFn (C:\Users\xx005\Downloads\Collaboreum MVP Platform\node_modules\jest-circus\build\utils.js:231:10)
    at _callCircusTest (C:\Users\xx005\Downloads\Collaboreum MVP Platform\node_modules\jest-circus\build\run.js:316:40)
    at _runTest (C:\Users\xx005\Downloads\Collaboreum MVP Platform\node_modules\jest-circus\build\run.js:252:3)
    at _runTestsForDescribeBlock (C:\Users\xx005\Downloads\Collaboreum MVP Platform\node_modules\jest-circus\build\run.js:126:9)
    at _runTestsForDescribeBlock (C:\Users\xx005\Downloads\Collaboreum MVP Platform\node_modules\jest-circus\build\run.js:121:9)
    at run (C:\Users\xx005\Downloads\Collaboreum MVP Platform\node_modules\jest-circus\build\run.js:71:3)
    at runAndTransformResultsToJestFormat (C:\Users\xx005\Downloads\Collaboreum MVP Platform\node_modules\jest-circus\build\legacy-code-todo-rewrite\jestAdapterInit.js:122:21)
    at jestAdapter (C:\Users\xx005\Downloads\Collaboreum MVP Platform\node_modules\jest-circus\build\legacy-code-todo-rewrite\jestAdapter.js:79:19)
    at runTestInternal (C:\Users\xx005\Downloads\Collaboreum MVP Platform\node_modules\jest-runner\build\runTest.js:367:16)
    at runTest (C:\Users\xx005\Downloads\Collaboreum MVP Platform\node_modules\jest-runner\build\runTest.js:444:34)</failure>
    </testcase>
  </testsuite>
  <testsuite name="VirtualizedList" errors="0" failures="3" skipped="0" timestamp="2025-09-23T09:46:16" time="0.829" tests="6">
    <testcase classname="VirtualizedList 기본 렌더링이 올바르게 작동한다" name="VirtualizedList 기본 렌더링이 올바르게 작동한다" time="0.037">
      <failure>Error: expect(received).toBeLessThanOrEqual(expected)

Expected: &lt;= 10
Received:    12
    at Object.toBeLessThanOrEqual (C:\Users\xx005\Downloads\Collaboreum MVP Platform\src\__tests__\VirtualizedList.test.tsx:30:33)
    at Promise.then.completed (C:\Users\xx005\Downloads\Collaboreum MVP Platform\node_modules\jest-circus\build\utils.js:298:28)
    at new Promise (&lt;anonymous&gt;)
    at callAsyncCircusFn (C:\Users\xx005\Downloads\Collaboreum MVP Platform\node_modules\jest-circus\build\utils.js:231:10)
    at _callCircusTest (C:\Users\xx005\Downloads\Collaboreum MVP Platform\node_modules\jest-circus\build\run.js:316:40)
    at _runTest (C:\Users\xx005\Downloads\Collaboreum MVP Platform\node_modules\jest-circus\build\run.js:252:3)
    at _runTestsForDescribeBlock (C:\Users\xx005\Downloads\Collaboreum MVP Platform\node_modules\jest-circus\build\run.js:126:9)
    at _runTestsForDescribeBlock (C:\Users\xx005\Downloads\Collaboreum MVP Platform\node_modules\jest-circus\build\run.js:121:9)
    at run (C:\Users\xx005\Downloads\Collaboreum MVP Platform\node_modules\jest-circus\build\run.js:71:3)
    at runAndTransformResultsToJestFormat (C:\Users\xx005\Downloads\Collaboreum MVP Platform\node_modules\jest-circus\build\legacy-code-todo-rewrite\jestAdapterInit.js:122:21)
    at jestAdapter (C:\Users\xx005\Downloads\Collaboreum MVP Platform\node_modules\jest-circus\build\legacy-code-todo-rewrite\jestAdapter.js:79:19)
    at runTestInternal (C:\Users\xx005\Downloads\Collaboreum MVP Platform\node_modules\jest-runner\build\runTest.js:367:16)
    at runTest (C:\Users\xx005\Downloads\Collaboreum MVP Platform\node_modules\jest-runner\build\runTest.js:444:34)</failure>
    </testcase>
    <testcase classname="VirtualizedList 빈 배열을 올바르게 처리한다" name="VirtualizedList 빈 배열을 올바르게 처리한다" time="0.002">
    </testcase>
    <testcase classname="VirtualizedList undefined items를 올바르게 처리한다" name="VirtualizedList undefined items를 올바르게 처리한다" time="0.013">
    </testcase>
    <testcase classname="VirtualizedList 스크롤 시 올바르게 아이템이 업데이트된다" name="VirtualizedList 스크롤 시 올바르게 아이템이 업데이트된다" time="0.022">
      <failure>TestingLibraryElementError: Unable to find an element by: [data-testid=&quot;virtualized-list&quot;]

Ignored nodes: comments, script, style
&lt;body&gt;
  &lt;div&gt;
    &lt;div
      class=&quot;overflow-auto&quot;
      style=&quot;height: 300px;&quot;
    &gt;
      &lt;div
        style=&quot;height: 5000px; position: relative;&quot;
      &gt;
        &lt;div
          style=&quot;transform: translateY(0px); position: absolute; top: 0px; left: 0px; right: 0px;&quot;
        &gt;
          &lt;div
            style=&quot;height: 50px;&quot;
          &gt;
            &lt;div
              data-testid=&quot;item-0&quot;
            &gt;
              Item 0
            &lt;/div&gt;
          &lt;/div&gt;
          &lt;div
            style=&quot;height: 50px;&quot;
          &gt;
            &lt;div
              data-testid=&quot;item-1&quot;
            &gt;
              Item 1
            &lt;/div&gt;
          &lt;/div&gt;
          &lt;div
            style=&quot;height: 50px;&quot;
          &gt;
            &lt;div
              data-testid=&quot;item-2&quot;
            &gt;
              Item 2
            &lt;/div&gt;
          &lt;/div&gt;
          &lt;div
            style=&quot;height: 50px;&quot;
          &gt;
            &lt;div
              data-testid=&quot;item-3&quot;
            &gt;
              Item 3
            &lt;/div&gt;
          &lt;/div&gt;
          &lt;div
            style=&quot;height: 50px;&quot;
          &gt;
            &lt;div
              data-testid=&quot;item-4&quot;
            &gt;
              Item 4
            &lt;/div&gt;
          &lt;/div&gt;
          &lt;div
            style=&quot;height: 50px;&quot;
          &gt;
            &lt;div
              data-testid=&quot;item-5&quot;
            &gt;
              Item 5
            &lt;/div&gt;
          &lt;/div&gt;
          &lt;div
            style=&quot;height: 50px;&quot;
          &gt;
            &lt;div
              data-testid=&quot;item-6&quot;
            &gt;
              Item 6
            &lt;/div&gt;
          &lt;/div&gt;
          &lt;div
            style=&quot;height: 50px;&quot;
          &gt;
            &lt;div
              data-testid=&quot;item-7&quot;
            &gt;
              Item 7
            &lt;/div&gt;
          &lt;/div&gt;
          &lt;div
            style=&quot;height: 50px;&quot;
          &gt;
            &lt;div
              data-testid=&quot;item-8&quot;
            &gt;
              Item 8
            &lt;/div&gt;
          &lt;/div&gt;
          &lt;div
            style=&quot;height: 50px;&quot;
          &gt;
            &lt;div
              data-testid=&quot;item-9&quot;
            &gt;
              Item 9
            &lt;/div&gt;
          &lt;/div&gt;
          &lt;div
            style=&quot;height: 50px;&quot;
          &gt;
            &lt;div
              data-testid=&quot;item-10&quot;
            &gt;
              Item 10
            &lt;/div&gt;
          &lt;/div&gt;
          &lt;div
            style=&quot;height: 50px;&quot;
          &gt;
            &lt;div
              data-testid=&quot;item-11&quot;
            &gt;
              Item 11
            &lt;/div&gt;
          &lt;/div&gt;
        &lt;/div&gt;
      &lt;/div&gt;
    &lt;/div&gt;
  &lt;/div&gt;
&lt;/body&gt;
    at Object.getElementError (C:\Users\xx005\Downloads\Collaboreum MVP Platform\node_modules\@testing-library\dom\dist\config.js:37:19)
    at C:\Users\xx005\Downloads\Collaboreum MVP Platform\node_modules\@testing-library\dom\dist\query-helpers.js:76:38
    at C:\Users\xx005\Downloads\Collaboreum MVP Platform\node_modules\@testing-library\dom\dist\query-helpers.js:52:17
    at C:\Users\xx005\Downloads\Collaboreum MVP Platform\node_modules\@testing-library\dom\dist\query-helpers.js:95:19
    at Object.getByTestId (C:\Users\xx005\Downloads\Collaboreum MVP Platform\src\__tests__\VirtualizedList.test.tsx:69:30)
    at Promise.then.completed (C:\Users\xx005\Downloads\Collaboreum MVP Platform\node_modules\jest-circus\build\utils.js:298:28)
    at new Promise (&lt;anonymous&gt;)
    at callAsyncCircusFn (C:\Users\xx005\Downloads\Collaboreum MVP Platform\node_modules\jest-circus\build\utils.js:231:10)
    at _callCircusTest (C:\Users\xx005\Downloads\Collaboreum MVP Platform\node_modules\jest-circus\build\run.js:316:40)
    at _runTest (C:\Users\xx005\Downloads\Collaboreum MVP Platform\node_modules\jest-circus\build\run.js:252:3)
    at _runTestsForDescribeBlock (C:\Users\xx005\Downloads\Collaboreum MVP Platform\node_modules\jest-circus\build\run.js:126:9)
    at _runTestsForDescribeBlock (C:\Users\xx005\Downloads\Collaboreum MVP Platform\node_modules\jest-circus\build\run.js:121:9)
    at run (C:\Users\xx005\Downloads\Collaboreum MVP Platform\node_modules\jest-circus\build\run.js:71:3)
    at runAndTransformResultsToJestFormat (C:\Users\xx005\Downloads\Collaboreum MVP Platform\node_modules\jest-circus\build\legacy-code-todo-rewrite\jestAdapterInit.js:122:21)
    at jestAdapter (C:\Users\xx005\Downloads\Collaboreum MVP Platform\node_modules\jest-circus\build\legacy-code-todo-rewrite\jestAdapter.js:79:19)
    at runTestInternal (C:\Users\xx005\Downloads\Collaboreum MVP Platform\node_modules\jest-runner\build\runTest.js:367:16)
    at runTest (C:\Users\xx005\Downloads\Collaboreum MVP Platform\node_modules\jest-runner\build\runTest.js:444:34)</failure>
    </testcase>
    <testcase classname="VirtualizedList 커스텀 className을 올바르게 적용한다" name="VirtualizedList 커스텀 className을 올바르게 적용한다" time="0.015">
      <failure>TestingLibraryElementError: Unable to find an element by: [data-testid=&quot;virtualized-list&quot;]

Ignored nodes: comments, script, style
&lt;body&gt;
  &lt;div&gt;
    &lt;div
      class=&quot;overflow-auto custom-class&quot;
      style=&quot;height: 300px;&quot;
    &gt;
      &lt;div
        style=&quot;height: 5000px; position: relative;&quot;
      &gt;
        &lt;div
          style=&quot;transform: translateY(0px); position: absolute; top: 0px; left: 0px; right: 0px;&quot;
        &gt;
          &lt;div
            style=&quot;height: 50px;&quot;
          &gt;
            &lt;div
              data-testid=&quot;item-0&quot;
            &gt;
              Item 0
            &lt;/div&gt;
          &lt;/div&gt;
          &lt;div
            style=&quot;height: 50px;&quot;
          &gt;
            &lt;div
              data-testid=&quot;item-1&quot;
            &gt;
              Item 1
            &lt;/div&gt;
          &lt;/div&gt;
          &lt;div
            style=&quot;height: 50px;&quot;
          &gt;
            &lt;div
              data-testid=&quot;item-2&quot;
            &gt;
              Item 2
            &lt;/div&gt;
          &lt;/div&gt;
          &lt;div
            style=&quot;height: 50px;&quot;
          &gt;
            &lt;div
              data-testid=&quot;item-3&quot;
            &gt;
              Item 3
            &lt;/div&gt;
          &lt;/div&gt;
          &lt;div
            style=&quot;height: 50px;&quot;
          &gt;
            &lt;div
              data-testid=&quot;item-4&quot;
            &gt;
              Item 4
            &lt;/div&gt;
          &lt;/div&gt;
          &lt;div
            style=&quot;height: 50px;&quot;
          &gt;
            &lt;div
              data-testid=&quot;item-5&quot;
            &gt;
              Item 5
            &lt;/div&gt;
          &lt;/div&gt;
          &lt;div
            style=&quot;height: 50px;&quot;
          &gt;
            &lt;div
              data-testid=&quot;item-6&quot;
            &gt;
              Item 6
            &lt;/div&gt;
          &lt;/div&gt;
          &lt;div
            style=&quot;height: 50px;&quot;
          &gt;
            &lt;div
              data-testid=&quot;item-7&quot;
            &gt;
              Item 7
            &lt;/div&gt;
          &lt;/div&gt;
          &lt;div
            style=&quot;height: 50px;&quot;
          &gt;
            &lt;div
              data-testid=&quot;item-8&quot;
            &gt;
              Item 8
            &lt;/div&gt;
          &lt;/div&gt;
          &lt;div
            style=&quot;height: 50px;&quot;
          &gt;
            &lt;div
              data-testid=&quot;item-9&quot;
            &gt;
              Item 9
            &lt;/div&gt;
          &lt;/div&gt;
          &lt;div
            style=&quot;height: 50px;&quot;
          &gt;
            &lt;div
              data-testid=&quot;item-10&quot;
            &gt;
              Item 10
            &lt;/div&gt;
          &lt;/div&gt;
          &lt;div
            style=&quot;height: 50px;&quot;
          &gt;
            &lt;div
              data-testid=&quot;item-11&quot;
            &gt;
              Item 11
            &lt;/div&gt;
          &lt;/div&gt;
        &lt;/div&gt;
      &lt;/div&gt;
    &lt;/div&gt;
  &lt;/div&gt;
&lt;/body&gt;
    at Object.getElementError (C:\Users\xx005\Downloads\Collaboreum MVP Platform\node_modules\@testing-library\dom\dist\config.js:37:19)
    at C:\Users\xx005\Downloads\Collaboreum MVP Platform\node_modules\@testing-library\dom\dist\query-helpers.js:76:38
    at C:\Users\xx005\Downloads\Collaboreum MVP Platform\node_modules\@testing-library\dom\dist\query-helpers.js:52:17
    at C:\Users\xx005\Downloads\Collaboreum MVP Platform\node_modules\@testing-library\dom\dist\query-helpers.js:95:19
    at Object.getByTestId (C:\Users\xx005\Downloads\Collaboreum MVP Platform\src\__tests__\VirtualizedList.test.tsx:90:30)
    at Promise.then.completed (C:\Users\xx005\Downloads\Collaboreum MVP Platform\node_modules\jest-circus\build\utils.js:298:28)
    at new Promise (&lt;anonymous&gt;)
    at callAsyncCircusFn (C:\Users\xx005\Downloads\Collaboreum MVP Platform\node_modules\jest-circus\build\utils.js:231:10)
    at _callCircusTest (C:\Users\xx005\Downloads\Collaboreum MVP Platform\node_modules\jest-circus\build\run.js:316:40)
    at _runTest (C:\Users\xx005\Downloads\Collaboreum MVP Platform\node_modules\jest-circus\build\run.js:252:3)
    at _runTestsForDescribeBlock (C:\Users\xx005\Downloads\Collaboreum MVP Platform\node_modules\jest-circus\build\run.js:126:9)
    at _runTestsForDescribeBlock (C:\Users\xx005\Downloads\Collaboreum MVP Platform\node_modules\jest-circus\build\run.js:121:9)
    at run (C:\Users\xx005\Downloads\Collaboreum MVP Platform\node_modules\jest-circus\build\run.js:71:3)
    at runAndTransformResultsToJestFormat (C:\Users\xx005\Downloads\Collaboreum MVP Platform\node_modules\jest-circus\build\legacy-code-todo-rewrite\jestAdapterInit.js:122:21)
    at jestAdapter (C:\Users\xx005\Downloads\Collaboreum MVP Platform\node_modules\jest-circus\build\legacy-code-todo-rewrite\jestAdapter.js:79:19)
    at runTestInternal (C:\Users\xx005\Downloads\Collaboreum MVP Platform\node_modules\jest-runner\build\runTest.js:367:16)
    at runTest (C:\Users\xx005\Downloads\Collaboreum MVP Platform\node_modules\jest-runner\build\runTest.js:444:34)</failure>
    </testcase>
    <testcase classname="VirtualizedList overscan이 올바르게 작동한다" name="VirtualizedList overscan이 올바르게 작동한다" time="0.03">
    </testcase>
  </testsuite>
  <testsuite name="ProjectTabs detail view" errors="0" failures="1" skipped="0" timestamp="2025-09-23T09:46:17" time="0.699" tests="1">
    <testcase classname="ProjectTabs detail view renders safely with mapped project response and missing arrays" name="ProjectTabs detail view renders safely with mapped project response and missing arrays" time="0.005">
      <failure>TypeError: (0 , _funding.mapFundingProjectDetail) is not a function
    at Object.&lt;anonymous&gt; (C:\Users\xx005\Downloads\Collaboreum MVP Platform\src\features\funding\components\FundingProjectDetail\__tests__\ProjectTabs.test.tsx:41:50)
    at Promise.then.completed (C:\Users\xx005\Downloads\Collaboreum MVP Platform\node_modules\jest-circus\build\utils.js:298:28)
    at new Promise (&lt;anonymous&gt;)
    at callAsyncCircusFn (C:\Users\xx005\Downloads\Collaboreum MVP Platform\node_modules\jest-circus\build\utils.js:231:10)
    at _callCircusTest (C:\Users\xx005\Downloads\Collaboreum MVP Platform\node_modules\jest-circus\build\run.js:316:40)
    at _runTest (C:\Users\xx005\Downloads\Collaboreum MVP Platform\node_modules\jest-circus\build\run.js:252:3)
    at _runTestsForDescribeBlock (C:\Users\xx005\Downloads\Collaboreum MVP Platform\node_modules\jest-circus\build\run.js:126:9)
    at _runTestsForDescribeBlock (C:\Users\xx005\Downloads\Collaboreum MVP Platform\node_modules\jest-circus\build\run.js:121:9)
    at run (C:\Users\xx005\Downloads\Collaboreum MVP Platform\node_modules\jest-circus\build\run.js:71:3)
    at runAndTransformResultsToJestFormat (C:\Users\xx005\Downloads\Collaboreum MVP Platform\node_modules\jest-circus\build\legacy-code-todo-rewrite\jestAdapterInit.js:122:21)
    at jestAdapter (C:\Users\xx005\Downloads\Collaboreum MVP Platform\node_modules\jest-circus\build\legacy-code-todo-rewrite\jestAdapter.js:79:19)
    at runTestInternal (C:\Users\xx005\Downloads\Collaboreum MVP Platform\node_modules\jest-runner\build\runTest.js:367:16)
    at runTest (C:\Users\xx005\Downloads\Collaboreum MVP Platform\node_modules\jest-runner\build\runTest.js:444:34)</failure>
    </testcase>
  </testsuite>
  <testsuite name="Button" errors="0" failures="0" skipped="0" timestamp="2025-09-23T09:46:18" time="0.857" tests="8">
    <testcase classname="Button 기본 버튼을 렌더링한다" name="Button 기본 버튼을 렌더링한다" time="0.026">
    </testcase>
    <testcase classname="Button 다양한 variant를 올바르게 적용한다" name="Button 다양한 variant를 올바르게 적용한다" time="0.019">
    </testcase>
    <testcase classname="Button 다양한 size를 올바르게 적용한다" name="Button 다양한 size를 올바르게 적용한다" time="0.028">
    </testcase>
    <testcase classname="Button 다양한 tone을 올바르게 적용한다" name="Button 다양한 tone을 올바르게 적용한다" time="0.037">
    </testcase>
    <testcase classname="Button 로딩 상태를 올바르게 처리한다" name="Button 로딩 상태를 올바르게 처리한다" time="0.012">
    </testcase>
    <testcase classname="Button disabled 상태를 올바르게 처리한다" name="Button disabled 상태를 올바르게 처리한다" time="0.013">
    </testcase>
    <testcase classname="Button ARIA 속성을 올바르게 전달한다" name="Button ARIA 속성을 올바르게 전달한다" time="0.014">
    </testcase>
    <testcase classname="Button asChild prop을 올바르게 처리한다" name="Button asChild prop을 올바르게 처리한다" time="0.017">
    </testcase>
  </testsuite>
  <testsuite name="MetricsCard 컴포넌트 테스트" errors="0" failures="0" skipped="0" timestamp="2025-09-23T09:46:19" time="0.781" tests="9">
    <testcase classname="MetricsCard 컴포넌트 테스트 기본 props로 렌더링된다" name="MetricsCard 컴포넌트 테스트 기본 props로 렌더링된다" time="0.027">
    </testcase>
    <testcase classname="MetricsCard 컴포넌트 테스트 variant가 제공되면 올바른 스타일이 적용된다" name="MetricsCard 컴포넌트 테스트 variant가 제공되면 올바른 스타일이 적용된다" time="0.005">
    </testcase>
    <testcase classname="MetricsCard 컴포넌트 테스트 trend가 제공되면 표시된다" name="MetricsCard 컴포넌트 테스트 trend가 제공되면 표시된다" time="0.008">
    </testcase>
    <testcase classname="MetricsCard 컴포넌트 테스트 trend가 양수일 때 올바른 색상으로 표시된다" name="MetricsCard 컴포넌트 테스트 trend가 양수일 때 올바른 색상으로 표시된다" time="0.011">
    </testcase>
    <testcase classname="MetricsCard 컴포넌트 테스트 trend가 음수일 때 올바른 색상으로 표시된다" name="MetricsCard 컴포넌트 테스트 trend가 음수일 때 올바른 색상으로 표시된다" time="0.003">
    </testcase>
    <testcase classname="MetricsCard 컴포넌트 테스트 접근성 속성이 올바르게 설정되어 있다" name="MetricsCard 컴포넌트 테스트 접근성 속성이 올바르게 설정되어 있다" time="0.01">
    </testcase>
    <testcase classname="MetricsCard 컴포넌트 테스트 숫자 값이 올바르게 포맷팅되어 표시된다" name="MetricsCard 컴포넌트 테스트 숫자 값이 올바르게 포맷팅되어 표시된다" time="0.03">
    </testcase>
    <testcase classname="MetricsCard 컴포넌트 테스트 아이콘이 올바르게 렌더링된다" name="MetricsCard 컴포넌트 테스트 아이콘이 올바르게 렌더링된다" time="0.011">
    </testcase>
    <testcase classname="MetricsCard 컴포넌트 테스트 다양한 variant가 올바르게 적용된다" name="MetricsCard 컴포넌트 테스트 다양한 variant가 올바르게 적용된다" time="0.014">
    </testcase>
  </testsuite>
  <testsuite name="권한별 마이페이지 시스템 TDD 테스트" errors="0" failures="0" skipped="0" timestamp="2025-09-23T09:46:20" time="0.823" tests="14">
    <testcase classname="권한별 마이페이지 시스템 TDD 테스트 1. 아티스트 마이페이지 테스트 아티스트 프로필 정보가 올바르게 표시되어야 한다" name="권한별 마이페이지 시스템 TDD 테스트 1. 아티스트 마이페이지 테스트 아티스트 프로필 정보가 올바르게 표시되어야 한다" time="0.003">
    </testcase>
    <testcase classname="권한별 마이페이지 시스템 TDD 테스트 1. 아티스트 마이페이지 테스트 아티스트 프로젝트 관리가 올바르게 작동해야 한다" name="권한별 마이페이지 시스템 TDD 테스트 1. 아티스트 마이페이지 테스트 아티스트 프로젝트 관리가 올바르게 작동해야 한다" time="0.026">
    </testcase>
    <testcase classname="권한별 마이페이지 시스템 TDD 테스트 1. 아티스트 마이페이지 테스트 아티스트 수익 관리가 올바르게 작동해야 한다" name="권한별 마이페이지 시스템 TDD 테스트 1. 아티스트 마이페이지 테스트 아티스트 수익 관리가 올바르게 작동해야 한다" time="0.014">
    </testcase>
    <testcase classname="권한별 마이페이지 시스템 TDD 테스트 2. 팬 마이페이지 테스트 팬 프로필 정보가 올바르게 표시되어야 한다" name="권한별 마이페이지 시스템 TDD 테스트 2. 팬 마이페이지 테스트 팬 프로필 정보가 올바르게 표시되어야 한다" time="0.014">
    </testcase>
    <testcase classname="권한별 마이페이지 시스템 TDD 테스트 2. 팬 마이페이지 테스트 팬 후원 내역 관리가 올바르게 작동해야 한다" name="권한별 마이페이지 시스템 TDD 테스트 2. 팬 마이페이지 테스트 팬 후원 내역 관리가 올바르게 작동해야 한다" time="0.003">
    </testcase>
    <testcase classname="권한별 마이페이지 시스템 TDD 테스트 2. 팬 마이페이지 테스트 팬 알림 설정이 올바르게 관리되어야 한다" name="권한별 마이페이지 시스템 TDD 테스트 2. 팬 마이페이지 테스트 팬 알림 설정이 올바르게 관리되어야 한다" time="0.013">
    </testcase>
    <testcase classname="권한별 마이페이지 시스템 TDD 테스트 3. 관리자 마이페이지 테스트 관리자 프로필 정보가 올바르게 표시되어야 한다" name="권한별 마이페이지 시스템 TDD 테스트 3. 관리자 마이페이지 테스트 관리자 프로필 정보가 올바르게 표시되어야 한다" time="0.002">
    </testcase>
    <testcase classname="권한별 마이페이지 시스템 TDD 테스트 3. 관리자 마이페이지 테스트 관리자 사용자 관리가 올바르게 작동해야 한다" name="권한별 마이페이지 시스템 TDD 테스트 3. 관리자 마이페이지 테스트 관리자 사용자 관리가 올바르게 작동해야 한다" time="0.003">
    </testcase>
    <testcase classname="권한별 마이페이지 시스템 TDD 테스트 3. 관리자 마이페이지 테스트 관리자 프로젝트 승인 관리가 올바르게 작동해야 한다" name="권한별 마이페이지 시스템 TDD 테스트 3. 관리자 마이페이지 테스트 관리자 프로젝트 승인 관리가 올바르게 작동해야 한다" time="0.002">
    </testcase>
    <testcase classname="권한별 마이페이지 시스템 TDD 테스트 4. 공통 마이페이지 기능 테스트 프로필 수정이 올바르게 작동해야 한다" name="권한별 마이페이지 시스템 TDD 테스트 4. 공통 마이페이지 기능 테스트 프로필 수정이 올바르게 작동해야 한다" time="0.005">
    </testcase>
    <testcase classname="권한별 마이페이지 시스템 TDD 테스트 4. 공통 마이페이지 기능 테스트 비밀번호 변경이 올바르게 작동해야 한다" name="권한별 마이페이지 시스템 TDD 테스트 4. 공통 마이페이지 기능 테스트 비밀번호 변경이 올바르게 작동해야 한다" time="0.003">
    </testcase>
    <testcase classname="권한별 마이페이지 시스템 TDD 테스트 4. 공통 마이페이지 기능 테스트 계정 삭제가 올바르게 작동해야 한다" name="권한별 마이페이지 시스템 TDD 테스트 4. 공통 마이페이지 기능 테스트 계정 삭제가 올바르게 작동해야 한다" time="0.001">
    </testcase>
    <testcase classname="권한별 마이페이지 시스템 TDD 테스트 5. 마이페이지 데이터 보안 테스트 개인정보 보호가 올바르게 작동해야 한다" name="권한별 마이페이지 시스템 TDD 테스트 5. 마이페이지 데이터 보안 테스트 개인정보 보호가 올바르게 작동해야 한다" time="0.012">
    </testcase>
    <testcase classname="권한별 마이페이지 시스템 TDD 테스트 5. 마이페이지 데이터 보안 테스트 데이터 접근 로그가 올바르게 기록되어야 한다" name="권한별 마이페이지 시스템 TDD 테스트 5. 마이페이지 데이터 보안 테스트 데이터 접근 로그가 올바르게 기록되어야 한다" time="0.003">
    </testcase>
  </testsuite>
  <testsuite name="tokenStorage helpers" errors="0" failures="0" skipped="0" timestamp="2025-09-23T09:46:21" time="0.489" tests="12">
    <testcase classname="tokenStorage helpers sanitizeToken returns null for non-string input" name="tokenStorage helpers sanitizeToken returns null for non-string input" time="0.008">
    </testcase>
    <testcase classname="tokenStorage helpers sanitizeToken filters out bearer prefixes and undefined noise" name="tokenStorage helpers sanitizeToken filters out bearer prefixes and undefined noise" time="0.002">
    </testcase>
    <testcase classname="tokenStorage helpers sanitizeToken filters quoted tokens" name="tokenStorage helpers sanitizeToken filters quoted tokens" time="0">
    </testcase>
    <testcase classname="tokenStorage helpers sanitizeToken removes explicit null-like strings" name="tokenStorage helpers sanitizeToken removes explicit null-like strings" time="0">
    </testcase>
    <testcase classname="tokenStorage helpers sanitizeToken keeps already clean tokens untouched" name="tokenStorage helpers sanitizeToken keeps already clean tokens untouched" time="0.001">
    </testcase>
    <testcase classname="tokenStorage helpers persistTokens stores sanitized fallback tokens when access token is missing" name="tokenStorage helpers persistTokens stores sanitized fallback tokens when access token is missing" time="0.001">
    </testcase>
    <testcase classname="tokenStorage helpers persistTokens clears storage when sanitized token is empty" name="tokenStorage helpers persistTokens clears storage when sanitized token is empty" time="0">
    </testcase>
    <testcase classname="tokenStorage helpers getStoredAccessToken returns sanitized token from storage" name="tokenStorage helpers getStoredAccessToken returns sanitized token from storage" time="0.001">
    </testcase>
    <testcase classname="tokenStorage helpers resolveAuthTokenCandidates extracts tokens from nested data objects" name="tokenStorage helpers resolveAuthTokenCandidates extracts tokens from nested data objects" time="0.001">
    </testcase>
    <testcase classname="tokenStorage helpers resolveAuthTokenCandidates falls back to legacy token fields when accessToken is missing" name="tokenStorage helpers resolveAuthTokenCandidates falls back to legacy token fields when accessToken is missing" time="0.001">
    </testcase>
    <testcase classname="tokenStorage helpers resolveAuthTokenCandidates supports deeply nested payloads" name="tokenStorage helpers resolveAuthTokenCandidates supports deeply nested payloads" time="0.002">
    </testcase>
    <testcase classname="tokenStorage helpers resolveAuthTokenCandidates returns null tokens when no candidates exist" name="tokenStorage helpers resolveAuthTokenCandidates returns null tokens when no candidates exist" time="0.002">
    </testcase>
  </testsuite>
  <testsuite name="CommunitySection" errors="0" failures="0" skipped="0" timestamp="2025-09-23T09:46:21" time="1.577" tests="7">
    <testcase classname="CommunitySection 로딩 상태에서 스켈레톤을 렌더링해야 한다" name="CommunitySection 로딩 상태에서 스켈레톤을 렌더링해야 한다" time="0.047">
    </testcase>
    <testcase classname="CommunitySection 에러 상태에서 에러 메시지를 표시해야 한다" name="CommunitySection 에러 상태에서 에러 메시지를 표시해야 한다" time="0.005">
    </testcase>
    <testcase classname="CommunitySection 성공적으로 데이터를 로드하면 포럼 게시글과 이벤트를 표시해야 한다" name="CommunitySection 성공적으로 데이터를 로드하면 포럼 게시글과 이벤트를 표시해야 한다" time="0.046">
    </testcase>
    <testcase classname="CommunitySection 빈 데이터 상태에서 적절한 메시지를 표시해야 한다" name="CommunitySection 빈 데이터 상태에서 적절한 메시지를 표시해야 한다" time="0.007">
    </testcase>
    <testcase classname="CommunitySection onViewAllCommunity 콜백이 호출되어야 한다" name="CommunitySection onViewAllCommunity 콜백이 호출되어야 한다" time="0.06">
    </testcase>
    <testcase classname="CommunitySection 카테고리별로 올바른 색상 배지를 표시해야 한다" name="CommunitySection 카테고리별로 올바른 색상 배지를 표시해야 한다" time="0.084">
    </testcase>
    <testcase classname="CommunitySection HOT 배지가 올바르게 표시되어야 한다" name="CommunitySection HOT 배지가 올바르게 표시되어야 한다" time="0.082">
    </testcase>
  </testsuite>
  <testsuite name="HomePage integration" errors="0" failures="0" skipped="0" timestamp="2025-09-23T09:46:23" time="0.962" tests="1">
    <testcase classname="HomePage integration renders popular artists and projects from API responses" name="HomePage integration renders popular artists and projects from API responses" time="0.162">
    </testcase>
  </testsuite>
  <testsuite name="ProjectGrid" errors="0" failures="0" skipped="0" timestamp="2025-09-23T09:46:24" time="1.23" tests="1">
    <testcase classname="ProjectGrid renders projects mapped from the funding API payload" name="ProjectGrid renders projects mapped from the funding API payload" time="0.06">
    </testcase>
  </testsuite>
  <testsuite name="SecretPerksEditor" errors="0" failures="0" skipped="0" timestamp="2025-09-23T09:46:25" time="1.156" tests="2">
    <testcase classname="SecretPerksEditor renders textarea with initial value and fires change handler" name="SecretPerksEditor renders textarea with initial value and fires change handler" time="0.186">
    </testcase>
    <testcase classname="SecretPerksEditor submits the trimmed value when form is submitted" name="SecretPerksEditor submits the trimmed value when form is submitted" time="0.094">
    </testcase>
  </testsuite>
  <testsuite name="useCommunityPosts" errors="0" failures="0" skipped="0" timestamp="2025-09-23T09:46:26" time="1.643" tests="7">
    <testcase classname="useCommunityPosts 커뮤니티 포스트 목록을 성공적으로 가져와야 한다" name="useCommunityPosts 커뮤니티 포스트 목록을 성공적으로 가져와야 한다" time="0.091">
    </testcase>
    <testcase classname="useCommunityPosts 쿼리 파라미터를 올바르게 전달해야 한다" name="useCommunityPosts 쿼리 파라미터를 올바르게 전달해야 한다" time="0.077">
    </testcase>
    <testcase classname="useCommunityPosts API 에러를 올바르게 처리해야 한다" name="useCommunityPosts API 에러를 올바르게 처리해야 한다" time="0.093">
    </testcase>
    <testcase classname="usePopularPosts 인기 게시글을 성공적으로 가져와야 한다" name="usePopularPosts 인기 게시글을 성공적으로 가져와야 한다" time="0.076">
    </testcase>
    <testcase classname="usePopularPosts 기본 limit 값이 10이어야 한다" name="usePopularPosts 기본 limit 값이 10이어야 한다" time="0.085">
    </testcase>
    <testcase classname="useRecentPosts 최신 게시글을 성공적으로 가져와야 한다" name="useRecentPosts 최신 게시글을 성공적으로 가져와야 한다" time="0.075">
    </testcase>
    <testcase classname="useRecentPosts 기본 limit 값이 10이어야 한다" name="useRecentPosts 기본 limit 값이 10이어야 한다" time="0.087">
    </testcase>
  </testsuite>
  <testsuite name="ensureApiPath" errors="0" failures="0" skipped="0" timestamp="2025-09-23T09:46:28" time="0.582" tests="17">
    <testcase classname="ensureApiPath 절대 경로 처리 후행 슬래시가 있는 절대 경로에서 슬래시를 제거해야 함" name="ensureApiPath 절대 경로 처리 후행 슬래시가 있는 절대 경로에서 슬래시를 제거해야 함" time="0.003">
    </testcase>
    <testcase classname="ensureApiPath 절대 경로 처리 여러 개의 후행 슬래시가 있는 경우 모두 제거해야 함" name="ensureApiPath 절대 경로 처리 여러 개의 후행 슬래시가 있는 경우 모두 제거해야 함" time="0.001">
    </testcase>
    <testcase classname="ensureApiPath 절대 경로 처리 후행 슬래시가 없는 절대 경로는 그대로 유지해야 함" name="ensureApiPath 절대 경로 처리 후행 슬래시가 없는 절대 경로는 그대로 유지해야 함" time="0">
    </testcase>
    <testcase classname="ensureApiPath 상대 경로 처리 후행 슬래시가 있는 상대 경로에서 슬래시를 제거해야 함" name="ensureApiPath 상대 경로 처리 후행 슬래시가 있는 상대 경로에서 슬래시를 제거해야 함" time="0.004">
    </testcase>
    <testcase classname="ensureApiPath 상대 경로 처리 여러 개의 후행 슬래시가 있는 경우 모두 제거해야 함" name="ensureApiPath 상대 경로 처리 여러 개의 후행 슬래시가 있는 경우 모두 제거해야 함" time="0.005">
    </testcase>
    <testcase classname="ensureApiPath 상대 경로 처리 후행 슬래시가 없는 상대 경로는 그대로 유지해야 함" name="ensureApiPath 상대 경로 처리 후행 슬래시가 없는 상대 경로는 그대로 유지해야 함" time="0.024">
    </testcase>
    <testcase classname="ensureApiPath 특수 케이스 루트 경로는 그대로 유지해야 함" name="ensureApiPath 특수 케이스 루트 경로는 그대로 유지해야 함" time="0.002">
    </testcase>
    <testcase classname="ensureApiPath 특수 케이스 빈 문자열은 그대로 유지해야 함" name="ensureApiPath 특수 케이스 빈 문자열은 그대로 유지해야 함" time="0.001">
    </testcase>
    <testcase classname="ensureApiPath 특수 케이스 null이나 undefined는 그대로 유지해야 함" name="ensureApiPath 특수 케이스 null이나 undefined는 그대로 유지해야 함" time="0.001">
    </testcase>
    <testcase classname="ensureApiPath 특수 케이스 슬래시만 있는 경우에도 단일 루트 경로로 정규화해야 함" name="ensureApiPath 특수 케이스 슬래시만 있는 경우에도 단일 루트 경로로 정규화해야 함" time="0.001">
    </testcase>
    <testcase classname="ensureApiPath 실제 사용 케이스 API 엔드포인트 경로들을 올바르게 처리해야 함" name="ensureApiPath 실제 사용 케이스 API 엔드포인트 경로들을 올바르게 처리해야 함" time="0.003">
    </testcase>
    <testcase classname="resolveApiBaseUrl 환경 변수가 없을 때 fallback URL을 반환해야 함" name="resolveApiBaseUrl 환경 변수가 없을 때 fallback URL을 반환해야 함" time="0.005">
    </testcase>
    <testcase classname="resolveApiBaseUrl VITE_API_BASE_URL이 설정된 경우 해당 URL을 사용해야 함" name="resolveApiBaseUrl VITE_API_BASE_URL이 설정된 경우 해당 URL을 사용해야 함" time="0.002">
    </testcase>
    <testcase classname="resolveApiBaseUrl REACT_APP_API_URL이 설정된 경우 해당 URL을 사용해야 함" name="resolveApiBaseUrl REACT_APP_API_URL이 설정된 경우 해당 URL을 사용해야 함" time="0.004">
    </testcase>
    <testcase classname="resolveApiBaseUrl VITE_API_BASE_URL이 우선순위를 가져야 함" name="resolveApiBaseUrl VITE_API_BASE_URL이 우선순위를 가져야 함" time="0.005">
    </testcase>
    <testcase classname="resolveApiBaseUrl 환경 변수에 후행 슬래시가 있어도 제거해야 함" name="resolveApiBaseUrl 환경 변수에 후행 슬래시가 있어도 제거해야 함" time="0.002">
    </testcase>
    <testcase classname="resolveApiBaseUrl 결합된 경로에서 중복 슬래시가 발생하지 않아야 함" name="resolveApiBaseUrl 결합된 경로에서 중복 슬래시가 발생하지 않아야 함" time="0.006">
    </testcase>
  </testsuite>
  <testsuite name="communityController" errors="0" failures="0" skipped="0" timestamp="2025-09-23T09:46:29" time="0.401" tests="4">
    <testcase classname="communityController returns categories from the service" name="communityController returns categories from the service" time="0.005">
    </testcase>
    <testcase classname="communityController delegates post retrieval to the service" name="communityController delegates post retrieval to the service" time="0.002">
    </testcase>
    <testcase classname="communityController creates post and responds with status 201" name="communityController creates post and responds with status 201" time="0.002">
    </testcase>
    <testcase classname="communityController passes errors to next middleware" name="communityController passes errors to next middleware" time="0.004">
    </testcase>
  </testsuite>
  <testsuite name="fundingProjectMapper" errors="0" failures="0" skipped="0" timestamp="2025-09-23T09:46:29" time="0.532" tests="2">
    <testcase classname="fundingProjectMapper normalizes a fully populated funding project payload" name="fundingProjectMapper normalizes a fully populated funding project payload" time="0.008">
    </testcase>
    <testcase classname="fundingProjectMapper handles partial payloads across dedicated helpers" name="fundingProjectMapper handles partial payloads across dedicated helpers" time="0.004">
    </testcase>
  </testsuite>
  <testsuite name="home normalizers" errors="0" failures="0" skipped="0" timestamp="2025-09-23T09:46:30" time="0.45" tests="6">
    <testcase classname="home normalizers normalizes artist arrays returned directly from the API" name="home normalizers normalizes artist arrays returned directly from the API" time="0.003">
    </testcase>
    <testcase classname="home normalizers normalizes artists from a top-level data array" name="home normalizers normalizes artists from a top-level data array" time="0.004">
    </testcase>
    <testcase classname="home normalizers normalizes artists from nested keyed data containers" name="home normalizers normalizes artists from nested keyed data containers" time="0.001">
    </testcase>
    <testcase classname="home normalizers normalizes project arrays returned directly from the API" name="home normalizers normalizes project arrays returned directly from the API" time="0">
    </testcase>
    <testcase classname="home normalizers normalizes projects from a top-level data array" name="home normalizers normalizes projects from a top-level data array" time="0.001">
    </testcase>
    <testcase classname="home normalizers normalizes projects from nested keyed data containers" name="home normalizers normalizes projects from nested keyed data containers" time="0">
    </testcase>
  </testsuite>
  <testsuite name="fundingService.getProjects" errors="0" failures="0" skipped="0" timestamp="2025-09-23T09:46:30" time="0.454" tests="3">
    <testcase classname="fundingService.getProjects maps API responses to FundingProject entities" name="fundingService.getProjects maps API responses to FundingProject entities" time="0.011">
    </testcase>
    <testcase classname="fundingService.getProjects filters projects without identifiers" name="fundingService.getProjects filters projects without identifiers" time="0.005">
    </testcase>
    <testcase classname="fundingService.getProjects throws when the API responds with an error" name="fundingService.getProjects throws when the API responds with an error" time="0.02">
    </testcase>
  </testsuite>
  <testsuite name="communityService" errors="0" failures="0" skipped="0" timestamp="2025-09-23T09:46:31" time="0.653" tests="5">
    <testcase classname="communityService getPosts builds query options and returns posts with pagination" name="communityService getPosts builds query options and returns posts with pagination" time="0.02">
    </testcase>
    <testcase classname="communityService getPostById increments view count and returns post" name="communityService getPostById increments view count and returns post" time="0.002">
    </testcase>
    <testcase classname="communityService createPost creates post with default author name when missing" name="communityService createPost creates post with default author name when missing" time="0.005">
    </testcase>
    <testcase classname="communityService updatePostReaction toggles like reaction and updates counts" name="communityService updatePostReaction toggles like reaction and updates counts" time="0.003">
    </testcase>
    <testcase classname="communityService updatePostReaction throws validation error when reaction is invalid" name="communityService updatePostReaction throws validation error when reaction is invalid" time="0.004">
    </testcase>
  </testsuite>
  <testsuite name="AdminDashboard 컴포넌트 테스트" errors="0" failures="12" skipped="0" timestamp="2025-09-23T09:46:31" time="9.473" tests="16">
    <testcase classname="AdminDashboard 컴포넌트 테스트 기본적으로 렌더링된다" name="AdminDashboard 컴포넌트 테스트 기본적으로 렌더링된다" time="0.067">
    </testcase>
    <testcase classname="AdminDashboard 컴포넌트 테스트 탭 목록이 올바르게 렌더링된다" name="AdminDashboard 컴포넌트 테스트 탭 목록이 올바르게 렌더링된다" time="0.045">
    </testcase>
    <testcase classname="AdminDashboard 컴포넌트 테스트 기본적으로 개요 탭이 선택되어 있다" name="AdminDashboard 컴포넌트 테스트 기본적으로 개요 탭이 선택되어 있다" time="0.024">
    </testcase>
    <testcase classname="AdminDashboard 컴포넌트 테스트 탭을 클릭하면 해당 섹션이 표시된다" name="AdminDashboard 컴포넌트 테스트 탭을 클릭하면 해당 섹션이 표시된다" time="1.077">
      <failure>Error: expect(element).toHaveAttribute(&quot;data-state&quot;, &quot;active&quot;) // element.getAttribute(&quot;data-state&quot;) === &quot;active&quot;

Expected the element to have attribute:
  data-state=&quot;active&quot;
Received:
  data-state=&quot;inactive&quot;

Ignored nodes: comments, script, style
&lt;html&gt;
  &lt;head /&gt;
  &lt;body&gt;
    &lt;div&gt;
      &lt;div
        data-testid=&quot;admin-layout&quot;
      &gt;
        &lt;div
          data-testid=&quot;admin-title&quot;
        &gt;
          관리자 대시보드
        &lt;/div&gt;
        &lt;button
          data-testid=&quot;back-button&quot;
        &gt;
          뒤로가기
        &lt;/button&gt;
        &lt;div
          class=&quot;space-y-6&quot;
          data-orientation=&quot;horizontal&quot;
          dir=&quot;ltr&quot;
        &gt;
          &lt;div
            aria-orientation=&quot;horizontal&quot;
            class=&quot;h-10 items-center justify-center rounded-md bg-muted p-1 text-muted-foreground grid w-full grid-cols-8&quot;
            data-orientation=&quot;horizontal&quot;
            role=&quot;tablist&quot;
            style=&quot;outline: none;&quot;
            tabindex=&quot;0&quot;
          &gt;
            &lt;button
              aria-controls=&quot;radix-:rr:-content-overview&quot;
              aria-selected=&quot;true&quot;
              class=&quot;inline-flex items-center justify-center whitespace-nowrap rounded-sm px-3 py-1.5 text-sm font-medium ring-offset-background transition-all focus-visible:outline-none focus-visible:ring-2 focus-visible:ring-ring focus-visible:ring-offset-2 disabled:pointer-events-none disabled:opacity-50 data-[state=active]:bg-background data-[state=active]:text-foreground data-[state=active]:shadow-sm&quot;
              data-orientation=&quot;horizontal&quot;
              data-radix-collection-item=&quot;&quot;
              data-state=&quot;active&quot;
              id=&quot;radix-:rr:-trigger-overview&quot;
              role=&quot;tab&quot;
              tabindex=&quot;-1&quot;
              type=&quot;button&quot;
            &gt;
              개요
            &lt;/button&gt;
            &lt;button
              aria-controls=&quot;radix-:rr:-content-users&quot;
              aria-selected=&quot;false&quot;
              class=&quot;inline-flex items-center justify-center whitespace-nowrap rounded-sm px-3 py-1.5 text-sm font-medium ring-offset-background transition-all focus-visible:outline-none focus-visible:ring-2 focus-visible:ring-ring focus-visible:ring-offset-2 disabled:pointer-events-none disabled:opacity-50 data-[state=active]:bg-background data-[state=active]:text-foreground data-[state=active]:shadow-sm&quot;
              data-orientation=&quot;horizontal&quot;
              data-radix-collection-item=&quot;&quot;
              data-state=&quot;inactive&quot;
              id=&quot;radix-:rr:-trigger-users&quot;
              role=&quot;tab&quot;
              tabindex=&quot;-1&quot;
              type=&quot;button&quot;
            &gt;
              회원관리
            &lt;/button&gt;
            &lt;button
              aria-controls=&quot;radix-:rr:-content-funding&quot;
              aria-selected=&quot;false&quot;
              class=&quot;inline-flex items-center justify-center whitespace-nowrap rounded-sm px-3 py-1.5 text-sm font-medium ring-offset-background transition-all focus-visible:outline-none focus-visible:ring-2 focus-visible:ring-ring focus-visible:ring-offset-2 disabled:pointer-events-none disabled:opacity-50 data-[state=active]:bg-background data-[state=active]:text-foreground data-[state=active]:shadow-sm&quot;
              data-orientation=&quot;horizontal&quot;
              data-radix-collection-item=&quot;&quot;
              data-state=&quot;inactive&quot;
              id=&quot;radix-:rr:-trigger-funding&quot;
              role=&quot;tab&quot;
              tabindex=&quot;-1&quot;
              type=&quot;button&quot;
            &gt;
              펀딩관리
            &lt;/button&gt;
            &lt;button
              aria-controls=&quot;radix-:rr:-content-community&quot;
              aria-selected=&quot;false&quot;
              class=&quot;inline-flex items-center justify-center whitespace-nowrap rounded-sm px-3 py-1.5 text-sm font-medium ring-offset-background transition-all focus-visible:outline-none focus-visible:ring-2 focus-visible:ring-ring focus-visible:ring-offset-2 disabled:pointer-events-none disabled:opacity-50 data-[state=active]:bg-background data-[state=active]:text-foreground data-[state=active]:shadow-sm&quot;
              data-orientation=&quot;horizontal&quot;
              data-radix-collection-item=&quot;&quot;
              data-state=&quot;inactive&quot;
              id=&quot;radix-:rr:-trigger-community&quot;
              role=&quot;tab&quot;
              tabindex=&quot;-1&quot;
              type=&quot;button&quot;
            &gt;
              커뮤니티
            &lt;/button&gt;
            &lt;button
              aria-controls=&quot;radix-:rr:-content-artworks&quot;
              aria-selected=&quot;false&quot;
              class=&quot;inline-flex items-center justify-center whitespace-nowrap rounded-sm px-3 py-1.5 text-sm font-medium ring-offset-background transition-all focus-visible:outline-none focus-visible:ring-2 focus-visible:ring-ring focus-visible:ring-offset-2 disabled:pointer-events-none disabled:opacity-50 data-[state=active]:bg-background data-[state=active]:text-foreground data-[state=active]:shadow-sm&quot;
              data-orientation=&quot;horizontal&quot;
              data-radix-collection-item=&quot;&quot;
              data-state=&quot;inactive&quot;
              id=&quot;radix-:rr:-trigger-artworks&quot;
              role=&quot;tab&quot;
              tabindex=&quot;-1&quot;
              type=&quot;button&quot;
            &gt;
              작품관리
            &lt;/button&gt;
            &lt;button
              aria-controls=&quot;radix-:rr:-content-finance&quot;
              aria-selected=&quot;false&quot;
              class=&quot;inline-flex items-center justify-center whitespace-nowrap rounded-sm px-3 py-1.5 text-sm font-medium ring-offset-background transition-all focus-visible:outline-none focus-visible:ring-2 focus-visible:ring-ring focus-visible:ring-offset-2 disabled:pointer-events-none disabled:opacity-50 data-[state=active]:bg-background data-[state=active...
    at toHaveAttribute (C:\Users\xx005\Downloads\Collaboreum MVP Platform\src\features\admin\components\__tests__\AdminDashboard.test.tsx:273:57)
    at runWithExpensiveErrorDiagnosticsDisabled (C:\Users\xx005\Downloads\Collaboreum MVP Platform\node_modules\@testing-library\dom\dist\config.js:47:12)
    at checkCallback (C:\Users\xx005\Downloads\Collaboreum MVP Platform\node_modules\@testing-library\dom\dist\wait-for.js:124:77)
    at checkRealTimersCallback (C:\Users\xx005\Downloads\Collaboreum MVP Platform\node_modules\@testing-library\dom\dist\wait-for.js:118:16)
    at Timeout.task [as _onTimeout] (C:\Users\xx005\Downloads\Collaboreum MVP Platform\node_modules\jsdom\lib\jsdom\browser\Window.js:579:19)
    at listOnTimeout (node:internal/timers:588:17)
    at processTimers (node:internal/timers:523:7)</failure>
    </testcase>
    <testcase classname="AdminDashboard 컴포넌트 테스트 펀딩관리 탭을 클릭하면 해당 섹션이 표시된다" name="AdminDashboard 컴포넌트 테스트 펀딩관리 탭을 클릭하면 해당 섹션이 표시된다" time="1.053">
      <failure>Error: expect(element).toHaveAttribute(&quot;data-state&quot;, &quot;active&quot;) // element.getAttribute(&quot;data-state&quot;) === &quot;active&quot;

Expected the element to have attribute:
  data-state=&quot;active&quot;
Received:
  data-state=&quot;inactive&quot;

Ignored nodes: comments, script, style
&lt;html&gt;
  &lt;head /&gt;
  &lt;body&gt;
    &lt;div&gt;
      &lt;div
        data-testid=&quot;admin-layout&quot;
      &gt;
        &lt;div
          data-testid=&quot;admin-title&quot;
        &gt;
          관리자 대시보드
        &lt;/div&gt;
        &lt;button
          data-testid=&quot;back-button&quot;
        &gt;
          뒤로가기
        &lt;/button&gt;
        &lt;div
          class=&quot;space-y-6&quot;
          data-orientation=&quot;horizontal&quot;
          dir=&quot;ltr&quot;
        &gt;
          &lt;div
            aria-orientation=&quot;horizontal&quot;
            class=&quot;h-10 items-center justify-center rounded-md bg-muted p-1 text-muted-foreground grid w-full grid-cols-8&quot;
            data-orientation=&quot;horizontal&quot;
            role=&quot;tablist&quot;
            style=&quot;outline: none;&quot;
            tabindex=&quot;0&quot;
          &gt;
            &lt;button
              aria-controls=&quot;radix-:r14:-content-overview&quot;
              aria-selected=&quot;true&quot;
              class=&quot;inline-flex items-center justify-center whitespace-nowrap rounded-sm px-3 py-1.5 text-sm font-medium ring-offset-background transition-all focus-visible:outline-none focus-visible:ring-2 focus-visible:ring-ring focus-visible:ring-offset-2 disabled:pointer-events-none disabled:opacity-50 data-[state=active]:bg-background data-[state=active]:text-foreground data-[state=active]:shadow-sm&quot;
              data-orientation=&quot;horizontal&quot;
              data-radix-collection-item=&quot;&quot;
              data-state=&quot;active&quot;
              id=&quot;radix-:r14:-trigger-overview&quot;
              role=&quot;tab&quot;
              tabindex=&quot;-1&quot;
              type=&quot;button&quot;
            &gt;
              개요
            &lt;/button&gt;
            &lt;button
              aria-controls=&quot;radix-:r14:-content-users&quot;
              aria-selected=&quot;false&quot;
              class=&quot;inline-flex items-center justify-center whitespace-nowrap rounded-sm px-3 py-1.5 text-sm font-medium ring-offset-background transition-all focus-visible:outline-none focus-visible:ring-2 focus-visible:ring-ring focus-visible:ring-offset-2 disabled:pointer-events-none disabled:opacity-50 data-[state=active]:bg-background data-[state=active]:text-foreground data-[state=active]:shadow-sm&quot;
              data-orientation=&quot;horizontal&quot;
              data-radix-collection-item=&quot;&quot;
              data-state=&quot;inactive&quot;
              id=&quot;radix-:r14:-trigger-users&quot;
              role=&quot;tab&quot;
              tabindex=&quot;-1&quot;
              type=&quot;button&quot;
            &gt;
              회원관리
            &lt;/button&gt;
            &lt;button
              aria-controls=&quot;radix-:r14:-content-funding&quot;
              aria-selected=&quot;false&quot;
              class=&quot;inline-flex items-center justify-center whitespace-nowrap rounded-sm px-3 py-1.5 text-sm font-medium ring-offset-background transition-all focus-visible:outline-none focus-visible:ring-2 focus-visible:ring-ring focus-visible:ring-offset-2 disabled:pointer-events-none disabled:opacity-50 data-[state=active]:bg-background data-[state=active]:text-foreground data-[state=active]:shadow-sm&quot;
              data-orientation=&quot;horizontal&quot;
              data-radix-collection-item=&quot;&quot;
              data-state=&quot;inactive&quot;
              id=&quot;radix-:r14:-trigger-funding&quot;
              role=&quot;tab&quot;
              tabindex=&quot;-1&quot;
              type=&quot;button&quot;
            &gt;
              펀딩관리
            &lt;/button&gt;
            &lt;button
              aria-controls=&quot;radix-:r14:-content-community&quot;
              aria-selected=&quot;false&quot;
              class=&quot;inline-flex items-center justify-center whitespace-nowrap rounded-sm px-3 py-1.5 text-sm font-medium ring-offset-background transition-all focus-visible:outline-none focus-visible:ring-2 focus-visible:ring-ring focus-visible:ring-offset-2 disabled:pointer-events-none disabled:opacity-50 data-[state=active]:bg-background data-[state=active]:text-foreground data-[state=active]:shadow-sm&quot;
              data-orientation=&quot;horizontal&quot;
              data-radix-collection-item=&quot;&quot;
              data-state=&quot;inactive&quot;
              id=&quot;radix-:r14:-trigger-community&quot;
              role=&quot;tab&quot;
              tabindex=&quot;-1&quot;
              type=&quot;button&quot;
            &gt;
              커뮤니티
            &lt;/button&gt;
            &lt;button
              aria-controls=&quot;radix-:r14:-content-artworks&quot;
              aria-selected=&quot;false&quot;
              class=&quot;inline-flex items-center justify-center whitespace-nowrap rounded-sm px-3 py-1.5 text-sm font-medium ring-offset-background transition-all focus-visible:outline-none focus-visible:ring-2 focus-visible:ring-ring focus-visible:ring-offset-2 disabled:pointer-events-none disabled:opacity-50 data-[state=active]:bg-background data-[state=active]:text-foreground data-[state=active]:shadow-sm&quot;
              data-orientation=&quot;horizontal&quot;
              data-radix-collection-item=&quot;&quot;
              data-state=&quot;inactive&quot;
              id=&quot;radix-:r14:-trigger-artworks&quot;
              role=&quot;tab&quot;
              tabindex=&quot;-1&quot;
              type=&quot;button&quot;
            &gt;
              작품관리
            &lt;/button&gt;
            &lt;button
              aria-controls=&quot;radix-:r14:-content-finance&quot;
              aria-selected=&quot;false&quot;
              class=&quot;inline-flex items-center justify-center whitespace-nowrap rounded-sm px-3 py-1.5 text-sm font-medium ring-offset-background transition-all focus-visible:outline-none focus-visible:ring-2 focus-visible:ring-ring focus-visible:ring-offset-2 disabled:pointer-events-none disabled:opacity-50 data-[state=active]:bg-background data-[s...
    at toHaveAttribute (C:\Users\xx005\Downloads\Collaboreum MVP Platform\src\features\admin\components\__tests__\AdminDashboard.test.tsx:291:57)
    at runWithExpensiveErrorDiagnosticsDisabled (C:\Users\xx005\Downloads\Collaboreum MVP Platform\node_modules\@testing-library\dom\dist\config.js:47:12)
    at checkCallback (C:\Users\xx005\Downloads\Collaboreum MVP Platform\node_modules\@testing-library\dom\dist\wait-for.js:124:77)
    at checkRealTimersCallback (C:\Users\xx005\Downloads\Collaboreum MVP Platform\node_modules\@testing-library\dom\dist\wait-for.js:118:16)
    at Timeout.task [as _onTimeout] (C:\Users\xx005\Downloads\Collaboreum MVP Platform\node_modules\jsdom\lib\jsdom\browser\Window.js:579:19)
    at listOnTimeout (node:internal/timers:588:17)
    at processTimers (node:internal/timers:523:7)</failure>
    </testcase>
    <testcase classname="AdminDashboard 컴포넌트 테스트 커뮤니티 탭을 클릭하면 해당 섹션이 표시된다" name="AdminDashboard 컴포넌트 테스트 커뮤니티 탭을 클릭하면 해당 섹션이 표시된다" time="1.049">
      <failure>Error: expect(element).toHaveAttribute(&quot;data-state&quot;, &quot;active&quot;) // element.getAttribute(&quot;data-state&quot;) === &quot;active&quot;

Expected the element to have attribute:
  data-state=&quot;active&quot;
Received:
  data-state=&quot;inactive&quot;

Ignored nodes: comments, script, style
&lt;html&gt;
  &lt;head /&gt;
  &lt;body&gt;
    &lt;div&gt;
      &lt;div
        data-testid=&quot;admin-layout&quot;
      &gt;
        &lt;div
          data-testid=&quot;admin-title&quot;
        &gt;
          관리자 대시보드
        &lt;/div&gt;
        &lt;button
          data-testid=&quot;back-button&quot;
        &gt;
          뒤로가기
        &lt;/button&gt;
        &lt;div
          class=&quot;space-y-6&quot;
          data-orientation=&quot;horizontal&quot;
          dir=&quot;ltr&quot;
        &gt;
          &lt;div
            aria-orientation=&quot;horizontal&quot;
            class=&quot;h-10 items-center justify-center rounded-md bg-muted p-1 text-muted-foreground grid w-full grid-cols-8&quot;
            data-orientation=&quot;horizontal&quot;
            role=&quot;tablist&quot;
            style=&quot;outline: none;&quot;
            tabindex=&quot;0&quot;
          &gt;
            &lt;button
              aria-controls=&quot;radix-:r1d:-content-overview&quot;
              aria-selected=&quot;true&quot;
              class=&quot;inline-flex items-center justify-center whitespace-nowrap rounded-sm px-3 py-1.5 text-sm font-medium ring-offset-background transition-all focus-visible:outline-none focus-visible:ring-2 focus-visible:ring-ring focus-visible:ring-offset-2 disabled:pointer-events-none disabled:opacity-50 data-[state=active]:bg-background data-[state=active]:text-foreground data-[state=active]:shadow-sm&quot;
              data-orientation=&quot;horizontal&quot;
              data-radix-collection-item=&quot;&quot;
              data-state=&quot;active&quot;
              id=&quot;radix-:r1d:-trigger-overview&quot;
              role=&quot;tab&quot;
              tabindex=&quot;-1&quot;
              type=&quot;button&quot;
            &gt;
              개요
            &lt;/button&gt;
            &lt;button
              aria-controls=&quot;radix-:r1d:-content-users&quot;
              aria-selected=&quot;false&quot;
              class=&quot;inline-flex items-center justify-center whitespace-nowrap rounded-sm px-3 py-1.5 text-sm font-medium ring-offset-background transition-all focus-visible:outline-none focus-visible:ring-2 focus-visible:ring-ring focus-visible:ring-offset-2 disabled:pointer-events-none disabled:opacity-50 data-[state=active]:bg-background data-[state=active]:text-foreground data-[state=active]:shadow-sm&quot;
              data-orientation=&quot;horizontal&quot;
              data-radix-collection-item=&quot;&quot;
              data-state=&quot;inactive&quot;
              id=&quot;radix-:r1d:-trigger-users&quot;
              role=&quot;tab&quot;
              tabindex=&quot;-1&quot;
              type=&quot;button&quot;
            &gt;
              회원관리
            &lt;/button&gt;
            &lt;button
              aria-controls=&quot;radix-:r1d:-content-funding&quot;
              aria-selected=&quot;false&quot;
              class=&quot;inline-flex items-center justify-center whitespace-nowrap rounded-sm px-3 py-1.5 text-sm font-medium ring-offset-background transition-all focus-visible:outline-none focus-visible:ring-2 focus-visible:ring-ring focus-visible:ring-offset-2 disabled:pointer-events-none disabled:opacity-50 data-[state=active]:bg-background data-[state=active]:text-foreground data-[state=active]:shadow-sm&quot;
              data-orientation=&quot;horizontal&quot;
              data-radix-collection-item=&quot;&quot;
              data-state=&quot;inactive&quot;
              id=&quot;radix-:r1d:-trigger-funding&quot;
              role=&quot;tab&quot;
              tabindex=&quot;-1&quot;
              type=&quot;button&quot;
            &gt;
              펀딩관리
            &lt;/button&gt;
            &lt;button
              aria-controls=&quot;radix-:r1d:-content-community&quot;
              aria-selected=&quot;false&quot;
              class=&quot;inline-flex items-center justify-center whitespace-nowrap rounded-sm px-3 py-1.5 text-sm font-medium ring-offset-background transition-all focus-visible:outline-none focus-visible:ring-2 focus-visible:ring-ring focus-visible:ring-offset-2 disabled:pointer-events-none disabled:opacity-50 data-[state=active]:bg-background data-[state=active]:text-foreground data-[state=active]:shadow-sm&quot;
              data-orientation=&quot;horizontal&quot;
              data-radix-collection-item=&quot;&quot;
              data-state=&quot;inactive&quot;
              id=&quot;radix-:r1d:-trigger-community&quot;
              role=&quot;tab&quot;
              tabindex=&quot;-1&quot;
              type=&quot;button&quot;
            &gt;
              커뮤니티
            &lt;/button&gt;
            &lt;button
              aria-controls=&quot;radix-:r1d:-content-artworks&quot;
              aria-selected=&quot;false&quot;
              class=&quot;inline-flex items-center justify-center whitespace-nowrap rounded-sm px-3 py-1.5 text-sm font-medium ring-offset-background transition-all focus-visible:outline-none focus-visible:ring-2 focus-visible:ring-ring focus-visible:ring-offset-2 disabled:pointer-events-none disabled:opacity-50 data-[state=active]:bg-background data-[state=active]:text-foreground data-[state=active]:shadow-sm&quot;
              data-orientation=&quot;horizontal&quot;
              data-radix-collection-item=&quot;&quot;
              data-state=&quot;inactive&quot;
              id=&quot;radix-:r1d:-trigger-artworks&quot;
              role=&quot;tab&quot;
              tabindex=&quot;-1&quot;
              type=&quot;button&quot;
            &gt;
              작품관리
            &lt;/button&gt;
            &lt;button
              aria-controls=&quot;radix-:r1d:-content-finance&quot;
              aria-selected=&quot;false&quot;
              class=&quot;inline-flex items-center justify-center whitespace-nowrap rounded-sm px-3 py-1.5 text-sm font-medium ring-offset-background transition-all focus-visible:outline-none focus-visible:ring-2 focus-visible:ring-ring focus-visible:ring-offset-2 disabled:pointer-events-none disabled:opacity-50 data-[state=active]:bg-background data-[s...
    at toHaveAttribute (C:\Users\xx005\Downloads\Collaboreum MVP Platform\src\features\admin\components\__tests__\AdminDashboard.test.tsx:311:57)
    at runWithExpensiveErrorDiagnosticsDisabled (C:\Users\xx005\Downloads\Collaboreum MVP Platform\node_modules\@testing-library\dom\dist\config.js:47:12)
    at checkCallback (C:\Users\xx005\Downloads\Collaboreum MVP Platform\node_modules\@testing-library\dom\dist\wait-for.js:124:77)
    at checkRealTimersCallback (C:\Users\xx005\Downloads\Collaboreum MVP Platform\node_modules\@testing-library\dom\dist\wait-for.js:118:16)
    at Timeout.task [as _onTimeout] (C:\Users\xx005\Downloads\Collaboreum MVP Platform\node_modules\jsdom\lib\jsdom\browser\Window.js:579:19)
    at listOnTimeout (node:internal/timers:588:17)
    at processTimers (node:internal/timers:523:7)</failure>
    </testcase>
    <testcase classname="AdminDashboard 컴포넌트 테스트 작품관리 탭을 클릭하면 해당 섹션이 표시된다" name="AdminDashboard 컴포넌트 테스트 작품관리 탭을 클릭하면 해당 섹션이 표시된다" time="1.05">
      <failure>Error: expect(element).toHaveAttribute(&quot;data-state&quot;, &quot;active&quot;) // element.getAttribute(&quot;data-state&quot;) === &quot;active&quot;

Expected the element to have attribute:
  data-state=&quot;active&quot;
Received:
  data-state=&quot;inactive&quot;

Ignored nodes: comments, script, style
&lt;html&gt;
  &lt;head /&gt;
  &lt;body&gt;
    &lt;div&gt;
      &lt;div
        data-testid=&quot;admin-layout&quot;
      &gt;
        &lt;div
          data-testid=&quot;admin-title&quot;
        &gt;
          관리자 대시보드
        &lt;/div&gt;
        &lt;button
          data-testid=&quot;back-button&quot;
        &gt;
          뒤로가기
        &lt;/button&gt;
        &lt;div
          class=&quot;space-y-6&quot;
          data-orientation=&quot;horizontal&quot;
          dir=&quot;ltr&quot;
        &gt;
          &lt;div
            aria-orientation=&quot;horizontal&quot;
            class=&quot;h-10 items-center justify-center rounded-md bg-muted p-1 text-muted-foreground grid w-full grid-cols-8&quot;
            data-orientation=&quot;horizontal&quot;
            role=&quot;tablist&quot;
            style=&quot;outline: none;&quot;
            tabindex=&quot;0&quot;
          &gt;
            &lt;button
              aria-controls=&quot;radix-:r1m:-content-overview&quot;
              aria-selected=&quot;true&quot;
              class=&quot;inline-flex items-center justify-center whitespace-nowrap rounded-sm px-3 py-1.5 text-sm font-medium ring-offset-background transition-all focus-visible:outline-none focus-visible:ring-2 focus-visible:ring-ring focus-visible:ring-offset-2 disabled:pointer-events-none disabled:opacity-50 data-[state=active]:bg-background data-[state=active]:text-foreground data-[state=active]:shadow-sm&quot;
              data-orientation=&quot;horizontal&quot;
              data-radix-collection-item=&quot;&quot;
              data-state=&quot;active&quot;
              id=&quot;radix-:r1m:-trigger-overview&quot;
              role=&quot;tab&quot;
              tabindex=&quot;-1&quot;
              type=&quot;button&quot;
            &gt;
              개요
            &lt;/button&gt;
            &lt;button
              aria-controls=&quot;radix-:r1m:-content-users&quot;
              aria-selected=&quot;false&quot;
              class=&quot;inline-flex items-center justify-center whitespace-nowrap rounded-sm px-3 py-1.5 text-sm font-medium ring-offset-background transition-all focus-visible:outline-none focus-visible:ring-2 focus-visible:ring-ring focus-visible:ring-offset-2 disabled:pointer-events-none disabled:opacity-50 data-[state=active]:bg-background data-[state=active]:text-foreground data-[state=active]:shadow-sm&quot;
              data-orientation=&quot;horizontal&quot;
              data-radix-collection-item=&quot;&quot;
              data-state=&quot;inactive&quot;
              id=&quot;radix-:r1m:-trigger-users&quot;
              role=&quot;tab&quot;
              tabindex=&quot;-1&quot;
              type=&quot;button&quot;
            &gt;
              회원관리
            &lt;/button&gt;
            &lt;button
              aria-controls=&quot;radix-:r1m:-content-funding&quot;
              aria-selected=&quot;false&quot;
              class=&quot;inline-flex items-center justify-center whitespace-nowrap rounded-sm px-3 py-1.5 text-sm font-medium ring-offset-background transition-all focus-visible:outline-none focus-visible:ring-2 focus-visible:ring-ring focus-visible:ring-offset-2 disabled:pointer-events-none disabled:opacity-50 data-[state=active]:bg-background data-[state=active]:text-foreground data-[state=active]:shadow-sm&quot;
              data-orientation=&quot;horizontal&quot;
              data-radix-collection-item=&quot;&quot;
              data-state=&quot;inactive&quot;
              id=&quot;radix-:r1m:-trigger-funding&quot;
              role=&quot;tab&quot;
              tabindex=&quot;-1&quot;
              type=&quot;button&quot;
            &gt;
              펀딩관리
            &lt;/button&gt;
            &lt;button
              aria-controls=&quot;radix-:r1m:-content-community&quot;
              aria-selected=&quot;false&quot;
              class=&quot;inline-flex items-center justify-center whitespace-nowrap rounded-sm px-3 py-1.5 text-sm font-medium ring-offset-background transition-all focus-visible:outline-none focus-visible:ring-2 focus-visible:ring-ring focus-visible:ring-offset-2 disabled:pointer-events-none disabled:opacity-50 data-[state=active]:bg-background data-[state=active]:text-foreground data-[state=active]:shadow-sm&quot;
              data-orientation=&quot;horizontal&quot;
              data-radix-collection-item=&quot;&quot;
              data-state=&quot;inactive&quot;
              id=&quot;radix-:r1m:-trigger-community&quot;
              role=&quot;tab&quot;
              tabindex=&quot;-1&quot;
              type=&quot;button&quot;
            &gt;
              커뮤니티
            &lt;/button&gt;
            &lt;button
              aria-controls=&quot;radix-:r1m:-content-artworks&quot;
              aria-selected=&quot;false&quot;
              class=&quot;inline-flex items-center justify-center whitespace-nowrap rounded-sm px-3 py-1.5 text-sm font-medium ring-offset-background transition-all focus-visible:outline-none focus-visible:ring-2 focus-visible:ring-ring focus-visible:ring-offset-2 disabled:pointer-events-none disabled:opacity-50 data-[state=active]:bg-background data-[state=active]:text-foreground data-[state=active]:shadow-sm&quot;
              data-orientation=&quot;horizontal&quot;
              data-radix-collection-item=&quot;&quot;
              data-state=&quot;inactive&quot;
              id=&quot;radix-:r1m:-trigger-artworks&quot;
              role=&quot;tab&quot;
              tabindex=&quot;-1&quot;
              type=&quot;button&quot;
            &gt;
              작품관리
            &lt;/button&gt;
            &lt;button
              aria-controls=&quot;radix-:r1m:-content-finance&quot;
              aria-selected=&quot;false&quot;
              class=&quot;inline-flex items-center justify-center whitespace-nowrap rounded-sm px-3 py-1.5 text-sm font-medium ring-offset-background transition-all focus-visible:outline-none focus-visible:ring-2 focus-visible:ring-ring focus-visible:ring-offset-2 disabled:pointer-events-none disabled:opacity-50 data-[state=active]:bg-background data-[s...
    at toHaveAttribute (C:\Users\xx005\Downloads\Collaboreum MVP Platform\src\features\admin\components\__tests__\AdminDashboard.test.tsx:328:57)
    at runWithExpensiveErrorDiagnosticsDisabled (C:\Users\xx005\Downloads\Collaboreum MVP Platform\node_modules\@testing-library\dom\dist\config.js:47:12)
    at checkCallback (C:\Users\xx005\Downloads\Collaboreum MVP Platform\node_modules\@testing-library\dom\dist\wait-for.js:124:77)
    at checkRealTimersCallback (C:\Users\xx005\Downloads\Collaboreum MVP Platform\node_modules\@testing-library\dom\dist\wait-for.js:118:16)
    at Timeout.task [as _onTimeout] (C:\Users\xx005\Downloads\Collaboreum MVP Platform\node_modules\jsdom\lib\jsdom\browser\Window.js:579:19)
    at listOnTimeout (node:internal/timers:588:17)
    at processTimers (node:internal/timers:523:7)</failure>
    </testcase>
    <testcase classname="AdminDashboard 컴포넌트 테스트 재정관리 탭을 클릭하면 해당 섹션이 표시된다" name="AdminDashboard 컴포넌트 테스트 재정관리 탭을 클릭하면 해당 섹션이 표시된다" time="1.049">
      <failure>Error: expect(element).toHaveAttribute(&quot;data-state&quot;, &quot;active&quot;) // element.getAttribute(&quot;data-state&quot;) === &quot;active&quot;

Expected the element to have attribute:
  data-state=&quot;active&quot;
Received:
  data-state=&quot;inactive&quot;

Ignored nodes: comments, script, style
&lt;html&gt;
  &lt;head /&gt;
  &lt;body&gt;
    &lt;div&gt;
      &lt;div
        data-testid=&quot;admin-layout&quot;
      &gt;
        &lt;div
          data-testid=&quot;admin-title&quot;
        &gt;
          관리자 대시보드
        &lt;/div&gt;
        &lt;button
          data-testid=&quot;back-button&quot;
        &gt;
          뒤로가기
        &lt;/button&gt;
        &lt;div
          class=&quot;space-y-6&quot;
          data-orientation=&quot;horizontal&quot;
          dir=&quot;ltr&quot;
        &gt;
          &lt;div
            aria-orientation=&quot;horizontal&quot;
            class=&quot;h-10 items-center justify-center rounded-md bg-muted p-1 text-muted-foreground grid w-full grid-cols-8&quot;
            data-orientation=&quot;horizontal&quot;
            role=&quot;tablist&quot;
            style=&quot;outline: none;&quot;
            tabindex=&quot;0&quot;
          &gt;
            &lt;button
              aria-controls=&quot;radix-:r1v:-content-overview&quot;
              aria-selected=&quot;true&quot;
              class=&quot;inline-flex items-center justify-center whitespace-nowrap rounded-sm px-3 py-1.5 text-sm font-medium ring-offset-background transition-all focus-visible:outline-none focus-visible:ring-2 focus-visible:ring-ring focus-visible:ring-offset-2 disabled:pointer-events-none disabled:opacity-50 data-[state=active]:bg-background data-[state=active]:text-foreground data-[state=active]:shadow-sm&quot;
              data-orientation=&quot;horizontal&quot;
              data-radix-collection-item=&quot;&quot;
              data-state=&quot;active&quot;
              id=&quot;radix-:r1v:-trigger-overview&quot;
              role=&quot;tab&quot;
              tabindex=&quot;-1&quot;
              type=&quot;button&quot;
            &gt;
              개요
            &lt;/button&gt;
            &lt;button
              aria-controls=&quot;radix-:r1v:-content-users&quot;
              aria-selected=&quot;false&quot;
              class=&quot;inline-flex items-center justify-center whitespace-nowrap rounded-sm px-3 py-1.5 text-sm font-medium ring-offset-background transition-all focus-visible:outline-none focus-visible:ring-2 focus-visible:ring-ring focus-visible:ring-offset-2 disabled:pointer-events-none disabled:opacity-50 data-[state=active]:bg-background data-[state=active]:text-foreground data-[state=active]:shadow-sm&quot;
              data-orientation=&quot;horizontal&quot;
              data-radix-collection-item=&quot;&quot;
              data-state=&quot;inactive&quot;
              id=&quot;radix-:r1v:-trigger-users&quot;
              role=&quot;tab&quot;
              tabindex=&quot;-1&quot;
              type=&quot;button&quot;
            &gt;
              회원관리
            &lt;/button&gt;
            &lt;button
              aria-controls=&quot;radix-:r1v:-content-funding&quot;
              aria-selected=&quot;false&quot;
              class=&quot;inline-flex items-center justify-center whitespace-nowrap rounded-sm px-3 py-1.5 text-sm font-medium ring-offset-background transition-all focus-visible:outline-none focus-visible:ring-2 focus-visible:ring-ring focus-visible:ring-offset-2 disabled:pointer-events-none disabled:opacity-50 data-[state=active]:bg-background data-[state=active]:text-foreground data-[state=active]:shadow-sm&quot;
              data-orientation=&quot;horizontal&quot;
              data-radix-collection-item=&quot;&quot;
              data-state=&quot;inactive&quot;
              id=&quot;radix-:r1v:-trigger-funding&quot;
              role=&quot;tab&quot;
              tabindex=&quot;-1&quot;
              type=&quot;button&quot;
            &gt;
              펀딩관리
            &lt;/button&gt;
            &lt;button
              aria-controls=&quot;radix-:r1v:-content-community&quot;
              aria-selected=&quot;false&quot;
              class=&quot;inline-flex items-center justify-center whitespace-nowrap rounded-sm px-3 py-1.5 text-sm font-medium ring-offset-background transition-all focus-visible:outline-none focus-visible:ring-2 focus-visible:ring-ring focus-visible:ring-offset-2 disabled:pointer-events-none disabled:opacity-50 data-[state=active]:bg-background data-[state=active]:text-foreground data-[state=active]:shadow-sm&quot;
              data-orientation=&quot;horizontal&quot;
              data-radix-collection-item=&quot;&quot;
              data-state=&quot;inactive&quot;
              id=&quot;radix-:r1v:-trigger-community&quot;
              role=&quot;tab&quot;
              tabindex=&quot;-1&quot;
              type=&quot;button&quot;
            &gt;
              커뮤니티
            &lt;/button&gt;
            &lt;button
              aria-controls=&quot;radix-:r1v:-content-artworks&quot;
              aria-selected=&quot;false&quot;
              class=&quot;inline-flex items-center justify-center whitespace-nowrap rounded-sm px-3 py-1.5 text-sm font-medium ring-offset-background transition-all focus-visible:outline-none focus-visible:ring-2 focus-visible:ring-ring focus-visible:ring-offset-2 disabled:pointer-events-none disabled:opacity-50 data-[state=active]:bg-background data-[state=active]:text-foreground data-[state=active]:shadow-sm&quot;
              data-orientation=&quot;horizontal&quot;
              data-radix-collection-item=&quot;&quot;
              data-state=&quot;inactive&quot;
              id=&quot;radix-:r1v:-trigger-artworks&quot;
              role=&quot;tab&quot;
              tabindex=&quot;-1&quot;
              type=&quot;button&quot;
            &gt;
              작품관리
            &lt;/button&gt;
            &lt;button
              aria-controls=&quot;radix-:r1v:-content-finance&quot;
              aria-selected=&quot;false&quot;
              class=&quot;inline-flex items-center justify-center whitespace-nowrap rounded-sm px-3 py-1.5 text-sm font-medium ring-offset-background transition-all focus-visible:outline-none focus-visible:ring-2 focus-visible:ring-ring focus-visible:ring-offset-2 disabled:pointer-events-none disabled:opacity-50 data-[state=active]:bg-background data-[s...
    at toHaveAttribute (C:\Users\xx005\Downloads\Collaboreum MVP Platform\src\features\admin\components\__tests__\AdminDashboard.test.tsx:345:57)
    at runWithExpensiveErrorDiagnosticsDisabled (C:\Users\xx005\Downloads\Collaboreum MVP Platform\node_modules\@testing-library\dom\dist\config.js:47:12)
    at checkCallback (C:\Users\xx005\Downloads\Collaboreum MVP Platform\node_modules\@testing-library\dom\dist\wait-for.js:124:77)
    at checkRealTimersCallback (C:\Users\xx005\Downloads\Collaboreum MVP Platform\node_modules\@testing-library\dom\dist\wait-for.js:118:16)
    at Timeout.task [as _onTimeout] (C:\Users\xx005\Downloads\Collaboreum MVP Platform\node_modules\jsdom\lib\jsdom\browser\Window.js:579:19)
    at listOnTimeout (node:internal/timers:588:17)
    at processTimers (node:internal/timers:523:7)</failure>
    </testcase>
    <testcase classname="AdminDashboard 컴포넌트 테스트 신고관리 탭을 클릭하면 해당 섹션이 표시된다" name="AdminDashboard 컴포넌트 테스트 신고관리 탭을 클릭하면 해당 섹션이 표시된다" time="1.034">
      <failure>Error: expect(element).toHaveAttribute(&quot;data-state&quot;, &quot;active&quot;) // element.getAttribute(&quot;data-state&quot;) === &quot;active&quot;

Expected the element to have attribute:
  data-state=&quot;active&quot;
Received:
  data-state=&quot;inactive&quot;

Ignored nodes: comments, script, style
&lt;html&gt;
  &lt;head /&gt;
  &lt;body&gt;
    &lt;div&gt;
      &lt;div
        data-testid=&quot;admin-layout&quot;
      &gt;
        &lt;div
          data-testid=&quot;admin-title&quot;
        &gt;
          관리자 대시보드
        &lt;/div&gt;
        &lt;button
          data-testid=&quot;back-button&quot;
        &gt;
          뒤로가기
        &lt;/button&gt;
        &lt;div
          class=&quot;space-y-6&quot;
          data-orientation=&quot;horizontal&quot;
          dir=&quot;ltr&quot;
        &gt;
          &lt;div
            aria-orientation=&quot;horizontal&quot;
            class=&quot;h-10 items-center justify-center rounded-md bg-muted p-1 text-muted-foreground grid w-full grid-cols-8&quot;
            data-orientation=&quot;horizontal&quot;
            role=&quot;tablist&quot;
            style=&quot;outline: none;&quot;
            tabindex=&quot;0&quot;
          &gt;
            &lt;button
              aria-controls=&quot;radix-:r28:-content-overview&quot;
              aria-selected=&quot;true&quot;
              class=&quot;inline-flex items-center justify-center whitespace-nowrap rounded-sm px-3 py-1.5 text-sm font-medium ring-offset-background transition-all focus-visible:outline-none focus-visible:ring-2 focus-visible:ring-ring focus-visible:ring-offset-2 disabled:pointer-events-none disabled:opacity-50 data-[state=active]:bg-background data-[state=active]:text-foreground data-[state=active]:shadow-sm&quot;
              data-orientation=&quot;horizontal&quot;
              data-radix-collection-item=&quot;&quot;
              data-state=&quot;active&quot;
              id=&quot;radix-:r28:-trigger-overview&quot;
              role=&quot;tab&quot;
              tabindex=&quot;-1&quot;
              type=&quot;button&quot;
            &gt;
              개요
            &lt;/button&gt;
            &lt;button
              aria-controls=&quot;radix-:r28:-content-users&quot;
              aria-selected=&quot;false&quot;
              class=&quot;inline-flex items-center justify-center whitespace-nowrap rounded-sm px-3 py-1.5 text-sm font-medium ring-offset-background transition-all focus-visible:outline-none focus-visible:ring-2 focus-visible:ring-ring focus-visible:ring-offset-2 disabled:pointer-events-none disabled:opacity-50 data-[state=active]:bg-background data-[state=active]:text-foreground data-[state=active]:shadow-sm&quot;
              data-orientation=&quot;horizontal&quot;
              data-radix-collection-item=&quot;&quot;
              data-state=&quot;inactive&quot;
              id=&quot;radix-:r28:-trigger-users&quot;
              role=&quot;tab&quot;
              tabindex=&quot;-1&quot;
              type=&quot;button&quot;
            &gt;
              회원관리
            &lt;/button&gt;
            &lt;button
              aria-controls=&quot;radix-:r28:-content-funding&quot;
              aria-selected=&quot;false&quot;
              class=&quot;inline-flex items-center justify-center whitespace-nowrap rounded-sm px-3 py-1.5 text-sm font-medium ring-offset-background transition-all focus-visible:outline-none focus-visible:ring-2 focus-visible:ring-ring focus-visible:ring-offset-2 disabled:pointer-events-none disabled:opacity-50 data-[state=active]:bg-background data-[state=active]:text-foreground data-[state=active]:shadow-sm&quot;
              data-orientation=&quot;horizontal&quot;
              data-radix-collection-item=&quot;&quot;
              data-state=&quot;inactive&quot;
              id=&quot;radix-:r28:-trigger-funding&quot;
              role=&quot;tab&quot;
              tabindex=&quot;-1&quot;
              type=&quot;button&quot;
            &gt;
              펀딩관리
            &lt;/button&gt;
            &lt;button
              aria-controls=&quot;radix-:r28:-content-community&quot;
              aria-selected=&quot;false&quot;
              class=&quot;inline-flex items-center justify-center whitespace-nowrap rounded-sm px-3 py-1.5 text-sm font-medium ring-offset-background transition-all focus-visible:outline-none focus-visible:ring-2 focus-visible:ring-ring focus-visible:ring-offset-2 disabled:pointer-events-none disabled:opacity-50 data-[state=active]:bg-background data-[state=active]:text-foreground data-[state=active]:shadow-sm&quot;
              data-orientation=&quot;horizontal&quot;
              data-radix-collection-item=&quot;&quot;
              data-state=&quot;inactive&quot;
              id=&quot;radix-:r28:-trigger-community&quot;
              role=&quot;tab&quot;
              tabindex=&quot;-1&quot;
              type=&quot;button&quot;
            &gt;
              커뮤니티
            &lt;/button&gt;
            &lt;button
              aria-controls=&quot;radix-:r28:-content-artworks&quot;
              aria-selected=&quot;false&quot;
              class=&quot;inline-flex items-center justify-center whitespace-nowrap rounded-sm px-3 py-1.5 text-sm font-medium ring-offset-background transition-all focus-visible:outline-none focus-visible:ring-2 focus-visible:ring-ring focus-visible:ring-offset-2 disabled:pointer-events-none disabled:opacity-50 data-[state=active]:bg-background data-[state=active]:text-foreground data-[state=active]:shadow-sm&quot;
              data-orientation=&quot;horizontal&quot;
              data-radix-collection-item=&quot;&quot;
              data-state=&quot;inactive&quot;
              id=&quot;radix-:r28:-trigger-artworks&quot;
              role=&quot;tab&quot;
              tabindex=&quot;-1&quot;
              type=&quot;button&quot;
            &gt;
              작품관리
            &lt;/button&gt;
            &lt;button
              aria-controls=&quot;radix-:r28:-content-finance&quot;
              aria-selected=&quot;false&quot;
              class=&quot;inline-flex items-center justify-center whitespace-nowrap rounded-sm px-3 py-1.5 text-sm font-medium ring-offset-background transition-all focus-visible:outline-none focus-visible:ring-2 focus-visible:ring-ring focus-visible:ring-offset-2 disabled:pointer-events-none disabled:opacity-50 data-[state=active]:bg-background data-[s...
    at toHaveAttribute (C:\Users\xx005\Downloads\Collaboreum MVP Platform\src\features\admin\components\__tests__\AdminDashboard.test.tsx:362:57)
    at runWithExpensiveErrorDiagnosticsDisabled (C:\Users\xx005\Downloads\Collaboreum MVP Platform\node_modules\@testing-library\dom\dist\config.js:47:12)
    at checkCallback (C:\Users\xx005\Downloads\Collaboreum MVP Platform\node_modules\@testing-library\dom\dist\wait-for.js:124:77)
    at checkRealTimersCallback (C:\Users\xx005\Downloads\Collaboreum MVP Platform\node_modules\@testing-library\dom\dist\wait-for.js:118:16)
    at Timeout.task [as _onTimeout] (C:\Users\xx005\Downloads\Collaboreum MVP Platform\node_modules\jsdom\lib\jsdom\browser\Window.js:579:19)
    at listOnTimeout (node:internal/timers:588:17)
    at processTimers (node:internal/timers:523:7)</failure>
    </testcase>
    <testcase classname="AdminDashboard 컴포넌트 테스트 분석 탭을 클릭하면 해당 섹션이 표시된다" name="AdminDashboard 컴포넌트 테스트 분석 탭을 클릭하면 해당 섹션이 표시된다" time="1.053">
      <failure>Error: expect(element).toHaveAttribute(&quot;data-state&quot;, &quot;active&quot;) // element.getAttribute(&quot;data-state&quot;) === &quot;active&quot;

Expected the element to have attribute:
  data-state=&quot;active&quot;
Received:
  data-state=&quot;inactive&quot;

Ignored nodes: comments, script, style
&lt;html&gt;
  &lt;head /&gt;
  &lt;body&gt;
    &lt;div&gt;
      &lt;div
        data-testid=&quot;admin-layout&quot;
      &gt;
        &lt;div
          data-testid=&quot;admin-title&quot;
        &gt;
          관리자 대시보드
        &lt;/div&gt;
        &lt;button
          data-testid=&quot;back-button&quot;
        &gt;
          뒤로가기
        &lt;/button&gt;
        &lt;div
          class=&quot;space-y-6&quot;
          data-orientation=&quot;horizontal&quot;
          dir=&quot;ltr&quot;
        &gt;
          &lt;div
            aria-orientation=&quot;horizontal&quot;
            class=&quot;h-10 items-center justify-center rounded-md bg-muted p-1 text-muted-foreground grid w-full grid-cols-8&quot;
            data-orientation=&quot;horizontal&quot;
            role=&quot;tablist&quot;
            style=&quot;outline: none;&quot;
            tabindex=&quot;0&quot;
          &gt;
            &lt;button
              aria-controls=&quot;radix-:r2h:-content-overview&quot;
              aria-selected=&quot;true&quot;
              class=&quot;inline-flex items-center justify-center whitespace-nowrap rounded-sm px-3 py-1.5 text-sm font-medium ring-offset-background transition-all focus-visible:outline-none focus-visible:ring-2 focus-visible:ring-ring focus-visible:ring-offset-2 disabled:pointer-events-none disabled:opacity-50 data-[state=active]:bg-background data-[state=active]:text-foreground data-[state=active]:shadow-sm&quot;
              data-orientation=&quot;horizontal&quot;
              data-radix-collection-item=&quot;&quot;
              data-state=&quot;active&quot;
              id=&quot;radix-:r2h:-trigger-overview&quot;
              role=&quot;tab&quot;
              tabindex=&quot;-1&quot;
              type=&quot;button&quot;
            &gt;
              개요
            &lt;/button&gt;
            &lt;button
              aria-controls=&quot;radix-:r2h:-content-users&quot;
              aria-selected=&quot;false&quot;
              class=&quot;inline-flex items-center justify-center whitespace-nowrap rounded-sm px-3 py-1.5 text-sm font-medium ring-offset-background transition-all focus-visible:outline-none focus-visible:ring-2 focus-visible:ring-ring focus-visible:ring-offset-2 disabled:pointer-events-none disabled:opacity-50 data-[state=active]:bg-background data-[state=active]:text-foreground data-[state=active]:shadow-sm&quot;
              data-orientation=&quot;horizontal&quot;
              data-radix-collection-item=&quot;&quot;
              data-state=&quot;inactive&quot;
              id=&quot;radix-:r2h:-trigger-users&quot;
              role=&quot;tab&quot;
              tabindex=&quot;-1&quot;
              type=&quot;button&quot;
            &gt;
              회원관리
            &lt;/button&gt;
            &lt;button
              aria-controls=&quot;radix-:r2h:-content-funding&quot;
              aria-selected=&quot;false&quot;
              class=&quot;inline-flex items-center justify-center whitespace-nowrap rounded-sm px-3 py-1.5 text-sm font-medium ring-offset-background transition-all focus-visible:outline-none focus-visible:ring-2 focus-visible:ring-ring focus-visible:ring-offset-2 disabled:pointer-events-none disabled:opacity-50 data-[state=active]:bg-background data-[state=active]:text-foreground data-[state=active]:shadow-sm&quot;
              data-orientation=&quot;horizontal&quot;
              data-radix-collection-item=&quot;&quot;
              data-state=&quot;inactive&quot;
              id=&quot;radix-:r2h:-trigger-funding&quot;
              role=&quot;tab&quot;
              tabindex=&quot;-1&quot;
              type=&quot;button&quot;
            &gt;
              펀딩관리
            &lt;/button&gt;
            &lt;button
              aria-controls=&quot;radix-:r2h:-content-community&quot;
              aria-selected=&quot;false&quot;
              class=&quot;inline-flex items-center justify-center whitespace-nowrap rounded-sm px-3 py-1.5 text-sm font-medium ring-offset-background transition-all focus-visible:outline-none focus-visible:ring-2 focus-visible:ring-ring focus-visible:ring-offset-2 disabled:pointer-events-none disabled:opacity-50 data-[state=active]:bg-background data-[state=active]:text-foreground data-[state=active]:shadow-sm&quot;
              data-orientation=&quot;horizontal&quot;
              data-radix-collection-item=&quot;&quot;
              data-state=&quot;inactive&quot;
              id=&quot;radix-:r2h:-trigger-community&quot;
              role=&quot;tab&quot;
              tabindex=&quot;-1&quot;
              type=&quot;button&quot;
            &gt;
              커뮤니티
            &lt;/button&gt;
            &lt;button
              aria-controls=&quot;radix-:r2h:-content-artworks&quot;
              aria-selected=&quot;false&quot;
              class=&quot;inline-flex items-center justify-center whitespace-nowrap rounded-sm px-3 py-1.5 text-sm font-medium ring-offset-background transition-all focus-visible:outline-none focus-visible:ring-2 focus-visible:ring-ring focus-visible:ring-offset-2 disabled:pointer-events-none disabled:opacity-50 data-[state=active]:bg-background data-[state=active]:text-foreground data-[state=active]:shadow-sm&quot;
              data-orientation=&quot;horizontal&quot;
              data-radix-collection-item=&quot;&quot;
              data-state=&quot;inactive&quot;
              id=&quot;radix-:r2h:-trigger-artworks&quot;
              role=&quot;tab&quot;
              tabindex=&quot;-1&quot;
              type=&quot;button&quot;
            &gt;
              작품관리
            &lt;/button&gt;
            &lt;button
              aria-controls=&quot;radix-:r2h:-content-finance&quot;
              aria-selected=&quot;false&quot;
              class=&quot;inline-flex items-center justify-center whitespace-nowrap rounded-sm px-3 py-1.5 text-sm font-medium ring-offset-background transition-all focus-visible:outline-none focus-visible:ring-2 focus-visible:ring-ring focus-visible:ring-offset-2 disabled:pointer-events-none disabled:opacity-50 data-[state=active]:bg-background data-[s...
    at toHaveAttribute (C:\Users\xx005\Downloads\Collaboreum MVP Platform\src\features\admin\components\__tests__\AdminDashboard.test.tsx:379:55)
    at runWithExpensiveErrorDiagnosticsDisabled (C:\Users\xx005\Downloads\Collaboreum MVP Platform\node_modules\@testing-library\dom\dist\config.js:47:12)
    at checkCallback (C:\Users\xx005\Downloads\Collaboreum MVP Platform\node_modules\@testing-library\dom\dist\wait-for.js:124:77)
    at checkRealTimersCallback (C:\Users\xx005\Downloads\Collaboreum MVP Platform\node_modules\@testing-library\dom\dist\wait-for.js:118:16)
    at Timeout.task [as _onTimeout] (C:\Users\xx005\Downloads\Collaboreum MVP Platform\node_modules\jsdom\lib\jsdom\browser\Window.js:579:19)
    at listOnTimeout (node:internal/timers:588:17)
    at processTimers (node:internal/timers:523:7)</failure>
    </testcase>
    <testcase classname="AdminDashboard 컴포넌트 테스트 onBack prop이 제공되면 해당 함수를 호출한다" name="AdminDashboard 컴포넌트 테스트 onBack prop이 제공되면 해당 함수를 호출한다" time="0.038">
    </testcase>
    <testcase classname="AdminDashboard 컴포넌트 테스트 onBack prop이 없으면 window.history.back()을 호출한다" name="AdminDashboard 컴포넌트 테스트 onBack prop이 없으면 window.history.back()을 호출한다" time="0.197">
      <failure>TypeError: globalHistory.replaceState is not a function
    at replaceState (C:\Users\xx005\Downloads\Collaboreum MVP Platform\node_modules\@remix-run\router\history.ts:620:19)
    at Object.getUrlBasedHistory [as createBrowserHistory] (C:\Users\xx005\Downloads\Collaboreum MVP Platform\node_modules\@remix-run\router\history.ts:381:10)
    at createBrowserHistory (C:\Users\xx005\Downloads\Collaboreum MVP Platform\node_modules\react-router-dom\index.tsx:796:26)
    at renderWithHooks (C:\Users\xx005\Downloads\Collaboreum MVP Platform\node_modules\react-dom\cjs\react-dom.development.js:15486:18)
    at mountIndeterminateComponent (C:\Users\xx005\Downloads\Collaboreum MVP Platform\node_modules\react-dom\cjs\react-dom.development.js:20103:13)
    at beginWork (C:\Users\xx005\Downloads\Collaboreum MVP Platform\node_modules\react-dom\cjs\react-dom.development.js:21626:16)
    at beginWork$1 (C:\Users\xx005\Downloads\Collaboreum MVP Platform\node_modules\react-dom\cjs\react-dom.development.js:27465:14)
    at performUnitOfWork (C:\Users\xx005\Downloads\Collaboreum MVP Platform\node_modules\react-dom\cjs\react-dom.development.js:26599:12)
    at workLoopSync (C:\Users\xx005\Downloads\Collaboreum MVP Platform\node_modules\react-dom\cjs\react-dom.development.js:26505:5)
    at renderRootSync (C:\Users\xx005\Downloads\Collaboreum MVP Platform\node_modules\react-dom\cjs\react-dom.development.js:26473:7)
    at recoverFromConcurrentError (C:\Users\xx005\Downloads\Collaboreum MVP Platform\node_modules\react-dom\cjs\react-dom.development.js:25889:20)
    at performConcurrentWorkOnRoot (C:\Users\xx005\Downloads\Collaboreum MVP Platform\node_modules\react-dom\cjs\react-dom.development.js:25789:22)
    at flushActQueue (C:\Users\xx005\Downloads\Collaboreum MVP Platform\node_modules\react\cjs\react.development.js:2667:24)
    at act (C:\Users\xx005\Downloads\Collaboreum MVP Platform\node_modules\react\cjs\react.development.js:2582:11)
    at C:\Users\xx005\Downloads\Collaboreum MVP Platform\node_modules\@testing-library\react\dist\act-compat.js:47:25
    at renderRoot (C:\Users\xx005\Downloads\Collaboreum MVP Platform\node_modules\@testing-library\react\dist\pure.js:190:26)
    at render (C:\Users\xx005\Downloads\Collaboreum MVP Platform\node_modules\@testing-library\react\dist\pure.js:292:10)
    at Object.&lt;anonymous&gt; (C:\Users\xx005\Downloads\Collaboreum MVP Platform\src\features\admin\components\__tests__\AdminDashboard.test.tsx:409:11)
    at Promise.then.completed (C:\Users\xx005\Downloads\Collaboreum MVP Platform\node_modules\jest-circus\build\utils.js:298:28)
    at new Promise (&lt;anonymous&gt;)
    at callAsyncCircusFn (C:\Users\xx005\Downloads\Collaboreum MVP Platform\node_modules\jest-circus\build\utils.js:231:10)
    at _callCircusTest (C:\Users\xx005\Downloads\Collaboreum MVP Platform\node_modules\jest-circus\build\run.js:316:40)
    at runNextTicks (node:internal/process/task_queues:65:5)
    at listOnTimeout (node:internal/timers:549:9)
    at processTimers (node:internal/timers:523:7)
    at _runTest (C:\Users\xx005\Downloads\Collaboreum MVP Platform\node_modules\jest-circus\build\run.js:252:3)
    at _runTestsForDescribeBlock (C:\Users\xx005\Downloads\Collaboreum MVP Platform\node_modules\jest-circus\build\run.js:126:9)
    at _runTestsForDescribeBlock (C:\Users\xx005\Downloads\Collaboreum MVP Platform\node_modules\jest-circus\build\run.js:121:9)
    at run (C:\Users\xx005\Downloads\Collaboreum MVP Platform\node_modules\jest-circus\build\run.js:71:3)
    at runAndTransformResultsToJestFormat (C:\Users\xx005\Downloads\Collaboreum MVP Platform\node_modules\jest-circus\build\legacy-code-todo-rewrite\jestAdapterInit.js:122:21)
    at jestAdapter (C:\Users\xx005\Downloads\Collaboreum MVP Platform\node_modules\jest-circus\build\legacy-code-todo-rewrite\jestAdapter.js:79:19)
    at runTestInternal (C:\Users\xx005\Downloads\Collaboreum MVP Platform\node_modules\jest-runner\build\runTest.js:367:16)
    at runTest (C:\Users\xx005\Downloads\Collaboreum MVP Platform\node_modules\jest-runner\build\runTest.js:444:34)</failure>
    </testcase>
    <testcase classname="AdminDashboard 컴포넌트 테스트 window.history.back()이 실패하면 홈으로 리다이렉트한다" name="AdminDashboard 컴포넌트 테스트 window.history.back()이 실패하면 홈으로 리다이렉트한다" time="0.005">
      <failure>TypeError: Cannot redefine property: location
    at Function.defineProperty (&lt;anonymous&gt;)
    at Object.defineProperty (C:\Users\xx005\Downloads\Collaboreum MVP Platform\src\features\admin\components\__tests__\AdminDashboard.test.tsx:427:12)
    at Promise.then.completed (C:\Users\xx005\Downloads\Collaboreum MVP Platform\node_modules\jest-circus\build\utils.js:298:28)
    at new Promise (&lt;anonymous&gt;)
    at callAsyncCircusFn (C:\Users\xx005\Downloads\Collaboreum MVP Platform\node_modules\jest-circus\build\utils.js:231:10)
    at _callCircusTest (C:\Users\xx005\Downloads\Collaboreum MVP Platform\node_modules\jest-circus\build\run.js:316:40)
    at runNextTicks (node:internal/process/task_queues:65:5)
    at listOnTimeout (node:internal/timers:549:9)
    at processTimers (node:internal/timers:523:7)
    at _runTest (C:\Users\xx005\Downloads\Collaboreum MVP Platform\node_modules\jest-circus\build\run.js:252:3)
    at _runTestsForDescribeBlock (C:\Users\xx005\Downloads\Collaboreum MVP Platform\node_modules\jest-circus\build\run.js:126:9)
    at _runTestsForDescribeBlock (C:\Users\xx005\Downloads\Collaboreum MVP Platform\node_modules\jest-circus\build\run.js:121:9)
    at run (C:\Users\xx005\Downloads\Collaboreum MVP Platform\node_modules\jest-circus\build\run.js:71:3)
    at runAndTransformResultsToJestFormat (C:\Users\xx005\Downloads\Collaboreum MVP Platform\node_modules\jest-circus\build\legacy-code-todo-rewrite\jestAdapterInit.js:122:21)
    at jestAdapter (C:\Users\xx005\Downloads\Collaboreum MVP Platform\node_modules\jest-circus\build\legacy-code-todo-rewrite\jestAdapter.js:79:19)
    at runTestInternal (C:\Users\xx005\Downloads\Collaboreum MVP Platform\node_modules\jest-runner\build\runTest.js:367:16)
    at runTest (C:\Users\xx005\Downloads\Collaboreum MVP Platform\node_modules\jest-runner\build\runTest.js:444:34)</failure>
    </testcase>
    <testcase classname="AdminDashboard 컴포넌트 테스트 window.history.length가 1이면 홈으로 리다이렉트한다" name="AdminDashboard 컴포넌트 테스트 window.history.length가 1이면 홈으로 리다이렉트한다" time="0.001">
      <failure>TypeError: Cannot redefine property: location
    at Function.defineProperty (&lt;anonymous&gt;)
    at Object.defineProperty (C:\Users\xx005\Downloads\Collaboreum MVP Platform\src\features\admin\components\__tests__\AdminDashboard.test.tsx:448:12)
    at Promise.then.completed (C:\Users\xx005\Downloads\Collaboreum MVP Platform\node_modules\jest-circus\build\utils.js:298:28)
    at new Promise (&lt;anonymous&gt;)
    at callAsyncCircusFn (C:\Users\xx005\Downloads\Collaboreum MVP Platform\node_modules\jest-circus\build\utils.js:231:10)
    at _callCircusTest (C:\Users\xx005\Downloads\Collaboreum MVP Platform\node_modules\jest-circus\build\run.js:316:40)
    at runNextTicks (node:internal/process/task_queues:65:5)
    at listOnTimeout (node:internal/timers:549:9)
    at processTimers (node:internal/timers:523:7)
    at _runTest (C:\Users\xx005\Downloads\Collaboreum MVP Platform\node_modules\jest-circus\build\run.js:252:3)
    at _runTestsForDescribeBlock (C:\Users\xx005\Downloads\Collaboreum MVP Platform\node_modules\jest-circus\build\run.js:126:9)
    at _runTestsForDescribeBlock (C:\Users\xx005\Downloads\Collaboreum MVP Platform\node_modules\jest-circus\build\run.js:121:9)
    at run (C:\Users\xx005\Downloads\Collaboreum MVP Platform\node_modules\jest-circus\build\run.js:71:3)
    at runAndTransformResultsToJestFormat (C:\Users\xx005\Downloads\Collaboreum MVP Platform\node_modules\jest-circus\build\legacy-code-todo-rewrite\jestAdapterInit.js:122:21)
    at jestAdapter (C:\Users\xx005\Downloads\Collaboreum MVP Platform\node_modules\jest-circus\build\legacy-code-todo-rewrite\jestAdapter.js:79:19)
    at runTestInternal (C:\Users\xx005\Downloads\Collaboreum MVP Platform\node_modules\jest-runner\build\runTest.js:367:16)
    at runTest (C:\Users\xx005\Downloads\Collaboreum MVP Platform\node_modules\jest-runner\build\runTest.js:444:34)</failure>
    </testcase>
    <testcase classname="AdminDashboard 컴포넌트 테스트 탭 전환 시 이전 탭의 내용이 숨겨진다" name="AdminDashboard 컴포넌트 테스트 탭 전환 시 이전 탭의 내용이 숨겨진다" time="0.019">
      <failure>TypeError: globalHistory.replaceState is not a function
    at replaceState (C:\Users\xx005\Downloads\Collaboreum MVP Platform\node_modules\@remix-run\router\history.ts:620:19)
    at Object.getUrlBasedHistory [as createBrowserHistory] (C:\Users\xx005\Downloads\Collaboreum MVP Platform\node_modules\@remix-run\router\history.ts:381:10)
    at createBrowserHistory (C:\Users\xx005\Downloads\Collaboreum MVP Platform\node_modules\react-router-dom\index.tsx:796:26)
    at renderWithHooks (C:\Users\xx005\Downloads\Collaboreum MVP Platform\node_modules\react-dom\cjs\react-dom.development.js:15486:18)
    at mountIndeterminateComponent (C:\Users\xx005\Downloads\Collaboreum MVP Platform\node_modules\react-dom\cjs\react-dom.development.js:20103:13)
    at beginWork (C:\Users\xx005\Downloads\Collaboreum MVP Platform\node_modules\react-dom\cjs\react-dom.development.js:21626:16)
    at beginWork$1 (C:\Users\xx005\Downloads\Collaboreum MVP Platform\node_modules\react-dom\cjs\react-dom.development.js:27465:14)
    at performUnitOfWork (C:\Users\xx005\Downloads\Collaboreum MVP Platform\node_modules\react-dom\cjs\react-dom.development.js:26599:12)
    at workLoopSync (C:\Users\xx005\Downloads\Collaboreum MVP Platform\node_modules\react-dom\cjs\react-dom.development.js:26505:5)
    at renderRootSync (C:\Users\xx005\Downloads\Collaboreum MVP Platform\node_modules\react-dom\cjs\react-dom.development.js:26473:7)
    at recoverFromConcurrentError (C:\Users\xx005\Downloads\Collaboreum MVP Platform\node_modules\react-dom\cjs\react-dom.development.js:25889:20)
    at performConcurrentWorkOnRoot (C:\Users\xx005\Downloads\Collaboreum MVP Platform\node_modules\react-dom\cjs\react-dom.development.js:25789:22)
    at flushActQueue (C:\Users\xx005\Downloads\Collaboreum MVP Platform\node_modules\react\cjs\react.development.js:2667:24)
    at act (C:\Users\xx005\Downloads\Collaboreum MVP Platform\node_modules\react\cjs\react.development.js:2582:11)
    at C:\Users\xx005\Downloads\Collaboreum MVP Platform\node_modules\@testing-library\react\dist\act-compat.js:47:25
    at renderRoot (C:\Users\xx005\Downloads\Collaboreum MVP Platform\node_modules\@testing-library\react\dist\pure.js:190:26)
    at render (C:\Users\xx005\Downloads\Collaboreum MVP Platform\node_modules\@testing-library\react\dist\pure.js:292:10)
    at Object.&lt;anonymous&gt; (C:\Users\xx005\Downloads\Collaboreum MVP Platform\src\features\admin\components\__tests__\AdminDashboard.test.tsx:461:11)
    at Promise.then.completed (C:\Users\xx005\Downloads\Collaboreum MVP Platform\node_modules\jest-circus\build\utils.js:298:28)
    at new Promise (&lt;anonymous&gt;)
    at callAsyncCircusFn (C:\Users\xx005\Downloads\Collaboreum MVP Platform\node_modules\jest-circus\build\utils.js:231:10)
    at _callCircusTest (C:\Users\xx005\Downloads\Collaboreum MVP Platform\node_modules\jest-circus\build\run.js:316:40)
    at runNextTicks (node:internal/process/task_queues:65:5)
    at listOnTimeout (node:internal/timers:549:9)
    at processTimers (node:internal/timers:523:7)
    at _runTest (C:\Users\xx005\Downloads\Collaboreum MVP Platform\node_modules\jest-circus\build\run.js:252:3)
    at _runTestsForDescribeBlock (C:\Users\xx005\Downloads\Collaboreum MVP Platform\node_modules\jest-circus\build\run.js:126:9)
    at _runTestsForDescribeBlock (C:\Users\xx005\Downloads\Collaboreum MVP Platform\node_modules\jest-circus\build\run.js:121:9)
    at run (C:\Users\xx005\Downloads\Collaboreum MVP Platform\node_modules\jest-circus\build\run.js:71:3)
    at runAndTransformResultsToJestFormat (C:\Users\xx005\Downloads\Collaboreum MVP Platform\node_modules\jest-circus\build\legacy-code-todo-rewrite\jestAdapterInit.js:122:21)
    at jestAdapter (C:\Users\xx005\Downloads\Collaboreum MVP Platform\node_modules\jest-circus\build\legacy-code-todo-rewrite\jestAdapter.js:79:19)
    at runTestInternal (C:\Users\xx005\Downloads\Collaboreum MVP Platform\node_modules\jest-runner\build\runTest.js:367:16)
    at runTest (C:\Users\xx005\Downloads\Collaboreum MVP Platform\node_modules\jest-runner\build\runTest.js:444:34)</failure>
    </testcase>
    <testcase classname="AdminDashboard 컴포넌트 테스트 접근성 속성이 올바르게 설정되어 있다" name="AdminDashboard 컴포넌트 테스트 접근성 속성이 올바르게 설정되어 있다" time="0.039">
      <failure>TypeError: globalHistory.replaceState is not a function
    at replaceState (C:\Users\xx005\Downloads\Collaboreum MVP Platform\node_modules\@remix-run\router\history.ts:620:19)
    at Object.getUrlBasedHistory [as createBrowserHistory] (C:\Users\xx005\Downloads\Collaboreum MVP Platform\node_modules\@remix-run\router\history.ts:381:10)
    at createBrowserHistory (C:\Users\xx005\Downloads\Collaboreum MVP Platform\node_modules\react-router-dom\index.tsx:796:26)
    at renderWithHooks (C:\Users\xx005\Downloads\Collaboreum MVP Platform\node_modules\react-dom\cjs\react-dom.development.js:15486:18)
    at mountIndeterminateComponent (C:\Users\xx005\Downloads\Collaboreum MVP Platform\node_modules\react-dom\cjs\react-dom.development.js:20103:13)
    at beginWork (C:\Users\xx005\Downloads\Collaboreum MVP Platform\node_modules\react-dom\cjs\react-dom.development.js:21626:16)
    at beginWork$1 (C:\Users\xx005\Downloads\Collaboreum MVP Platform\node_modules\react-dom\cjs\react-dom.development.js:27465:14)
    at performUnitOfWork (C:\Users\xx005\Downloads\Collaboreum MVP Platform\node_modules\react-dom\cjs\react-dom.development.js:26599:12)
    at workLoopSync (C:\Users\xx005\Downloads\Collaboreum MVP Platform\node_modules\react-dom\cjs\react-dom.development.js:26505:5)
    at renderRootSync (C:\Users\xx005\Downloads\Collaboreum MVP Platform\node_modules\react-dom\cjs\react-dom.development.js:26473:7)
    at recoverFromConcurrentError (C:\Users\xx005\Downloads\Collaboreum MVP Platform\node_modules\react-dom\cjs\react-dom.development.js:25889:20)
    at performConcurrentWorkOnRoot (C:\Users\xx005\Downloads\Collaboreum MVP Platform\node_modules\react-dom\cjs\react-dom.development.js:25789:22)
    at flushActQueue (C:\Users\xx005\Downloads\Collaboreum MVP Platform\node_modules\react\cjs\react.development.js:2667:24)
    at act (C:\Users\xx005\Downloads\Collaboreum MVP Platform\node_modules\react\cjs\react.development.js:2582:11)
    at C:\Users\xx005\Downloads\Collaboreum MVP Platform\node_modules\@testing-library\react\dist\act-compat.js:47:25
    at renderRoot (C:\Users\xx005\Downloads\Collaboreum MVP Platform\node_modules\@testing-library\react\dist\pure.js:190:26)
    at render (C:\Users\xx005\Downloads\Collaboreum MVP Platform\node_modules\@testing-library\react\dist\pure.js:292:10)
    at Object.&lt;anonymous&gt; (C:\Users\xx005\Downloads\Collaboreum MVP Platform\src\features\admin\components\__tests__\AdminDashboard.test.tsx:478:11)
    at Promise.then.completed (C:\Users\xx005\Downloads\Collaboreum MVP Platform\node_modules\jest-circus\build\utils.js:298:28)
    at new Promise (&lt;anonymous&gt;)
    at callAsyncCircusFn (C:\Users\xx005\Downloads\Collaboreum MVP Platform\node_modules\jest-circus\build\utils.js:231:10)
    at _callCircusTest (C:\Users\xx005\Downloads\Collaboreum MVP Platform\node_modules\jest-circus\build\run.js:316:40)
    at runNextTicks (node:internal/process/task_queues:65:5)
    at listOnTimeout (node:internal/timers:549:9)
    at processTimers (node:internal/timers:523:7)
    at _runTest (C:\Users\xx005\Downloads\Collaboreum MVP Platform\node_modules\jest-circus\build\run.js:252:3)
    at _runTestsForDescribeBlock (C:\Users\xx005\Downloads\Collaboreum MVP Platform\node_modules\jest-circus\build\run.js:126:9)
    at _runTestsForDescribeBlock (C:\Users\xx005\Downloads\Collaboreum MVP Platform\node_modules\jest-circus\build\run.js:121:9)
    at run (C:\Users\xx005\Downloads\Collaboreum MVP Platform\node_modules\jest-circus\build\run.js:71:3)
    at runAndTransformResultsToJestFormat (C:\Users\xx005\Downloads\Collaboreum MVP Platform\node_modules\jest-circus\build\legacy-code-todo-rewrite\jestAdapterInit.js:122:21)
    at jestAdapter (C:\Users\xx005\Downloads\Collaboreum MVP Platform\node_modules\jest-circus\build\legacy-code-todo-rewrite\jestAdapter.js:79:19)
    at runTestInternal (C:\Users\xx005\Downloads\Collaboreum MVP Platform\node_modules\jest-runner\build\runTest.js:367:16)
    at runTest (C:\Users\xx005\Downloads\Collaboreum MVP Platform\node_modules\jest-runner\build\runTest.js:444:34)</failure>
    </testcase>
  </testsuite>
  <testsuite name="Logging &amp; Request ID Integration Tests" errors="0" failures="1" skipped="0" timestamp="2025-09-23T09:46:48" time="2.434" tests="9">
    <testcase classname="Logging &amp; Request ID Integration Tests should set X-Request-ID header for successful requests" name="Logging &amp; Request ID Integration Tests should set X-Request-ID header for successful requests" time="0.083">
      <failure>ReferenceError: setImmediate is not defined
    at ThreadStream.write (C:\Users\xx005\Downloads\Collaboreum MVP Platform\server\node_modules\thread-stream\index.js:271:7)
    at Pino.write (C:\Users\xx005\Downloads\Collaboreum MVP Platform\server\node_modules\pino\lib\proto.js:217:10)
    at Pino.LOG [as error] (C:\Users\xx005\Downloads\Collaboreum MVP Platform\server\node_modules\pino\lib\tools.js:62:21)
    at onResFinished (C:\Users\xx005\Downloads\Collaboreum MVP Platform\server\node_modules\pino-http\logger.js:129:15)
    at ServerResponse.onResponseComplete (C:\Users\xx005\Downloads\Collaboreum MVP Platform\server\node_modules\pino-http\logger.js:178:14)
    at ServerResponse.emit (node:events:531:35)
    at onFinish (node:_http_outgoing:1082:10)
    at callback (node:internal/streams/writable:766:21)
    at afterWrite (node:internal/streams/writable:710:5)
    at afterWriteTick (node:internal/streams/writable:696:10)
    at processTicksAndRejections (node:internal/process/task_queues:89:21)</failure>
    </testcase>
    <testcase classname="Logging &amp; Request ID Integration Tests should set X-Request-ID header for error responses" name="Logging &amp; Request ID Integration Tests should set X-Request-ID header for error responses" time="0.067">
    </testcase>
    <testcase classname="Logging &amp; Request ID Integration Tests should set X-Request-ID header for 404 responses" name="Logging &amp; Request ID Integration Tests should set X-Request-ID header for 404 responses" time="0.037">
    </testcase>
    <testcase classname="Logging &amp; Request ID Integration Tests should accept custom X-Request-ID header" name="Logging &amp; Request ID Integration Tests should accept custom X-Request-ID header" time="0.027">
    </testcase>
    <testcase classname="Logging &amp; Request ID Integration Tests should accept X-Correlation-ID header as fallback" name="Logging &amp; Request ID Integration Tests should accept X-Correlation-ID header as fallback" time="0.025">
    </testcase>
    <testcase classname="Logging &amp; Request ID Integration Tests should generate unique request IDs for multiple requests" name="Logging &amp; Request ID Integration Tests should generate unique request IDs for multiple requests" time="0.047">
    </testcase>
    <testcase classname="Logging &amp; Request ID Integration Tests should handle JSON request body logging" name="Logging &amp; Request ID Integration Tests should handle JSON request body logging" time="0.091">
    </testcase>
    <testcase classname="Logger Configuration Tests should have proper logger configuration" name="Logger Configuration Tests should have proper logger configuration" time="0.01">
    </testcase>
    <testcase classname="Logger Configuration Tests should log with proper structure" name="Logger Configuration Tests should log with proper structure" time="0.002">
    </testcase>
  </testsuite>
</testsuites>