<?xml version="1.0" encoding="UTF-8"?>
<testsuites name="jest tests" tests="1" failures="0" errors="0" time="8.824">
  <testsuite name="ProjectTabs detail view" errors="0" failures="0" skipped="0" timestamp="2025-09-23T10:02:06" time="6.116" tests="1">
    <testcase classname="ProjectTabs detail view renders safely with mapped project response and missing arrays" name="ProjectTabs detail view renders safely with mapped project response and missing arrays" time="0.451">
    </testcase>
  </testsuite>
</testsuites>